[ 2022-10-05 09:54:36,714][cascade_classifier.fit_transform] X_groups_train.shape=[(7964, 1650)],y_train.shape=(7964,),X_groups_test.shape=no_test,y_test.shape=no_test
[ 2022-10-05 09:54:36,839][cascade_classifier.fit_transform] group_dims=[1650]
[ 2022-10-05 09:54:36,854][cascade_classifier.fit_transform] group_starts=[0]
[ 2022-10-05 09:54:36,854][cascade_classifier.fit_transform] group_ends=[1650]
[ 2022-10-05 09:54:36,854][cascade_classifier.fit_transform] X_train.shape=(7964, 1650),X_test.shape=(0, 1650)
[ 2022-10-05 09:54:36,886][cascade_classifier.fit_transform] [layer=0] look_indexs=[0], X_cur_train.shape=(7964, 1650), X_cur_test.shape=(0, 1650)
[ 2022-10-05 09:55:01,008][kfold_wrapper.log_eval_metrics] Accuracy(layer_0 - estimator_0 - 5_folds.train_0.predict)=94.16%
[ 2022-10-05 09:55:22,662][kfold_wrapper.log_eval_metrics] Accuracy(layer_0 - estimator_0 - 5_folds.train_1.predict)=93.53%
[ 2022-10-05 09:55:43,804][kfold_wrapper.log_eval_metrics] Accuracy(layer_0 - estimator_0 - 5_folds.train_2.predict)=92.84%
[ 2022-10-05 09:56:05,396][kfold_wrapper.log_eval_metrics] Accuracy(layer_0 - estimator_0 - 5_folds.train_3.predict)=92.28%
[ 2022-10-05 09:56:26,768][kfold_wrapper.log_eval_metrics] Accuracy(layer_0 - estimator_0 - 5_folds.train_4.predict)=92.96%
[ 2022-10-05 09:56:26,768][kfold_wrapper.log_eval_metrics] Accuracy(layer_0 - estimator_0 - 5_folds.train_cv.predict)=93.16%
[ 2022-10-05 09:56:47,266][kfold_wrapper.log_eval_metrics] Accuracy(layer_0 - estimator_1 - 5_folds.train_0.predict)=92.97%
[ 2022-10-05 09:57:03,081][kfold_wrapper.log_eval_metrics] Accuracy(layer_0 - estimator_1 - 5_folds.train_1.predict)=93.35%
[ 2022-10-05 09:57:09,690][kfold_wrapper.log_eval_metrics] Accuracy(layer_0 - estimator_1 - 5_folds.train_2.predict)=92.66%
[ 2022-10-05 09:57:16,504][kfold_wrapper.log_eval_metrics] Accuracy(layer_0 - estimator_1 - 5_folds.train_3.predict)=92.66%
[ 2022-10-05 09:57:23,098][kfold_wrapper.log_eval_metrics] Accuracy(layer_0 - estimator_1 - 5_folds.train_4.predict)=93.53%
[ 2022-10-05 09:57:23,098][kfold_wrapper.log_eval_metrics] Accuracy(layer_0 - estimator_1 - 5_folds.train_cv.predict)=93.03%
[ 2022-10-05 09:57:29,755][kfold_wrapper.log_eval_metrics] Accuracy(layer_0 - estimator_2 - 5_folds.train_0.predict)=93.72%
[ 2022-10-05 09:57:36,536][kfold_wrapper.log_eval_metrics] Accuracy(layer_0 - estimator_2 - 5_folds.train_1.predict)=93.16%
[ 2022-10-05 09:57:42,959][kfold_wrapper.log_eval_metrics] Accuracy(layer_0 - estimator_2 - 5_folds.train_2.predict)=93.28%
[ 2022-10-05 09:57:50,023][kfold_wrapper.log_eval_metrics] Accuracy(layer_0 - estimator_2 - 5_folds.train_3.predict)=93.28%
[ 2022-10-05 09:57:57,024][kfold_wrapper.log_eval_metrics] Accuracy(layer_0 - estimator_2 - 5_folds.train_4.predict)=93.84%
[ 2022-10-05 09:57:57,039][kfold_wrapper.log_eval_metrics] Accuracy(layer_0 - estimator_2 - 5_folds.train_cv.predict)=93.46%
[ 2022-10-05 10:00:50,272][cascade_classifier.fit_transform] X_groups_train.shape=[(7964, 1650)],y_train.shape=(7964,),X_groups_test.shape=no_test,y_test.shape=no_test
[ 2022-10-05 10:00:50,553][cascade_classifier.fit_transform] group_dims=[1650]
[ 2022-10-05 10:00:50,553][cascade_classifier.fit_transform] group_starts=[0]
[ 2022-10-05 10:00:50,569][cascade_classifier.fit_transform] group_ends=[1650]
[ 2022-10-05 10:00:50,569][cascade_classifier.fit_transform] X_train.shape=(7964, 1650),X_test.shape=(0, 1650)
[ 2022-10-05 10:00:50,710][cascade_classifier.fit_transform] [layer=0] look_indexs=[0], X_cur_train.shape=(7964, 1650), X_cur_test.shape=(0, 1650)
[ 2022-10-05 10:01:07,229][kfold_wrapper.log_eval_metrics] Accuracy(layer_0 - estimator_0 - 5_folds.train_0.predict)=93.41%
[ 2022-10-05 10:01:19,012][kfold_wrapper.log_eval_metrics] Accuracy(layer_0 - estimator_0 - 5_folds.train_1.predict)=93.85%
[ 2022-10-05 10:01:29,326][kfold_wrapper.log_eval_metrics] Accuracy(layer_0 - estimator_0 - 5_folds.train_2.predict)=94.04%
[ 2022-10-05 10:01:37,498][kfold_wrapper.log_eval_metrics] Accuracy(layer_0 - estimator_0 - 5_folds.train_3.predict)=93.28%
[ 2022-10-05 10:01:45,172][kfold_wrapper.log_eval_metrics] Accuracy(layer_0 - estimator_0 - 5_folds.train_4.predict)=93.59%
[ 2022-10-05 10:01:45,172][kfold_wrapper.log_eval_metrics] Accuracy(layer_0 - estimator_0 - 5_folds.train_cv.predict)=93.63%
[ 2022-10-05 10:01:53,126][kfold_wrapper.log_eval_metrics] Accuracy(layer_0 - estimator_1 - 5_folds.train_0.predict)=93.35%
[ 2022-10-05 10:02:00,812][kfold_wrapper.log_eval_metrics] Accuracy(layer_0 - estimator_1 - 5_folds.train_1.predict)=93.66%
[ 2022-10-05 10:02:09,360][kfold_wrapper.log_eval_metrics] Accuracy(layer_0 - estimator_1 - 5_folds.train_2.predict)=93.72%
[ 2022-10-05 10:02:17,064][kfold_wrapper.log_eval_metrics] Accuracy(layer_0 - estimator_1 - 5_folds.train_3.predict)=93.41%
[ 2022-10-05 10:02:24,969][kfold_wrapper.log_eval_metrics] Accuracy(layer_0 - estimator_1 - 5_folds.train_4.predict)=93.34%
[ 2022-10-05 10:02:24,985][kfold_wrapper.log_eval_metrics] Accuracy(layer_0 - estimator_1 - 5_folds.train_cv.predict)=93.50%
[ 2022-10-05 10:02:33,015][kfold_wrapper.log_eval_metrics] Accuracy(layer_0 - estimator_2 - 5_folds.train_0.predict)=93.72%
[ 2022-10-05 10:02:40,749][kfold_wrapper.log_eval_metrics] Accuracy(layer_0 - estimator_2 - 5_folds.train_1.predict)=93.09%
[ 2022-10-05 10:02:48,312][kfold_wrapper.log_eval_metrics] Accuracy(layer_0 - estimator_2 - 5_folds.train_2.predict)=93.28%
[ 2022-10-05 10:02:56,062][kfold_wrapper.log_eval_metrics] Accuracy(layer_0 - estimator_2 - 5_folds.train_3.predict)=93.91%
[ 2022-10-05 10:03:04,781][kfold_wrapper.log_eval_metrics] Accuracy(layer_0 - estimator_2 - 5_folds.train_4.predict)=94.72%
[ 2022-10-05 10:03:04,797][kfold_wrapper.log_eval_metrics] Accuracy(layer_0 - estimator_2 - 5_folds.train_cv.predict)=93.75%
[ 2022-10-05 10:07:26,971][cascade_classifier.fit_transform] X_groups_train.shape=[(7964, 1650)],y_train.shape=(7964,),X_groups_test.shape=no_test,y_test.shape=no_test
[ 2022-10-05 10:07:27,065][cascade_classifier.fit_transform] group_dims=[1650]
[ 2022-10-05 10:07:27,065][cascade_classifier.fit_transform] group_starts=[0]
[ 2022-10-05 10:07:27,081][cascade_classifier.fit_transform] group_ends=[1650]
[ 2022-10-05 10:07:27,081][cascade_classifier.fit_transform] X_train.shape=(7964, 1650),X_test.shape=(0, 1650)
[ 2022-10-05 10:07:27,128][cascade_classifier.fit_transform] [layer=0] look_indexs=[0], X_cur_train.shape=(7964, 1650), X_cur_test.shape=(0, 1650)
[ 2022-10-05 10:07:41,427][kfold_wrapper.log_eval_metrics] Accuracy(layer_0 - estimator_0 - 5_folds.train_0.predict)=93.66%
[ 2022-10-05 10:07:51,474][kfold_wrapper.log_eval_metrics] Accuracy(layer_0 - estimator_0 - 5_folds.train_1.predict)=93.91%
[ 2022-10-05 10:08:00,116][kfold_wrapper.log_eval_metrics] Accuracy(layer_0 - estimator_0 - 5_folds.train_2.predict)=93.72%
[ 2022-10-05 10:08:08,914][kfold_wrapper.log_eval_metrics] Accuracy(layer_0 - estimator_0 - 5_folds.train_3.predict)=93.60%
[ 2022-10-05 10:08:17,634][kfold_wrapper.log_eval_metrics] Accuracy(layer_0 - estimator_0 - 5_folds.train_4.predict)=93.28%
[ 2022-10-05 10:08:17,650][kfold_wrapper.log_eval_metrics] Accuracy(layer_0 - estimator_0 - 5_folds.train_cv.predict)=93.63%
[ 2022-10-05 10:08:26,151][kfold_wrapper.log_eval_metrics] Accuracy(layer_0 - estimator_1 - 5_folds.train_0.predict)=93.47%
[ 2022-10-05 10:08:34,873][kfold_wrapper.log_eval_metrics] Accuracy(layer_0 - estimator_1 - 5_folds.train_1.predict)=92.84%
[ 2022-10-05 10:08:43,607][kfold_wrapper.log_eval_metrics] Accuracy(layer_0 - estimator_1 - 5_folds.train_2.predict)=94.16%
[ 2022-10-05 10:08:52,140][kfold_wrapper.log_eval_metrics] Accuracy(layer_0 - estimator_1 - 5_folds.train_3.predict)=93.72%
[ 2022-10-05 10:09:00,719][kfold_wrapper.log_eval_metrics] Accuracy(layer_0 - estimator_1 - 5_folds.train_4.predict)=92.96%
[ 2022-10-05 10:09:00,734][kfold_wrapper.log_eval_metrics] Accuracy(layer_0 - estimator_1 - 5_folds.train_cv.predict)=93.43%
[ 2022-10-05 10:09:10,235][kfold_wrapper.log_eval_metrics] Accuracy(layer_0 - estimator_2 - 5_folds.train_0.predict)=94.04%
[ 2022-10-05 10:09:18,875][kfold_wrapper.log_eval_metrics] Accuracy(layer_0 - estimator_2 - 5_folds.train_1.predict)=94.04%
[ 2022-10-05 10:09:27,828][kfold_wrapper.log_eval_metrics] Accuracy(layer_0 - estimator_2 - 5_folds.train_2.predict)=93.41%
[ 2022-10-05 10:09:37,539][kfold_wrapper.log_eval_metrics] Accuracy(layer_0 - estimator_2 - 5_folds.train_3.predict)=92.78%
[ 2022-10-05 10:09:46,070][kfold_wrapper.log_eval_metrics] Accuracy(layer_0 - estimator_2 - 5_folds.train_4.predict)=93.47%
[ 2022-10-05 10:09:46,070][kfold_wrapper.log_eval_metrics] Accuracy(layer_0 - estimator_2 - 5_folds.train_cv.predict)=93.55%
[ 2022-10-05 10:16:41,447][cascade_classifier.fit_transform] X_groups_train.shape=[(7964, 1650)],y_train.shape=(7964,),X_groups_test.shape=no_test,y_test.shape=no_test
[ 2022-10-05 10:16:41,760][cascade_classifier.fit_transform] group_dims=[1650]
[ 2022-10-05 10:16:41,776][cascade_classifier.fit_transform] group_starts=[0]
[ 2022-10-05 10:16:41,885][cascade_classifier.fit_transform] group_ends=[1650]
[ 2022-10-05 10:16:41,885][cascade_classifier.fit_transform] X_train.shape=(7964, 1650),X_test.shape=(0, 1650)
[ 2022-10-05 10:16:41,979][cascade_classifier.fit_transform] [layer=0] look_indexs=[0], X_cur_train.shape=(7964, 1650), X_cur_test.shape=(0, 1650)
[ 2022-10-05 10:16:55,795][kfold_wrapper.log_eval_metrics] Accuracy(layer_0 - estimator_0 - 5_folds.train_0.predict)=92.97%
[ 2022-10-05 10:17:06,062][kfold_wrapper.log_eval_metrics] Accuracy(layer_0 - estimator_0 - 5_folds.train_1.predict)=92.84%
[ 2022-10-05 10:17:15,219][kfold_wrapper.log_eval_metrics] Accuracy(layer_0 - estimator_0 - 5_folds.train_2.predict)=93.91%
[ 2022-10-05 10:17:25,017][kfold_wrapper.log_eval_metrics] Accuracy(layer_0 - estimator_0 - 5_folds.train_3.predict)=93.41%
[ 2022-10-05 10:17:34,175][kfold_wrapper.log_eval_metrics] Accuracy(layer_0 - estimator_0 - 5_folds.train_4.predict)=93.72%
[ 2022-10-05 10:17:34,190][kfold_wrapper.log_eval_metrics] Accuracy(layer_0 - estimator_0 - 5_folds.train_cv.predict)=93.37%
[ 2022-10-05 10:17:43,206][kfold_wrapper.log_eval_metrics] Accuracy(layer_0 - estimator_1 - 5_folds.train_0.predict)=92.91%
[ 2022-10-05 10:17:52,881][kfold_wrapper.log_eval_metrics] Accuracy(layer_0 - estimator_1 - 5_folds.train_1.predict)=94.04%
[ 2022-10-05 10:18:01,946][kfold_wrapper.log_eval_metrics] Accuracy(layer_0 - estimator_1 - 5_folds.train_2.predict)=93.41%
[ 2022-10-05 10:18:11,323][kfold_wrapper.log_eval_metrics] Accuracy(layer_0 - estimator_1 - 5_folds.train_3.predict)=93.03%
[ 2022-10-05 10:18:20,479][kfold_wrapper.log_eval_metrics] Accuracy(layer_0 - estimator_1 - 5_folds.train_4.predict)=92.96%
[ 2022-10-05 10:18:20,495][kfold_wrapper.log_eval_metrics] Accuracy(layer_0 - estimator_1 - 5_folds.train_cv.predict)=93.27%
[ 2022-10-05 10:18:29,511][kfold_wrapper.log_eval_metrics] Accuracy(layer_0 - estimator_2 - 5_folds.train_0.predict)=92.09%
[ 2022-10-05 10:18:38,977][kfold_wrapper.log_eval_metrics] Accuracy(layer_0 - estimator_2 - 5_folds.train_1.predict)=93.47%
[ 2022-10-05 10:18:48,044][kfold_wrapper.log_eval_metrics] Accuracy(layer_0 - estimator_2 - 5_folds.train_2.predict)=94.29%
[ 2022-10-05 10:18:57,234][kfold_wrapper.log_eval_metrics] Accuracy(layer_0 - estimator_2 - 5_folds.train_3.predict)=93.72%
[ 2022-10-05 10:19:07,406][kfold_wrapper.log_eval_metrics] Accuracy(layer_0 - estimator_2 - 5_folds.train_4.predict)=92.90%
[ 2022-10-05 10:19:07,422][kfold_wrapper.log_eval_metrics] Accuracy(layer_0 - estimator_2 - 5_folds.train_cv.predict)=93.29%
[ 2022-10-05 10:27:22,959][cascade_classifier.fit_transform] X_groups_train.shape=[(7964, 1650)],y_train.shape=(7964,),X_groups_test.shape=no_test,y_test.shape=no_test
[ 2022-10-05 10:27:23,081][cascade_classifier.fit_transform] group_dims=[1650]
[ 2022-10-05 10:27:23,096][cascade_classifier.fit_transform] group_starts=[0]
[ 2022-10-05 10:27:23,112][cascade_classifier.fit_transform] group_ends=[1650]
[ 2022-10-05 10:27:23,127][cascade_classifier.fit_transform] X_train.shape=(7964, 1650),X_test.shape=(0, 1650)
[ 2022-10-05 10:27:23,284][cascade_classifier.fit_transform] [layer=0] look_indexs=[0], X_cur_train.shape=(7964, 1650), X_cur_test.shape=(0, 1650)
[ 2022-10-05 10:43:33,889][cascade_classifier.fit_transform] X_groups_train.shape=[(7964, 1650)],y_train.shape=(7964,),X_groups_test.shape=no_test,y_test.shape=no_test
[ 2022-10-05 10:43:34,123][cascade_classifier.fit_transform] group_dims=[1650]
[ 2022-10-05 10:43:34,123][cascade_classifier.fit_transform] group_starts=[0]
[ 2022-10-05 10:43:34,155][cascade_classifier.fit_transform] group_ends=[1650]
[ 2022-10-05 10:43:34,186][cascade_classifier.fit_transform] X_train.shape=(7964, 1650),X_test.shape=(0, 1650)
[ 2022-10-05 10:43:34,264][cascade_classifier.fit_transform] [layer=0] look_indexs=[0], X_cur_train.shape=(7964, 1650), X_cur_test.shape=(0, 1650)
