[ 2022-04-21 11:36:19,144][cascade_classifier.fit_transform] X_groups_train.shape=[(7964, 200)],y_train.shape=(7964,),X_groups_test.shape=no_test,y_test.shape=no_test
[ 2022-04-21 11:36:19,144][cascade_classifier.fit_transform] group_dims=[200]
[ 2022-04-21 11:36:19,144][cascade_classifier.fit_transform] group_starts=[0]
[ 2022-04-21 11:36:19,144][cascade_classifier.fit_transform] group_ends=[200]
[ 2022-04-21 11:36:19,144][cascade_classifier.fit_transform] X_train.shape=(7964, 200),X_test.shape=(0, 200)
[ 2022-04-21 11:36:19,160][cascade_classifier.fit_transform] [layer=0] look_indexs=[0], X_cur_train.shape=(7964, 200), X_cur_test.shape=(0, 200)
[ 2022-04-21 11:36:24,700][kfold_wrapper.log_eval_metrics] Accuracy(layer_0 - estimator_0 - 5_folds.train_0.predict)=91.65%
[ 2022-04-21 11:36:29,150][kfold_wrapper.log_eval_metrics] Accuracy(layer_0 - estimator_0 - 5_folds.train_1.predict)=91.15%
[ 2022-04-21 11:36:33,622][kfold_wrapper.log_eval_metrics] Accuracy(layer_0 - estimator_0 - 5_folds.train_2.predict)=92.53%
[ 2022-04-21 11:36:38,251][kfold_wrapper.log_eval_metrics] Accuracy(layer_0 - estimator_0 - 5_folds.train_3.predict)=90.90%
[ 2022-04-21 11:37:01,083][cascade_classifier.fit_transform] X_groups_train.shape=[(7964, 200)],y_train.shape=(7964,),X_groups_test.shape=no_test,y_test.shape=no_test
[ 2022-04-21 11:37:01,083][cascade_classifier.fit_transform] group_dims=[200]
[ 2022-04-21 11:37:01,083][cascade_classifier.fit_transform] group_starts=[0]
[ 2022-04-21 11:37:01,099][cascade_classifier.fit_transform] group_ends=[200]
[ 2022-04-21 11:37:01,099][cascade_classifier.fit_transform] X_train.shape=(7964, 200),X_test.shape=(0, 200)
[ 2022-04-21 11:37:01,099][cascade_classifier.fit_transform] [layer=0] look_indexs=[0], X_cur_train.shape=(7964, 200), X_cur_test.shape=(0, 200)
[ 2022-04-21 11:37:07,995][kfold_wrapper.log_eval_metrics] Accuracy(layer_0 - estimator_0 - 5_folds.train_0.predict)=92.59%
[ 2022-04-21 11:37:14,882][kfold_wrapper.log_eval_metrics] Accuracy(layer_0 - estimator_0 - 5_folds.train_1.predict)=92.03%
[ 2022-04-21 11:37:21,900][kfold_wrapper.log_eval_metrics] Accuracy(layer_0 - estimator_0 - 5_folds.train_2.predict)=92.09%
[ 2022-04-21 11:37:29,226][kfold_wrapper.log_eval_metrics] Accuracy(layer_0 - estimator_0 - 5_folds.train_3.predict)=91.65%
[ 2022-04-21 11:37:36,346][kfold_wrapper.log_eval_metrics] Accuracy(layer_0 - estimator_0 - 5_folds.train_4.predict)=92.46%
[ 2022-04-21 11:37:36,346][kfold_wrapper.log_eval_metrics] Accuracy(layer_0 - estimator_0 - 5_folds.train_cv.predict)=92.16%
[ 2022-04-21 11:37:44,420][kfold_wrapper.log_eval_metrics] Accuracy(layer_0 - estimator_1 - 5_folds.train_0.predict)=92.03%
[ 2022-04-21 11:37:52,465][kfold_wrapper.log_eval_metrics] Accuracy(layer_0 - estimator_1 - 5_folds.train_1.predict)=91.78%
[ 2022-04-21 11:38:00,456][kfold_wrapper.log_eval_metrics] Accuracy(layer_0 - estimator_1 - 5_folds.train_2.predict)=92.66%
[ 2022-04-21 11:38:08,139][kfold_wrapper.log_eval_metrics] Accuracy(layer_0 - estimator_1 - 5_folds.train_3.predict)=92.53%
[ 2022-04-21 11:38:16,087][kfold_wrapper.log_eval_metrics] Accuracy(layer_0 - estimator_1 - 5_folds.train_4.predict)=91.71%
[ 2022-04-21 11:38:16,091][kfold_wrapper.log_eval_metrics] Accuracy(layer_0 - estimator_1 - 5_folds.train_cv.predict)=92.14%
[ 2022-04-21 11:38:16,092][cascade_classifier.calc_accuracy] Accuracy(layer_0 - train.classifier_average)=92.33%
[ 2022-04-21 11:38:16,112][cascade_classifier.calc_auc] AUC(layer_0 - train.classifier_average)=0.97%
[ 2022-04-21 11:38:16,113][cascade_classifier.fit_transform] [layer=1] look_indexs=[0], X_cur_train.shape=(7964, 204), X_cur_test.shape=(0, 204)
[ 2022-04-21 11:38:25,510][kfold_wrapper.log_eval_metrics] Accuracy(layer_1 - estimator_0 - 5_folds.train_0.predict)=91.78%
[ 2022-04-21 11:38:34,531][kfold_wrapper.log_eval_metrics] Accuracy(layer_1 - estimator_0 - 5_folds.train_1.predict)=91.40%
[ 2022-04-21 11:38:43,730][kfold_wrapper.log_eval_metrics] Accuracy(layer_1 - estimator_0 - 5_folds.train_2.predict)=92.09%
[ 2022-04-21 11:38:52,635][kfold_wrapper.log_eval_metrics] Accuracy(layer_1 - estimator_0 - 5_folds.train_3.predict)=93.35%
[ 2022-04-21 11:39:03,279][kfold_wrapper.log_eval_metrics] Accuracy(layer_1 - estimator_0 - 5_folds.train_4.predict)=92.21%
[ 2022-04-21 11:39:03,279][kfold_wrapper.log_eval_metrics] Accuracy(layer_1 - estimator_0 - 5_folds.train_cv.predict)=92.16%
[ 2022-04-21 11:39:12,917][kfold_wrapper.log_eval_metrics] Accuracy(layer_1 - estimator_1 - 5_folds.train_0.predict)=92.78%
[ 2022-04-21 11:39:22,255][kfold_wrapper.log_eval_metrics] Accuracy(layer_1 - estimator_1 - 5_folds.train_1.predict)=92.09%
[ 2022-04-21 11:39:30,940][kfold_wrapper.log_eval_metrics] Accuracy(layer_1 - estimator_1 - 5_folds.train_2.predict)=91.90%
[ 2022-04-21 11:39:39,967][kfold_wrapper.log_eval_metrics] Accuracy(layer_1 - estimator_1 - 5_folds.train_3.predict)=91.96%
[ 2022-04-21 11:39:48,369][kfold_wrapper.log_eval_metrics] Accuracy(layer_1 - estimator_1 - 5_folds.train_4.predict)=91.52%
[ 2022-04-21 11:39:48,372][kfold_wrapper.log_eval_metrics] Accuracy(layer_1 - estimator_1 - 5_folds.train_cv.predict)=92.05%
[ 2022-04-21 11:39:48,375][cascade_classifier.calc_accuracy] Accuracy(layer_1 - train.classifier_average)=92.11%
[ 2022-04-21 11:39:48,391][cascade_classifier.calc_auc] AUC(layer_1 - train.classifier_average)=0.97%
[ 2022-04-21 11:39:48,399][cascade_classifier.fit_transform] [layer=2] look_indexs=[0], X_cur_train.shape=(7964, 204), X_cur_test.shape=(0, 204)
[ 2022-04-21 11:39:57,071][kfold_wrapper.log_eval_metrics] Accuracy(layer_2 - estimator_0 - 5_folds.train_0.predict)=91.90%
[ 2022-04-21 11:40:05,616][kfold_wrapper.log_eval_metrics] Accuracy(layer_2 - estimator_0 - 5_folds.train_1.predict)=91.84%
[ 2022-04-21 11:40:13,066][kfold_wrapper.log_eval_metrics] Accuracy(layer_2 - estimator_0 - 5_folds.train_2.predict)=90.58%
[ 2022-04-21 11:40:20,784][kfold_wrapper.log_eval_metrics] Accuracy(layer_2 - estimator_0 - 5_folds.train_3.predict)=91.09%
[ 2022-04-21 11:40:27,888][kfold_wrapper.log_eval_metrics] Accuracy(layer_2 - estimator_0 - 5_folds.train_4.predict)=92.02%
[ 2022-04-21 11:40:27,890][kfold_wrapper.log_eval_metrics] Accuracy(layer_2 - estimator_0 - 5_folds.train_cv.predict)=91.49%
[ 2022-04-21 11:40:34,145][kfold_wrapper.log_eval_metrics] Accuracy(layer_2 - estimator_1 - 5_folds.train_0.predict)=91.65%
[ 2022-04-21 11:40:40,423][kfold_wrapper.log_eval_metrics] Accuracy(layer_2 - estimator_1 - 5_folds.train_1.predict)=91.15%
[ 2022-04-21 11:40:46,524][kfold_wrapper.log_eval_metrics] Accuracy(layer_2 - estimator_1 - 5_folds.train_2.predict)=91.65%
[ 2022-04-21 11:40:52,336][kfold_wrapper.log_eval_metrics] Accuracy(layer_2 - estimator_1 - 5_folds.train_3.predict)=91.96%
[ 2022-04-21 11:40:58,397][kfold_wrapper.log_eval_metrics] Accuracy(layer_2 - estimator_1 - 5_folds.train_4.predict)=91.52%
[ 2022-04-21 11:40:58,397][kfold_wrapper.log_eval_metrics] Accuracy(layer_2 - estimator_1 - 5_folds.train_cv.predict)=91.59%
[ 2022-04-21 11:40:58,402][cascade_classifier.calc_accuracy] Accuracy(layer_2 - train.classifier_average)=91.69%
[ 2022-04-21 11:40:58,405][cascade_classifier.calc_auc] AUC(layer_2 - train.classifier_average)=0.96%
[ 2022-04-21 11:40:58,405][cascade_classifier.fit_transform] [layer=3] look_indexs=[0], X_cur_train.shape=(7964, 204), X_cur_test.shape=(0, 204)
[ 2022-04-21 11:41:04,355][kfold_wrapper.log_eval_metrics] Accuracy(layer_3 - estimator_0 - 5_folds.train_0.predict)=92.15%
[ 2022-04-21 11:41:10,176][kfold_wrapper.log_eval_metrics] Accuracy(layer_3 - estimator_0 - 5_folds.train_1.predict)=90.96%
[ 2022-04-21 11:41:16,016][kfold_wrapper.log_eval_metrics] Accuracy(layer_3 - estimator_0 - 5_folds.train_2.predict)=90.33%
[ 2022-04-21 11:41:21,798][kfold_wrapper.log_eval_metrics] Accuracy(layer_3 - estimator_0 - 5_folds.train_3.predict)=91.90%
[ 2022-04-21 11:41:27,651][kfold_wrapper.log_eval_metrics] Accuracy(layer_3 - estimator_0 - 5_folds.train_4.predict)=90.26%
[ 2022-04-21 11:41:27,666][kfold_wrapper.log_eval_metrics] Accuracy(layer_3 - estimator_0 - 5_folds.train_cv.predict)=91.12%
[ 2022-04-21 11:41:33,413][kfold_wrapper.log_eval_metrics] Accuracy(layer_3 - estimator_1 - 5_folds.train_0.predict)=91.53%
[ 2022-04-21 11:41:39,182][kfold_wrapper.log_eval_metrics] Accuracy(layer_3 - estimator_1 - 5_folds.train_1.predict)=90.33%
[ 2022-04-21 11:41:44,868][kfold_wrapper.log_eval_metrics] Accuracy(layer_3 - estimator_1 - 5_folds.train_2.predict)=91.40%
[ 2022-04-21 11:41:50,678][kfold_wrapper.log_eval_metrics] Accuracy(layer_3 - estimator_1 - 5_folds.train_3.predict)=91.15%
[ 2022-04-21 11:41:56,406][kfold_wrapper.log_eval_metrics] Accuracy(layer_3 - estimator_1 - 5_folds.train_4.predict)=91.52%
[ 2022-04-21 11:41:56,409][kfold_wrapper.log_eval_metrics] Accuracy(layer_3 - estimator_1 - 5_folds.train_cv.predict)=91.19%
[ 2022-04-21 11:41:56,410][cascade_classifier.calc_accuracy] Accuracy(layer_3 - train.classifier_average)=91.32%
[ 2022-04-21 11:41:56,414][cascade_classifier.calc_auc] AUC(layer_3 - train.classifier_average)=0.96%
[ 2022-04-21 11:41:56,415][cascade_classifier.fit_transform] [layer=4] look_indexs=[0], X_cur_train.shape=(7964, 204), X_cur_test.shape=(0, 204)
[ 2022-04-21 11:42:02,644][kfold_wrapper.log_eval_metrics] Accuracy(layer_4 - estimator_0 - 5_folds.train_0.predict)=90.83%
[ 2022-04-21 11:42:08,664][kfold_wrapper.log_eval_metrics] Accuracy(layer_4 - estimator_0 - 5_folds.train_1.predict)=90.58%
[ 2022-04-21 11:42:14,769][kfold_wrapper.log_eval_metrics] Accuracy(layer_4 - estimator_0 - 5_folds.train_2.predict)=91.40%
[ 2022-04-21 11:42:20,763][kfold_wrapper.log_eval_metrics] Accuracy(layer_4 - estimator_0 - 5_folds.train_3.predict)=91.84%
[ 2022-04-21 11:42:26,598][kfold_wrapper.log_eval_metrics] Accuracy(layer_4 - estimator_0 - 5_folds.train_4.predict)=90.77%
[ 2022-04-21 11:42:26,598][kfold_wrapper.log_eval_metrics] Accuracy(layer_4 - estimator_0 - 5_folds.train_cv.predict)=91.08%
[ 2022-04-21 11:42:32,478][kfold_wrapper.log_eval_metrics] Accuracy(layer_4 - estimator_1 - 5_folds.train_0.predict)=90.33%
[ 2022-04-21 11:42:38,187][kfold_wrapper.log_eval_metrics] Accuracy(layer_4 - estimator_1 - 5_folds.train_1.predict)=91.21%
[ 2022-04-21 11:42:44,171][kfold_wrapper.log_eval_metrics] Accuracy(layer_4 - estimator_1 - 5_folds.train_2.predict)=90.65%
[ 2022-04-21 11:42:50,647][kfold_wrapper.log_eval_metrics] Accuracy(layer_4 - estimator_1 - 5_folds.train_3.predict)=91.34%
[ 2022-04-21 11:42:58,313][kfold_wrapper.log_eval_metrics] Accuracy(layer_4 - estimator_1 - 5_folds.train_4.predict)=91.65%
[ 2022-04-21 11:42:58,315][kfold_wrapper.log_eval_metrics] Accuracy(layer_4 - estimator_1 - 5_folds.train_cv.predict)=91.03%
[ 2022-04-21 11:42:58,316][cascade_classifier.calc_accuracy] Accuracy(layer_4 - train.classifier_average)=91.26%
[ 2022-04-21 11:42:58,320][cascade_classifier.calc_auc] AUC(layer_4 - train.classifier_average)=0.96%
[ 2022-04-21 11:42:58,325][cascade_classifier.fit_transform] [layer=5] look_indexs=[0], X_cur_train.shape=(7964, 204), X_cur_test.shape=(0, 204)
[ 2022-04-21 11:43:05,678][kfold_wrapper.log_eval_metrics] Accuracy(layer_5 - estimator_0 - 5_folds.train_0.predict)=90.77%
[ 2022-04-21 11:43:12,425][kfold_wrapper.log_eval_metrics] Accuracy(layer_5 - estimator_0 - 5_folds.train_1.predict)=91.09%
[ 2022-04-21 11:43:20,298][kfold_wrapper.log_eval_metrics] Accuracy(layer_5 - estimator_0 - 5_folds.train_2.predict)=90.02%
[ 2022-04-21 11:43:27,381][kfold_wrapper.log_eval_metrics] Accuracy(layer_5 - estimator_0 - 5_folds.train_3.predict)=91.71%
[ 2022-04-21 11:43:34,004][kfold_wrapper.log_eval_metrics] Accuracy(layer_5 - estimator_0 - 5_folds.train_4.predict)=90.83%
[ 2022-04-21 11:43:34,004][kfold_wrapper.log_eval_metrics] Accuracy(layer_5 - estimator_0 - 5_folds.train_cv.predict)=90.88%
[ 2022-04-21 11:43:40,805][kfold_wrapper.log_eval_metrics] Accuracy(layer_5 - estimator_1 - 5_folds.train_0.predict)=90.65%
[ 2022-04-21 11:43:47,638][kfold_wrapper.log_eval_metrics] Accuracy(layer_5 - estimator_1 - 5_folds.train_1.predict)=91.34%
[ 2022-04-21 11:43:54,294][kfold_wrapper.log_eval_metrics] Accuracy(layer_5 - estimator_1 - 5_folds.train_2.predict)=91.27%
[ 2022-04-21 11:44:01,459][kfold_wrapper.log_eval_metrics] Accuracy(layer_5 - estimator_1 - 5_folds.train_3.predict)=89.45%
[ 2022-04-21 11:44:08,317][kfold_wrapper.log_eval_metrics] Accuracy(layer_5 - estimator_1 - 5_folds.train_4.predict)=91.02%
[ 2022-04-21 11:44:08,318][kfold_wrapper.log_eval_metrics] Accuracy(layer_5 - estimator_1 - 5_folds.train_cv.predict)=90.75%
[ 2022-04-21 11:44:08,320][cascade_classifier.calc_accuracy] Accuracy(layer_5 - train.classifier_average)=90.77%
[ 2022-04-21 11:44:08,321][cascade_classifier.calc_auc] AUC(layer_5 - train.classifier_average)=0.96%
[ 2022-04-21 11:44:08,333][cascade_classifier.fit_transform] [layer=6] look_indexs=[0], X_cur_train.shape=(7964, 204), X_cur_test.shape=(0, 204)
[ 2022-04-21 11:44:14,934][kfold_wrapper.log_eval_metrics] Accuracy(layer_6 - estimator_0 - 5_folds.train_0.predict)=89.89%
[ 2022-04-21 11:44:21,740][kfold_wrapper.log_eval_metrics] Accuracy(layer_6 - estimator_0 - 5_folds.train_1.predict)=91.02%
[ 2022-04-21 11:44:28,269][kfold_wrapper.log_eval_metrics] Accuracy(layer_6 - estimator_0 - 5_folds.train_2.predict)=91.40%
[ 2022-04-21 11:44:35,155][kfold_wrapper.log_eval_metrics] Accuracy(layer_6 - estimator_0 - 5_folds.train_3.predict)=89.64%
[ 2022-04-21 11:44:41,894][kfold_wrapper.log_eval_metrics] Accuracy(layer_6 - estimator_0 - 5_folds.train_4.predict)=91.27%
[ 2022-04-21 11:44:41,894][kfold_wrapper.log_eval_metrics] Accuracy(layer_6 - estimator_0 - 5_folds.train_cv.predict)=90.65%
[ 2022-04-21 11:44:48,192][kfold_wrapper.log_eval_metrics] Accuracy(layer_6 - estimator_1 - 5_folds.train_0.predict)=89.89%
[ 2022-04-21 11:44:54,681][kfold_wrapper.log_eval_metrics] Accuracy(layer_6 - estimator_1 - 5_folds.train_1.predict)=91.21%
[ 2022-04-21 11:45:01,799][kfold_wrapper.log_eval_metrics] Accuracy(layer_6 - estimator_1 - 5_folds.train_2.predict)=90.77%
[ 2022-04-21 11:45:08,397][kfold_wrapper.log_eval_metrics] Accuracy(layer_6 - estimator_1 - 5_folds.train_3.predict)=91.40%
[ 2022-04-21 11:45:14,974][kfold_wrapper.log_eval_metrics] Accuracy(layer_6 - estimator_1 - 5_folds.train_4.predict)=90.52%
[ 2022-04-21 11:45:14,974][kfold_wrapper.log_eval_metrics] Accuracy(layer_6 - estimator_1 - 5_folds.train_cv.predict)=90.76%
[ 2022-04-21 11:45:14,974][cascade_classifier.calc_accuracy] Accuracy(layer_6 - train.classifier_average)=90.61%
[ 2022-04-21 11:45:14,974][cascade_classifier.calc_auc] AUC(layer_6 - train.classifier_average)=0.95%
[ 2022-04-21 11:45:14,974][cascade_classifier.fit_transform] [layer=7] look_indexs=[0], X_cur_train.shape=(7964, 204), X_cur_test.shape=(0, 204)
[ 2022-04-21 11:45:21,269][kfold_wrapper.log_eval_metrics] Accuracy(layer_7 - estimator_0 - 5_folds.train_0.predict)=90.33%
[ 2022-04-21 11:45:27,757][kfold_wrapper.log_eval_metrics] Accuracy(layer_7 - estimator_0 - 5_folds.train_1.predict)=91.21%
[ 2022-04-21 11:45:34,189][kfold_wrapper.log_eval_metrics] Accuracy(layer_7 - estimator_0 - 5_folds.train_2.predict)=90.08%
[ 2022-04-21 11:45:40,399][kfold_wrapper.log_eval_metrics] Accuracy(layer_7 - estimator_0 - 5_folds.train_3.predict)=90.46%
[ 2022-04-21 11:45:46,930][kfold_wrapper.log_eval_metrics] Accuracy(layer_7 - estimator_0 - 5_folds.train_4.predict)=90.08%
[ 2022-04-21 11:45:46,930][kfold_wrapper.log_eval_metrics] Accuracy(layer_7 - estimator_0 - 5_folds.train_cv.predict)=90.43%
[ 2022-04-21 11:45:53,225][kfold_wrapper.log_eval_metrics] Accuracy(layer_7 - estimator_1 - 5_folds.train_0.predict)=91.27%
[ 2022-04-21 11:46:00,391][kfold_wrapper.log_eval_metrics] Accuracy(layer_7 - estimator_1 - 5_folds.train_1.predict)=89.96%
[ 2022-04-21 11:46:06,871][kfold_wrapper.log_eval_metrics] Accuracy(layer_7 - estimator_1 - 5_folds.train_2.predict)=89.52%
[ 2022-04-21 11:46:13,195][kfold_wrapper.log_eval_metrics] Accuracy(layer_7 - estimator_1 - 5_folds.train_3.predict)=90.08%
[ 2022-04-21 11:46:20,076][kfold_wrapper.log_eval_metrics] Accuracy(layer_7 - estimator_1 - 5_folds.train_4.predict)=91.33%
[ 2022-04-21 11:46:20,076][kfold_wrapper.log_eval_metrics] Accuracy(layer_7 - estimator_1 - 5_folds.train_cv.predict)=90.43%
[ 2022-04-21 11:46:20,076][cascade_classifier.calc_accuracy] Accuracy(layer_7 - train.classifier_average)=90.48%
[ 2022-04-21 11:46:20,076][cascade_classifier.calc_auc] AUC(layer_7 - train.classifier_average)=0.95%
[ 2022-04-21 11:46:20,076][cascade_classifier.fit_transform] [layer=8] look_indexs=[0], X_cur_train.shape=(7964, 204), X_cur_test.shape=(0, 204)
[ 2022-04-21 11:46:26,515][kfold_wrapper.log_eval_metrics] Accuracy(layer_8 - estimator_0 - 5_folds.train_0.predict)=90.58%
[ 2022-04-21 11:46:33,287][kfold_wrapper.log_eval_metrics] Accuracy(layer_8 - estimator_0 - 5_folds.train_1.predict)=90.77%
[ 2022-04-21 11:46:40,082][kfold_wrapper.log_eval_metrics] Accuracy(layer_8 - estimator_0 - 5_folds.train_2.predict)=89.83%
[ 2022-04-21 11:46:46,710][kfold_wrapper.log_eval_metrics] Accuracy(layer_8 - estimator_0 - 5_folds.train_3.predict)=91.27%
[ 2022-04-21 11:46:53,506][kfold_wrapper.log_eval_metrics] Accuracy(layer_8 - estimator_0 - 5_folds.train_4.predict)=89.64%
[ 2022-04-21 11:46:53,506][kfold_wrapper.log_eval_metrics] Accuracy(layer_8 - estimator_0 - 5_folds.train_cv.predict)=90.42%
[ 2022-04-21 11:47:00,975][kfold_wrapper.log_eval_metrics] Accuracy(layer_8 - estimator_1 - 5_folds.train_0.predict)=89.45%
[ 2022-04-21 11:47:07,408][kfold_wrapper.log_eval_metrics] Accuracy(layer_8 - estimator_1 - 5_folds.train_1.predict)=91.09%
[ 2022-04-21 11:47:14,344][kfold_wrapper.log_eval_metrics] Accuracy(layer_8 - estimator_1 - 5_folds.train_2.predict)=89.96%
[ 2022-04-21 11:47:21,060][kfold_wrapper.log_eval_metrics] Accuracy(layer_8 - estimator_1 - 5_folds.train_3.predict)=90.40%
[ 2022-04-21 11:47:27,700][kfold_wrapper.log_eval_metrics] Accuracy(layer_8 - estimator_1 - 5_folds.train_4.predict)=90.77%
[ 2022-04-21 11:47:27,700][kfold_wrapper.log_eval_metrics] Accuracy(layer_8 - estimator_1 - 5_folds.train_cv.predict)=90.33%
[ 2022-04-21 11:47:27,700][cascade_classifier.calc_accuracy] Accuracy(layer_8 - train.classifier_average)=90.39%
[ 2022-04-21 11:47:27,700][cascade_classifier.calc_auc] AUC(layer_8 - train.classifier_average)=0.95%
[ 2022-04-21 11:47:27,717][cascade_classifier.fit_transform] [layer=9] look_indexs=[0], X_cur_train.shape=(7964, 204), X_cur_test.shape=(0, 204)
[ 2022-04-21 11:47:34,364][kfold_wrapper.log_eval_metrics] Accuracy(layer_9 - estimator_0 - 5_folds.train_0.predict)=90.40%
[ 2022-04-21 11:47:40,747][kfold_wrapper.log_eval_metrics] Accuracy(layer_9 - estimator_0 - 5_folds.train_1.predict)=91.15%
[ 2022-04-21 11:47:47,444][kfold_wrapper.log_eval_metrics] Accuracy(layer_9 - estimator_0 - 5_folds.train_2.predict)=89.14%
[ 2022-04-21 11:47:54,145][kfold_wrapper.log_eval_metrics] Accuracy(layer_9 - estimator_0 - 5_folds.train_3.predict)=89.70%
[ 2022-04-21 11:48:01,713][kfold_wrapper.log_eval_metrics] Accuracy(layer_9 - estimator_0 - 5_folds.train_4.predict)=90.77%
[ 2022-04-21 11:48:01,713][kfold_wrapper.log_eval_metrics] Accuracy(layer_9 - estimator_0 - 5_folds.train_cv.predict)=90.23%
[ 2022-04-21 11:48:08,292][kfold_wrapper.log_eval_metrics] Accuracy(layer_9 - estimator_1 - 5_folds.train_0.predict)=90.02%
[ 2022-04-21 11:48:14,873][kfold_wrapper.log_eval_metrics] Accuracy(layer_9 - estimator_1 - 5_folds.train_1.predict)=89.20%
[ 2022-04-21 11:48:21,368][kfold_wrapper.log_eval_metrics] Accuracy(layer_9 - estimator_1 - 5_folds.train_2.predict)=90.27%
[ 2022-04-21 11:48:28,384][kfold_wrapper.log_eval_metrics] Accuracy(layer_9 - estimator_1 - 5_folds.train_3.predict)=90.08%
[ 2022-04-21 11:48:34,697][kfold_wrapper.log_eval_metrics] Accuracy(layer_9 - estimator_1 - 5_folds.train_4.predict)=91.27%
[ 2022-04-21 11:48:34,697][kfold_wrapper.log_eval_metrics] Accuracy(layer_9 - estimator_1 - 5_folds.train_cv.predict)=90.17%
[ 2022-04-21 11:48:34,697][cascade_classifier.calc_accuracy] Accuracy(layer_9 - train.classifier_average)=90.29%
[ 2022-04-21 11:48:34,697][cascade_classifier.calc_auc] AUC(layer_9 - train.classifier_average)=0.95%
[ 2022-04-21 11:48:34,697][cascade_classifier.fit_transform] [Result][Reach Max Layer] opt_layer_num=1, accuracy_train=0.97%, accuracy_test=0.00%
[ 2022-04-21 11:48:34,697][cascade_classifier.transform] X_groups_test.shape=[(1992, 200)]
[ 2022-04-21 11:48:34,697][cascade_classifier.transform] group_dims=[200]
[ 2022-04-21 11:48:34,697][cascade_classifier.transform] X_test.shape=(1992, 200)
[ 2022-04-21 11:48:34,697][cascade_classifier.transform] [layer=0] look_indexs=[0], X_cur_test.shape=(1992, 200)
[ 2022-04-21 11:48:34,779][cascade_classifier.transform] [layer=1] look_indexs=[0], X_cur_test.shape=(1992, 204)
[ 2022-04-21 11:48:34,845][cascade_classifier.transform] [layer=2] look_indexs=[0], X_cur_test.shape=(1992, 204)
[ 2022-04-21 11:48:34,910][cascade_classifier.transform] [layer=3] look_indexs=[0], X_cur_test.shape=(1992, 204)
[ 2022-04-21 11:48:34,992][cascade_classifier.transform] [layer=4] look_indexs=[0], X_cur_test.shape=(1992, 204)
[ 2022-04-21 11:48:35,064][cascade_classifier.transform] [layer=5] look_indexs=[0], X_cur_test.shape=(1992, 204)
[ 2022-04-21 11:48:35,130][cascade_classifier.transform] [layer=6] look_indexs=[0], X_cur_test.shape=(1992, 204)
[ 2022-04-21 11:48:35,197][cascade_classifier.transform] [layer=7] look_indexs=[0], X_cur_test.shape=(1992, 204)
[ 2022-04-21 11:48:35,277][cascade_classifier.transform] [layer=8] look_indexs=[0], X_cur_test.shape=(1992, 204)
[ 2022-04-21 11:48:35,338][cascade_classifier.transform] [layer=9] look_indexs=[0], X_cur_test.shape=(1992, 204)
[ 2022-04-21 11:48:35,422][cascade_classifier.transform] X_groups_test.shape=[(1992, 200)]
[ 2022-04-21 11:48:35,423][cascade_classifier.transform] group_dims=[200]
[ 2022-04-21 11:48:35,423][cascade_classifier.transform] X_test.shape=(1992, 200)
[ 2022-04-21 11:48:35,423][cascade_classifier.transform] [layer=0] look_indexs=[0], X_cur_test.shape=(1992, 200)
[ 2022-04-21 11:48:35,494][cascade_classifier.transform] [layer=1] look_indexs=[0], X_cur_test.shape=(1992, 204)
[ 2022-04-21 11:48:35,559][cascade_classifier.transform] [layer=2] look_indexs=[0], X_cur_test.shape=(1992, 204)
[ 2022-04-21 11:48:35,655][cascade_classifier.transform] [layer=3] look_indexs=[0], X_cur_test.shape=(1992, 204)
[ 2022-04-21 11:48:35,740][cascade_classifier.transform] [layer=4] look_indexs=[0], X_cur_test.shape=(1992, 204)
[ 2022-04-21 11:48:35,813][cascade_classifier.transform] [layer=5] look_indexs=[0], X_cur_test.shape=(1992, 204)
[ 2022-04-21 11:48:35,884][cascade_classifier.transform] [layer=6] look_indexs=[0], X_cur_test.shape=(1992, 204)
[ 2022-04-21 11:48:35,949][cascade_classifier.transform] [layer=7] look_indexs=[0], X_cur_test.shape=(1992, 204)
[ 2022-04-21 11:48:36,029][cascade_classifier.transform] [layer=8] look_indexs=[0], X_cur_test.shape=(1992, 204)
[ 2022-04-21 11:48:36,114][cascade_classifier.transform] [layer=9] look_indexs=[0], X_cur_test.shape=(1992, 204)
[ 2022-04-21 11:48:36,701][cascade_classifier.fit_transform] X_groups_train.shape=[(7965, 200)],y_train.shape=(7965,),X_groups_test.shape=no_test,y_test.shape=no_test
[ 2022-04-21 11:48:36,717][cascade_classifier.fit_transform] group_dims=[200]
[ 2022-04-21 11:48:36,717][cascade_classifier.fit_transform] group_starts=[0]
[ 2022-04-21 11:48:36,733][cascade_classifier.fit_transform] group_ends=[200]
[ 2022-04-21 11:48:36,734][cascade_classifier.fit_transform] X_train.shape=(7965, 200),X_test.shape=(0, 200)
[ 2022-04-21 11:48:36,734][cascade_classifier.fit_transform] [layer=0] look_indexs=[0], X_cur_train.shape=(7965, 200), X_cur_test.shape=(0, 200)
[ 2022-04-21 11:48:45,774][kfold_wrapper.log_eval_metrics] Accuracy(layer_0 - estimator_0 - 5_folds.train_0.predict)=92.28%
[ 2022-04-21 11:48:55,023][kfold_wrapper.log_eval_metrics] Accuracy(layer_0 - estimator_0 - 5_folds.train_1.predict)=92.34%
[ 2022-04-21 11:49:04,709][kfold_wrapper.log_eval_metrics] Accuracy(layer_0 - estimator_0 - 5_folds.train_2.predict)=91.15%
[ 2022-04-21 11:49:13,744][kfold_wrapper.log_eval_metrics] Accuracy(layer_0 - estimator_0 - 5_folds.train_3.predict)=91.90%
[ 2022-04-21 11:49:23,932][kfold_wrapper.log_eval_metrics] Accuracy(layer_0 - estimator_0 - 5_folds.train_4.predict)=91.34%
[ 2022-04-21 11:49:23,932][kfold_wrapper.log_eval_metrics] Accuracy(layer_0 - estimator_0 - 5_folds.train_cv.predict)=91.80%
[ 2022-04-21 11:49:33,946][kfold_wrapper.log_eval_metrics] Accuracy(layer_0 - estimator_1 - 5_folds.train_0.predict)=89.89%
[ 2022-04-21 11:49:43,277][kfold_wrapper.log_eval_metrics] Accuracy(layer_0 - estimator_1 - 5_folds.train_1.predict)=93.03%
[ 2022-04-21 11:49:52,821][kfold_wrapper.log_eval_metrics] Accuracy(layer_0 - estimator_1 - 5_folds.train_2.predict)=91.40%
[ 2022-04-21 11:50:01,922][kfold_wrapper.log_eval_metrics] Accuracy(layer_0 - estimator_1 - 5_folds.train_3.predict)=90.96%
[ 2022-04-21 11:50:10,156][kfold_wrapper.log_eval_metrics] Accuracy(layer_0 - estimator_1 - 5_folds.train_4.predict)=93.16%
[ 2022-04-21 11:50:10,156][kfold_wrapper.log_eval_metrics] Accuracy(layer_0 - estimator_1 - 5_folds.train_cv.predict)=91.69%
[ 2022-04-21 11:50:10,156][cascade_classifier.calc_accuracy] Accuracy(layer_0 - train.classifier_average)=92.07%
[ 2022-04-21 11:50:10,171][cascade_classifier.calc_auc] AUC(layer_0 - train.classifier_average)=0.97%
[ 2022-04-21 11:50:10,171][cascade_classifier.fit_transform] [layer=1] look_indexs=[0], X_cur_train.shape=(7965, 204), X_cur_test.shape=(0, 204)
[ 2022-04-21 11:50:18,986][kfold_wrapper.log_eval_metrics] Accuracy(layer_1 - estimator_0 - 5_folds.train_0.predict)=91.96%
[ 2022-04-21 11:50:27,539][kfold_wrapper.log_eval_metrics] Accuracy(layer_1 - estimator_0 - 5_folds.train_1.predict)=92.15%
[ 2022-04-21 11:50:36,273][kfold_wrapper.log_eval_metrics] Accuracy(layer_1 - estimator_0 - 5_folds.train_2.predict)=91.59%
[ 2022-04-21 11:50:44,712][kfold_wrapper.log_eval_metrics] Accuracy(layer_1 - estimator_0 - 5_folds.train_3.predict)=92.09%
[ 2022-04-21 11:50:52,824][kfold_wrapper.log_eval_metrics] Accuracy(layer_1 - estimator_0 - 5_folds.train_4.predict)=90.65%
[ 2022-04-21 11:50:52,824][kfold_wrapper.log_eval_metrics] Accuracy(layer_1 - estimator_0 - 5_folds.train_cv.predict)=91.69%
[ 2022-04-21 11:51:01,754][kfold_wrapper.log_eval_metrics] Accuracy(layer_1 - estimator_1 - 5_folds.train_0.predict)=92.66%
[ 2022-04-21 11:51:09,737][kfold_wrapper.log_eval_metrics] Accuracy(layer_1 - estimator_1 - 5_folds.train_1.predict)=91.40%
[ 2022-04-21 11:51:18,895][kfold_wrapper.log_eval_metrics] Accuracy(layer_1 - estimator_1 - 5_folds.train_2.predict)=92.66%
[ 2022-04-21 11:51:27,999][kfold_wrapper.log_eval_metrics] Accuracy(layer_1 - estimator_1 - 5_folds.train_3.predict)=91.21%
[ 2022-04-21 11:51:36,346][kfold_wrapper.log_eval_metrics] Accuracy(layer_1 - estimator_1 - 5_folds.train_4.predict)=90.71%
[ 2022-04-21 11:51:36,349][kfold_wrapper.log_eval_metrics] Accuracy(layer_1 - estimator_1 - 5_folds.train_cv.predict)=91.73%
[ 2022-04-21 11:51:36,352][cascade_classifier.calc_accuracy] Accuracy(layer_1 - train.classifier_average)=91.88%
[ 2022-04-21 11:51:36,361][cascade_classifier.calc_auc] AUC(layer_1 - train.classifier_average)=0.96%
[ 2022-04-21 11:51:36,366][cascade_classifier.fit_transform] [layer=2] look_indexs=[0], X_cur_train.shape=(7965, 204), X_cur_test.shape=(0, 204)
[ 2022-04-21 11:51:45,488][kfold_wrapper.log_eval_metrics] Accuracy(layer_2 - estimator_0 - 5_folds.train_0.predict)=91.15%
[ 2022-04-21 11:51:54,226][kfold_wrapper.log_eval_metrics] Accuracy(layer_2 - estimator_0 - 5_folds.train_1.predict)=91.65%
[ 2022-04-21 11:52:03,060][kfold_wrapper.log_eval_metrics] Accuracy(layer_2 - estimator_0 - 5_folds.train_2.predict)=90.33%
[ 2022-04-21 11:52:11,228][kfold_wrapper.log_eval_metrics] Accuracy(layer_2 - estimator_0 - 5_folds.train_3.predict)=90.71%
[ 2022-04-21 11:52:19,673][kfold_wrapper.log_eval_metrics] Accuracy(layer_2 - estimator_0 - 5_folds.train_4.predict)=92.34%
[ 2022-04-21 11:52:19,677][kfold_wrapper.log_eval_metrics] Accuracy(layer_2 - estimator_0 - 5_folds.train_cv.predict)=91.24%
[ 2022-04-21 11:52:28,095][kfold_wrapper.log_eval_metrics] Accuracy(layer_2 - estimator_1 - 5_folds.train_0.predict)=91.78%
[ 2022-04-21 11:52:36,685][kfold_wrapper.log_eval_metrics] Accuracy(layer_2 - estimator_1 - 5_folds.train_1.predict)=90.77%
[ 2022-04-21 11:52:44,020][kfold_wrapper.log_eval_metrics] Accuracy(layer_2 - estimator_1 - 5_folds.train_2.predict)=91.53%
[ 2022-04-21 11:52:51,558][kfold_wrapper.log_eval_metrics] Accuracy(layer_2 - estimator_1 - 5_folds.train_3.predict)=90.96%
[ 2022-04-21 11:52:59,603][kfold_wrapper.log_eval_metrics] Accuracy(layer_2 - estimator_1 - 5_folds.train_4.predict)=91.21%
[ 2022-04-21 11:52:59,606][kfold_wrapper.log_eval_metrics] Accuracy(layer_2 - estimator_1 - 5_folds.train_cv.predict)=91.25%
[ 2022-04-21 11:52:59,608][cascade_classifier.calc_accuracy] Accuracy(layer_2 - train.classifier_average)=91.30%
[ 2022-04-21 11:52:59,617][cascade_classifier.calc_auc] AUC(layer_2 - train.classifier_average)=0.96%
[ 2022-04-21 11:52:59,624][cascade_classifier.fit_transform] [layer=3] look_indexs=[0], X_cur_train.shape=(7965, 204), X_cur_test.shape=(0, 204)
[ 2022-04-21 11:53:07,035][kfold_wrapper.log_eval_metrics] Accuracy(layer_3 - estimator_0 - 5_folds.train_0.predict)=91.40%
[ 2022-04-21 11:53:13,834][kfold_wrapper.log_eval_metrics] Accuracy(layer_3 - estimator_0 - 5_folds.train_1.predict)=91.46%
[ 2022-04-21 11:53:22,498][kfold_wrapper.log_eval_metrics] Accuracy(layer_3 - estimator_0 - 5_folds.train_2.predict)=90.90%
[ 2022-04-21 11:53:31,194][kfold_wrapper.log_eval_metrics] Accuracy(layer_3 - estimator_0 - 5_folds.train_3.predict)=89.27%
[ 2022-04-21 11:53:39,200][kfold_wrapper.log_eval_metrics] Accuracy(layer_3 - estimator_0 - 5_folds.train_4.predict)=91.15%
[ 2022-04-21 11:53:39,201][kfold_wrapper.log_eval_metrics] Accuracy(layer_3 - estimator_0 - 5_folds.train_cv.predict)=90.83%
[ 2022-04-21 11:53:47,256][kfold_wrapper.log_eval_metrics] Accuracy(layer_3 - estimator_1 - 5_folds.train_0.predict)=91.65%
[ 2022-04-21 11:53:54,638][kfold_wrapper.log_eval_metrics] Accuracy(layer_3 - estimator_1 - 5_folds.train_1.predict)=90.52%
[ 2022-04-21 11:54:04,200][kfold_wrapper.log_eval_metrics] Accuracy(layer_3 - estimator_1 - 5_folds.train_2.predict)=91.15%
[ 2022-04-21 11:54:12,654][kfold_wrapper.log_eval_metrics] Accuracy(layer_3 - estimator_1 - 5_folds.train_3.predict)=91.65%
[ 2022-04-21 11:54:20,199][kfold_wrapper.log_eval_metrics] Accuracy(layer_3 - estimator_1 - 5_folds.train_4.predict)=90.46%
[ 2022-04-21 11:54:20,206][kfold_wrapper.log_eval_metrics] Accuracy(layer_3 - estimator_1 - 5_folds.train_cv.predict)=91.09%
[ 2022-04-21 11:54:20,208][cascade_classifier.calc_accuracy] Accuracy(layer_3 - train.classifier_average)=91.00%
[ 2022-04-21 11:54:20,213][cascade_classifier.calc_auc] AUC(layer_3 - train.classifier_average)=0.96%
[ 2022-04-21 11:54:20,218][cascade_classifier.fit_transform] [layer=4] look_indexs=[0], X_cur_train.shape=(7965, 204), X_cur_test.shape=(0, 204)
[ 2022-04-21 11:54:27,081][kfold_wrapper.log_eval_metrics] Accuracy(layer_4 - estimator_0 - 5_folds.train_0.predict)=91.15%
[ 2022-04-21 11:54:34,471][kfold_wrapper.log_eval_metrics] Accuracy(layer_4 - estimator_0 - 5_folds.train_1.predict)=90.14%
[ 2022-04-21 11:54:40,886][kfold_wrapper.log_eval_metrics] Accuracy(layer_4 - estimator_0 - 5_folds.train_2.predict)=91.65%
[ 2022-04-21 11:54:47,424][kfold_wrapper.log_eval_metrics] Accuracy(layer_4 - estimator_0 - 5_folds.train_3.predict)=91.02%
[ 2022-04-21 11:54:55,405][kfold_wrapper.log_eval_metrics] Accuracy(layer_4 - estimator_0 - 5_folds.train_4.predict)=90.08%
[ 2022-04-21 11:54:55,407][kfold_wrapper.log_eval_metrics] Accuracy(layer_4 - estimator_0 - 5_folds.train_cv.predict)=90.81%
[ 2022-04-21 11:55:02,845][kfold_wrapper.log_eval_metrics] Accuracy(layer_4 - estimator_1 - 5_folds.train_0.predict)=91.27%
[ 2022-04-21 11:55:10,025][kfold_wrapper.log_eval_metrics] Accuracy(layer_4 - estimator_1 - 5_folds.train_1.predict)=90.65%
[ 2022-04-21 11:55:18,205][kfold_wrapper.log_eval_metrics] Accuracy(layer_4 - estimator_1 - 5_folds.train_2.predict)=89.58%
[ 2022-04-21 11:55:25,630][kfold_wrapper.log_eval_metrics] Accuracy(layer_4 - estimator_1 - 5_folds.train_3.predict)=90.71%
[ 2022-04-21 11:55:32,441][kfold_wrapper.log_eval_metrics] Accuracy(layer_4 - estimator_1 - 5_folds.train_4.predict)=90.90%
[ 2022-04-21 11:55:32,441][kfold_wrapper.log_eval_metrics] Accuracy(layer_4 - estimator_1 - 5_folds.train_cv.predict)=90.62%
[ 2022-04-21 11:55:32,457][cascade_classifier.calc_accuracy] Accuracy(layer_4 - train.classifier_average)=90.91%
[ 2022-04-21 11:55:32,457][cascade_classifier.calc_auc] AUC(layer_4 - train.classifier_average)=0.95%
[ 2022-04-21 11:55:32,457][cascade_classifier.fit_transform] [layer=5] look_indexs=[0], X_cur_train.shape=(7965, 204), X_cur_test.shape=(0, 204)
[ 2022-04-21 11:55:39,384][kfold_wrapper.log_eval_metrics] Accuracy(layer_5 - estimator_0 - 5_folds.train_0.predict)=90.90%
[ 2022-04-21 11:55:47,074][kfold_wrapper.log_eval_metrics] Accuracy(layer_5 - estimator_0 - 5_folds.train_1.predict)=89.64%
