[ 2022-07-03 15:06:56,883][cascade_classifier.fit_transform] X_groups_train.shape=[(7964, 1650)],y_train.shape=(7964,),X_groups_test.shape=no_test,y_test.shape=no_test
[ 2022-07-03 15:06:56,914][cascade_classifier.fit_transform] group_dims=[1650]
[ 2022-07-03 15:06:56,914][cascade_classifier.fit_transform] group_starts=[0]
[ 2022-07-03 15:06:56,914][cascade_classifier.fit_transform] group_ends=[1650]
[ 2022-07-03 15:06:56,914][cascade_classifier.fit_transform] X_train.shape=(7964, 1650),X_test.shape=(0, 1650)
[ 2022-07-03 15:06:56,930][cascade_classifier.fit_transform] [layer=0] look_indexs=[0], X_cur_train.shape=(7964, 1650), X_cur_test.shape=(0, 1650)
[ 2022-07-03 15:08:28,715][cascade_classifier.fit_transform] X_groups_train.shape=[(7964, 1650)],y_train.shape=(7964,),X_groups_test.shape=no_test,y_test.shape=no_test
[ 2022-07-03 15:08:28,746][cascade_classifier.fit_transform] group_dims=[1650]
[ 2022-07-03 15:08:28,747][cascade_classifier.fit_transform] group_starts=[0]
[ 2022-07-03 15:08:28,747][cascade_classifier.fit_transform] group_ends=[1650]
[ 2022-07-03 15:08:28,748][cascade_classifier.fit_transform] X_train.shape=(7964, 1650),X_test.shape=(0, 1650)
[ 2022-07-03 15:08:28,768][cascade_classifier.fit_transform] [layer=0] look_indexs=[0], X_cur_train.shape=(7964, 1650), X_cur_test.shape=(0, 1650)
[ 2022-07-03 15:10:36,480][cascade_classifier.fit_transform] X_groups_train.shape=[(7964, 1650)],y_train.shape=(7964,),X_groups_test.shape=no_test,y_test.shape=no_test
[ 2022-07-03 15:10:36,575][cascade_classifier.fit_transform] group_dims=[1650]
[ 2022-07-03 15:10:36,575][cascade_classifier.fit_transform] group_starts=[0]
[ 2022-07-03 15:10:36,575][cascade_classifier.fit_transform] group_ends=[1650]
[ 2022-07-03 15:10:36,575][cascade_classifier.fit_transform] X_train.shape=(7964, 1650),X_test.shape=(0, 1650)
[ 2022-07-03 15:10:36,594][cascade_classifier.fit_transform] [layer=0] look_indexs=[0], X_cur_train.shape=(7964, 1650), X_cur_test.shape=(0, 1650)
[ 2022-07-03 15:11:38,931][kfold_wrapper.log_eval_metrics] Accuracy(layer_0 - estimator_0 - 5_folds.train_0.predict)=93.28%
[ 2022-07-03 15:13:00,925][kfold_wrapper.log_eval_metrics] Accuracy(layer_0 - estimator_0 - 5_folds.train_1.predict)=93.47%
