[ 2022-04-09 17:50:42,634][cascade_classifier.fit_transform] X_groups_train.shape=[(7964, 1650)],y_train.shape=(7964,),X_groups_test.shape=no_test,y_test.shape=no_test
[ 2022-04-09 17:50:42,771][cascade_classifier.fit_transform] group_dims=[1650]
[ 2022-04-09 17:50:42,771][cascade_classifier.fit_transform] group_starts=[0]
[ 2022-04-09 17:50:42,771][cascade_classifier.fit_transform] group_ends=[1650]
[ 2022-04-09 17:50:42,771][cascade_classifier.fit_transform] X_train.shape=(7964, 1650),X_test.shape=(0, 1650)
[ 2022-04-09 17:50:42,818][cascade_classifier.fit_transform] [layer=0] look_indexs=[0], X_cur_train.shape=(7964, 1650), X_cur_test.shape=(0, 1650)
[ 2022-04-09 17:52:34,931][kfold_wrapper.log_eval_metrics] Accuracy(layer_0 - estimator_0 - 4_folds.train_0.predict)=85.99%
[ 2022-04-09 17:54:21,936][kfold_wrapper.log_eval_metrics] Accuracy(layer_0 - estimator_0 - 4_folds.train_1.predict)=88.35%
[ 2022-04-09 17:56:08,485][kfold_wrapper.log_eval_metrics] Accuracy(layer_0 - estimator_0 - 4_folds.train_2.predict)=86.04%
[ 2022-04-09 17:57:56,108][kfold_wrapper.log_eval_metrics] Accuracy(layer_0 - estimator_0 - 4_folds.train_3.predict)=87.34%
[ 2022-04-09 17:57:56,108][kfold_wrapper.log_eval_metrics] Accuracy(layer_0 - estimator_0 - 4_folds.train_cv.predict)=86.93%
[ 2022-04-09 18:00:05,656][kfold_wrapper.log_eval_metrics] Accuracy(layer_0 - estimator_1 - 4_folds.train_0.predict)=87.95%
[ 2022-04-09 18:02:13,307][kfold_wrapper.log_eval_metrics] Accuracy(layer_0 - estimator_1 - 4_folds.train_1.predict)=87.39%
[ 2022-04-09 18:04:20,786][kfold_wrapper.log_eval_metrics] Accuracy(layer_0 - estimator_1 - 4_folds.train_2.predict)=86.84%
[ 2022-04-09 18:06:29,271][kfold_wrapper.log_eval_metrics] Accuracy(layer_0 - estimator_1 - 4_folds.train_3.predict)=86.29%
[ 2022-04-09 18:06:29,271][kfold_wrapper.log_eval_metrics] Accuracy(layer_0 - estimator_1 - 4_folds.train_cv.predict)=87.12%
[ 2022-04-09 18:06:29,271][cascade_classifier.calc_accuracy] Accuracy(layer_0 - train.classifier_average)=86.99%
[ 2022-04-09 18:06:29,303][cascade_classifier.calc_auc] AUC(layer_0 - train.classifier_average)=0.95%
[ 2022-04-09 18:06:29,367][cascade_classifier.fit_transform] [layer=1] look_indexs=[0], X_cur_train.shape=(7964, 1654), X_cur_test.shape=(0, 1654)
[ 2022-04-09 18:08:18,386][kfold_wrapper.log_eval_metrics] Accuracy(layer_1 - estimator_0 - 4_folds.train_0.predict)=89.40%
[ 2022-04-09 18:10:05,684][kfold_wrapper.log_eval_metrics] Accuracy(layer_1 - estimator_0 - 4_folds.train_1.predict)=88.05%
[ 2022-04-09 18:11:52,669][kfold_wrapper.log_eval_metrics] Accuracy(layer_1 - estimator_0 - 4_folds.train_2.predict)=88.25%
[ 2022-04-09 18:13:40,117][kfold_wrapper.log_eval_metrics] Accuracy(layer_1 - estimator_0 - 4_folds.train_3.predict)=87.49%
[ 2022-04-09 18:13:40,117][kfold_wrapper.log_eval_metrics] Accuracy(layer_1 - estimator_0 - 4_folds.train_cv.predict)=88.30%
[ 2022-04-09 18:15:48,152][kfold_wrapper.log_eval_metrics] Accuracy(layer_1 - estimator_1 - 4_folds.train_0.predict)=88.55%
[ 2022-04-09 18:17:56,084][kfold_wrapper.log_eval_metrics] Accuracy(layer_1 - estimator_1 - 4_folds.train_1.predict)=87.39%
[ 2022-04-09 18:20:05,470][kfold_wrapper.log_eval_metrics] Accuracy(layer_1 - estimator_1 - 4_folds.train_2.predict)=87.85%
[ 2022-04-09 18:22:15,301][kfold_wrapper.log_eval_metrics] Accuracy(layer_1 - estimator_1 - 4_folds.train_3.predict)=89.45%
[ 2022-04-09 18:22:15,301][kfold_wrapper.log_eval_metrics] Accuracy(layer_1 - estimator_1 - 4_folds.train_cv.predict)=88.31%
[ 2022-04-09 18:22:15,301][cascade_classifier.calc_accuracy] Accuracy(layer_1 - train.classifier_average)=88.30%
[ 2022-04-09 18:22:15,301][cascade_classifier.calc_auc] AUC(layer_1 - train.classifier_average)=0.96%
[ 2022-04-09 18:22:15,348][cascade_classifier.fit_transform] [layer=2] look_indexs=[0], X_cur_train.shape=(7964, 1654), X_cur_test.shape=(0, 1654)
[ 2022-04-09 18:24:02,394][kfold_wrapper.log_eval_metrics] Accuracy(layer_2 - estimator_0 - 4_folds.train_0.predict)=89.30%
[ 2022-04-09 18:25:49,170][kfold_wrapper.log_eval_metrics] Accuracy(layer_2 - estimator_0 - 4_folds.train_1.predict)=90.91%
[ 2022-04-09 18:27:40,100][kfold_wrapper.log_eval_metrics] Accuracy(layer_2 - estimator_0 - 4_folds.train_2.predict)=89.25%
[ 2022-04-09 18:29:48,725][kfold_wrapper.log_eval_metrics] Accuracy(layer_2 - estimator_0 - 4_folds.train_3.predict)=90.36%
[ 2022-04-09 18:29:48,725][kfold_wrapper.log_eval_metrics] Accuracy(layer_2 - estimator_0 - 4_folds.train_cv.predict)=89.95%
[ 2022-04-09 18:32:18,746][kfold_wrapper.log_eval_metrics] Accuracy(layer_2 - estimator_1 - 4_folds.train_0.predict)=90.66%
[ 2022-04-09 18:35:12,743][kfold_wrapper.log_eval_metrics] Accuracy(layer_2 - estimator_1 - 4_folds.train_1.predict)=89.85%
[ 2022-04-09 18:38:16,268][kfold_wrapper.log_eval_metrics] Accuracy(layer_2 - estimator_1 - 4_folds.train_2.predict)=89.75%
[ 2022-04-09 18:41:16,979][kfold_wrapper.log_eval_metrics] Accuracy(layer_2 - estimator_1 - 4_folds.train_3.predict)=89.45%
[ 2022-04-09 18:41:16,983][kfold_wrapper.log_eval_metrics] Accuracy(layer_2 - estimator_1 - 4_folds.train_cv.predict)=89.93%
[ 2022-04-09 18:41:16,988][cascade_classifier.calc_accuracy] Accuracy(layer_2 - train.classifier_average)=89.90%
[ 2022-04-09 18:41:16,997][cascade_classifier.calc_auc] AUC(layer_2 - train.classifier_average)=0.97%
[ 2022-04-09 18:41:17,214][cascade_classifier.fit_transform] [layer=3] look_indexs=[0], X_cur_train.shape=(7964, 1654), X_cur_test.shape=(0, 1654)
[ 2022-04-09 18:43:45,595][kfold_wrapper.log_eval_metrics] Accuracy(layer_3 - estimator_0 - 4_folds.train_0.predict)=91.01%
[ 2022-04-09 18:46:14,331][kfold_wrapper.log_eval_metrics] Accuracy(layer_3 - estimator_0 - 4_folds.train_1.predict)=90.61%
[ 2022-04-09 18:48:44,692][kfold_wrapper.log_eval_metrics] Accuracy(layer_3 - estimator_0 - 4_folds.train_2.predict)=89.00%
[ 2022-04-09 18:51:13,581][kfold_wrapper.log_eval_metrics] Accuracy(layer_3 - estimator_0 - 4_folds.train_3.predict)=91.56%
[ 2022-04-09 18:51:13,585][kfold_wrapper.log_eval_metrics] Accuracy(layer_3 - estimator_0 - 4_folds.train_cv.predict)=90.54%
[ 2022-04-09 18:54:12,922][kfold_wrapper.log_eval_metrics] Accuracy(layer_3 - estimator_1 - 4_folds.train_0.predict)=89.80%
[ 2022-04-09 18:57:02,785][kfold_wrapper.log_eval_metrics] Accuracy(layer_3 - estimator_1 - 4_folds.train_1.predict)=90.06%
[ 2022-04-09 18:59:30,498][kfold_wrapper.log_eval_metrics] Accuracy(layer_3 - estimator_1 - 4_folds.train_2.predict)=91.41%
[ 2022-04-09 19:01:58,132][kfold_wrapper.log_eval_metrics] Accuracy(layer_3 - estimator_1 - 4_folds.train_3.predict)=90.56%
[ 2022-04-09 19:01:58,135][kfold_wrapper.log_eval_metrics] Accuracy(layer_3 - estimator_1 - 4_folds.train_cv.predict)=90.46%
[ 2022-04-09 19:01:58,139][cascade_classifier.calc_accuracy] Accuracy(layer_3 - train.classifier_average)=90.54%
[ 2022-04-09 19:01:58,151][cascade_classifier.calc_auc] AUC(layer_3 - train.classifier_average)=0.97%
[ 2022-04-09 19:01:58,216][cascade_classifier.fit_transform] [layer=4] look_indexs=[0], X_cur_train.shape=(7964, 1654), X_cur_test.shape=(0, 1654)
[ 2022-04-09 19:04:04,566][kfold_wrapper.log_eval_metrics] Accuracy(layer_4 - estimator_0 - 4_folds.train_0.predict)=90.66%
[ 2022-04-09 19:06:08,853][kfold_wrapper.log_eval_metrics] Accuracy(layer_4 - estimator_0 - 4_folds.train_1.predict)=90.56%
[ 2022-04-09 19:08:06,896][kfold_wrapper.log_eval_metrics] Accuracy(layer_4 - estimator_0 - 4_folds.train_2.predict)=91.31%
[ 2022-04-09 19:09:56,606][kfold_wrapper.log_eval_metrics] Accuracy(layer_4 - estimator_0 - 4_folds.train_3.predict)=90.01%
[ 2022-04-09 19:09:56,607][kfold_wrapper.log_eval_metrics] Accuracy(layer_4 - estimator_0 - 4_folds.train_cv.predict)=90.63%
[ 2022-04-09 19:12:08,130][kfold_wrapper.log_eval_metrics] Accuracy(layer_4 - estimator_1 - 4_folds.train_0.predict)=90.41%
[ 2022-04-09 19:14:19,563][kfold_wrapper.log_eval_metrics] Accuracy(layer_4 - estimator_1 - 4_folds.train_1.predict)=91.41%
[ 2022-04-09 19:16:31,083][kfold_wrapper.log_eval_metrics] Accuracy(layer_4 - estimator_1 - 4_folds.train_2.predict)=89.80%
[ 2022-04-09 19:18:42,346][kfold_wrapper.log_eval_metrics] Accuracy(layer_4 - estimator_1 - 4_folds.train_3.predict)=89.70%
[ 2022-04-09 19:18:42,350][kfold_wrapper.log_eval_metrics] Accuracy(layer_4 - estimator_1 - 4_folds.train_cv.predict)=90.33%
[ 2022-04-09 19:18:42,353][cascade_classifier.calc_accuracy] Accuracy(layer_4 - train.classifier_average)=90.48%
[ 2022-04-09 19:18:42,367][cascade_classifier.calc_auc] AUC(layer_4 - train.classifier_average)=0.97%
[ 2022-04-09 19:18:42,421][cascade_classifier.fit_transform] [layer=5] look_indexs=[0], X_cur_train.shape=(7964, 1654), X_cur_test.shape=(0, 1654)
[ 2022-04-09 19:20:32,455][kfold_wrapper.log_eval_metrics] Accuracy(layer_5 - estimator_0 - 4_folds.train_0.predict)=91.11%
[ 2022-04-09 19:22:22,875][kfold_wrapper.log_eval_metrics] Accuracy(layer_5 - estimator_0 - 4_folds.train_1.predict)=90.86%
[ 2022-04-09 19:24:12,880][kfold_wrapper.log_eval_metrics] Accuracy(layer_5 - estimator_0 - 4_folds.train_2.predict)=89.50%
[ 2022-04-09 19:26:03,227][kfold_wrapper.log_eval_metrics] Accuracy(layer_5 - estimator_0 - 4_folds.train_3.predict)=90.56%
[ 2022-04-09 19:26:03,237][kfold_wrapper.log_eval_metrics] Accuracy(layer_5 - estimator_0 - 4_folds.train_cv.predict)=90.51%
[ 2022-04-09 19:28:16,128][kfold_wrapper.log_eval_metrics] Accuracy(layer_5 - estimator_1 - 4_folds.train_0.predict)=90.56%
[ 2022-04-09 19:30:27,700][kfold_wrapper.log_eval_metrics] Accuracy(layer_5 - estimator_1 - 4_folds.train_1.predict)=91.41%
[ 2022-04-09 19:32:39,106][kfold_wrapper.log_eval_metrics] Accuracy(layer_5 - estimator_1 - 4_folds.train_2.predict)=90.86%
[ 2022-04-09 19:34:50,533][kfold_wrapper.log_eval_metrics] Accuracy(layer_5 - estimator_1 - 4_folds.train_3.predict)=89.90%
[ 2022-04-09 19:34:50,549][kfold_wrapper.log_eval_metrics] Accuracy(layer_5 - estimator_1 - 4_folds.train_cv.predict)=90.68%
[ 2022-04-09 19:34:50,549][cascade_classifier.calc_accuracy] Accuracy(layer_5 - train.classifier_average)=90.56%
[ 2022-04-09 19:34:50,549][cascade_classifier.calc_auc] AUC(layer_5 - train.classifier_average)=0.97%
[ 2022-04-09 19:34:50,599][cascade_classifier.fit_transform] [layer=6] look_indexs=[0], X_cur_train.shape=(7964, 1654), X_cur_test.shape=(0, 1654)
[ 2022-04-09 19:36:40,191][kfold_wrapper.log_eval_metrics] Accuracy(layer_6 - estimator_0 - 4_folds.train_0.predict)=90.81%
[ 2022-04-09 19:38:30,161][kfold_wrapper.log_eval_metrics] Accuracy(layer_6 - estimator_0 - 4_folds.train_1.predict)=90.81%
[ 2022-04-09 19:40:21,205][kfold_wrapper.log_eval_metrics] Accuracy(layer_6 - estimator_0 - 4_folds.train_2.predict)=91.16%
[ 2022-04-09 19:42:12,380][kfold_wrapper.log_eval_metrics] Accuracy(layer_6 - estimator_0 - 4_folds.train_3.predict)=89.75%
[ 2022-04-09 19:42:12,384][kfold_wrapper.log_eval_metrics] Accuracy(layer_6 - estimator_0 - 4_folds.train_cv.predict)=90.63%
[ 2022-04-09 19:44:23,431][kfold_wrapper.log_eval_metrics] Accuracy(layer_6 - estimator_1 - 4_folds.train_0.predict)=91.86%
[ 2022-04-09 19:46:34,626][kfold_wrapper.log_eval_metrics] Accuracy(layer_6 - estimator_1 - 4_folds.train_1.predict)=90.21%
[ 2022-04-09 19:48:45,862][kfold_wrapper.log_eval_metrics] Accuracy(layer_6 - estimator_1 - 4_folds.train_2.predict)=90.61%
[ 2022-04-09 19:50:58,472][kfold_wrapper.log_eval_metrics] Accuracy(layer_6 - estimator_1 - 4_folds.train_3.predict)=89.90%
[ 2022-04-09 19:50:58,472][kfold_wrapper.log_eval_metrics] Accuracy(layer_6 - estimator_1 - 4_folds.train_cv.predict)=90.65%
[ 2022-04-09 19:50:58,487][cascade_classifier.calc_accuracy] Accuracy(layer_6 - train.classifier_average)=90.71%
[ 2022-04-09 19:50:58,487][cascade_classifier.calc_auc] AUC(layer_6 - train.classifier_average)=0.97%
[ 2022-04-09 19:50:58,539][cascade_classifier.fit_transform] [layer=7] look_indexs=[0], X_cur_train.shape=(7964, 1654), X_cur_test.shape=(0, 1654)
[ 2022-04-09 19:52:49,866][kfold_wrapper.log_eval_metrics] Accuracy(layer_7 - estimator_0 - 4_folds.train_0.predict)=90.46%
[ 2022-04-09 19:54:42,698][kfold_wrapper.log_eval_metrics] Accuracy(layer_7 - estimator_0 - 4_folds.train_1.predict)=90.31%
[ 2022-04-09 19:56:36,526][kfold_wrapper.log_eval_metrics] Accuracy(layer_7 - estimator_0 - 4_folds.train_2.predict)=90.91%
[ 2022-04-09 19:58:28,308][kfold_wrapper.log_eval_metrics] Accuracy(layer_7 - estimator_0 - 4_folds.train_3.predict)=91.21%
[ 2022-04-09 19:58:28,308][kfold_wrapper.log_eval_metrics] Accuracy(layer_7 - estimator_0 - 4_folds.train_cv.predict)=90.72%
[ 2022-04-09 20:00:40,227][kfold_wrapper.log_eval_metrics] Accuracy(layer_7 - estimator_1 - 4_folds.train_0.predict)=90.81%
[ 2022-04-09 20:02:52,117][kfold_wrapper.log_eval_metrics] Accuracy(layer_7 - estimator_1 - 4_folds.train_1.predict)=92.21%
[ 2022-04-09 20:05:04,113][kfold_wrapper.log_eval_metrics] Accuracy(layer_7 - estimator_1 - 4_folds.train_2.predict)=89.55%
[ 2022-04-09 20:07:15,555][kfold_wrapper.log_eval_metrics] Accuracy(layer_7 - estimator_1 - 4_folds.train_3.predict)=90.06%
[ 2022-04-09 20:07:15,555][kfold_wrapper.log_eval_metrics] Accuracy(layer_7 - estimator_1 - 4_folds.train_cv.predict)=90.66%
[ 2022-04-09 20:07:15,562][cascade_classifier.calc_accuracy] Accuracy(layer_7 - train.classifier_average)=90.70%
[ 2022-04-09 20:07:15,562][cascade_classifier.calc_auc] AUC(layer_7 - train.classifier_average)=0.97%
[ 2022-04-09 20:07:16,089][cascade_classifier.fit_transform] [layer=8] look_indexs=[0], X_cur_train.shape=(7964, 1654), X_cur_test.shape=(0, 1654)
[ 2022-04-09 20:09:06,031][kfold_wrapper.log_eval_metrics] Accuracy(layer_8 - estimator_0 - 4_folds.train_0.predict)=90.61%
[ 2022-04-09 20:10:56,087][kfold_wrapper.log_eval_metrics] Accuracy(layer_8 - estimator_0 - 4_folds.train_1.predict)=90.06%
[ 2022-04-09 20:12:43,149][kfold_wrapper.log_eval_metrics] Accuracy(layer_8 - estimator_0 - 4_folds.train_2.predict)=91.16%
[ 2022-04-09 20:14:29,628][kfold_wrapper.log_eval_metrics] Accuracy(layer_8 - estimator_0 - 4_folds.train_3.predict)=91.06%
[ 2022-04-09 20:14:29,628][kfold_wrapper.log_eval_metrics] Accuracy(layer_8 - estimator_0 - 4_folds.train_cv.predict)=90.72%
[ 2022-04-09 20:16:37,075][kfold_wrapper.log_eval_metrics] Accuracy(layer_8 - estimator_1 - 4_folds.train_0.predict)=91.61%
[ 2022-04-09 20:18:44,257][kfold_wrapper.log_eval_metrics] Accuracy(layer_8 - estimator_1 - 4_folds.train_1.predict)=90.11%
[ 2022-04-09 20:20:51,503][kfold_wrapper.log_eval_metrics] Accuracy(layer_8 - estimator_1 - 4_folds.train_2.predict)=90.76%
[ 2022-04-09 20:22:58,624][kfold_wrapper.log_eval_metrics] Accuracy(layer_8 - estimator_1 - 4_folds.train_3.predict)=90.11%
[ 2022-04-09 20:22:58,642][kfold_wrapper.log_eval_metrics] Accuracy(layer_8 - estimator_1 - 4_folds.train_cv.predict)=90.65%
[ 2022-04-09 20:22:58,647][cascade_classifier.calc_accuracy] Accuracy(layer_8 - train.classifier_average)=90.71%
[ 2022-04-09 20:22:58,648][cascade_classifier.calc_auc] AUC(layer_8 - train.classifier_average)=0.97%
[ 2022-04-09 20:22:58,696][cascade_classifier.fit_transform] [layer=9] look_indexs=[0], X_cur_train.shape=(7964, 1654), X_cur_test.shape=(0, 1654)
[ 2022-04-09 20:24:45,069][kfold_wrapper.log_eval_metrics] Accuracy(layer_9 - estimator_0 - 4_folds.train_0.predict)=91.16%
[ 2022-04-09 20:26:31,360][kfold_wrapper.log_eval_metrics] Accuracy(layer_9 - estimator_0 - 4_folds.train_1.predict)=90.46%
[ 2022-04-09 20:28:19,642][kfold_wrapper.log_eval_metrics] Accuracy(layer_9 - estimator_0 - 4_folds.train_2.predict)=90.76%
[ 2022-04-09 20:30:07,144][kfold_wrapper.log_eval_metrics] Accuracy(layer_9 - estimator_0 - 4_folds.train_3.predict)=90.71%
[ 2022-04-09 20:30:07,144][kfold_wrapper.log_eval_metrics] Accuracy(layer_9 - estimator_0 - 4_folds.train_cv.predict)=90.77%
[ 2022-04-09 20:32:14,816][kfold_wrapper.log_eval_metrics] Accuracy(layer_9 - estimator_1 - 4_folds.train_0.predict)=90.51%
[ 2022-04-09 20:34:22,009][kfold_wrapper.log_eval_metrics] Accuracy(layer_9 - estimator_1 - 4_folds.train_1.predict)=92.01%
[ 2022-04-09 20:36:29,878][kfold_wrapper.log_eval_metrics] Accuracy(layer_9 - estimator_1 - 4_folds.train_2.predict)=90.06%
[ 2022-04-09 20:38:37,105][kfold_wrapper.log_eval_metrics] Accuracy(layer_9 - estimator_1 - 4_folds.train_3.predict)=90.36%
[ 2022-04-09 20:38:37,105][kfold_wrapper.log_eval_metrics] Accuracy(layer_9 - estimator_1 - 4_folds.train_cv.predict)=90.73%
[ 2022-04-09 20:38:37,105][cascade_classifier.calc_accuracy] Accuracy(layer_9 - train.classifier_average)=90.73%
[ 2022-04-09 20:38:37,121][cascade_classifier.calc_auc] AUC(layer_9 - train.classifier_average)=0.97%
[ 2022-04-09 20:38:37,129][cascade_classifier.fit_transform] [Result][Reach Max Layer] opt_layer_num=8, accuracy_train=0.97%, accuracy_test=0.00%
[ 2022-04-09 20:38:37,152][cascade_classifier.transform] X_groups_test.shape=[(1992, 1650)]
[ 2022-04-09 20:38:37,237][cascade_classifier.transform] group_dims=[1650]
[ 2022-04-09 20:38:37,237][cascade_classifier.transform] X_test.shape=(1992, 1650)
[ 2022-04-09 20:38:37,253][cascade_classifier.transform] [layer=0] look_indexs=[0], X_cur_test.shape=(1992, 1650)
[ 2022-04-09 20:38:41,231][cascade_classifier.transform] [layer=1] look_indexs=[0], X_cur_test.shape=(1992, 1654)
[ 2022-04-09 20:38:45,042][cascade_classifier.transform] [layer=2] look_indexs=[0], X_cur_test.shape=(1992, 1654)
[ 2022-04-09 20:38:48,855][cascade_classifier.transform] [layer=3] look_indexs=[0], X_cur_test.shape=(1992, 1654)
[ 2022-04-09 20:38:52,734][cascade_classifier.transform] [layer=4] look_indexs=[0], X_cur_test.shape=(1992, 1654)
[ 2022-04-09 20:38:56,584][cascade_classifier.transform] [layer=5] look_indexs=[0], X_cur_test.shape=(1992, 1654)
[ 2022-04-09 20:39:00,458][cascade_classifier.transform] [layer=6] look_indexs=[0], X_cur_test.shape=(1992, 1654)
[ 2022-04-09 20:39:04,254][cascade_classifier.transform] [layer=7] look_indexs=[0], X_cur_test.shape=(1992, 1654)
[ 2022-04-09 20:39:08,055][cascade_classifier.transform] [layer=8] look_indexs=[0], X_cur_test.shape=(1992, 1654)
[ 2022-04-09 20:39:11,826][cascade_classifier.transform] [layer=9] look_indexs=[0], X_cur_test.shape=(1992, 1654)
[ 2022-04-09 20:39:15,609][cascade_classifier.transform] X_groups_test.shape=[(1992, 1650)]
[ 2022-04-09 20:39:15,609][cascade_classifier.transform] group_dims=[1650]
[ 2022-04-09 20:39:15,622][cascade_classifier.transform] X_test.shape=(1992, 1650)
[ 2022-04-09 20:39:15,622][cascade_classifier.transform] [layer=0] look_indexs=[0], X_cur_test.shape=(1992, 1650)
[ 2022-04-09 20:39:19,350][cascade_classifier.transform] [layer=1] look_indexs=[0], X_cur_test.shape=(1992, 1654)
[ 2022-04-09 20:39:23,087][cascade_classifier.transform] [layer=2] look_indexs=[0], X_cur_test.shape=(1992, 1654)
[ 2022-04-09 20:39:26,876][cascade_classifier.transform] [layer=3] look_indexs=[0], X_cur_test.shape=(1992, 1654)
[ 2022-04-09 20:39:30,700][cascade_classifier.transform] [layer=4] look_indexs=[0], X_cur_test.shape=(1992, 1654)
[ 2022-04-09 20:39:34,471][cascade_classifier.transform] [layer=5] look_indexs=[0], X_cur_test.shape=(1992, 1654)
[ 2022-04-09 20:39:38,168][cascade_classifier.transform] [layer=6] look_indexs=[0], X_cur_test.shape=(1992, 1654)
[ 2022-04-09 20:39:41,947][cascade_classifier.transform] [layer=7] look_indexs=[0], X_cur_test.shape=(1992, 1654)
[ 2022-04-09 20:39:45,633][cascade_classifier.transform] [layer=8] look_indexs=[0], X_cur_test.shape=(1992, 1654)
[ 2022-04-09 20:39:49,403][cascade_classifier.transform] [layer=9] look_indexs=[0], X_cur_test.shape=(1992, 1654)
[ 2022-04-09 20:39:54,743][cascade_classifier.fit_transform] X_groups_train.shape=[(7965, 1650)],y_train.shape=(7965,),X_groups_test.shape=no_test,y_test.shape=no_test
[ 2022-04-09 20:39:54,774][cascade_classifier.fit_transform] group_dims=[1650]
[ 2022-04-09 20:39:54,774][cascade_classifier.fit_transform] group_starts=[0]
[ 2022-04-09 20:39:54,774][cascade_classifier.fit_transform] group_ends=[1650]
[ 2022-04-09 20:39:54,774][cascade_classifier.fit_transform] X_train.shape=(7965, 1650),X_test.shape=(0, 1650)
[ 2022-04-09 20:39:54,805][cascade_classifier.fit_transform] [layer=0] look_indexs=[0], X_cur_train.shape=(7965, 1650), X_cur_test.shape=(0, 1650)
[ 2022-04-09 20:41:38,312][kfold_wrapper.log_eval_metrics] Accuracy(layer_0 - estimator_0 - 4_folds.train_0.predict)=87.35%
[ 2022-04-09 20:43:24,400][kfold_wrapper.log_eval_metrics] Accuracy(layer_0 - estimator_0 - 4_folds.train_1.predict)=86.59%
[ 2022-04-09 20:45:10,582][kfold_wrapper.log_eval_metrics] Accuracy(layer_0 - estimator_0 - 4_folds.train_2.predict)=87.64%
[ 2022-04-09 20:46:56,764][kfold_wrapper.log_eval_metrics] Accuracy(layer_0 - estimator_0 - 4_folds.train_3.predict)=85.43%
[ 2022-04-09 20:46:56,764][kfold_wrapper.log_eval_metrics] Accuracy(layer_0 - estimator_0 - 4_folds.train_cv.predict)=86.75%
[ 2022-04-09 20:49:06,149][kfold_wrapper.log_eval_metrics] Accuracy(layer_0 - estimator_1 - 4_folds.train_0.predict)=86.45%
[ 2022-04-09 20:51:13,528][kfold_wrapper.log_eval_metrics] Accuracy(layer_0 - estimator_1 - 4_folds.train_1.predict)=88.25%
[ 2022-04-09 20:53:20,446][kfold_wrapper.log_eval_metrics] Accuracy(layer_0 - estimator_1 - 4_folds.train_2.predict)=86.69%
[ 2022-04-09 20:55:27,365][kfold_wrapper.log_eval_metrics] Accuracy(layer_0 - estimator_1 - 4_folds.train_3.predict)=88.00%
[ 2022-04-09 20:55:27,365][kfold_wrapper.log_eval_metrics] Accuracy(layer_0 - estimator_1 - 4_folds.train_cv.predict)=87.34%
[ 2022-04-09 20:55:27,378][cascade_classifier.calc_accuracy] Accuracy(layer_0 - train.classifier_average)=87.19%
[ 2022-04-09 20:55:27,390][cascade_classifier.calc_auc] AUC(layer_0 - train.classifier_average)=0.95%
[ 2022-04-09 20:55:27,431][cascade_classifier.fit_transform] [layer=1] look_indexs=[0], X_cur_train.shape=(7965, 1654), X_cur_test.shape=(0, 1654)
[ 2022-04-09 20:57:14,321][kfold_wrapper.log_eval_metrics] Accuracy(layer_1 - estimator_0 - 4_folds.train_0.predict)=88.50%
[ 2022-04-09 20:59:01,272][kfold_wrapper.log_eval_metrics] Accuracy(layer_1 - estimator_0 - 4_folds.train_1.predict)=88.90%
[ 2022-04-09 21:00:48,037][kfold_wrapper.log_eval_metrics] Accuracy(layer_1 - estimator_0 - 4_folds.train_2.predict)=87.80%
[ 2022-04-09 21:02:34,756][kfold_wrapper.log_eval_metrics] Accuracy(layer_1 - estimator_0 - 4_folds.train_3.predict)=88.45%
[ 2022-04-09 21:02:34,756][kfold_wrapper.log_eval_metrics] Accuracy(layer_1 - estimator_0 - 4_folds.train_cv.predict)=88.41%
[ 2022-04-09 21:04:42,293][kfold_wrapper.log_eval_metrics] Accuracy(layer_1 - estimator_1 - 4_folds.train_0.predict)=88.00%
[ 2022-04-09 21:06:51,752][kfold_wrapper.log_eval_metrics] Accuracy(layer_1 - estimator_1 - 4_folds.train_1.predict)=88.10%
[ 2022-04-09 21:08:59,958][kfold_wrapper.log_eval_metrics] Accuracy(layer_1 - estimator_1 - 4_folds.train_2.predict)=89.30%
[ 2022-04-09 21:11:07,674][kfold_wrapper.log_eval_metrics] Accuracy(layer_1 - estimator_1 - 4_folds.train_3.predict)=88.30%
[ 2022-04-09 21:11:07,674][kfold_wrapper.log_eval_metrics] Accuracy(layer_1 - estimator_1 - 4_folds.train_cv.predict)=88.42%
[ 2022-04-09 21:11:07,691][cascade_classifier.calc_accuracy] Accuracy(layer_1 - train.classifier_average)=88.39%
[ 2022-04-09 21:11:07,706][cascade_classifier.calc_auc] AUC(layer_1 - train.classifier_average)=0.96%
[ 2022-04-09 21:11:07,753][cascade_classifier.fit_transform] [layer=2] look_indexs=[0], X_cur_train.shape=(7965, 1654), X_cur_test.shape=(0, 1654)
[ 2022-04-09 21:12:54,409][kfold_wrapper.log_eval_metrics] Accuracy(layer_2 - estimator_0 - 4_folds.train_0.predict)=90.71%
[ 2022-04-09 21:14:40,984][kfold_wrapper.log_eval_metrics] Accuracy(layer_2 - estimator_0 - 4_folds.train_1.predict)=88.55%
[ 2022-04-09 21:16:27,776][kfold_wrapper.log_eval_metrics] Accuracy(layer_2 - estimator_0 - 4_folds.train_2.predict)=88.35%
[ 2022-04-09 21:18:14,361][kfold_wrapper.log_eval_metrics] Accuracy(layer_2 - estimator_0 - 4_folds.train_3.predict)=88.25%
[ 2022-04-09 21:18:14,377][kfold_wrapper.log_eval_metrics] Accuracy(layer_2 - estimator_0 - 4_folds.train_cv.predict)=88.96%
[ 2022-04-09 21:20:21,800][kfold_wrapper.log_eval_metrics] Accuracy(layer_2 - estimator_1 - 4_folds.train_0.predict)=89.16%
[ 2022-04-09 21:22:29,108][kfold_wrapper.log_eval_metrics] Accuracy(layer_2 - estimator_1 - 4_folds.train_1.predict)=87.90%
[ 2022-04-09 21:24:36,582][kfold_wrapper.log_eval_metrics] Accuracy(layer_2 - estimator_1 - 4_folds.train_2.predict)=89.50%
[ 2022-04-09 21:26:43,937][kfold_wrapper.log_eval_metrics] Accuracy(layer_2 - estimator_1 - 4_folds.train_3.predict)=89.65%
[ 2022-04-09 21:26:43,937][kfold_wrapper.log_eval_metrics] Accuracy(layer_2 - estimator_1 - 4_folds.train_cv.predict)=89.05%
[ 2022-04-09 21:26:43,937][cascade_classifier.calc_accuracy] Accuracy(layer_2 - train.classifier_average)=89.04%
[ 2022-04-09 21:26:43,959][cascade_classifier.calc_auc] AUC(layer_2 - train.classifier_average)=0.96%
[ 2022-04-09 21:26:44,000][cascade_classifier.fit_transform] [layer=3] look_indexs=[0], X_cur_train.shape=(7965, 1654), X_cur_test.shape=(0, 1654)
[ 2022-04-09 21:28:30,816][kfold_wrapper.log_eval_metrics] Accuracy(layer_3 - estimator_0 - 4_folds.train_0.predict)=89.41%
[ 2022-04-09 21:30:18,870][kfold_wrapper.log_eval_metrics] Accuracy(layer_3 - estimator_0 - 4_folds.train_1.predict)=89.80%
[ 2022-04-09 21:32:05,765][kfold_wrapper.log_eval_metrics] Accuracy(layer_3 - estimator_0 - 4_folds.train_2.predict)=89.25%
[ 2022-04-09 21:33:52,631][kfold_wrapper.log_eval_metrics] Accuracy(layer_3 - estimator_0 - 4_folds.train_3.predict)=89.55%
[ 2022-04-09 21:33:52,631][kfold_wrapper.log_eval_metrics] Accuracy(layer_3 - estimator_0 - 4_folds.train_cv.predict)=89.50%
[ 2022-04-09 21:36:00,387][kfold_wrapper.log_eval_metrics] Accuracy(layer_3 - estimator_1 - 4_folds.train_0.predict)=89.56%
[ 2022-04-09 21:38:08,100][kfold_wrapper.log_eval_metrics] Accuracy(layer_3 - estimator_1 - 4_folds.train_1.predict)=88.50%
[ 2022-04-09 21:40:15,640][kfold_wrapper.log_eval_metrics] Accuracy(layer_3 - estimator_1 - 4_folds.train_2.predict)=89.95%
[ 2022-04-09 21:42:22,912][kfold_wrapper.log_eval_metrics] Accuracy(layer_3 - estimator_1 - 4_folds.train_3.predict)=90.01%
[ 2022-04-09 21:42:22,912][kfold_wrapper.log_eval_metrics] Accuracy(layer_3 - estimator_1 - 4_folds.train_cv.predict)=89.50%
[ 2022-04-09 21:42:22,912][cascade_classifier.calc_accuracy] Accuracy(layer_3 - train.classifier_average)=89.45%
[ 2022-04-09 21:42:22,928][cascade_classifier.calc_auc] AUC(layer_3 - train.classifier_average)=0.97%
[ 2022-04-09 21:42:22,980][cascade_classifier.fit_transform] [layer=4] look_indexs=[0], X_cur_train.shape=(7965, 1654), X_cur_test.shape=(0, 1654)
[ 2022-04-09 21:44:09,855][kfold_wrapper.log_eval_metrics] Accuracy(layer_4 - estimator_0 - 4_folds.train_0.predict)=90.06%
[ 2022-04-09 21:45:56,268][kfold_wrapper.log_eval_metrics] Accuracy(layer_4 - estimator_0 - 4_folds.train_1.predict)=89.05%
[ 2022-04-09 21:47:43,008][kfold_wrapper.log_eval_metrics] Accuracy(layer_4 - estimator_0 - 4_folds.train_2.predict)=89.95%
[ 2022-04-09 21:49:29,735][kfold_wrapper.log_eval_metrics] Accuracy(layer_4 - estimator_0 - 4_folds.train_3.predict)=90.41%
[ 2022-04-09 21:49:29,735][kfold_wrapper.log_eval_metrics] Accuracy(layer_4 - estimator_0 - 4_folds.train_cv.predict)=89.87%
[ 2022-04-09 21:51:37,181][kfold_wrapper.log_eval_metrics] Accuracy(layer_4 - estimator_1 - 4_folds.train_0.predict)=90.46%
[ 2022-04-09 21:53:44,509][kfold_wrapper.log_eval_metrics] Accuracy(layer_4 - estimator_1 - 4_folds.train_1.predict)=89.80%
[ 2022-04-09 21:55:51,696][kfold_wrapper.log_eval_metrics] Accuracy(layer_4 - estimator_1 - 4_folds.train_2.predict)=89.65%
[ 2022-04-09 21:57:59,168][kfold_wrapper.log_eval_metrics] Accuracy(layer_4 - estimator_1 - 4_folds.train_3.predict)=88.85%
[ 2022-04-09 21:57:59,168][kfold_wrapper.log_eval_metrics] Accuracy(layer_4 - estimator_1 - 4_folds.train_cv.predict)=89.69%
[ 2022-04-09 21:57:59,168][cascade_classifier.calc_accuracy] Accuracy(layer_4 - train.classifier_average)=89.78%
[ 2022-04-09 21:57:59,168][cascade_classifier.calc_auc] AUC(layer_4 - train.classifier_average)=0.97%
[ 2022-04-09 21:57:59,231][cascade_classifier.fit_transform] [layer=5] look_indexs=[0], X_cur_train.shape=(7965, 1654), X_cur_test.shape=(0, 1654)
[ 2022-04-09 21:59:45,892][kfold_wrapper.log_eval_metrics] Accuracy(layer_5 - estimator_0 - 4_folds.train_0.predict)=89.51%
[ 2022-04-09 22:01:32,972][kfold_wrapper.log_eval_metrics] Accuracy(layer_5 - estimator_0 - 4_folds.train_1.predict)=90.41%
[ 2022-04-09 22:03:19,786][kfold_wrapper.log_eval_metrics] Accuracy(layer_5 - estimator_0 - 4_folds.train_2.predict)=89.05%
[ 2022-04-09 22:05:06,487][kfold_wrapper.log_eval_metrics] Accuracy(layer_5 - estimator_0 - 4_folds.train_3.predict)=90.56%
[ 2022-04-09 22:05:06,487][kfold_wrapper.log_eval_metrics] Accuracy(layer_5 - estimator_0 - 4_folds.train_cv.predict)=89.88%
[ 2022-04-09 22:07:13,829][kfold_wrapper.log_eval_metrics] Accuracy(layer_5 - estimator_1 - 4_folds.train_0.predict)=90.41%
[ 2022-04-09 22:09:21,220][kfold_wrapper.log_eval_metrics] Accuracy(layer_5 - estimator_1 - 4_folds.train_1.predict)=90.36%
[ 2022-04-09 22:11:28,578][kfold_wrapper.log_eval_metrics] Accuracy(layer_5 - estimator_1 - 4_folds.train_2.predict)=89.55%
[ 2022-04-09 22:13:35,662][kfold_wrapper.log_eval_metrics] Accuracy(layer_5 - estimator_1 - 4_folds.train_3.predict)=89.10%
[ 2022-04-09 22:13:35,662][kfold_wrapper.log_eval_metrics] Accuracy(layer_5 - estimator_1 - 4_folds.train_cv.predict)=89.86%
[ 2022-04-09 22:13:35,673][cascade_classifier.calc_accuracy] Accuracy(layer_5 - train.classifier_average)=89.89%
[ 2022-04-09 22:13:35,673][cascade_classifier.calc_auc] AUC(layer_5 - train.classifier_average)=0.97%
[ 2022-04-09 22:13:35,720][cascade_classifier.fit_transform] [layer=6] look_indexs=[0], X_cur_train.shape=(7965, 1654), X_cur_test.shape=(0, 1654)
[ 2022-04-09 22:15:22,265][kfold_wrapper.log_eval_metrics] Accuracy(layer_6 - estimator_0 - 4_folds.train_0.predict)=90.01%
[ 2022-04-09 22:17:08,692][kfold_wrapper.log_eval_metrics] Accuracy(layer_6 - estimator_0 - 4_folds.train_1.predict)=90.16%
[ 2022-04-09 22:18:55,083][kfold_wrapper.log_eval_metrics] Accuracy(layer_6 - estimator_0 - 4_folds.train_2.predict)=90.66%
[ 2022-04-09 22:20:41,766][kfold_wrapper.log_eval_metrics] Accuracy(layer_6 - estimator_0 - 4_folds.train_3.predict)=89.65%
[ 2022-04-09 22:20:41,766][kfold_wrapper.log_eval_metrics] Accuracy(layer_6 - estimator_0 - 4_folds.train_cv.predict)=90.12%
[ 2022-04-09 22:22:48,912][kfold_wrapper.log_eval_metrics] Accuracy(layer_6 - estimator_1 - 4_folds.train_0.predict)=90.56%
[ 2022-04-09 22:24:56,613][kfold_wrapper.log_eval_metrics] Accuracy(layer_6 - estimator_1 - 4_folds.train_1.predict)=89.25%
[ 2022-04-09 22:27:04,029][kfold_wrapper.log_eval_metrics] Accuracy(layer_6 - estimator_1 - 4_folds.train_2.predict)=89.65%
[ 2022-04-09 22:29:11,387][kfold_wrapper.log_eval_metrics] Accuracy(layer_6 - estimator_1 - 4_folds.train_3.predict)=90.71%
[ 2022-04-09 22:29:11,387][kfold_wrapper.log_eval_metrics] Accuracy(layer_6 - estimator_1 - 4_folds.train_cv.predict)=90.04%
[ 2022-04-09 22:29:11,387][cascade_classifier.calc_accuracy] Accuracy(layer_6 - train.classifier_average)=90.11%
[ 2022-04-09 22:29:11,387][cascade_classifier.calc_auc] AUC(layer_6 - train.classifier_average)=0.97%
[ 2022-04-09 22:29:11,450][cascade_classifier.fit_transform] [layer=7] look_indexs=[0], X_cur_train.shape=(7965, 1654), X_cur_test.shape=(0, 1654)
[ 2022-04-09 22:30:58,373][kfold_wrapper.log_eval_metrics] Accuracy(layer_7 - estimator_0 - 4_folds.train_0.predict)=89.96%
[ 2022-04-09 22:32:44,903][kfold_wrapper.log_eval_metrics] Accuracy(layer_7 - estimator_0 - 4_folds.train_1.predict)=90.36%
[ 2022-04-09 22:34:31,794][kfold_wrapper.log_eval_metrics] Accuracy(layer_7 - estimator_0 - 4_folds.train_2.predict)=89.85%
[ 2022-04-09 22:36:18,422][kfold_wrapper.log_eval_metrics] Accuracy(layer_7 - estimator_0 - 4_folds.train_3.predict)=90.71%
[ 2022-04-09 22:36:18,432][kfold_wrapper.log_eval_metrics] Accuracy(layer_7 - estimator_0 - 4_folds.train_cv.predict)=90.22%
[ 2022-04-09 22:38:25,890][kfold_wrapper.log_eval_metrics] Accuracy(layer_7 - estimator_1 - 4_folds.train_0.predict)=90.81%
[ 2022-04-09 22:40:33,265][kfold_wrapper.log_eval_metrics] Accuracy(layer_7 - estimator_1 - 4_folds.train_1.predict)=89.15%
[ 2022-04-09 22:42:40,662][kfold_wrapper.log_eval_metrics] Accuracy(layer_7 - estimator_1 - 4_folds.train_2.predict)=90.51%
[ 2022-04-09 22:44:48,040][kfold_wrapper.log_eval_metrics] Accuracy(layer_7 - estimator_1 - 4_folds.train_3.predict)=90.61%
[ 2022-04-09 22:44:48,044][kfold_wrapper.log_eval_metrics] Accuracy(layer_7 - estimator_1 - 4_folds.train_cv.predict)=90.27%
[ 2022-04-09 22:44:48,046][cascade_classifier.calc_accuracy] Accuracy(layer_7 - train.classifier_average)=90.30%
[ 2022-04-09 22:44:48,053][cascade_classifier.calc_auc] AUC(layer_7 - train.classifier_average)=0.97%
[ 2022-04-09 22:44:48,091][cascade_classifier.fit_transform] [layer=8] look_indexs=[0], X_cur_train.shape=(7965, 1654), X_cur_test.shape=(0, 1654)
[ 2022-04-09 22:46:34,917][kfold_wrapper.log_eval_metrics] Accuracy(layer_8 - estimator_0 - 4_folds.train_0.predict)=89.21%
[ 2022-04-09 22:48:21,604][kfold_wrapper.log_eval_metrics] Accuracy(layer_8 - estimator_0 - 4_folds.train_1.predict)=90.56%
[ 2022-04-09 22:50:08,495][kfold_wrapper.log_eval_metrics] Accuracy(layer_8 - estimator_0 - 4_folds.train_2.predict)=90.66%
[ 2022-04-09 22:51:55,080][kfold_wrapper.log_eval_metrics] Accuracy(layer_8 - estimator_0 - 4_folds.train_3.predict)=90.31%
[ 2022-04-09 22:51:55,080][kfold_wrapper.log_eval_metrics] Accuracy(layer_8 - estimator_0 - 4_folds.train_cv.predict)=90.18%
[ 2022-04-09 22:54:02,713][kfold_wrapper.log_eval_metrics] Accuracy(layer_8 - estimator_1 - 4_folds.train_0.predict)=92.02%
[ 2022-04-09 22:56:10,115][kfold_wrapper.log_eval_metrics] Accuracy(layer_8 - estimator_1 - 4_folds.train_1.predict)=90.01%
[ 2022-04-09 22:58:19,521][kfold_wrapper.log_eval_metrics] Accuracy(layer_8 - estimator_1 - 4_folds.train_2.predict)=89.40%
[ 2022-04-09 23:00:28,300][kfold_wrapper.log_eval_metrics] Accuracy(layer_8 - estimator_1 - 4_folds.train_3.predict)=89.90%
[ 2022-04-09 23:00:28,300][kfold_wrapper.log_eval_metrics] Accuracy(layer_8 - estimator_1 - 4_folds.train_cv.predict)=90.33%
[ 2022-04-09 23:00:28,300][cascade_classifier.calc_accuracy] Accuracy(layer_8 - train.classifier_average)=90.22%
[ 2022-04-09 23:00:28,300][cascade_classifier.calc_auc] AUC(layer_8 - train.classifier_average)=0.97%
[ 2022-04-09 23:00:28,347][cascade_classifier.fit_transform] [layer=9] look_indexs=[0], X_cur_train.shape=(7965, 1654), X_cur_test.shape=(0, 1654)
[ 2022-04-09 23:02:14,701][kfold_wrapper.log_eval_metrics] Accuracy(layer_9 - estimator_0 - 4_folds.train_0.predict)=89.46%
[ 2022-04-09 23:04:01,847][kfold_wrapper.log_eval_metrics] Accuracy(layer_9 - estimator_0 - 4_folds.train_1.predict)=90.91%
[ 2022-04-09 23:05:48,202][kfold_wrapper.log_eval_metrics] Accuracy(layer_9 - estimator_0 - 4_folds.train_2.predict)=90.01%
[ 2022-04-09 23:07:35,098][kfold_wrapper.log_eval_metrics] Accuracy(layer_9 - estimator_0 - 4_folds.train_3.predict)=90.46%
[ 2022-04-09 23:07:35,098][kfold_wrapper.log_eval_metrics] Accuracy(layer_9 - estimator_0 - 4_folds.train_cv.predict)=90.21%
[ 2022-04-09 23:09:43,224][kfold_wrapper.log_eval_metrics] Accuracy(layer_9 - estimator_1 - 4_folds.train_0.predict)=90.36%
[ 2022-04-09 23:11:53,150][kfold_wrapper.log_eval_metrics] Accuracy(layer_9 - estimator_1 - 4_folds.train_1.predict)=89.80%
[ 2022-04-09 23:14:01,228][kfold_wrapper.log_eval_metrics] Accuracy(layer_9 - estimator_1 - 4_folds.train_2.predict)=90.76%
[ 2022-04-09 23:16:09,405][kfold_wrapper.log_eval_metrics] Accuracy(layer_9 - estimator_1 - 4_folds.train_3.predict)=90.56%
[ 2022-04-09 23:16:09,405][kfold_wrapper.log_eval_metrics] Accuracy(layer_9 - estimator_1 - 4_folds.train_cv.predict)=90.37%
[ 2022-04-09 23:16:09,405][cascade_classifier.calc_accuracy] Accuracy(layer_9 - train.classifier_average)=90.38%
[ 2022-04-09 23:16:09,420][cascade_classifier.calc_auc] AUC(layer_9 - train.classifier_average)=0.97%
[ 2022-04-09 23:16:09,420][cascade_classifier.fit_transform] [Result][Reach Max Layer] opt_layer_num=10, accuracy_train=0.97%, accuracy_test=0.00%
[ 2022-04-09 23:16:09,436][cascade_classifier.transform] X_groups_test.shape=[(1991, 1650)]
[ 2022-04-09 23:16:09,451][cascade_classifier.transform] group_dims=[1650]
[ 2022-04-09 23:16:09,451][cascade_classifier.transform] X_test.shape=(1991, 1650)
[ 2022-04-09 23:16:09,467][cascade_classifier.transform] [layer=0] look_indexs=[0], X_cur_test.shape=(1991, 1650)
[ 2022-04-09 23:16:13,446][cascade_classifier.transform] [layer=1] look_indexs=[0], X_cur_test.shape=(1991, 1654)
[ 2022-04-09 23:16:17,329][cascade_classifier.transform] [layer=2] look_indexs=[0], X_cur_test.shape=(1991, 1654)
[ 2022-04-09 23:16:21,226][cascade_classifier.transform] [layer=3] look_indexs=[0], X_cur_test.shape=(1991, 1654)
[ 2022-04-09 23:16:25,138][cascade_classifier.transform] [layer=4] look_indexs=[0], X_cur_test.shape=(1991, 1654)
[ 2022-04-09 23:16:28,888][cascade_classifier.transform] [layer=5] look_indexs=[0], X_cur_test.shape=(1991, 1654)
[ 2022-04-09 23:16:32,671][cascade_classifier.transform] [layer=6] look_indexs=[0], X_cur_test.shape=(1991, 1654)
[ 2022-04-09 23:16:36,587][cascade_classifier.transform] [layer=7] look_indexs=[0], X_cur_test.shape=(1991, 1654)
[ 2022-04-09 23:16:40,504][cascade_classifier.transform] [layer=8] look_indexs=[0], X_cur_test.shape=(1991, 1654)
[ 2022-04-09 23:16:44,318][cascade_classifier.transform] [layer=9] look_indexs=[0], X_cur_test.shape=(1991, 1654)
[ 2022-04-09 23:16:48,213][cascade_classifier.transform] X_groups_test.shape=[(1991, 1650)]
[ 2022-04-09 23:16:48,213][cascade_classifier.transform] group_dims=[1650]
[ 2022-04-09 23:16:48,228][cascade_classifier.transform] X_test.shape=(1991, 1650)
[ 2022-04-09 23:16:48,228][cascade_classifier.transform] [layer=0] look_indexs=[0], X_cur_test.shape=(1991, 1650)
[ 2022-04-09 23:16:52,082][cascade_classifier.transform] [layer=1] look_indexs=[0], X_cur_test.shape=(1991, 1654)
[ 2022-04-09 23:16:55,872][cascade_classifier.transform] [layer=2] look_indexs=[0], X_cur_test.shape=(1991, 1654)
[ 2022-04-09 23:16:59,768][cascade_classifier.transform] [layer=3] look_indexs=[0], X_cur_test.shape=(1991, 1654)
[ 2022-04-09 23:17:03,584][cascade_classifier.transform] [layer=4] look_indexs=[0], X_cur_test.shape=(1991, 1654)
[ 2022-04-09 23:17:07,441][cascade_classifier.transform] [layer=5] look_indexs=[0], X_cur_test.shape=(1991, 1654)
[ 2022-04-09 23:17:11,246][cascade_classifier.transform] [layer=6] look_indexs=[0], X_cur_test.shape=(1991, 1654)
[ 2022-04-09 23:17:15,081][cascade_classifier.transform] [layer=7] look_indexs=[0], X_cur_test.shape=(1991, 1654)
[ 2022-04-09 23:17:18,894][cascade_classifier.transform] [layer=8] look_indexs=[0], X_cur_test.shape=(1991, 1654)
[ 2022-04-09 23:17:22,744][cascade_classifier.transform] [layer=9] look_indexs=[0], X_cur_test.shape=(1991, 1654)
[ 2022-04-09 23:17:27,266][cascade_classifier.fit_transform] X_groups_train.shape=[(7965, 1650)],y_train.shape=(7965,),X_groups_test.shape=no_test,y_test.shape=no_test
[ 2022-04-09 23:17:27,282][cascade_classifier.fit_transform] group_dims=[1650]
[ 2022-04-09 23:17:27,282][cascade_classifier.fit_transform] group_starts=[0]
[ 2022-04-09 23:17:27,282][cascade_classifier.fit_transform] group_ends=[1650]
[ 2022-04-09 23:17:27,297][cascade_classifier.fit_transform] X_train.shape=(7965, 1650),X_test.shape=(0, 1650)
[ 2022-04-09 23:17:27,313][cascade_classifier.fit_transform] [layer=0] look_indexs=[0], X_cur_train.shape=(7965, 1650), X_cur_test.shape=(0, 1650)
[ 2022-04-09 23:19:11,224][kfold_wrapper.log_eval_metrics] Accuracy(layer_0 - estimator_0 - 4_folds.train_0.predict)=85.94%
[ 2022-04-09 23:20:57,657][kfold_wrapper.log_eval_metrics] Accuracy(layer_0 - estimator_0 - 4_folds.train_1.predict)=85.33%
[ 2022-04-09 23:22:44,282][kfold_wrapper.log_eval_metrics] Accuracy(layer_0 - estimator_0 - 4_folds.train_2.predict)=87.14%
[ 2022-04-09 23:24:30,645][kfold_wrapper.log_eval_metrics] Accuracy(layer_0 - estimator_0 - 4_folds.train_3.predict)=86.94%
[ 2022-04-09 23:24:30,645][kfold_wrapper.log_eval_metrics] Accuracy(layer_0 - estimator_0 - 4_folds.train_cv.predict)=86.34%
[ 2022-04-09 23:26:37,867][kfold_wrapper.log_eval_metrics] Accuracy(layer_0 - estimator_1 - 4_folds.train_0.predict)=86.85%
[ 2022-04-09 23:28:45,143][kfold_wrapper.log_eval_metrics] Accuracy(layer_0 - estimator_1 - 4_folds.train_1.predict)=86.89%
[ 2022-04-09 23:30:52,782][kfold_wrapper.log_eval_metrics] Accuracy(layer_0 - estimator_1 - 4_folds.train_2.predict)=87.54%
[ 2022-04-09 23:33:01,854][kfold_wrapper.log_eval_metrics] Accuracy(layer_0 - estimator_1 - 4_folds.train_3.predict)=86.34%
[ 2022-04-09 23:33:01,854][kfold_wrapper.log_eval_metrics] Accuracy(layer_0 - estimator_1 - 4_folds.train_cv.predict)=86.91%
[ 2022-04-09 23:33:01,854][cascade_classifier.calc_accuracy] Accuracy(layer_0 - train.classifier_average)=86.68%
[ 2022-04-09 23:33:01,870][cascade_classifier.calc_auc] AUC(layer_0 - train.classifier_average)=0.95%
[ 2022-04-09 23:33:01,901][cascade_classifier.fit_transform] [layer=1] look_indexs=[0], X_cur_train.shape=(7965, 1654), X_cur_test.shape=(0, 1654)
[ 2022-04-09 23:34:50,886][kfold_wrapper.log_eval_metrics] Accuracy(layer_1 - estimator_0 - 4_folds.train_0.predict)=87.65%
[ 2022-04-09 23:36:38,180][kfold_wrapper.log_eval_metrics] Accuracy(layer_1 - estimator_0 - 4_folds.train_1.predict)=88.75%
[ 2022-04-09 23:38:25,038][kfold_wrapper.log_eval_metrics] Accuracy(layer_1 - estimator_0 - 4_folds.train_2.predict)=88.35%
[ 2022-04-09 23:40:11,979][kfold_wrapper.log_eval_metrics] Accuracy(layer_1 - estimator_0 - 4_folds.train_3.predict)=88.20%
[ 2022-04-09 23:40:11,979][kfold_wrapper.log_eval_metrics] Accuracy(layer_1 - estimator_0 - 4_folds.train_cv.predict)=88.24%
[ 2022-04-09 23:42:20,187][kfold_wrapper.log_eval_metrics] Accuracy(layer_1 - estimator_1 - 4_folds.train_0.predict)=86.85%
[ 2022-04-09 23:44:28,211][kfold_wrapper.log_eval_metrics] Accuracy(layer_1 - estimator_1 - 4_folds.train_1.predict)=88.55%
[ 2022-04-09 23:46:36,086][kfold_wrapper.log_eval_metrics] Accuracy(layer_1 - estimator_1 - 4_folds.train_2.predict)=89.65%
[ 2022-04-09 23:48:44,195][kfold_wrapper.log_eval_metrics] Accuracy(layer_1 - estimator_1 - 4_folds.train_3.predict)=88.05%
[ 2022-04-09 23:48:44,195][kfold_wrapper.log_eval_metrics] Accuracy(layer_1 - estimator_1 - 4_folds.train_cv.predict)=88.27%
[ 2022-04-09 23:48:44,195][cascade_classifier.calc_accuracy] Accuracy(layer_1 - train.classifier_average)=88.22%
[ 2022-04-09 23:48:44,217][cascade_classifier.calc_auc] AUC(layer_1 - train.classifier_average)=0.96%
[ 2022-04-09 23:48:44,258][cascade_classifier.fit_transform] [layer=2] look_indexs=[0], X_cur_train.shape=(7965, 1654), X_cur_test.shape=(0, 1654)
[ 2022-04-09 23:50:31,298][kfold_wrapper.log_eval_metrics] Accuracy(layer_2 - estimator_0 - 4_folds.train_0.predict)=89.61%
[ 2022-04-09 23:52:18,239][kfold_wrapper.log_eval_metrics] Accuracy(layer_2 - estimator_0 - 4_folds.train_1.predict)=89.80%
[ 2022-04-09 23:54:05,127][kfold_wrapper.log_eval_metrics] Accuracy(layer_2 - estimator_0 - 4_folds.train_2.predict)=89.30%
[ 2022-04-09 23:55:51,967][kfold_wrapper.log_eval_metrics] Accuracy(layer_2 - estimator_0 - 4_folds.train_3.predict)=89.85%
[ 2022-04-09 23:55:51,967][kfold_wrapper.log_eval_metrics] Accuracy(layer_2 - estimator_0 - 4_folds.train_cv.predict)=89.64%
[ 2022-04-09 23:57:59,759][kfold_wrapper.log_eval_metrics] Accuracy(layer_2 - estimator_1 - 4_folds.train_0.predict)=89.91%
[ 2022-04-10 00:00:07,361][kfold_wrapper.log_eval_metrics] Accuracy(layer_2 - estimator_1 - 4_folds.train_1.predict)=89.15%
[ 2022-04-10 00:02:15,129][kfold_wrapper.log_eval_metrics] Accuracy(layer_2 - estimator_1 - 4_folds.train_2.predict)=89.00%
[ 2022-04-10 00:04:23,293][kfold_wrapper.log_eval_metrics] Accuracy(layer_2 - estimator_1 - 4_folds.train_3.predict)=90.46%
[ 2022-04-10 00:04:23,293][kfold_wrapper.log_eval_metrics] Accuracy(layer_2 - estimator_1 - 4_folds.train_cv.predict)=89.63%
[ 2022-04-10 00:04:23,308][cascade_classifier.calc_accuracy] Accuracy(layer_2 - train.classifier_average)=89.63%
[ 2022-04-10 00:04:23,325][cascade_classifier.calc_auc] AUC(layer_2 - train.classifier_average)=0.97%
[ 2022-04-10 00:04:23,356][cascade_classifier.fit_transform] [layer=3] look_indexs=[0], X_cur_train.shape=(7965, 1654), X_cur_test.shape=(0, 1654)
[ 2022-04-10 00:06:10,250][kfold_wrapper.log_eval_metrics] Accuracy(layer_3 - estimator_0 - 4_folds.train_0.predict)=90.76%
[ 2022-04-10 00:07:57,013][kfold_wrapper.log_eval_metrics] Accuracy(layer_3 - estimator_0 - 4_folds.train_1.predict)=89.60%
[ 2022-04-10 00:09:43,899][kfold_wrapper.log_eval_metrics] Accuracy(layer_3 - estimator_0 - 4_folds.train_2.predict)=90.71%
[ 2022-04-10 00:11:30,800][kfold_wrapper.log_eval_metrics] Accuracy(layer_3 - estimator_0 - 4_folds.train_3.predict)=89.85%
[ 2022-04-10 00:11:30,803][kfold_wrapper.log_eval_metrics] Accuracy(layer_3 - estimator_0 - 4_folds.train_cv.predict)=90.23%
[ 2022-04-10 00:13:38,122][kfold_wrapper.log_eval_metrics] Accuracy(layer_3 - estimator_1 - 4_folds.train_0.predict)=89.71%
[ 2022-04-10 00:15:46,099][kfold_wrapper.log_eval_metrics] Accuracy(layer_3 - estimator_1 - 4_folds.train_1.predict)=90.21%
[ 2022-04-10 00:17:53,955][kfold_wrapper.log_eval_metrics] Accuracy(layer_3 - estimator_1 - 4_folds.train_2.predict)=90.56%
[ 2022-04-10 00:20:02,368][kfold_wrapper.log_eval_metrics] Accuracy(layer_3 - estimator_1 - 4_folds.train_3.predict)=90.66%
[ 2022-04-10 00:20:02,368][kfold_wrapper.log_eval_metrics] Accuracy(layer_3 - estimator_1 - 4_folds.train_cv.predict)=90.28%
[ 2022-04-10 00:20:02,368][cascade_classifier.calc_accuracy] Accuracy(layer_3 - train.classifier_average)=90.30%
[ 2022-04-10 00:20:02,383][cascade_classifier.calc_auc] AUC(layer_3 - train.classifier_average)=0.97%
[ 2022-04-10 00:20:02,415][cascade_classifier.fit_transform] [layer=4] look_indexs=[0], X_cur_train.shape=(7965, 1654), X_cur_test.shape=(0, 1654)
[ 2022-04-10 00:21:49,129][kfold_wrapper.log_eval_metrics] Accuracy(layer_4 - estimator_0 - 4_folds.train_0.predict)=90.61%
[ 2022-04-10 00:23:36,191][kfold_wrapper.log_eval_metrics] Accuracy(layer_4 - estimator_0 - 4_folds.train_1.predict)=89.95%
[ 2022-04-10 00:25:23,255][kfold_wrapper.log_eval_metrics] Accuracy(layer_4 - estimator_0 - 4_folds.train_2.predict)=90.01%
[ 2022-04-10 00:27:10,108][kfold_wrapper.log_eval_metrics] Accuracy(layer_4 - estimator_0 - 4_folds.train_3.predict)=91.11%
[ 2022-04-10 00:27:10,108][kfold_wrapper.log_eval_metrics] Accuracy(layer_4 - estimator_0 - 4_folds.train_cv.predict)=90.42%
[ 2022-04-10 00:29:17,880][kfold_wrapper.log_eval_metrics] Accuracy(layer_4 - estimator_1 - 4_folds.train_0.predict)=90.31%
[ 2022-04-10 00:31:25,843][kfold_wrapper.log_eval_metrics] Accuracy(layer_4 - estimator_1 - 4_folds.train_1.predict)=90.16%
[ 2022-04-10 00:33:33,996][kfold_wrapper.log_eval_metrics] Accuracy(layer_4 - estimator_1 - 4_folds.train_2.predict)=90.76%
[ 2022-04-10 00:35:41,967][kfold_wrapper.log_eval_metrics] Accuracy(layer_4 - estimator_1 - 4_folds.train_3.predict)=90.36%
[ 2022-04-10 00:35:41,967][kfold_wrapper.log_eval_metrics] Accuracy(layer_4 - estimator_1 - 4_folds.train_cv.predict)=90.40%
[ 2022-04-10 00:35:41,983][cascade_classifier.calc_accuracy] Accuracy(layer_4 - train.classifier_average)=90.40%
[ 2022-04-10 00:35:41,983][cascade_classifier.calc_auc] AUC(layer_4 - train.classifier_average)=0.97%
[ 2022-04-10 00:35:42,030][cascade_classifier.fit_transform] [layer=5] look_indexs=[0], X_cur_train.shape=(7965, 1654), X_cur_test.shape=(0, 1654)
[ 2022-04-10 00:37:28,897][kfold_wrapper.log_eval_metrics] Accuracy(layer_5 - estimator_0 - 4_folds.train_0.predict)=90.66%
[ 2022-04-10 00:39:16,155][kfold_wrapper.log_eval_metrics] Accuracy(layer_5 - estimator_0 - 4_folds.train_1.predict)=90.91%
[ 2022-04-10 00:41:03,153][kfold_wrapper.log_eval_metrics] Accuracy(layer_5 - estimator_0 - 4_folds.train_2.predict)=91.41%
[ 2022-04-10 00:42:49,826][kfold_wrapper.log_eval_metrics] Accuracy(layer_5 - estimator_0 - 4_folds.train_3.predict)=88.70%
[ 2022-04-10 00:42:49,826][kfold_wrapper.log_eval_metrics] Accuracy(layer_5 - estimator_0 - 4_folds.train_cv.predict)=90.42%
[ 2022-04-10 00:44:57,506][kfold_wrapper.log_eval_metrics] Accuracy(layer_5 - estimator_1 - 4_folds.train_0.predict)=90.21%
[ 2022-04-10 00:47:05,526][kfold_wrapper.log_eval_metrics] Accuracy(layer_5 - estimator_1 - 4_folds.train_1.predict)=91.01%
[ 2022-04-10 00:49:13,552][kfold_wrapper.log_eval_metrics] Accuracy(layer_5 - estimator_1 - 4_folds.train_2.predict)=89.85%
[ 2022-04-10 00:51:21,405][kfold_wrapper.log_eval_metrics] Accuracy(layer_5 - estimator_1 - 4_folds.train_3.predict)=90.86%
[ 2022-04-10 00:51:21,405][kfold_wrapper.log_eval_metrics] Accuracy(layer_5 - estimator_1 - 4_folds.train_cv.predict)=90.48%
[ 2022-04-10 00:51:21,405][cascade_classifier.calc_accuracy] Accuracy(layer_5 - train.classifier_average)=90.43%
[ 2022-04-10 00:51:21,405][cascade_classifier.calc_auc] AUC(layer_5 - train.classifier_average)=0.97%
[ 2022-04-10 00:51:21,452][cascade_classifier.fit_transform] [layer=6] look_indexs=[0], X_cur_train.shape=(7965, 1654), X_cur_test.shape=(0, 1654)
[ 2022-04-10 00:53:08,359][kfold_wrapper.log_eval_metrics] Accuracy(layer_6 - estimator_0 - 4_folds.train_0.predict)=91.01%
[ 2022-04-10 00:54:54,886][kfold_wrapper.log_eval_metrics] Accuracy(layer_6 - estimator_0 - 4_folds.train_1.predict)=89.60%
[ 2022-04-10 00:56:41,667][kfold_wrapper.log_eval_metrics] Accuracy(layer_6 - estimator_0 - 4_folds.train_2.predict)=90.96%
[ 2022-04-10 00:58:28,355][kfold_wrapper.log_eval_metrics] Accuracy(layer_6 - estimator_0 - 4_folds.train_3.predict)=90.36%
[ 2022-04-10 00:58:28,355][kfold_wrapper.log_eval_metrics] Accuracy(layer_6 - estimator_0 - 4_folds.train_cv.predict)=90.48%
[ 2022-04-10 01:00:35,613][kfold_wrapper.log_eval_metrics] Accuracy(layer_6 - estimator_1 - 4_folds.train_0.predict)=90.76%
[ 2022-04-10 01:02:43,056][kfold_wrapper.log_eval_metrics] Accuracy(layer_6 - estimator_1 - 4_folds.train_1.predict)=90.21%
[ 2022-04-10 01:04:50,823][kfold_wrapper.log_eval_metrics] Accuracy(layer_6 - estimator_1 - 4_folds.train_2.predict)=90.21%
[ 2022-04-10 01:06:58,275][kfold_wrapper.log_eval_metrics] Accuracy(layer_6 - estimator_1 - 4_folds.train_3.predict)=90.81%
[ 2022-04-10 01:06:58,275][kfold_wrapper.log_eval_metrics] Accuracy(layer_6 - estimator_1 - 4_folds.train_cv.predict)=90.50%
[ 2022-04-10 01:06:58,275][cascade_classifier.calc_accuracy] Accuracy(layer_6 - train.classifier_average)=90.53%
[ 2022-04-10 01:06:58,293][cascade_classifier.calc_auc] AUC(layer_6 - train.classifier_average)=0.97%
[ 2022-04-10 01:06:58,323][cascade_classifier.fit_transform] [layer=7] look_indexs=[0], X_cur_train.shape=(7965, 1654), X_cur_test.shape=(0, 1654)
[ 2022-04-10 01:08:44,968][kfold_wrapper.log_eval_metrics] Accuracy(layer_7 - estimator_0 - 4_folds.train_0.predict)=91.01%
[ 2022-04-10 01:10:31,535][kfold_wrapper.log_eval_metrics] Accuracy(layer_7 - estimator_0 - 4_folds.train_1.predict)=89.95%
[ 2022-04-10 01:12:18,028][kfold_wrapper.log_eval_metrics] Accuracy(layer_7 - estimator_0 - 4_folds.train_2.predict)=91.26%
[ 2022-04-10 01:14:04,531][kfold_wrapper.log_eval_metrics] Accuracy(layer_7 - estimator_0 - 4_folds.train_3.predict)=90.21%
[ 2022-04-10 01:14:04,531][kfold_wrapper.log_eval_metrics] Accuracy(layer_7 - estimator_0 - 4_folds.train_cv.predict)=90.61%
[ 2022-04-10 01:16:12,351][kfold_wrapper.log_eval_metrics] Accuracy(layer_7 - estimator_1 - 4_folds.train_0.predict)=90.66%
[ 2022-04-10 01:18:23,224][kfold_wrapper.log_eval_metrics] Accuracy(layer_7 - estimator_1 - 4_folds.train_1.predict)=91.21%
[ 2022-04-10 01:20:31,997][kfold_wrapper.log_eval_metrics] Accuracy(layer_7 - estimator_1 - 4_folds.train_2.predict)=90.31%
[ 2022-04-10 01:22:39,680][kfold_wrapper.log_eval_metrics] Accuracy(layer_7 - estimator_1 - 4_folds.train_3.predict)=90.21%
[ 2022-04-10 01:22:39,684][kfold_wrapper.log_eval_metrics] Accuracy(layer_7 - estimator_1 - 4_folds.train_cv.predict)=90.60%
[ 2022-04-10 01:22:39,687][cascade_classifier.calc_accuracy] Accuracy(layer_7 - train.classifier_average)=90.67%
[ 2022-04-10 01:22:39,695][cascade_classifier.calc_auc] AUC(layer_7 - train.classifier_average)=0.97%
[ 2022-04-10 01:22:39,738][cascade_classifier.fit_transform] [layer=8] look_indexs=[0], X_cur_train.shape=(7965, 1654), X_cur_test.shape=(0, 1654)
[ 2022-04-10 01:24:26,838][kfold_wrapper.log_eval_metrics] Accuracy(layer_8 - estimator_0 - 4_folds.train_0.predict)=90.51%
[ 2022-04-10 01:26:13,645][kfold_wrapper.log_eval_metrics] Accuracy(layer_8 - estimator_0 - 4_folds.train_1.predict)=90.86%
[ 2022-04-10 01:28:00,349][kfold_wrapper.log_eval_metrics] Accuracy(layer_8 - estimator_0 - 4_folds.train_2.predict)=91.11%
[ 2022-04-10 01:29:47,412][kfold_wrapper.log_eval_metrics] Accuracy(layer_8 - estimator_0 - 4_folds.train_3.predict)=89.90%
[ 2022-04-10 01:29:47,412][kfold_wrapper.log_eval_metrics] Accuracy(layer_8 - estimator_0 - 4_folds.train_cv.predict)=90.60%
[ 2022-04-10 01:31:55,466][kfold_wrapper.log_eval_metrics] Accuracy(layer_8 - estimator_1 - 4_folds.train_0.predict)=91.42%
[ 2022-04-10 01:34:03,732][kfold_wrapper.log_eval_metrics] Accuracy(layer_8 - estimator_1 - 4_folds.train_1.predict)=89.30%
[ 2022-04-10 01:36:11,933][kfold_wrapper.log_eval_metrics] Accuracy(layer_8 - estimator_1 - 4_folds.train_2.predict)=90.61%
[ 2022-04-10 01:38:19,941][kfold_wrapper.log_eval_metrics] Accuracy(layer_8 - estimator_1 - 4_folds.train_3.predict)=91.31%
[ 2022-04-10 01:38:19,941][kfold_wrapper.log_eval_metrics] Accuracy(layer_8 - estimator_1 - 4_folds.train_cv.predict)=90.66%
[ 2022-04-10 01:38:19,941][cascade_classifier.calc_accuracy] Accuracy(layer_8 - train.classifier_average)=90.70%
[ 2022-04-10 01:38:19,956][cascade_classifier.calc_auc] AUC(layer_8 - train.classifier_average)=0.97%
[ 2022-04-10 01:38:19,988][cascade_classifier.fit_transform] [layer=9] look_indexs=[0], X_cur_train.shape=(7965, 1654), X_cur_test.shape=(0, 1654)
[ 2022-04-10 01:40:06,938][kfold_wrapper.log_eval_metrics] Accuracy(layer_9 - estimator_0 - 4_folds.train_0.predict)=90.81%
[ 2022-04-10 01:41:53,694][kfold_wrapper.log_eval_metrics] Accuracy(layer_9 - estimator_0 - 4_folds.train_1.predict)=91.21%
[ 2022-04-10 01:43:40,741][kfold_wrapper.log_eval_metrics] Accuracy(layer_9 - estimator_0 - 4_folds.train_2.predict)=89.60%
[ 2022-04-10 01:45:27,954][kfold_wrapper.log_eval_metrics] Accuracy(layer_9 - estimator_0 - 4_folds.train_3.predict)=91.31%
[ 2022-04-10 01:45:27,954][kfold_wrapper.log_eval_metrics] Accuracy(layer_9 - estimator_0 - 4_folds.train_cv.predict)=90.73%
[ 2022-04-10 01:47:35,905][kfold_wrapper.log_eval_metrics] Accuracy(layer_9 - estimator_1 - 4_folds.train_0.predict)=90.76%
[ 2022-04-10 01:49:43,992][kfold_wrapper.log_eval_metrics] Accuracy(layer_9 - estimator_1 - 4_folds.train_1.predict)=90.11%
[ 2022-04-10 01:51:52,285][kfold_wrapper.log_eval_metrics] Accuracy(layer_9 - estimator_1 - 4_folds.train_2.predict)=90.86%
[ 2022-04-10 01:54:00,587][kfold_wrapper.log_eval_metrics] Accuracy(layer_9 - estimator_1 - 4_folds.train_3.predict)=90.46%
[ 2022-04-10 01:54:00,587][kfold_wrapper.log_eval_metrics] Accuracy(layer_9 - estimator_1 - 4_folds.train_cv.predict)=90.55%
[ 2022-04-10 01:54:00,587][cascade_classifier.calc_accuracy] Accuracy(layer_9 - train.classifier_average)=90.67%
[ 2022-04-10 01:54:00,603][cascade_classifier.calc_auc] AUC(layer_9 - train.classifier_average)=0.97%
[ 2022-04-10 01:54:00,603][cascade_classifier.fit_transform] [Result][Reach Max Layer] opt_layer_num=7, accuracy_train=0.97%, accuracy_test=0.00%
[ 2022-04-10 01:54:00,618][cascade_classifier.transform] X_groups_test.shape=[(1991, 1650)]
[ 2022-04-10 01:54:00,618][cascade_classifier.transform] group_dims=[1650]
[ 2022-04-10 01:54:00,618][cascade_classifier.transform] X_test.shape=(1991, 1650)
[ 2022-04-10 01:54:00,636][cascade_classifier.transform] [layer=0] look_indexs=[0], X_cur_test.shape=(1991, 1650)
[ 2022-04-10 01:54:04,504][cascade_classifier.transform] [layer=1] look_indexs=[0], X_cur_test.shape=(1991, 1654)
[ 2022-04-10 01:54:08,436][cascade_classifier.transform] [layer=2] look_indexs=[0], X_cur_test.shape=(1991, 1654)
[ 2022-04-10 01:54:12,379][cascade_classifier.transform] [layer=3] look_indexs=[0], X_cur_test.shape=(1991, 1654)
[ 2022-04-10 01:54:16,344][cascade_classifier.transform] [layer=4] look_indexs=[0], X_cur_test.shape=(1991, 1654)
[ 2022-04-10 01:54:20,271][cascade_classifier.transform] [layer=5] look_indexs=[0], X_cur_test.shape=(1991, 1654)
[ 2022-04-10 01:54:24,149][cascade_classifier.transform] [layer=6] look_indexs=[0], X_cur_test.shape=(1991, 1654)
[ 2022-04-10 01:54:27,967][cascade_classifier.transform] [layer=7] look_indexs=[0], X_cur_test.shape=(1991, 1654)
[ 2022-04-10 01:54:31,830][cascade_classifier.transform] [layer=8] look_indexs=[0], X_cur_test.shape=(1991, 1654)
[ 2022-04-10 01:54:35,658][cascade_classifier.transform] [layer=9] look_indexs=[0], X_cur_test.shape=(1991, 1654)
[ 2022-04-10 01:54:39,490][cascade_classifier.transform] X_groups_test.shape=[(1991, 1650)]
[ 2022-04-10 01:54:39,506][cascade_classifier.transform] group_dims=[1650]
[ 2022-04-10 01:54:39,506][cascade_classifier.transform] X_test.shape=(1991, 1650)
[ 2022-04-10 01:54:39,506][cascade_classifier.transform] [layer=0] look_indexs=[0], X_cur_test.shape=(1991, 1650)
[ 2022-04-10 01:54:43,292][cascade_classifier.transform] [layer=1] look_indexs=[0], X_cur_test.shape=(1991, 1654)
[ 2022-04-10 01:54:47,201][cascade_classifier.transform] [layer=2] look_indexs=[0], X_cur_test.shape=(1991, 1654)
[ 2022-04-10 01:54:51,073][cascade_classifier.transform] [layer=3] look_indexs=[0], X_cur_test.shape=(1991, 1654)
[ 2022-04-10 01:54:54,925][cascade_classifier.transform] [layer=4] look_indexs=[0], X_cur_test.shape=(1991, 1654)
[ 2022-04-10 01:54:58,776][cascade_classifier.transform] [layer=5] look_indexs=[0], X_cur_test.shape=(1991, 1654)
[ 2022-04-10 01:55:02,630][cascade_classifier.transform] [layer=6] look_indexs=[0], X_cur_test.shape=(1991, 1654)
[ 2022-04-10 01:55:06,446][cascade_classifier.transform] [layer=7] look_indexs=[0], X_cur_test.shape=(1991, 1654)
[ 2022-04-10 01:55:10,312][cascade_classifier.transform] [layer=8] look_indexs=[0], X_cur_test.shape=(1991, 1654)
[ 2022-04-10 01:55:14,165][cascade_classifier.transform] [layer=9] look_indexs=[0], X_cur_test.shape=(1991, 1654)
[ 2022-04-10 01:55:18,302][cascade_classifier.fit_transform] X_groups_train.shape=[(7965, 1650)],y_train.shape=(7965,),X_groups_test.shape=no_test,y_test.shape=no_test
[ 2022-04-10 01:55:18,317][cascade_classifier.fit_transform] group_dims=[1650]
[ 2022-04-10 01:55:18,333][cascade_classifier.fit_transform] group_starts=[0]
[ 2022-04-10 01:55:18,333][cascade_classifier.fit_transform] group_ends=[1650]
[ 2022-04-10 01:55:18,333][cascade_classifier.fit_transform] X_train.shape=(7965, 1650),X_test.shape=(0, 1650)
[ 2022-04-10 01:55:18,348][cascade_classifier.fit_transform] [layer=0] look_indexs=[0], X_cur_train.shape=(7965, 1650), X_cur_test.shape=(0, 1650)
[ 2022-04-10 01:57:01,710][kfold_wrapper.log_eval_metrics] Accuracy(layer_0 - estimator_0 - 4_folds.train_0.predict)=86.50%
[ 2022-04-10 01:58:49,925][kfold_wrapper.log_eval_metrics] Accuracy(layer_0 - estimator_0 - 4_folds.train_1.predict)=86.44%
[ 2022-04-10 02:00:37,558][kfold_wrapper.log_eval_metrics] Accuracy(layer_0 - estimator_0 - 4_folds.train_2.predict)=86.29%
[ 2022-04-10 02:02:24,141][kfold_wrapper.log_eval_metrics] Accuracy(layer_0 - estimator_0 - 4_folds.train_3.predict)=86.44%
[ 2022-04-10 02:02:24,157][kfold_wrapper.log_eval_metrics] Accuracy(layer_0 - estimator_0 - 4_folds.train_cv.predict)=86.42%
[ 2022-04-10 02:04:31,821][kfold_wrapper.log_eval_metrics] Accuracy(layer_0 - estimator_1 - 4_folds.train_0.predict)=87.40%
[ 2022-04-10 02:06:39,235][kfold_wrapper.log_eval_metrics] Accuracy(layer_0 - estimator_1 - 4_folds.train_1.predict)=85.79%
[ 2022-04-10 02:08:46,472][kfold_wrapper.log_eval_metrics] Accuracy(layer_0 - estimator_1 - 4_folds.train_2.predict)=87.64%
[ 2022-04-10 02:10:53,745][kfold_wrapper.log_eval_metrics] Accuracy(layer_0 - estimator_1 - 4_folds.train_3.predict)=86.14%
[ 2022-04-10 02:10:53,761][kfold_wrapper.log_eval_metrics] Accuracy(layer_0 - estimator_1 - 4_folds.train_cv.predict)=86.74%
[ 2022-04-10 02:10:53,761][cascade_classifier.calc_accuracy] Accuracy(layer_0 - train.classifier_average)=86.58%
[ 2022-04-10 02:10:53,761][cascade_classifier.calc_auc] AUC(layer_0 - train.classifier_average)=0.95%
[ 2022-04-10 02:10:53,810][cascade_classifier.fit_transform] [layer=1] look_indexs=[0], X_cur_train.shape=(7965, 1654), X_cur_test.shape=(0, 1654)
[ 2022-04-10 02:12:40,668][kfold_wrapper.log_eval_metrics] Accuracy(layer_1 - estimator_0 - 4_folds.train_0.predict)=88.05%
[ 2022-04-10 02:14:27,503][kfold_wrapper.log_eval_metrics] Accuracy(layer_1 - estimator_0 - 4_folds.train_1.predict)=88.05%
[ 2022-04-10 02:16:14,425][kfold_wrapper.log_eval_metrics] Accuracy(layer_1 - estimator_0 - 4_folds.train_2.predict)=87.34%
[ 2022-04-10 02:18:01,358][kfold_wrapper.log_eval_metrics] Accuracy(layer_1 - estimator_0 - 4_folds.train_3.predict)=88.85%
[ 2022-04-10 02:18:01,358][kfold_wrapper.log_eval_metrics] Accuracy(layer_1 - estimator_0 - 4_folds.train_cv.predict)=88.07%
[ 2022-04-10 02:20:09,635][kfold_wrapper.log_eval_metrics] Accuracy(layer_1 - estimator_1 - 4_folds.train_0.predict)=87.20%
[ 2022-04-10 02:22:17,687][kfold_wrapper.log_eval_metrics] Accuracy(layer_1 - estimator_1 - 4_folds.train_1.predict)=88.00%
[ 2022-04-10 02:24:25,693][kfold_wrapper.log_eval_metrics] Accuracy(layer_1 - estimator_1 - 4_folds.train_2.predict)=89.70%
[ 2022-04-10 02:26:33,695][kfold_wrapper.log_eval_metrics] Accuracy(layer_1 - estimator_1 - 4_folds.train_3.predict)=87.09%
[ 2022-04-10 02:26:33,695][kfold_wrapper.log_eval_metrics] Accuracy(layer_1 - estimator_1 - 4_folds.train_cv.predict)=88.00%
[ 2022-04-10 02:26:33,695][cascade_classifier.calc_accuracy] Accuracy(layer_1 - train.classifier_average)=88.02%
[ 2022-04-10 02:26:33,709][cascade_classifier.calc_auc] AUC(layer_1 - train.classifier_average)=0.96%
[ 2022-04-10 02:26:33,758][cascade_classifier.fit_transform] [layer=2] look_indexs=[0], X_cur_train.shape=(7965, 1654), X_cur_test.shape=(0, 1654)
[ 2022-04-10 02:28:20,784][kfold_wrapper.log_eval_metrics] Accuracy(layer_2 - estimator_0 - 4_folds.train_0.predict)=89.61%
[ 2022-04-10 02:30:08,048][kfold_wrapper.log_eval_metrics] Accuracy(layer_2 - estimator_0 - 4_folds.train_1.predict)=89.90%
[ 2022-04-10 02:31:54,974][kfold_wrapper.log_eval_metrics] Accuracy(layer_2 - estimator_0 - 4_folds.train_2.predict)=87.44%
[ 2022-04-10 02:33:42,386][kfold_wrapper.log_eval_metrics] Accuracy(layer_2 - estimator_0 - 4_folds.train_3.predict)=89.60%
[ 2022-04-10 02:33:42,401][kfold_wrapper.log_eval_metrics] Accuracy(layer_2 - estimator_0 - 4_folds.train_cv.predict)=89.14%
[ 2022-04-10 02:35:50,394][kfold_wrapper.log_eval_metrics] Accuracy(layer_2 - estimator_1 - 4_folds.train_0.predict)=89.51%
[ 2022-04-10 02:37:58,473][kfold_wrapper.log_eval_metrics] Accuracy(layer_2 - estimator_1 - 4_folds.train_1.predict)=88.20%
[ 2022-04-10 02:40:06,742][kfold_wrapper.log_eval_metrics] Accuracy(layer_2 - estimator_1 - 4_folds.train_2.predict)=89.30%
[ 2022-04-10 02:42:14,506][kfold_wrapper.log_eval_metrics] Accuracy(layer_2 - estimator_1 - 4_folds.train_3.predict)=90.11%
[ 2022-04-10 02:42:14,506][kfold_wrapper.log_eval_metrics] Accuracy(layer_2 - estimator_1 - 4_folds.train_cv.predict)=89.28%
[ 2022-04-10 02:42:14,506][cascade_classifier.calc_accuracy] Accuracy(layer_2 - train.classifier_average)=89.23%
[ 2022-04-10 02:42:14,521][cascade_classifier.calc_auc] AUC(layer_2 - train.classifier_average)=0.96%
[ 2022-04-10 02:42:14,552][cascade_classifier.fit_transform] [layer=3] look_indexs=[0], X_cur_train.shape=(7965, 1654), X_cur_test.shape=(0, 1654)
[ 2022-04-10 02:44:01,353][kfold_wrapper.log_eval_metrics] Accuracy(layer_3 - estimator_0 - 4_folds.train_0.predict)=90.36%
[ 2022-04-10 02:45:48,390][kfold_wrapper.log_eval_metrics] Accuracy(layer_3 - estimator_0 - 4_folds.train_1.predict)=90.66%
[ 2022-04-10 02:47:35,250][kfold_wrapper.log_eval_metrics] Accuracy(layer_3 - estimator_0 - 4_folds.train_2.predict)=89.85%
[ 2022-04-10 02:49:22,401][kfold_wrapper.log_eval_metrics] Accuracy(layer_3 - estimator_0 - 4_folds.train_3.predict)=88.70%
[ 2022-04-10 02:49:22,403][kfold_wrapper.log_eval_metrics] Accuracy(layer_3 - estimator_0 - 4_folds.train_cv.predict)=89.89%
[ 2022-04-10 02:51:30,371][kfold_wrapper.log_eval_metrics] Accuracy(layer_3 - estimator_1 - 4_folds.train_0.predict)=89.61%
[ 2022-04-10 02:53:38,365][kfold_wrapper.log_eval_metrics] Accuracy(layer_3 - estimator_1 - 4_folds.train_1.predict)=90.71%
[ 2022-04-10 02:55:46,206][kfold_wrapper.log_eval_metrics] Accuracy(layer_3 - estimator_1 - 4_folds.train_2.predict)=89.80%
[ 2022-04-10 02:57:53,922][kfold_wrapper.log_eval_metrics] Accuracy(layer_3 - estimator_1 - 4_folds.train_3.predict)=89.50%
[ 2022-04-10 02:57:53,922][kfold_wrapper.log_eval_metrics] Accuracy(layer_3 - estimator_1 - 4_folds.train_cv.predict)=89.91%
[ 2022-04-10 02:57:53,922][cascade_classifier.calc_accuracy] Accuracy(layer_3 - train.classifier_average)=89.82%
[ 2022-04-10 02:57:53,938][cascade_classifier.calc_auc] AUC(layer_3 - train.classifier_average)=0.97%
[ 2022-04-10 02:57:53,969][cascade_classifier.fit_transform] [layer=4] look_indexs=[0], X_cur_train.shape=(7965, 1654), X_cur_test.shape=(0, 1654)
[ 2022-04-10 02:59:40,977][kfold_wrapper.log_eval_metrics] Accuracy(layer_4 - estimator_0 - 4_folds.train_0.predict)=89.76%
[ 2022-04-10 03:01:27,911][kfold_wrapper.log_eval_metrics] Accuracy(layer_4 - estimator_0 - 4_folds.train_1.predict)=90.01%
[ 2022-04-10 03:03:14,911][kfold_wrapper.log_eval_metrics] Accuracy(layer_4 - estimator_0 - 4_folds.train_2.predict)=89.80%
[ 2022-04-10 03:05:02,061][kfold_wrapper.log_eval_metrics] Accuracy(layer_4 - estimator_0 - 4_folds.train_3.predict)=90.36%
[ 2022-04-10 03:05:02,061][kfold_wrapper.log_eval_metrics] Accuracy(layer_4 - estimator_0 - 4_folds.train_cv.predict)=89.98%
[ 2022-04-10 03:07:10,863][kfold_wrapper.log_eval_metrics] Accuracy(layer_4 - estimator_1 - 4_folds.train_0.predict)=89.21%
[ 2022-04-10 03:09:18,795][kfold_wrapper.log_eval_metrics] Accuracy(layer_4 - estimator_1 - 4_folds.train_1.predict)=90.86%
[ 2022-04-10 03:11:26,323][kfold_wrapper.log_eval_metrics] Accuracy(layer_4 - estimator_1 - 4_folds.train_2.predict)=89.80%
[ 2022-04-10 03:13:33,954][kfold_wrapper.log_eval_metrics] Accuracy(layer_4 - estimator_1 - 4_folds.train_3.predict)=90.21%
[ 2022-04-10 03:13:33,965][kfold_wrapper.log_eval_metrics] Accuracy(layer_4 - estimator_1 - 4_folds.train_cv.predict)=90.02%
[ 2022-04-10 03:13:33,968][cascade_classifier.calc_accuracy] Accuracy(layer_4 - train.classifier_average)=90.03%
[ 2022-04-10 03:13:33,978][cascade_classifier.calc_auc] AUC(layer_4 - train.classifier_average)=0.97%
[ 2022-04-10 03:13:34,015][cascade_classifier.fit_transform] [layer=5] look_indexs=[0], X_cur_train.shape=(7965, 1654), X_cur_test.shape=(0, 1654)
[ 2022-04-10 03:15:21,250][kfold_wrapper.log_eval_metrics] Accuracy(layer_5 - estimator_0 - 4_folds.train_0.predict)=90.71%
[ 2022-04-10 03:17:08,121][kfold_wrapper.log_eval_metrics] Accuracy(layer_5 - estimator_0 - 4_folds.train_1.predict)=89.90%
[ 2022-04-10 03:18:55,191][kfold_wrapper.log_eval_metrics] Accuracy(layer_5 - estimator_0 - 4_folds.train_2.predict)=89.45%
[ 2022-04-10 03:20:42,102][kfold_wrapper.log_eval_metrics] Accuracy(layer_5 - estimator_0 - 4_folds.train_3.predict)=90.51%
[ 2022-04-10 03:20:42,102][kfold_wrapper.log_eval_metrics] Accuracy(layer_5 - estimator_0 - 4_folds.train_cv.predict)=90.14%
[ 2022-04-10 03:22:50,524][kfold_wrapper.log_eval_metrics] Accuracy(layer_5 - estimator_1 - 4_folds.train_0.predict)=89.96%
[ 2022-04-10 03:24:58,177][kfold_wrapper.log_eval_metrics] Accuracy(layer_5 - estimator_1 - 4_folds.train_1.predict)=89.50%
[ 2022-04-10 03:27:05,826][kfold_wrapper.log_eval_metrics] Accuracy(layer_5 - estimator_1 - 4_folds.train_2.predict)=90.21%
[ 2022-04-10 03:29:13,481][kfold_wrapper.log_eval_metrics] Accuracy(layer_5 - estimator_1 - 4_folds.train_3.predict)=90.46%
[ 2022-04-10 03:29:13,481][kfold_wrapper.log_eval_metrics] Accuracy(layer_5 - estimator_1 - 4_folds.train_cv.predict)=90.03%
[ 2022-04-10 03:29:13,497][cascade_classifier.calc_accuracy] Accuracy(layer_5 - train.classifier_average)=90.07%
[ 2022-04-10 03:29:13,497][cascade_classifier.calc_auc] AUC(layer_5 - train.classifier_average)=0.97%
[ 2022-04-10 03:29:13,544][cascade_classifier.fit_transform] [layer=6] look_indexs=[0], X_cur_train.shape=(7965, 1654), X_cur_test.shape=(0, 1654)
[ 2022-04-10 03:31:00,300][kfold_wrapper.log_eval_metrics] Accuracy(layer_6 - estimator_0 - 4_folds.train_0.predict)=90.36%
[ 2022-04-10 03:32:46,957][kfold_wrapper.log_eval_metrics] Accuracy(layer_6 - estimator_0 - 4_folds.train_1.predict)=90.46%
[ 2022-04-10 03:34:34,063][kfold_wrapper.log_eval_metrics] Accuracy(layer_6 - estimator_0 - 4_folds.train_2.predict)=90.46%
[ 2022-04-10 03:36:21,447][kfold_wrapper.log_eval_metrics] Accuracy(layer_6 - estimator_0 - 4_folds.train_3.predict)=89.50%
[ 2022-04-10 03:36:21,447][kfold_wrapper.log_eval_metrics] Accuracy(layer_6 - estimator_0 - 4_folds.train_cv.predict)=90.19%
[ 2022-04-10 03:38:28,985][kfold_wrapper.log_eval_metrics] Accuracy(layer_6 - estimator_1 - 4_folds.train_0.predict)=89.66%
[ 2022-04-10 03:40:36,442][kfold_wrapper.log_eval_metrics] Accuracy(layer_6 - estimator_1 - 4_folds.train_1.predict)=89.85%
[ 2022-04-10 03:42:43,785][kfold_wrapper.log_eval_metrics] Accuracy(layer_6 - estimator_1 - 4_folds.train_2.predict)=90.61%
[ 2022-04-10 03:44:51,360][kfold_wrapper.log_eval_metrics] Accuracy(layer_6 - estimator_1 - 4_folds.train_3.predict)=90.51%
[ 2022-04-10 03:44:51,376][kfold_wrapper.log_eval_metrics] Accuracy(layer_6 - estimator_1 - 4_folds.train_cv.predict)=90.16%
[ 2022-04-10 03:44:51,376][cascade_classifier.calc_accuracy] Accuracy(layer_6 - train.classifier_average)=90.13%
[ 2022-04-10 03:44:51,392][cascade_classifier.calc_auc] AUC(layer_6 - train.classifier_average)=0.97%
[ 2022-04-10 03:44:51,423][cascade_classifier.fit_transform] [layer=7] look_indexs=[0], X_cur_train.shape=(7965, 1654), X_cur_test.shape=(0, 1654)
[ 2022-04-10 03:46:38,327][kfold_wrapper.log_eval_metrics] Accuracy(layer_7 - estimator_0 - 4_folds.train_0.predict)=89.81%
[ 2022-04-10 03:48:25,339][kfold_wrapper.log_eval_metrics] Accuracy(layer_7 - estimator_0 - 4_folds.train_1.predict)=91.61%
[ 2022-04-10 03:50:12,399][kfold_wrapper.log_eval_metrics] Accuracy(layer_7 - estimator_0 - 4_folds.train_2.predict)=89.70%
[ 2022-04-10 03:51:59,087][kfold_wrapper.log_eval_metrics] Accuracy(layer_7 - estimator_0 - 4_folds.train_3.predict)=89.80%
[ 2022-04-10 03:51:59,087][kfold_wrapper.log_eval_metrics] Accuracy(layer_7 - estimator_0 - 4_folds.train_cv.predict)=90.23%
[ 2022-04-10 03:54:06,853][kfold_wrapper.log_eval_metrics] Accuracy(layer_7 - estimator_1 - 4_folds.train_0.predict)=89.86%
[ 2022-04-10 03:56:14,620][kfold_wrapper.log_eval_metrics] Accuracy(layer_7 - estimator_1 - 4_folds.train_1.predict)=91.21%
[ 2022-04-10 03:58:22,066][kfold_wrapper.log_eval_metrics] Accuracy(layer_7 - estimator_1 - 4_folds.train_2.predict)=90.51%
[ 2022-04-10 04:00:29,769][kfold_wrapper.log_eval_metrics] Accuracy(layer_7 - estimator_1 - 4_folds.train_3.predict)=89.05%
[ 2022-04-10 04:00:29,769][kfold_wrapper.log_eval_metrics] Accuracy(layer_7 - estimator_1 - 4_folds.train_cv.predict)=90.16%
[ 2022-04-10 04:00:29,785][cascade_classifier.calc_accuracy] Accuracy(layer_7 - train.classifier_average)=90.21%
[ 2022-04-10 04:00:29,785][cascade_classifier.calc_auc] AUC(layer_7 - train.classifier_average)=0.97%
[ 2022-04-10 04:00:29,832][cascade_classifier.fit_transform] [layer=8] look_indexs=[0], X_cur_train.shape=(7965, 1654), X_cur_test.shape=(0, 1654)
[ 2022-04-10 04:02:16,706][kfold_wrapper.log_eval_metrics] Accuracy(layer_8 - estimator_0 - 4_folds.train_0.predict)=90.26%
[ 2022-04-10 04:04:03,780][kfold_wrapper.log_eval_metrics] Accuracy(layer_8 - estimator_0 - 4_folds.train_1.predict)=90.16%
[ 2022-04-10 04:05:50,861][kfold_wrapper.log_eval_metrics] Accuracy(layer_8 - estimator_0 - 4_folds.train_2.predict)=89.60%
[ 2022-04-10 04:07:37,966][kfold_wrapper.log_eval_metrics] Accuracy(layer_8 - estimator_0 - 4_folds.train_3.predict)=91.16%
[ 2022-04-10 04:07:37,966][kfold_wrapper.log_eval_metrics] Accuracy(layer_8 - estimator_0 - 4_folds.train_cv.predict)=90.30%
[ 2022-04-10 04:09:45,901][kfold_wrapper.log_eval_metrics] Accuracy(layer_8 - estimator_1 - 4_folds.train_0.predict)=90.36%
[ 2022-04-10 04:11:53,865][kfold_wrapper.log_eval_metrics] Accuracy(layer_8 - estimator_1 - 4_folds.train_1.predict)=91.26%
[ 2022-04-10 04:14:03,517][kfold_wrapper.log_eval_metrics] Accuracy(layer_8 - estimator_1 - 4_folds.train_2.predict)=90.16%
[ 2022-04-10 04:16:12,087][kfold_wrapper.log_eval_metrics] Accuracy(layer_8 - estimator_1 - 4_folds.train_3.predict)=89.50%
[ 2022-04-10 04:16:12,087][kfold_wrapper.log_eval_metrics] Accuracy(layer_8 - estimator_1 - 4_folds.train_cv.predict)=90.32%
[ 2022-04-10 04:16:12,103][cascade_classifier.calc_accuracy] Accuracy(layer_8 - train.classifier_average)=90.26%
[ 2022-04-10 04:16:12,103][cascade_classifier.calc_auc] AUC(layer_8 - train.classifier_average)=0.97%
[ 2022-04-10 04:16:12,150][cascade_classifier.fit_transform] [layer=9] look_indexs=[0], X_cur_train.shape=(7965, 1654), X_cur_test.shape=(0, 1654)
[ 2022-04-10 04:17:58,956][kfold_wrapper.log_eval_metrics] Accuracy(layer_9 - estimator_0 - 4_folds.train_0.predict)=89.16%
[ 2022-04-10 04:19:46,459][kfold_wrapper.log_eval_metrics] Accuracy(layer_9 - estimator_0 - 4_folds.train_1.predict)=89.75%
[ 2022-04-10 04:21:33,840][kfold_wrapper.log_eval_metrics] Accuracy(layer_9 - estimator_0 - 4_folds.train_2.predict)=91.06%
[ 2022-04-10 04:23:21,237][kfold_wrapper.log_eval_metrics] Accuracy(layer_9 - estimator_0 - 4_folds.train_3.predict)=91.11%
[ 2022-04-10 04:23:21,237][kfold_wrapper.log_eval_metrics] Accuracy(layer_9 - estimator_0 - 4_folds.train_cv.predict)=90.27%
[ 2022-04-10 04:25:29,520][kfold_wrapper.log_eval_metrics] Accuracy(layer_9 - estimator_1 - 4_folds.train_0.predict)=91.21%
[ 2022-04-10 04:27:37,793][kfold_wrapper.log_eval_metrics] Accuracy(layer_9 - estimator_1 - 4_folds.train_1.predict)=90.31%
[ 2022-04-10 04:29:46,062][kfold_wrapper.log_eval_metrics] Accuracy(layer_9 - estimator_1 - 4_folds.train_2.predict)=89.60%
[ 2022-04-10 04:31:54,532][kfold_wrapper.log_eval_metrics] Accuracy(layer_9 - estimator_1 - 4_folds.train_3.predict)=90.61%
[ 2022-04-10 04:31:54,532][kfold_wrapper.log_eval_metrics] Accuracy(layer_9 - estimator_1 - 4_folds.train_cv.predict)=90.43%
[ 2022-04-10 04:31:54,537][cascade_classifier.calc_accuracy] Accuracy(layer_9 - train.classifier_average)=90.35%
[ 2022-04-10 04:31:54,537][cascade_classifier.calc_auc] AUC(layer_9 - train.classifier_average)=0.97%
[ 2022-04-10 04:31:54,537][cascade_classifier.fit_transform] [Result][Reach Max Layer] opt_layer_num=8, accuracy_train=0.97%, accuracy_test=0.00%
[ 2022-04-10 04:31:54,553][cascade_classifier.transform] X_groups_test.shape=[(1991, 1650)]
[ 2022-04-10 04:31:54,569][cascade_classifier.transform] group_dims=[1650]
[ 2022-04-10 04:31:54,569][cascade_classifier.transform] X_test.shape=(1991, 1650)
[ 2022-04-10 04:31:54,569][cascade_classifier.transform] [layer=0] look_indexs=[0], X_cur_test.shape=(1991, 1650)
[ 2022-04-10 04:31:58,465][cascade_classifier.transform] [layer=1] look_indexs=[0], X_cur_test.shape=(1991, 1654)
[ 2022-04-10 04:32:02,338][cascade_classifier.transform] [layer=2] look_indexs=[0], X_cur_test.shape=(1991, 1654)
[ 2022-04-10 04:32:06,305][cascade_classifier.transform] [layer=3] look_indexs=[0], X_cur_test.shape=(1991, 1654)
[ 2022-04-10 04:32:10,254][cascade_classifier.transform] [layer=4] look_indexs=[0], X_cur_test.shape=(1991, 1654)
[ 2022-04-10 04:32:14,110][cascade_classifier.transform] [layer=5] look_indexs=[0], X_cur_test.shape=(1991, 1654)
[ 2022-04-10 04:32:17,899][cascade_classifier.transform] [layer=6] look_indexs=[0], X_cur_test.shape=(1991, 1654)
[ 2022-04-10 04:32:21,797][cascade_classifier.transform] [layer=7] look_indexs=[0], X_cur_test.shape=(1991, 1654)
[ 2022-04-10 04:32:25,626][cascade_classifier.transform] [layer=8] look_indexs=[0], X_cur_test.shape=(1991, 1654)
[ 2022-04-10 04:32:29,533][cascade_classifier.transform] [layer=9] look_indexs=[0], X_cur_test.shape=(1991, 1654)
[ 2022-04-10 04:32:33,302][cascade_classifier.transform] X_groups_test.shape=[(1991, 1650)]
[ 2022-04-10 04:32:33,306][cascade_classifier.transform] group_dims=[1650]
[ 2022-04-10 04:32:33,306][cascade_classifier.transform] X_test.shape=(1991, 1650)
[ 2022-04-10 04:32:33,321][cascade_classifier.transform] [layer=0] look_indexs=[0], X_cur_test.shape=(1991, 1650)
[ 2022-04-10 04:32:37,198][cascade_classifier.transform] [layer=1] look_indexs=[0], X_cur_test.shape=(1991, 1654)
[ 2022-04-10 04:32:40,964][cascade_classifier.transform] [layer=2] look_indexs=[0], X_cur_test.shape=(1991, 1654)
[ 2022-04-10 04:32:44,839][cascade_classifier.transform] [layer=3] look_indexs=[0], X_cur_test.shape=(1991, 1654)
[ 2022-04-10 04:32:48,662][cascade_classifier.transform] [layer=4] look_indexs=[0], X_cur_test.shape=(1991, 1654)
[ 2022-04-10 04:32:52,489][cascade_classifier.transform] [layer=5] look_indexs=[0], X_cur_test.shape=(1991, 1654)
[ 2022-04-10 04:32:56,328][cascade_classifier.transform] [layer=6] look_indexs=[0], X_cur_test.shape=(1991, 1654)
[ 2022-04-10 04:33:00,230][cascade_classifier.transform] [layer=7] look_indexs=[0], X_cur_test.shape=(1991, 1654)
[ 2022-04-10 04:33:04,029][cascade_classifier.transform] [layer=8] look_indexs=[0], X_cur_test.shape=(1991, 1654)
[ 2022-04-10 04:33:07,868][cascade_classifier.transform] [layer=9] look_indexs=[0], X_cur_test.shape=(1991, 1654)
[ 2022-04-10 04:33:12,005][cascade_classifier.fit_transform] X_groups_train.shape=[(7965, 1650)],y_train.shape=(7965,),X_groups_test.shape=no_test,y_test.shape=no_test
[ 2022-04-10 04:33:12,036][cascade_classifier.fit_transform] group_dims=[1650]
[ 2022-04-10 04:33:12,036][cascade_classifier.fit_transform] group_starts=[0]
[ 2022-04-10 04:33:12,036][cascade_classifier.fit_transform] group_ends=[1650]
[ 2022-04-10 04:33:12,036][cascade_classifier.fit_transform] X_train.shape=(7965, 1650),X_test.shape=(0, 1650)
[ 2022-04-10 04:33:12,051][cascade_classifier.fit_transform] [layer=0] look_indexs=[0], X_cur_train.shape=(7965, 1650), X_cur_test.shape=(0, 1650)
[ 2022-04-10 04:34:55,777][kfold_wrapper.log_eval_metrics] Accuracy(layer_0 - estimator_0 - 4_folds.train_0.predict)=85.74%
[ 2022-04-10 04:36:42,560][kfold_wrapper.log_eval_metrics] Accuracy(layer_0 - estimator_0 - 4_folds.train_1.predict)=86.19%
[ 2022-04-10 04:38:31,447][kfold_wrapper.log_eval_metrics] Accuracy(layer_0 - estimator_0 - 4_folds.train_2.predict)=86.44%
[ 2022-04-10 04:40:18,792][kfold_wrapper.log_eval_metrics] Accuracy(layer_0 - estimator_0 - 4_folds.train_3.predict)=87.39%
[ 2022-04-10 04:40:18,792][kfold_wrapper.log_eval_metrics] Accuracy(layer_0 - estimator_0 - 4_folds.train_cv.predict)=86.44%
[ 2022-04-10 04:42:26,174][kfold_wrapper.log_eval_metrics] Accuracy(layer_0 - estimator_1 - 4_folds.train_0.predict)=86.50%
[ 2022-04-10 04:44:33,442][kfold_wrapper.log_eval_metrics] Accuracy(layer_0 - estimator_1 - 4_folds.train_1.predict)=87.59%
[ 2022-04-10 04:46:41,056][kfold_wrapper.log_eval_metrics] Accuracy(layer_0 - estimator_1 - 4_folds.train_2.predict)=86.74%
[ 2022-04-10 04:48:48,373][kfold_wrapper.log_eval_metrics] Accuracy(layer_0 - estimator_1 - 4_folds.train_3.predict)=86.14%
[ 2022-04-10 04:48:48,373][kfold_wrapper.log_eval_metrics] Accuracy(layer_0 - estimator_1 - 4_folds.train_cv.predict)=86.74%
[ 2022-04-10 04:48:48,373][cascade_classifier.calc_accuracy] Accuracy(layer_0 - train.classifier_average)=86.57%
[ 2022-04-10 04:48:48,388][cascade_classifier.calc_auc] AUC(layer_0 - train.classifier_average)=0.95%
[ 2022-04-10 04:48:48,426][cascade_classifier.fit_transform] [layer=1] look_indexs=[0], X_cur_train.shape=(7965, 1654), X_cur_test.shape=(0, 1654)
[ 2022-04-10 04:50:35,747][kfold_wrapper.log_eval_metrics] Accuracy(layer_1 - estimator_0 - 4_folds.train_0.predict)=87.95%
[ 2022-04-10 04:52:22,937][kfold_wrapper.log_eval_metrics] Accuracy(layer_1 - estimator_0 - 4_folds.train_1.predict)=86.89%
[ 2022-04-10 04:54:10,274][kfold_wrapper.log_eval_metrics] Accuracy(layer_1 - estimator_0 - 4_folds.train_2.predict)=88.30%
[ 2022-04-10 04:55:57,161][kfold_wrapper.log_eval_metrics] Accuracy(layer_1 - estimator_0 - 4_folds.train_3.predict)=88.40%
[ 2022-04-10 04:55:57,177][kfold_wrapper.log_eval_metrics] Accuracy(layer_1 - estimator_0 - 4_folds.train_cv.predict)=87.88%
[ 2022-04-10 04:58:05,306][kfold_wrapper.log_eval_metrics] Accuracy(layer_1 - estimator_1 - 4_folds.train_0.predict)=87.55%
[ 2022-04-10 05:00:13,488][kfold_wrapper.log_eval_metrics] Accuracy(layer_1 - estimator_1 - 4_folds.train_1.predict)=87.09%
[ 2022-04-10 05:02:24,786][kfold_wrapper.log_eval_metrics] Accuracy(layer_1 - estimator_1 - 4_folds.train_2.predict)=88.20%
[ 2022-04-10 05:04:33,083][kfold_wrapper.log_eval_metrics] Accuracy(layer_1 - estimator_1 - 4_folds.train_3.predict)=88.90%
[ 2022-04-10 05:04:33,083][kfold_wrapper.log_eval_metrics] Accuracy(layer_1 - estimator_1 - 4_folds.train_cv.predict)=87.93%
[ 2022-04-10 05:04:33,096][cascade_classifier.calc_accuracy] Accuracy(layer_1 - train.classifier_average)=87.93%
[ 2022-04-10 05:04:33,105][cascade_classifier.calc_auc] AUC(layer_1 - train.classifier_average)=0.96%
[ 2022-04-10 05:04:33,136][cascade_classifier.fit_transform] [layer=2] look_indexs=[0], X_cur_train.shape=(7965, 1654), X_cur_test.shape=(0, 1654)
[ 2022-04-10 05:06:20,377][kfold_wrapper.log_eval_metrics] Accuracy(layer_2 - estimator_0 - 4_folds.train_0.predict)=89.36%
[ 2022-04-10 05:08:07,540][kfold_wrapper.log_eval_metrics] Accuracy(layer_2 - estimator_0 - 4_folds.train_1.predict)=90.01%
[ 2022-04-10 05:09:54,565][kfold_wrapper.log_eval_metrics] Accuracy(layer_2 - estimator_0 - 4_folds.train_2.predict)=89.05%
[ 2022-04-10 05:11:41,648][kfold_wrapper.log_eval_metrics] Accuracy(layer_2 - estimator_0 - 4_folds.train_3.predict)=88.45%
[ 2022-04-10 05:11:41,648][kfold_wrapper.log_eval_metrics] Accuracy(layer_2 - estimator_0 - 4_folds.train_cv.predict)=89.22%
[ 2022-04-10 05:13:49,162][kfold_wrapper.log_eval_metrics] Accuracy(layer_2 - estimator_1 - 4_folds.train_0.predict)=89.46%
[ 2022-04-10 05:15:57,192][kfold_wrapper.log_eval_metrics] Accuracy(layer_2 - estimator_1 - 4_folds.train_1.predict)=88.50%
[ 2022-04-10 05:18:05,116][kfold_wrapper.log_eval_metrics] Accuracy(layer_2 - estimator_1 - 4_folds.train_2.predict)=90.26%
[ 2022-04-10 05:20:13,448][kfold_wrapper.log_eval_metrics] Accuracy(layer_2 - estimator_1 - 4_folds.train_3.predict)=88.95%
[ 2022-04-10 05:20:13,448][kfold_wrapper.log_eval_metrics] Accuracy(layer_2 - estimator_1 - 4_folds.train_cv.predict)=89.29%
[ 2022-04-10 05:20:13,448][cascade_classifier.calc_accuracy] Accuracy(layer_2 - train.classifier_average)=89.27%
[ 2022-04-10 05:20:13,463][cascade_classifier.calc_auc] AUC(layer_2 - train.classifier_average)=0.96%
[ 2022-04-10 05:20:13,494][cascade_classifier.fit_transform] [layer=3] look_indexs=[0], X_cur_train.shape=(7965, 1654), X_cur_test.shape=(0, 1654)
[ 2022-04-10 05:22:00,678][kfold_wrapper.log_eval_metrics] Accuracy(layer_3 - estimator_0 - 4_folds.train_0.predict)=89.81%
[ 2022-04-10 05:23:47,773][kfold_wrapper.log_eval_metrics] Accuracy(layer_3 - estimator_0 - 4_folds.train_1.predict)=89.65%
[ 2022-04-10 05:25:34,866][kfold_wrapper.log_eval_metrics] Accuracy(layer_3 - estimator_0 - 4_folds.train_2.predict)=90.21%
[ 2022-04-10 05:27:21,810][kfold_wrapper.log_eval_metrics] Accuracy(layer_3 - estimator_0 - 4_folds.train_3.predict)=89.00%
[ 2022-04-10 05:27:21,810][kfold_wrapper.log_eval_metrics] Accuracy(layer_3 - estimator_0 - 4_folds.train_cv.predict)=89.67%
[ 2022-04-10 05:29:29,876][kfold_wrapper.log_eval_metrics] Accuracy(layer_3 - estimator_1 - 4_folds.train_0.predict)=90.01%
[ 2022-04-10 05:31:37,965][kfold_wrapper.log_eval_metrics] Accuracy(layer_3 - estimator_1 - 4_folds.train_1.predict)=89.05%
[ 2022-04-10 05:33:45,958][kfold_wrapper.log_eval_metrics] Accuracy(layer_3 - estimator_1 - 4_folds.train_2.predict)=89.85%
[ 2022-04-10 05:35:54,125][kfold_wrapper.log_eval_metrics] Accuracy(layer_3 - estimator_1 - 4_folds.train_3.predict)=89.30%
[ 2022-04-10 05:35:54,125][kfold_wrapper.log_eval_metrics] Accuracy(layer_3 - estimator_1 - 4_folds.train_cv.predict)=89.55%
[ 2022-04-10 05:35:54,125][cascade_classifier.calc_accuracy] Accuracy(layer_3 - train.classifier_average)=89.58%
[ 2022-04-10 05:35:54,141][cascade_classifier.calc_auc] AUC(layer_3 - train.classifier_average)=0.96%
[ 2022-04-10 05:35:54,172][cascade_classifier.fit_transform] [layer=4] look_indexs=[0], X_cur_train.shape=(7965, 1654), X_cur_test.shape=(0, 1654)
[ 2022-04-10 05:37:41,340][kfold_wrapper.log_eval_metrics] Accuracy(layer_4 - estimator_0 - 4_folds.train_0.predict)=90.51%
[ 2022-04-10 05:39:28,289][kfold_wrapper.log_eval_metrics] Accuracy(layer_4 - estimator_0 - 4_folds.train_1.predict)=89.05%
[ 2022-04-10 05:41:15,326][kfold_wrapper.log_eval_metrics] Accuracy(layer_4 - estimator_0 - 4_folds.train_2.predict)=89.40%
[ 2022-04-10 05:43:02,302][kfold_wrapper.log_eval_metrics] Accuracy(layer_4 - estimator_0 - 4_folds.train_3.predict)=90.01%
[ 2022-04-10 05:43:02,318][kfold_wrapper.log_eval_metrics] Accuracy(layer_4 - estimator_0 - 4_folds.train_cv.predict)=89.74%
[ 2022-04-10 05:45:10,582][kfold_wrapper.log_eval_metrics] Accuracy(layer_4 - estimator_1 - 4_folds.train_0.predict)=89.91%
[ 2022-04-10 05:47:18,478][kfold_wrapper.log_eval_metrics] Accuracy(layer_4 - estimator_1 - 4_folds.train_1.predict)=89.05%
[ 2022-04-10 05:49:26,617][kfold_wrapper.log_eval_metrics] Accuracy(layer_4 - estimator_1 - 4_folds.train_2.predict)=89.50%
[ 2022-04-10 05:51:34,559][kfold_wrapper.log_eval_metrics] Accuracy(layer_4 - estimator_1 - 4_folds.train_3.predict)=90.31%
[ 2022-04-10 05:51:34,559][kfold_wrapper.log_eval_metrics] Accuracy(layer_4 - estimator_1 - 4_folds.train_cv.predict)=89.69%
[ 2022-04-10 05:51:34,559][cascade_classifier.calc_accuracy] Accuracy(layer_4 - train.classifier_average)=89.73%
[ 2022-04-10 05:51:34,575][cascade_classifier.calc_auc] AUC(layer_4 - train.classifier_average)=0.97%
[ 2022-04-10 05:51:34,622][cascade_classifier.fit_transform] [layer=5] look_indexs=[0], X_cur_train.shape=(7965, 1654), X_cur_test.shape=(0, 1654)
[ 2022-04-10 05:53:21,934][kfold_wrapper.log_eval_metrics] Accuracy(layer_5 - estimator_0 - 4_folds.train_0.predict)=89.76%
[ 2022-04-10 05:55:09,071][kfold_wrapper.log_eval_metrics] Accuracy(layer_5 - estimator_0 - 4_folds.train_1.predict)=89.30%
[ 2022-04-10 05:56:55,893][kfold_wrapper.log_eval_metrics] Accuracy(layer_5 - estimator_0 - 4_folds.train_2.predict)=90.71%
[ 2022-04-10 05:58:42,895][kfold_wrapper.log_eval_metrics] Accuracy(layer_5 - estimator_0 - 4_folds.train_3.predict)=89.35%
[ 2022-04-10 05:58:42,895][kfold_wrapper.log_eval_metrics] Accuracy(layer_5 - estimator_0 - 4_folds.train_cv.predict)=89.78%
[ 2022-04-10 06:00:50,830][kfold_wrapper.log_eval_metrics] Accuracy(layer_5 - estimator_1 - 4_folds.train_0.predict)=90.06%
[ 2022-04-10 06:02:58,543][kfold_wrapper.log_eval_metrics] Accuracy(layer_5 - estimator_1 - 4_folds.train_1.predict)=90.41%
[ 2022-04-10 06:05:06,690][kfold_wrapper.log_eval_metrics] Accuracy(layer_5 - estimator_1 - 4_folds.train_2.predict)=89.75%
[ 2022-04-10 06:07:14,713][kfold_wrapper.log_eval_metrics] Accuracy(layer_5 - estimator_1 - 4_folds.train_3.predict)=89.45%
[ 2022-04-10 06:07:14,713][kfold_wrapper.log_eval_metrics] Accuracy(layer_5 - estimator_1 - 4_folds.train_cv.predict)=89.92%
[ 2022-04-10 06:07:14,713][cascade_classifier.calc_accuracy] Accuracy(layer_5 - train.classifier_average)=89.88%
[ 2022-04-10 06:07:14,728][cascade_classifier.calc_auc] AUC(layer_5 - train.classifier_average)=0.97%
[ 2022-04-10 06:07:14,759][cascade_classifier.fit_transform] [layer=6] look_indexs=[0], X_cur_train.shape=(7965, 1654), X_cur_test.shape=(0, 1654)
[ 2022-04-10 06:09:01,395][kfold_wrapper.log_eval_metrics] Accuracy(layer_6 - estimator_0 - 4_folds.train_0.predict)=89.86%
[ 2022-04-10 06:10:48,122][kfold_wrapper.log_eval_metrics] Accuracy(layer_6 - estimator_0 - 4_folds.train_1.predict)=90.01%
[ 2022-04-10 06:12:34,892][kfold_wrapper.log_eval_metrics] Accuracy(layer_6 - estimator_0 - 4_folds.train_2.predict)=88.80%
[ 2022-04-10 06:14:21,955][kfold_wrapper.log_eval_metrics] Accuracy(layer_6 - estimator_0 - 4_folds.train_3.predict)=90.86%
[ 2022-04-10 06:14:21,955][kfold_wrapper.log_eval_metrics] Accuracy(layer_6 - estimator_0 - 4_folds.train_cv.predict)=89.88%
[ 2022-04-10 06:16:29,338][kfold_wrapper.log_eval_metrics] Accuracy(layer_6 - estimator_1 - 4_folds.train_0.predict)=89.86%
[ 2022-04-10 06:18:36,840][kfold_wrapper.log_eval_metrics] Accuracy(layer_6 - estimator_1 - 4_folds.train_1.predict)=90.31%
[ 2022-04-10 06:20:44,592][kfold_wrapper.log_eval_metrics] Accuracy(layer_6 - estimator_1 - 4_folds.train_2.predict)=90.71%
[ 2022-04-10 06:22:52,079][kfold_wrapper.log_eval_metrics] Accuracy(layer_6 - estimator_1 - 4_folds.train_3.predict)=88.85%
[ 2022-04-10 06:22:52,079][kfold_wrapper.log_eval_metrics] Accuracy(layer_6 - estimator_1 - 4_folds.train_cv.predict)=89.93%
[ 2022-04-10 06:22:52,096][cascade_classifier.calc_accuracy] Accuracy(layer_6 - train.classifier_average)=89.92%
[ 2022-04-10 06:22:52,098][cascade_classifier.calc_auc] AUC(layer_6 - train.classifier_average)=0.97%
[ 2022-04-10 06:22:52,143][cascade_classifier.fit_transform] [layer=7] look_indexs=[0], X_cur_train.shape=(7965, 1654), X_cur_test.shape=(0, 1654)
[ 2022-04-10 06:24:39,052][kfold_wrapper.log_eval_metrics] Accuracy(layer_7 - estimator_0 - 4_folds.train_0.predict)=89.36%
[ 2022-04-10 06:26:25,892][kfold_wrapper.log_eval_metrics] Accuracy(layer_7 - estimator_0 - 4_folds.train_1.predict)=91.36%
[ 2022-04-10 06:28:12,759][kfold_wrapper.log_eval_metrics] Accuracy(layer_7 - estimator_0 - 4_folds.train_2.predict)=88.95%
[ 2022-04-10 06:29:59,576][kfold_wrapper.log_eval_metrics] Accuracy(layer_7 - estimator_0 - 4_folds.train_3.predict)=89.95%
[ 2022-04-10 06:29:59,576][kfold_wrapper.log_eval_metrics] Accuracy(layer_7 - estimator_0 - 4_folds.train_cv.predict)=89.91%
[ 2022-04-10 06:32:07,643][kfold_wrapper.log_eval_metrics] Accuracy(layer_7 - estimator_1 - 4_folds.train_0.predict)=89.11%
[ 2022-04-10 06:34:15,625][kfold_wrapper.log_eval_metrics] Accuracy(layer_7 - estimator_1 - 4_folds.train_1.predict)=90.51%
[ 2022-04-10 06:36:23,676][kfold_wrapper.log_eval_metrics] Accuracy(layer_7 - estimator_1 - 4_folds.train_2.predict)=89.40%
[ 2022-04-10 06:38:31,616][kfold_wrapper.log_eval_metrics] Accuracy(layer_7 - estimator_1 - 4_folds.train_3.predict)=90.66%
[ 2022-04-10 06:38:31,631][kfold_wrapper.log_eval_metrics] Accuracy(layer_7 - estimator_1 - 4_folds.train_cv.predict)=89.92%
[ 2022-04-10 06:38:31,631][cascade_classifier.calc_accuracy] Accuracy(layer_7 - train.classifier_average)=89.98%
[ 2022-04-10 06:38:31,631][cascade_classifier.calc_auc] AUC(layer_7 - train.classifier_average)=0.97%
[ 2022-04-10 06:38:31,678][cascade_classifier.fit_transform] [layer=8] look_indexs=[0], X_cur_train.shape=(7965, 1654), X_cur_test.shape=(0, 1654)
[ 2022-04-10 06:40:18,787][kfold_wrapper.log_eval_metrics] Accuracy(layer_8 - estimator_0 - 4_folds.train_0.predict)=90.46%
[ 2022-04-10 06:42:05,572][kfold_wrapper.log_eval_metrics] Accuracy(layer_8 - estimator_0 - 4_folds.train_1.predict)=90.11%
[ 2022-04-10 06:43:52,574][kfold_wrapper.log_eval_metrics] Accuracy(layer_8 - estimator_0 - 4_folds.train_2.predict)=89.70%
[ 2022-04-10 06:45:39,683][kfold_wrapper.log_eval_metrics] Accuracy(layer_8 - estimator_0 - 4_folds.train_3.predict)=89.95%
[ 2022-04-10 06:45:39,683][kfold_wrapper.log_eval_metrics] Accuracy(layer_8 - estimator_0 - 4_folds.train_cv.predict)=90.06%
[ 2022-04-10 06:47:49,022][kfold_wrapper.log_eval_metrics] Accuracy(layer_8 - estimator_1 - 4_folds.train_0.predict)=90.31%
[ 2022-04-10 06:50:01,592][kfold_wrapper.log_eval_metrics] Accuracy(layer_8 - estimator_1 - 4_folds.train_1.predict)=90.26%
[ 2022-04-10 06:52:11,377][kfold_wrapper.log_eval_metrics] Accuracy(layer_8 - estimator_1 - 4_folds.train_2.predict)=89.20%
[ 2022-04-10 06:54:19,922][kfold_wrapper.log_eval_metrics] Accuracy(layer_8 - estimator_1 - 4_folds.train_3.predict)=89.90%
[ 2022-04-10 06:54:19,938][kfold_wrapper.log_eval_metrics] Accuracy(layer_8 - estimator_1 - 4_folds.train_cv.predict)=89.92%
[ 2022-04-10 06:54:19,938][cascade_classifier.calc_accuracy] Accuracy(layer_8 - train.classifier_average)=89.96%
[ 2022-04-10 06:54:19,938][cascade_classifier.calc_auc] AUC(layer_8 - train.classifier_average)=0.97%
[ 2022-04-10 06:54:19,985][cascade_classifier.fit_transform] [layer=9] look_indexs=[0], X_cur_train.shape=(7965, 1654), X_cur_test.shape=(0, 1654)
[ 2022-04-10 06:56:07,250][kfold_wrapper.log_eval_metrics] Accuracy(layer_9 - estimator_0 - 4_folds.train_0.predict)=90.66%
[ 2022-04-10 06:57:54,494][kfold_wrapper.log_eval_metrics] Accuracy(layer_9 - estimator_0 - 4_folds.train_1.predict)=89.65%
[ 2022-04-10 06:59:41,818][kfold_wrapper.log_eval_metrics] Accuracy(layer_9 - estimator_0 - 4_folds.train_2.predict)=90.16%
[ 2022-04-10 07:01:29,151][kfold_wrapper.log_eval_metrics] Accuracy(layer_9 - estimator_0 - 4_folds.train_3.predict)=89.35%
[ 2022-04-10 07:01:29,166][kfold_wrapper.log_eval_metrics] Accuracy(layer_9 - estimator_0 - 4_folds.train_cv.predict)=89.96%
[ 2022-04-10 07:03:37,599][kfold_wrapper.log_eval_metrics] Accuracy(layer_9 - estimator_1 - 4_folds.train_0.predict)=89.86%
[ 2022-04-10 07:05:48,767][kfold_wrapper.log_eval_metrics] Accuracy(layer_9 - estimator_1 - 4_folds.train_1.predict)=89.60%
[ 2022-04-10 07:07:58,260][kfold_wrapper.log_eval_metrics] Accuracy(layer_9 - estimator_1 - 4_folds.train_2.predict)=90.51%
[ 2022-04-10 07:10:08,321][kfold_wrapper.log_eval_metrics] Accuracy(layer_9 - estimator_1 - 4_folds.train_3.predict)=89.80%
[ 2022-04-10 07:10:08,321][kfold_wrapper.log_eval_metrics] Accuracy(layer_9 - estimator_1 - 4_folds.train_cv.predict)=89.94%
[ 2022-04-10 07:10:08,337][cascade_classifier.calc_accuracy] Accuracy(layer_9 - train.classifier_average)=89.98%
[ 2022-04-10 07:10:08,337][cascade_classifier.calc_auc] AUC(layer_9 - train.classifier_average)=0.97%
[ 2022-04-10 07:10:08,337][cascade_classifier.fit_transform] [Result][Reach Max Layer] opt_layer_num=8, accuracy_train=0.97%, accuracy_test=0.00%
[ 2022-04-10 07:10:08,353][cascade_classifier.transform] X_groups_test.shape=[(1991, 1650)]
[ 2022-04-10 07:10:08,368][cascade_classifier.transform] group_dims=[1650]
[ 2022-04-10 07:10:08,368][cascade_classifier.transform] X_test.shape=(1991, 1650)
[ 2022-04-10 07:10:08,368][cascade_classifier.transform] [layer=0] look_indexs=[0], X_cur_test.shape=(1991, 1650)
[ 2022-04-10 07:10:12,302][cascade_classifier.transform] [layer=1] look_indexs=[0], X_cur_test.shape=(1991, 1654)
[ 2022-04-10 07:10:16,231][cascade_classifier.transform] [layer=2] look_indexs=[0], X_cur_test.shape=(1991, 1654)
[ 2022-04-10 07:10:20,144][cascade_classifier.transform] [layer=3] look_indexs=[0], X_cur_test.shape=(1991, 1654)
[ 2022-04-10 07:10:24,004][cascade_classifier.transform] [layer=4] look_indexs=[0], X_cur_test.shape=(1991, 1654)
[ 2022-04-10 07:10:27,873][cascade_classifier.transform] [layer=5] look_indexs=[0], X_cur_test.shape=(1991, 1654)
[ 2022-04-10 07:10:31,733][cascade_classifier.transform] [layer=6] look_indexs=[0], X_cur_test.shape=(1991, 1654)
[ 2022-04-10 07:10:35,548][cascade_classifier.transform] [layer=7] look_indexs=[0], X_cur_test.shape=(1991, 1654)
[ 2022-04-10 07:10:39,392][cascade_classifier.transform] [layer=8] look_indexs=[0], X_cur_test.shape=(1991, 1654)
[ 2022-04-10 07:10:43,286][cascade_classifier.transform] [layer=9] look_indexs=[0], X_cur_test.shape=(1991, 1654)
[ 2022-04-10 07:10:47,131][cascade_classifier.transform] X_groups_test.shape=[(1991, 1650)]
[ 2022-04-10 07:10:47,147][cascade_classifier.transform] group_dims=[1650]
[ 2022-04-10 07:10:47,147][cascade_classifier.transform] X_test.shape=(1991, 1650)
[ 2022-04-10 07:10:47,147][cascade_classifier.transform] [layer=0] look_indexs=[0], X_cur_test.shape=(1991, 1650)
[ 2022-04-10 07:10:51,095][cascade_classifier.transform] [layer=1] look_indexs=[0], X_cur_test.shape=(1991, 1654)
[ 2022-04-10 07:10:54,905][cascade_classifier.transform] [layer=2] look_indexs=[0], X_cur_test.shape=(1991, 1654)
[ 2022-04-10 07:10:58,676][cascade_classifier.transform] [layer=3] look_indexs=[0], X_cur_test.shape=(1991, 1654)
[ 2022-04-10 07:11:02,508][cascade_classifier.transform] [layer=4] look_indexs=[0], X_cur_test.shape=(1991, 1654)
[ 2022-04-10 07:11:06,309][cascade_classifier.transform] [layer=5] look_indexs=[0], X_cur_test.shape=(1991, 1654)
[ 2022-04-10 07:11:10,067][cascade_classifier.transform] [layer=6] look_indexs=[0], X_cur_test.shape=(1991, 1654)
[ 2022-04-10 07:11:13,878][cascade_classifier.transform] [layer=7] look_indexs=[0], X_cur_test.shape=(1991, 1654)
[ 2022-04-10 07:11:17,624][cascade_classifier.transform] [layer=8] look_indexs=[0], X_cur_test.shape=(1991, 1654)
[ 2022-04-10 07:11:21,376][cascade_classifier.transform] [layer=9] look_indexs=[0], X_cur_test.shape=(1991, 1654)
