[ 2022-07-17 20:58:14,703][cascade_classifier.fit_transform] X_groups_train.shape=[(7964, 200)],y_train.shape=(7964,),X_groups_test.shape=no_test,y_test.shape=no_test
[ 2022-07-17 20:58:14,784][cascade_classifier.fit_transform] group_dims=[200]
[ 2022-07-17 20:58:14,784][cascade_classifier.fit_transform] group_starts=[0]
[ 2022-07-17 20:58:14,790][cascade_classifier.fit_transform] group_ends=[200]
[ 2022-07-17 20:58:14,791][cascade_classifier.fit_transform] X_train.shape=(7964, 200),X_test.shape=(0, 200)
[ 2022-07-17 20:58:14,964][cascade_classifier.fit_transform] [layer=0] look_indexs=[0], X_cur_train.shape=(7964, 200), X_cur_test.shape=(0, 200)
[ 2022-07-17 20:58:17,150][kfold_wrapper.log_eval_metrics] Accuracy(layer_0 - estimator_0 - 5_folds.train_0.predict)=91.15%
[ 2022-07-17 20:58:18,750][kfold_wrapper.log_eval_metrics] Accuracy(layer_0 - estimator_0 - 5_folds.train_1.predict)=91.71%
[ 2022-07-17 20:58:20,151][kfold_wrapper.log_eval_metrics] Accuracy(layer_0 - estimator_0 - 5_folds.train_2.predict)=91.21%
[ 2022-07-17 20:58:21,389][kfold_wrapper.log_eval_metrics] Accuracy(layer_0 - estimator_0 - 5_folds.train_3.predict)=90.65%
[ 2022-07-17 20:58:22,707][kfold_wrapper.log_eval_metrics] Accuracy(layer_0 - estimator_0 - 5_folds.train_4.predict)=90.52%
[ 2022-07-17 20:58:22,709][kfold_wrapper.log_eval_metrics] Accuracy(layer_0 - estimator_0 - 5_folds.train_cv.predict)=91.05%
[ 2022-07-17 20:58:24,050][kfold_wrapper.log_eval_metrics] Accuracy(layer_0 - estimator_1 - 5_folds.train_0.predict)=91.96%
[ 2022-07-17 20:58:25,345][kfold_wrapper.log_eval_metrics] Accuracy(layer_0 - estimator_1 - 5_folds.train_1.predict)=90.90%
[ 2022-07-17 20:58:26,606][kfold_wrapper.log_eval_metrics] Accuracy(layer_0 - estimator_1 - 5_folds.train_2.predict)=91.21%
[ 2022-07-17 20:58:27,901][kfold_wrapper.log_eval_metrics] Accuracy(layer_0 - estimator_1 - 5_folds.train_3.predict)=91.09%
[ 2022-07-17 20:58:29,208][kfold_wrapper.log_eval_metrics] Accuracy(layer_0 - estimator_1 - 5_folds.train_4.predict)=90.33%
[ 2022-07-17 20:58:29,211][kfold_wrapper.log_eval_metrics] Accuracy(layer_0 - estimator_1 - 5_folds.train_cv.predict)=91.10%
[ 2022-07-17 20:59:01,511][kfold_wrapper.log_eval_metrics] Accuracy(layer_0 - estimator_2 - 5_folds.train_0.predict)=91.90%
[ 2022-07-17 20:59:37,739][kfold_wrapper.log_eval_metrics] Accuracy(layer_0 - estimator_2 - 5_folds.train_1.predict)=90.71%
[ 2022-07-17 21:00:07,293][kfold_wrapper.log_eval_metrics] Accuracy(layer_0 - estimator_2 - 5_folds.train_2.predict)=91.02%
[ 2022-07-17 21:00:38,750][kfold_wrapper.log_eval_metrics] Accuracy(layer_0 - estimator_2 - 5_folds.train_3.predict)=91.21%
[ 2022-07-17 21:01:14,811][kfold_wrapper.log_eval_metrics] Accuracy(layer_0 - estimator_2 - 5_folds.train_4.predict)=89.89%
[ 2022-07-17 21:01:14,811][kfold_wrapper.log_eval_metrics] Accuracy(layer_0 - estimator_2 - 5_folds.train_cv.predict)=90.95%
[ 2022-07-17 21:01:48,277][kfold_wrapper.log_eval_metrics] Accuracy(layer_0 - estimator_3 - 5_folds.train_0.predict)=91.02%
[ 2022-07-17 21:02:17,895][kfold_wrapper.log_eval_metrics] Accuracy(layer_0 - estimator_3 - 5_folds.train_1.predict)=91.53%
[ 2022-07-17 21:02:52,251][kfold_wrapper.log_eval_metrics] Accuracy(layer_0 - estimator_3 - 5_folds.train_2.predict)=91.15%
[ 2022-07-17 21:03:20,707][kfold_wrapper.log_eval_metrics] Accuracy(layer_0 - estimator_3 - 5_folds.train_3.predict)=91.90%
[ 2022-07-17 21:03:49,051][kfold_wrapper.log_eval_metrics] Accuracy(layer_0 - estimator_3 - 5_folds.train_4.predict)=91.46%
[ 2022-07-17 21:03:49,051][kfold_wrapper.log_eval_metrics] Accuracy(layer_0 - estimator_3 - 5_folds.train_cv.predict)=91.41%
[ 2022-07-17 21:03:49,051][cascade_classifier.calc_accuracy] Accuracy(layer_0 - train.classifier_average)=91.69%
[ 2022-07-17 21:03:49,082][cascade_classifier.calc_auc] AUC(layer_0 - train.classifier_average)=0.97%
[ 2022-07-17 21:03:49,176][cascade_classifier.fit_transform] [layer=1] look_indexs=[0], X_cur_train.shape=(7964, 208), X_cur_test.shape=(0, 208)
[ 2022-07-17 21:03:50,519][kfold_wrapper.log_eval_metrics] Accuracy(layer_1 - estimator_0 - 5_folds.train_0.predict)=90.21%
[ 2022-07-17 21:03:51,815][kfold_wrapper.log_eval_metrics] Accuracy(layer_1 - estimator_0 - 5_folds.train_1.predict)=91.34%
[ 2022-07-17 21:03:53,116][kfold_wrapper.log_eval_metrics] Accuracy(layer_1 - estimator_0 - 5_folds.train_2.predict)=91.09%
[ 2022-07-17 21:03:54,574][kfold_wrapper.log_eval_metrics] Accuracy(layer_1 - estimator_0 - 5_folds.train_3.predict)=92.15%
[ 2022-07-17 21:03:55,836][kfold_wrapper.log_eval_metrics] Accuracy(layer_1 - estimator_0 - 5_folds.train_4.predict)=91.27%
[ 2022-07-17 21:03:55,837][kfold_wrapper.log_eval_metrics] Accuracy(layer_1 - estimator_0 - 5_folds.train_cv.predict)=91.21%
[ 2022-07-17 21:03:57,099][kfold_wrapper.log_eval_metrics] Accuracy(layer_1 - estimator_1 - 5_folds.train_0.predict)=91.96%
[ 2022-07-17 21:03:58,391][kfold_wrapper.log_eval_metrics] Accuracy(layer_1 - estimator_1 - 5_folds.train_1.predict)=90.71%
[ 2022-07-17 21:03:59,638][kfold_wrapper.log_eval_metrics] Accuracy(layer_1 - estimator_1 - 5_folds.train_2.predict)=91.46%
[ 2022-07-17 21:04:00,918][kfold_wrapper.log_eval_metrics] Accuracy(layer_1 - estimator_1 - 5_folds.train_3.predict)=92.15%
[ 2022-07-17 21:04:02,197][kfold_wrapper.log_eval_metrics] Accuracy(layer_1 - estimator_1 - 5_folds.train_4.predict)=91.39%
[ 2022-07-17 21:04:02,197][kfold_wrapper.log_eval_metrics] Accuracy(layer_1 - estimator_1 - 5_folds.train_cv.predict)=91.54%
[ 2022-07-17 21:04:33,123][kfold_wrapper.log_eval_metrics] Accuracy(layer_1 - estimator_2 - 5_folds.train_0.predict)=90.90%
[ 2022-07-17 21:05:08,093][kfold_wrapper.log_eval_metrics] Accuracy(layer_1 - estimator_2 - 5_folds.train_1.predict)=91.27%
[ 2022-07-17 21:05:42,539][kfold_wrapper.log_eval_metrics] Accuracy(layer_1 - estimator_2 - 5_folds.train_2.predict)=91.96%
[ 2022-07-17 21:06:12,017][kfold_wrapper.log_eval_metrics] Accuracy(layer_1 - estimator_2 - 5_folds.train_3.predict)=89.89%
[ 2022-07-17 21:06:42,397][kfold_wrapper.log_eval_metrics] Accuracy(layer_1 - estimator_2 - 5_folds.train_4.predict)=91.08%
[ 2022-07-17 21:06:42,397][kfold_wrapper.log_eval_metrics] Accuracy(layer_1 - estimator_2 - 5_folds.train_cv.predict)=91.02%
[ 2022-07-17 21:07:11,583][kfold_wrapper.log_eval_metrics] Accuracy(layer_1 - estimator_3 - 5_folds.train_0.predict)=90.46%
[ 2022-07-17 21:07:39,060][kfold_wrapper.log_eval_metrics] Accuracy(layer_1 - estimator_3 - 5_folds.train_1.predict)=91.53%
[ 2022-07-17 21:08:06,888][kfold_wrapper.log_eval_metrics] Accuracy(layer_1 - estimator_3 - 5_folds.train_2.predict)=91.27%
[ 2022-07-17 21:08:38,385][kfold_wrapper.log_eval_metrics] Accuracy(layer_1 - estimator_3 - 5_folds.train_3.predict)=90.21%
[ 2022-07-17 21:09:12,860][kfold_wrapper.log_eval_metrics] Accuracy(layer_1 - estimator_3 - 5_folds.train_4.predict)=90.14%
[ 2022-07-17 21:09:12,860][kfold_wrapper.log_eval_metrics] Accuracy(layer_1 - estimator_3 - 5_folds.train_cv.predict)=90.72%
[ 2022-07-17 21:09:12,860][cascade_classifier.calc_accuracy] Accuracy(layer_1 - train.classifier_average)=91.44%
[ 2022-07-17 21:09:12,860][cascade_classifier.calc_auc] AUC(layer_1 - train.classifier_average)=0.96%
[ 2022-07-17 21:09:12,954][cascade_classifier.fit_transform] [layer=2] look_indexs=[0], X_cur_train.shape=(7964, 208), X_cur_test.shape=(0, 208)
[ 2022-07-17 21:09:14,231][kfold_wrapper.log_eval_metrics] Accuracy(layer_2 - estimator_0 - 5_folds.train_0.predict)=91.90%
[ 2022-07-17 21:09:15,478][kfold_wrapper.log_eval_metrics] Accuracy(layer_2 - estimator_0 - 5_folds.train_1.predict)=91.21%
[ 2022-07-17 21:09:16,689][kfold_wrapper.log_eval_metrics] Accuracy(layer_2 - estimator_0 - 5_folds.train_2.predict)=89.83%
[ 2022-07-17 21:09:18,003][kfold_wrapper.log_eval_metrics] Accuracy(layer_2 - estimator_0 - 5_folds.train_3.predict)=90.96%
[ 2022-07-17 21:09:19,325][kfold_wrapper.log_eval_metrics] Accuracy(layer_2 - estimator_0 - 5_folds.train_4.predict)=90.95%
[ 2022-07-17 21:09:19,339][kfold_wrapper.log_eval_metrics] Accuracy(layer_2 - estimator_0 - 5_folds.train_cv.predict)=90.97%
[ 2022-07-17 21:09:20,588][kfold_wrapper.log_eval_metrics] Accuracy(layer_2 - estimator_1 - 5_folds.train_0.predict)=91.34%
[ 2022-07-17 21:09:21,840][kfold_wrapper.log_eval_metrics] Accuracy(layer_2 - estimator_1 - 5_folds.train_1.predict)=91.02%
[ 2022-07-17 21:09:23,086][kfold_wrapper.log_eval_metrics] Accuracy(layer_2 - estimator_1 - 5_folds.train_2.predict)=90.52%
[ 2022-07-17 21:09:24,292][kfold_wrapper.log_eval_metrics] Accuracy(layer_2 - estimator_1 - 5_folds.train_3.predict)=89.89%
[ 2022-07-17 21:09:25,513][kfold_wrapper.log_eval_metrics] Accuracy(layer_2 - estimator_1 - 5_folds.train_4.predict)=90.26%
[ 2022-07-17 21:09:25,521][kfold_wrapper.log_eval_metrics] Accuracy(layer_2 - estimator_1 - 5_folds.train_cv.predict)=90.61%
[ 2022-07-17 21:09:59,102][kfold_wrapper.log_eval_metrics] Accuracy(layer_2 - estimator_2 - 5_folds.train_0.predict)=90.33%
[ 2022-07-17 21:10:28,892][kfold_wrapper.log_eval_metrics] Accuracy(layer_2 - estimator_2 - 5_folds.train_1.predict)=91.27%
[ 2022-07-17 21:11:00,166][kfold_wrapper.log_eval_metrics] Accuracy(layer_2 - estimator_2 - 5_folds.train_2.predict)=89.89%
[ 2022-07-17 21:11:27,460][kfold_wrapper.log_eval_metrics] Accuracy(layer_2 - estimator_2 - 5_folds.train_3.predict)=90.96%
[ 2022-07-17 21:11:55,304][kfold_wrapper.log_eval_metrics] Accuracy(layer_2 - estimator_2 - 5_folds.train_4.predict)=90.77%
[ 2022-07-17 21:11:55,304][kfold_wrapper.log_eval_metrics] Accuracy(layer_2 - estimator_2 - 5_folds.train_cv.predict)=90.65%
[ 2022-07-17 21:12:24,549][kfold_wrapper.log_eval_metrics] Accuracy(layer_2 - estimator_3 - 5_folds.train_0.predict)=91.90%
[ 2022-07-17 21:13:00,505][kfold_wrapper.log_eval_metrics] Accuracy(layer_2 - estimator_3 - 5_folds.train_1.predict)=90.77%
[ 2022-07-17 21:13:34,781][kfold_wrapper.log_eval_metrics] Accuracy(layer_2 - estimator_3 - 5_folds.train_2.predict)=89.33%
[ 2022-07-17 21:14:09,374][kfold_wrapper.log_eval_metrics] Accuracy(layer_2 - estimator_3 - 5_folds.train_3.predict)=90.46%
[ 2022-07-17 21:14:41,068][kfold_wrapper.log_eval_metrics] Accuracy(layer_2 - estimator_3 - 5_folds.train_4.predict)=89.45%
[ 2022-07-17 21:14:41,082][kfold_wrapper.log_eval_metrics] Accuracy(layer_2 - estimator_3 - 5_folds.train_cv.predict)=90.38%
[ 2022-07-17 21:14:41,083][cascade_classifier.calc_accuracy] Accuracy(layer_2 - train.classifier_average)=90.87%
[ 2022-07-17 21:14:41,084][cascade_classifier.calc_auc] AUC(layer_2 - train.classifier_average)=0.96%
[ 2022-07-17 21:14:41,162][cascade_classifier.fit_transform] [layer=3] look_indexs=[0], X_cur_train.shape=(7964, 208), X_cur_test.shape=(0, 208)
[ 2022-07-17 21:14:42,425][kfold_wrapper.log_eval_metrics] Accuracy(layer_3 - estimator_0 - 5_folds.train_0.predict)=90.40%
[ 2022-07-17 21:14:43,630][kfold_wrapper.log_eval_metrics] Accuracy(layer_3 - estimator_0 - 5_folds.train_1.predict)=91.09%
[ 2022-07-17 21:14:44,850][kfold_wrapper.log_eval_metrics] Accuracy(layer_3 - estimator_0 - 5_folds.train_2.predict)=90.21%
[ 2022-07-17 21:14:46,092][kfold_wrapper.log_eval_metrics] Accuracy(layer_3 - estimator_0 - 5_folds.train_3.predict)=91.27%
[ 2022-07-17 21:14:47,322][kfold_wrapper.log_eval_metrics] Accuracy(layer_3 - estimator_0 - 5_folds.train_4.predict)=88.76%
[ 2022-07-17 21:14:47,338][kfold_wrapper.log_eval_metrics] Accuracy(layer_3 - estimator_0 - 5_folds.train_cv.predict)=90.34%
[ 2022-07-17 21:14:48,594][kfold_wrapper.log_eval_metrics] Accuracy(layer_3 - estimator_1 - 5_folds.train_0.predict)=90.65%
[ 2022-07-17 21:14:49,807][kfold_wrapper.log_eval_metrics] Accuracy(layer_3 - estimator_1 - 5_folds.train_1.predict)=89.77%
[ 2022-07-17 21:14:50,979][kfold_wrapper.log_eval_metrics] Accuracy(layer_3 - estimator_1 - 5_folds.train_2.predict)=89.27%
[ 2022-07-17 21:14:52,211][kfold_wrapper.log_eval_metrics] Accuracy(layer_3 - estimator_1 - 5_folds.train_3.predict)=90.52%
[ 2022-07-17 21:14:53,448][kfold_wrapper.log_eval_metrics] Accuracy(layer_3 - estimator_1 - 5_folds.train_4.predict)=90.70%
[ 2022-07-17 21:14:53,449][kfold_wrapper.log_eval_metrics] Accuracy(layer_3 - estimator_1 - 5_folds.train_cv.predict)=90.18%
[ 2022-07-17 21:15:20,939][kfold_wrapper.log_eval_metrics] Accuracy(layer_3 - estimator_2 - 5_folds.train_0.predict)=90.08%
[ 2022-07-17 21:15:48,433][kfold_wrapper.log_eval_metrics] Accuracy(layer_3 - estimator_2 - 5_folds.train_1.predict)=89.83%
[ 2022-07-17 21:16:16,838][kfold_wrapper.log_eval_metrics] Accuracy(layer_3 - estimator_2 - 5_folds.train_2.predict)=90.52%
[ 2022-07-17 21:16:50,958][kfold_wrapper.log_eval_metrics] Accuracy(layer_3 - estimator_2 - 5_folds.train_3.predict)=89.83%
[ 2022-07-17 21:17:26,198][kfold_wrapper.log_eval_metrics] Accuracy(layer_3 - estimator_2 - 5_folds.train_4.predict)=90.01%
[ 2022-07-17 21:17:26,198][kfold_wrapper.log_eval_metrics] Accuracy(layer_3 - estimator_2 - 5_folds.train_cv.predict)=90.06%
[ 2022-07-17 21:17:59,450][kfold_wrapper.log_eval_metrics] Accuracy(layer_3 - estimator_3 - 5_folds.train_0.predict)=89.77%
[ 2022-07-17 21:18:30,368][kfold_wrapper.log_eval_metrics] Accuracy(layer_3 - estimator_3 - 5_folds.train_1.predict)=88.76%
[ 2022-07-17 21:19:02,993][kfold_wrapper.log_eval_metrics] Accuracy(layer_3 - estimator_3 - 5_folds.train_2.predict)=89.01%
[ 2022-07-17 21:19:30,780][kfold_wrapper.log_eval_metrics] Accuracy(layer_3 - estimator_3 - 5_folds.train_3.predict)=89.20%
[ 2022-07-17 21:19:58,444][kfold_wrapper.log_eval_metrics] Accuracy(layer_3 - estimator_3 - 5_folds.train_4.predict)=91.21%
[ 2022-07-17 21:19:58,444][kfold_wrapper.log_eval_metrics] Accuracy(layer_3 - estimator_3 - 5_folds.train_cv.predict)=89.59%
[ 2022-07-17 21:19:58,444][cascade_classifier.calc_accuracy] Accuracy(layer_3 - train.classifier_average)=90.39%
[ 2022-07-17 21:19:58,448][cascade_classifier.calc_auc] AUC(layer_3 - train.classifier_average)=0.96%
[ 2022-07-17 21:19:58,448][cascade_classifier.fit_transform] [Result][Optimal Level Detected] opt_layer_num=1, accuracy_train=0.97%, accuracy_test=0.00%
[ 2022-07-17 21:19:58,479][cascade_classifier.transform] X_groups_test.shape=[(1992, 200)]
[ 2022-07-17 21:19:58,479][cascade_classifier.transform] group_dims=[200]
[ 2022-07-17 21:19:58,479][cascade_classifier.transform] X_test.shape=(1992, 200)
[ 2022-07-17 21:19:58,495][cascade_classifier.transform] [layer=0] look_indexs=[0], X_cur_test.shape=(1992, 200)
[ 2022-07-17 21:20:01,539][cascade_classifier.transform] X_groups_test.shape=[(1992, 200)]
[ 2022-07-17 21:20:01,539][cascade_classifier.transform] group_dims=[200]
[ 2022-07-17 21:20:01,539][cascade_classifier.transform] X_test.shape=(1992, 200)
[ 2022-07-17 21:20:01,539][cascade_classifier.transform] [layer=0] look_indexs=[0], X_cur_test.shape=(1992, 200)
[ 2022-07-17 21:20:04,696][cascade_classifier.fit_transform] X_groups_train.shape=[(7965, 200)],y_train.shape=(7965,),X_groups_test.shape=no_test,y_test.shape=no_test
[ 2022-07-17 21:20:04,712][cascade_classifier.fit_transform] group_dims=[200]
[ 2022-07-17 21:20:04,712][cascade_classifier.fit_transform] group_starts=[0]
[ 2022-07-17 21:20:04,712][cascade_classifier.fit_transform] group_ends=[200]
[ 2022-07-17 21:20:04,712][cascade_classifier.fit_transform] X_train.shape=(7965, 200),X_test.shape=(0, 200)
[ 2022-07-17 21:20:04,743][cascade_classifier.fit_transform] [layer=0] look_indexs=[0], X_cur_train.shape=(7965, 200), X_cur_test.shape=(0, 200)
[ 2022-07-17 21:20:05,997][kfold_wrapper.log_eval_metrics] Accuracy(layer_0 - estimator_0 - 5_folds.train_0.predict)=90.40%
[ 2022-07-17 21:20:07,308][kfold_wrapper.log_eval_metrics] Accuracy(layer_0 - estimator_0 - 5_folds.train_1.predict)=91.21%
[ 2022-07-17 21:20:08,539][kfold_wrapper.log_eval_metrics] Accuracy(layer_0 - estimator_0 - 5_folds.train_2.predict)=91.78%
[ 2022-07-17 21:20:09,746][kfold_wrapper.log_eval_metrics] Accuracy(layer_0 - estimator_0 - 5_folds.train_3.predict)=90.21%
[ 2022-07-17 21:20:11,011][kfold_wrapper.log_eval_metrics] Accuracy(layer_0 - estimator_0 - 5_folds.train_4.predict)=91.02%
[ 2022-07-17 21:20:11,022][kfold_wrapper.log_eval_metrics] Accuracy(layer_0 - estimator_0 - 5_folds.train_cv.predict)=90.92%
[ 2022-07-17 21:20:12,270][kfold_wrapper.log_eval_metrics] Accuracy(layer_0 - estimator_1 - 5_folds.train_0.predict)=90.90%
[ 2022-07-17 21:20:13,512][kfold_wrapper.log_eval_metrics] Accuracy(layer_0 - estimator_1 - 5_folds.train_1.predict)=89.70%
[ 2022-07-17 21:20:14,756][kfold_wrapper.log_eval_metrics] Accuracy(layer_0 - estimator_1 - 5_folds.train_2.predict)=91.78%
[ 2022-07-17 21:20:15,962][kfold_wrapper.log_eval_metrics] Accuracy(layer_0 - estimator_1 - 5_folds.train_3.predict)=92.22%
[ 2022-07-17 21:20:17,213][kfold_wrapper.log_eval_metrics] Accuracy(layer_0 - estimator_1 - 5_folds.train_4.predict)=91.40%
[ 2022-07-17 21:20:17,213][kfold_wrapper.log_eval_metrics] Accuracy(layer_0 - estimator_1 - 5_folds.train_cv.predict)=91.20%
[ 2022-07-17 21:20:51,535][kfold_wrapper.log_eval_metrics] Accuracy(layer_0 - estimator_2 - 5_folds.train_0.predict)=90.77%
[ 2022-07-17 21:31:30,347][cascade_classifier.fit_transform] X_groups_train.shape=[(7964, 400)],y_train.shape=(7964,),X_groups_test.shape=no_test,y_test.shape=no_test
[ 2022-07-17 21:31:30,362][cascade_classifier.fit_transform] group_dims=[400]
[ 2022-07-17 21:31:30,362][cascade_classifier.fit_transform] group_starts=[0]
[ 2022-07-17 21:31:30,362][cascade_classifier.fit_transform] group_ends=[400]
[ 2022-07-17 21:31:30,362][cascade_classifier.fit_transform] X_train.shape=(7964, 400),X_test.shape=(0, 400)
[ 2022-07-17 21:31:30,362][cascade_classifier.fit_transform] [layer=0] look_indexs=[0], X_cur_train.shape=(7964, 400), X_cur_test.shape=(0, 400)
[ 2022-07-17 21:31:31,701][kfold_wrapper.log_eval_metrics] Accuracy(layer_0 - estimator_0 - 5_folds.train_0.predict)=91.90%
[ 2022-07-17 21:31:33,052][kfold_wrapper.log_eval_metrics] Accuracy(layer_0 - estimator_0 - 5_folds.train_1.predict)=92.47%
[ 2022-07-17 21:31:34,330][kfold_wrapper.log_eval_metrics] Accuracy(layer_0 - estimator_0 - 5_folds.train_2.predict)=92.40%
[ 2022-07-17 21:31:35,786][kfold_wrapper.log_eval_metrics] Accuracy(layer_0 - estimator_0 - 5_folds.train_3.predict)=92.28%
[ 2022-07-17 21:31:37,118][kfold_wrapper.log_eval_metrics] Accuracy(layer_0 - estimator_0 - 5_folds.train_4.predict)=91.65%
[ 2022-07-17 21:31:37,120][kfold_wrapper.log_eval_metrics] Accuracy(layer_0 - estimator_0 - 5_folds.train_cv.predict)=92.14%
[ 2022-07-17 21:31:38,443][kfold_wrapper.log_eval_metrics] Accuracy(layer_0 - estimator_1 - 5_folds.train_0.predict)=90.58%
[ 2022-07-17 21:31:39,775][kfold_wrapper.log_eval_metrics] Accuracy(layer_0 - estimator_1 - 5_folds.train_1.predict)=92.53%
[ 2022-07-17 21:31:41,073][kfold_wrapper.log_eval_metrics] Accuracy(layer_0 - estimator_1 - 5_folds.train_2.predict)=90.90%
[ 2022-07-17 21:31:42,393][kfold_wrapper.log_eval_metrics] Accuracy(layer_0 - estimator_1 - 5_folds.train_3.predict)=90.90%
[ 2022-07-17 21:31:43,710][kfold_wrapper.log_eval_metrics] Accuracy(layer_0 - estimator_1 - 5_folds.train_4.predict)=93.22%
[ 2022-07-17 21:31:43,712][kfold_wrapper.log_eval_metrics] Accuracy(layer_0 - estimator_1 - 5_folds.train_cv.predict)=91.62%
[ 2022-07-17 21:32:22,854][kfold_wrapper.log_eval_metrics] Accuracy(layer_0 - estimator_2 - 5_folds.train_0.predict)=92.97%
[ 2022-07-17 21:33:09,084][kfold_wrapper.log_eval_metrics] Accuracy(layer_0 - estimator_2 - 5_folds.train_1.predict)=92.03%
[ 2022-07-17 21:33:55,014][kfold_wrapper.log_eval_metrics] Accuracy(layer_0 - estimator_2 - 5_folds.train_2.predict)=90.71%
[ 2022-07-17 21:34:38,289][kfold_wrapper.log_eval_metrics] Accuracy(layer_0 - estimator_2 - 5_folds.train_3.predict)=91.65%
[ 2022-07-17 21:35:18,886][kfold_wrapper.log_eval_metrics] Accuracy(layer_0 - estimator_2 - 5_folds.train_4.predict)=92.34%
[ 2022-07-17 21:35:18,886][kfold_wrapper.log_eval_metrics] Accuracy(layer_0 - estimator_2 - 5_folds.train_cv.predict)=91.94%
[ 2022-07-17 21:35:57,978][kfold_wrapper.log_eval_metrics] Accuracy(layer_0 - estimator_3 - 5_folds.train_0.predict)=91.34%
[ 2022-07-17 21:40:57,564][cascade_classifier.fit_transform] X_groups_train.shape=[(7964, 400)],y_train.shape=(7964,),X_groups_test.shape=no_test,y_test.shape=no_test
[ 2022-07-17 21:40:57,579][cascade_classifier.fit_transform] group_dims=[400]
[ 2022-07-17 21:40:57,579][cascade_classifier.fit_transform] group_starts=[0]
[ 2022-07-17 21:40:57,579][cascade_classifier.fit_transform] group_ends=[400]
[ 2022-07-17 21:40:57,579][cascade_classifier.fit_transform] X_train.shape=(7964, 400),X_test.shape=(0, 400)
[ 2022-07-17 21:40:57,579][cascade_classifier.fit_transform] [layer=0] look_indexs=[0], X_cur_train.shape=(7964, 400), X_cur_test.shape=(0, 400)
[ 2022-07-17 21:40:58,961][kfold_wrapper.log_eval_metrics] Accuracy(layer_0 - estimator_0 - 5_folds.train_0.predict)=92.97%
[ 2022-07-17 21:41:00,433][kfold_wrapper.log_eval_metrics] Accuracy(layer_0 - estimator_0 - 5_folds.train_1.predict)=91.78%
[ 2022-07-17 21:41:01,764][kfold_wrapper.log_eval_metrics] Accuracy(layer_0 - estimator_0 - 5_folds.train_2.predict)=91.78%
[ 2022-07-17 21:41:03,103][kfold_wrapper.log_eval_metrics] Accuracy(layer_0 - estimator_0 - 5_folds.train_3.predict)=91.15%
[ 2022-07-17 21:41:04,374][kfold_wrapper.log_eval_metrics] Accuracy(layer_0 - estimator_0 - 5_folds.train_4.predict)=90.95%
[ 2022-07-17 21:41:04,374][kfold_wrapper.log_eval_metrics] Accuracy(layer_0 - estimator_0 - 5_folds.train_cv.predict)=91.73%
[ 2022-07-17 21:41:05,939][kfold_wrapper.log_eval_metrics] Accuracy(layer_0 - estimator_1 - 5_folds.train_0.predict)=91.84%
[ 2022-07-17 21:41:07,277][kfold_wrapper.log_eval_metrics] Accuracy(layer_0 - estimator_1 - 5_folds.train_1.predict)=92.15%
[ 2022-07-17 21:41:08,568][kfold_wrapper.log_eval_metrics] Accuracy(layer_0 - estimator_1 - 5_folds.train_2.predict)=91.90%
[ 2022-07-17 21:41:09,903][kfold_wrapper.log_eval_metrics] Accuracy(layer_0 - estimator_1 - 5_folds.train_3.predict)=91.34%
[ 2022-07-17 21:41:11,265][kfold_wrapper.log_eval_metrics] Accuracy(layer_0 - estimator_1 - 5_folds.train_4.predict)=91.21%
[ 2022-07-17 21:41:11,274][kfold_wrapper.log_eval_metrics] Accuracy(layer_0 - estimator_1 - 5_folds.train_cv.predict)=91.69%
[ 2022-07-17 21:41:56,958][kfold_wrapper.log_eval_metrics] Accuracy(layer_0 - estimator_2 - 5_folds.train_0.predict)=91.65%
[ 2022-07-17 21:42:39,256][kfold_wrapper.log_eval_metrics] Accuracy(layer_0 - estimator_2 - 5_folds.train_1.predict)=91.40%
[ 2022-07-17 21:43:20,427][kfold_wrapper.log_eval_metrics] Accuracy(layer_0 - estimator_2 - 5_folds.train_2.predict)=90.40%
[ 2022-07-17 21:43:59,781][kfold_wrapper.log_eval_metrics] Accuracy(layer_0 - estimator_2 - 5_folds.train_3.predict)=92.28%
[ 2022-07-17 21:44:43,191][kfold_wrapper.log_eval_metrics] Accuracy(layer_0 - estimator_2 - 5_folds.train_4.predict)=90.83%
[ 2022-07-17 21:44:43,191][kfold_wrapper.log_eval_metrics] Accuracy(layer_0 - estimator_2 - 5_folds.train_cv.predict)=91.31%
[ 2022-07-17 21:45:29,331][kfold_wrapper.log_eval_metrics] Accuracy(layer_0 - estimator_3 - 5_folds.train_0.predict)=91.46%
[ 2022-07-17 21:46:13,354][kfold_wrapper.log_eval_metrics] Accuracy(layer_0 - estimator_3 - 5_folds.train_1.predict)=91.84%
[ 2022-07-17 21:46:57,581][kfold_wrapper.log_eval_metrics] Accuracy(layer_0 - estimator_3 - 5_folds.train_2.predict)=91.71%
[ 2022-07-17 21:47:36,699][kfold_wrapper.log_eval_metrics] Accuracy(layer_0 - estimator_3 - 5_folds.train_3.predict)=91.15%
[ 2022-07-17 21:48:16,499][kfold_wrapper.log_eval_metrics] Accuracy(layer_0 - estimator_3 - 5_folds.train_4.predict)=91.96%
[ 2022-07-17 21:48:16,499][kfold_wrapper.log_eval_metrics] Accuracy(layer_0 - estimator_3 - 5_folds.train_cv.predict)=91.62%
[ 2022-07-17 21:48:16,499][cascade_classifier.calc_accuracy] Accuracy(layer_0 - train.classifier_average)=91.95%
[ 2022-07-17 21:48:16,499][cascade_classifier.calc_auc] AUC(layer_0 - train.classifier_average)=0.97%
[ 2022-07-17 21:48:16,515][cascade_classifier.fit_transform] [layer=1] look_indexs=[0], X_cur_train.shape=(7964, 408), X_cur_test.shape=(0, 408)
[ 2022-07-17 21:48:18,293][kfold_wrapper.log_eval_metrics] Accuracy(layer_1 - estimator_0 - 5_folds.train_0.predict)=91.65%
[ 2022-07-17 21:48:19,760][kfold_wrapper.log_eval_metrics] Accuracy(layer_1 - estimator_0 - 5_folds.train_1.predict)=91.59%
[ 2022-07-17 21:48:21,084][kfold_wrapper.log_eval_metrics] Accuracy(layer_1 - estimator_0 - 5_folds.train_2.predict)=92.53%
[ 2022-07-17 21:48:22,628][kfold_wrapper.log_eval_metrics] Accuracy(layer_1 - estimator_0 - 5_folds.train_3.predict)=91.40%
[ 2022-07-17 21:48:23,945][kfold_wrapper.log_eval_metrics] Accuracy(layer_1 - estimator_0 - 5_folds.train_4.predict)=92.09%
[ 2022-07-17 21:48:23,945][kfold_wrapper.log_eval_metrics] Accuracy(layer_1 - estimator_0 - 5_folds.train_cv.predict)=91.85%
[ 2022-07-17 21:48:25,296][kfold_wrapper.log_eval_metrics] Accuracy(layer_1 - estimator_1 - 5_folds.train_0.predict)=91.40%
[ 2022-07-17 21:48:26,681][kfold_wrapper.log_eval_metrics] Accuracy(layer_1 - estimator_1 - 5_folds.train_1.predict)=92.28%
[ 2022-07-17 21:48:28,025][kfold_wrapper.log_eval_metrics] Accuracy(layer_1 - estimator_1 - 5_folds.train_2.predict)=92.47%
[ 2022-07-17 21:48:29,516][kfold_wrapper.log_eval_metrics] Accuracy(layer_1 - estimator_1 - 5_folds.train_3.predict)=91.21%
[ 2022-07-17 21:48:31,174][kfold_wrapper.log_eval_metrics] Accuracy(layer_1 - estimator_1 - 5_folds.train_4.predict)=91.58%
[ 2022-07-17 21:48:31,184][kfold_wrapper.log_eval_metrics] Accuracy(layer_1 - estimator_1 - 5_folds.train_cv.predict)=91.79%
[ 2022-07-17 21:49:17,673][kfold_wrapper.log_eval_metrics] Accuracy(layer_1 - estimator_2 - 5_folds.train_0.predict)=91.34%
[ 2022-07-17 21:50:03,305][kfold_wrapper.log_eval_metrics] Accuracy(layer_1 - estimator_2 - 5_folds.train_1.predict)=91.15%
[ 2022-07-17 21:50:46,605][kfold_wrapper.log_eval_metrics] Accuracy(layer_1 - estimator_2 - 5_folds.train_2.predict)=91.53%
[ 2022-07-17 21:51:25,619][kfold_wrapper.log_eval_metrics] Accuracy(layer_1 - estimator_2 - 5_folds.train_3.predict)=92.66%
[ 2022-07-17 21:52:05,200][kfold_wrapper.log_eval_metrics] Accuracy(layer_1 - estimator_2 - 5_folds.train_4.predict)=91.02%
[ 2022-07-17 21:52:05,200][kfold_wrapper.log_eval_metrics] Accuracy(layer_1 - estimator_2 - 5_folds.train_cv.predict)=91.54%
[ 2022-07-17 21:52:48,701][kfold_wrapper.log_eval_metrics] Accuracy(layer_1 - estimator_3 - 5_folds.train_0.predict)=91.02%
[ 2022-07-17 21:53:34,136][kfold_wrapper.log_eval_metrics] Accuracy(layer_1 - estimator_3 - 5_folds.train_1.predict)=92.03%
[ 2022-07-17 21:54:16,202][kfold_wrapper.log_eval_metrics] Accuracy(layer_1 - estimator_3 - 5_folds.train_2.predict)=90.27%
[ 2022-07-17 21:54:59,840][kfold_wrapper.log_eval_metrics] Accuracy(layer_1 - estimator_3 - 5_folds.train_3.predict)=91.53%
[ 2022-07-17 21:55:37,299][kfold_wrapper.log_eval_metrics] Accuracy(layer_1 - estimator_3 - 5_folds.train_4.predict)=91.02%
[ 2022-07-17 21:55:37,299][kfold_wrapper.log_eval_metrics] Accuracy(layer_1 - estimator_3 - 5_folds.train_cv.predict)=91.17%
[ 2022-07-17 21:55:37,299][cascade_classifier.calc_accuracy] Accuracy(layer_1 - train.classifier_average)=92.00%
[ 2022-07-17 21:55:37,299][cascade_classifier.calc_auc] AUC(layer_1 - train.classifier_average)=0.97%
[ 2022-07-17 21:55:37,321][cascade_classifier.fit_transform] [layer=2] look_indexs=[0], X_cur_train.shape=(7964, 408), X_cur_test.shape=(0, 408)
[ 2022-07-17 21:55:38,818][kfold_wrapper.log_eval_metrics] Accuracy(layer_2 - estimator_0 - 5_folds.train_0.predict)=92.72%
[ 2022-07-17 21:55:40,161][kfold_wrapper.log_eval_metrics] Accuracy(layer_2 - estimator_0 - 5_folds.train_1.predict)=90.65%
[ 2022-07-17 21:55:41,408][kfold_wrapper.log_eval_metrics] Accuracy(layer_2 - estimator_0 - 5_folds.train_2.predict)=90.27%
[ 2022-07-17 21:55:42,753][kfold_wrapper.log_eval_metrics] Accuracy(layer_2 - estimator_0 - 5_folds.train_3.predict)=91.15%
[ 2022-07-17 21:55:44,090][kfold_wrapper.log_eval_metrics] Accuracy(layer_2 - estimator_0 - 5_folds.train_4.predict)=91.71%
[ 2022-07-17 21:55:44,100][kfold_wrapper.log_eval_metrics] Accuracy(layer_2 - estimator_0 - 5_folds.train_cv.predict)=91.30%
[ 2022-07-17 21:55:45,420][kfold_wrapper.log_eval_metrics] Accuracy(layer_2 - estimator_1 - 5_folds.train_0.predict)=91.78%
[ 2022-07-17 21:55:46,781][kfold_wrapper.log_eval_metrics] Accuracy(layer_2 - estimator_1 - 5_folds.train_1.predict)=92.28%
[ 2022-07-17 21:55:48,293][kfold_wrapper.log_eval_metrics] Accuracy(layer_2 - estimator_1 - 5_folds.train_2.predict)=90.90%
[ 2022-07-17 21:55:49,561][kfold_wrapper.log_eval_metrics] Accuracy(layer_2 - estimator_1 - 5_folds.train_3.predict)=90.40%
[ 2022-07-17 21:55:50,862][kfold_wrapper.log_eval_metrics] Accuracy(layer_2 - estimator_1 - 5_folds.train_4.predict)=91.83%
[ 2022-07-17 21:55:50,862][kfold_wrapper.log_eval_metrics] Accuracy(layer_2 - estimator_1 - 5_folds.train_cv.predict)=91.44%
[ 2022-07-17 21:56:32,240][kfold_wrapper.log_eval_metrics] Accuracy(layer_2 - estimator_2 - 5_folds.train_0.predict)=90.96%
[ 2022-07-17 21:57:18,593][kfold_wrapper.log_eval_metrics] Accuracy(layer_2 - estimator_2 - 5_folds.train_1.predict)=89.83%
[ 2022-07-17 21:58:03,380][kfold_wrapper.log_eval_metrics] Accuracy(layer_2 - estimator_2 - 5_folds.train_2.predict)=91.21%
[ 2022-07-17 21:58:45,955][kfold_wrapper.log_eval_metrics] Accuracy(layer_2 - estimator_2 - 5_folds.train_3.predict)=92.09%
[ 2022-07-17 21:59:24,590][kfold_wrapper.log_eval_metrics] Accuracy(layer_2 - estimator_2 - 5_folds.train_4.predict)=90.52%
[ 2022-07-17 21:59:24,606][kfold_wrapper.log_eval_metrics] Accuracy(layer_2 - estimator_2 - 5_folds.train_cv.predict)=90.92%
[ 2022-07-17 22:00:03,736][kfold_wrapper.log_eval_metrics] Accuracy(layer_2 - estimator_3 - 5_folds.train_0.predict)=90.96%
[ 2022-07-17 22:00:47,293][kfold_wrapper.log_eval_metrics] Accuracy(layer_2 - estimator_3 - 5_folds.train_1.predict)=91.02%
[ 2022-07-17 22:01:32,928][kfold_wrapper.log_eval_metrics] Accuracy(layer_2 - estimator_3 - 5_folds.train_2.predict)=91.96%
[ 2022-07-17 22:02:15,103][kfold_wrapper.log_eval_metrics] Accuracy(layer_2 - estimator_3 - 5_folds.train_3.predict)=90.83%
[ 2022-07-17 22:02:58,955][kfold_wrapper.log_eval_metrics] Accuracy(layer_2 - estimator_3 - 5_folds.train_4.predict)=90.20%
[ 2022-07-17 22:02:58,971][kfold_wrapper.log_eval_metrics] Accuracy(layer_2 - estimator_3 - 5_folds.train_cv.predict)=91.00%
[ 2022-07-17 22:02:58,971][cascade_classifier.calc_accuracy] Accuracy(layer_2 - train.classifier_average)=91.46%
[ 2022-07-17 22:02:58,971][cascade_classifier.calc_auc] AUC(layer_2 - train.classifier_average)=0.96%
[ 2022-07-17 22:02:58,971][cascade_classifier.fit_transform] [layer=3] look_indexs=[0], X_cur_train.shape=(7964, 408), X_cur_test.shape=(0, 408)
[ 2022-07-17 22:03:00,466][kfold_wrapper.log_eval_metrics] Accuracy(layer_3 - estimator_0 - 5_folds.train_0.predict)=91.21%
[ 2022-07-17 22:03:01,766][kfold_wrapper.log_eval_metrics] Accuracy(layer_3 - estimator_0 - 5_folds.train_1.predict)=91.21%
[ 2022-07-17 22:03:03,131][kfold_wrapper.log_eval_metrics] Accuracy(layer_3 - estimator_0 - 5_folds.train_2.predict)=90.58%
[ 2022-07-17 22:03:04,565][kfold_wrapper.log_eval_metrics] Accuracy(layer_3 - estimator_0 - 5_folds.train_3.predict)=91.09%
[ 2022-07-17 22:03:05,943][kfold_wrapper.log_eval_metrics] Accuracy(layer_3 - estimator_0 - 5_folds.train_4.predict)=91.27%
[ 2022-07-17 22:03:05,945][kfold_wrapper.log_eval_metrics] Accuracy(layer_3 - estimator_0 - 5_folds.train_cv.predict)=91.07%
[ 2022-07-17 22:03:07,267][kfold_wrapper.log_eval_metrics] Accuracy(layer_3 - estimator_1 - 5_folds.train_0.predict)=90.08%
[ 2022-07-17 22:03:08,576][kfold_wrapper.log_eval_metrics] Accuracy(layer_3 - estimator_1 - 5_folds.train_1.predict)=92.03%
[ 2022-07-17 22:03:09,849][kfold_wrapper.log_eval_metrics] Accuracy(layer_3 - estimator_1 - 5_folds.train_2.predict)=90.33%
[ 2022-07-17 22:03:11,067][kfold_wrapper.log_eval_metrics] Accuracy(layer_3 - estimator_1 - 5_folds.train_3.predict)=91.96%
[ 2022-07-17 22:03:12,316][kfold_wrapper.log_eval_metrics] Accuracy(layer_3 - estimator_1 - 5_folds.train_4.predict)=90.95%
[ 2022-07-17 22:03:12,325][kfold_wrapper.log_eval_metrics] Accuracy(layer_3 - estimator_1 - 5_folds.train_cv.predict)=91.07%
[ 2022-07-17 22:03:51,249][kfold_wrapper.log_eval_metrics] Accuracy(layer_3 - estimator_2 - 5_folds.train_0.predict)=90.96%
[ 2022-07-17 22:04:32,523][kfold_wrapper.log_eval_metrics] Accuracy(layer_3 - estimator_2 - 5_folds.train_1.predict)=90.46%
[ 2022-07-17 22:05:18,843][kfold_wrapper.log_eval_metrics] Accuracy(layer_3 - estimator_2 - 5_folds.train_2.predict)=90.27%
[ 2022-07-17 22:06:02,471][kfold_wrapper.log_eval_metrics] Accuracy(layer_3 - estimator_2 - 5_folds.train_3.predict)=90.46%
[ 2022-07-17 22:06:45,145][kfold_wrapper.log_eval_metrics] Accuracy(layer_3 - estimator_2 - 5_folds.train_4.predict)=91.08%
[ 2022-07-17 22:06:45,145][kfold_wrapper.log_eval_metrics] Accuracy(layer_3 - estimator_2 - 5_folds.train_cv.predict)=90.65%
[ 2022-07-17 22:07:24,556][kfold_wrapper.log_eval_metrics] Accuracy(layer_3 - estimator_3 - 5_folds.train_0.predict)=91.53%
[ 2022-07-17 22:08:03,114][kfold_wrapper.log_eval_metrics] Accuracy(layer_3 - estimator_3 - 5_folds.train_1.predict)=90.08%
[ 2022-07-17 22:08:46,144][kfold_wrapper.log_eval_metrics] Accuracy(layer_3 - estimator_3 - 5_folds.train_2.predict)=90.27%
[ 2022-07-17 22:09:31,822][kfold_wrapper.log_eval_metrics] Accuracy(layer_3 - estimator_3 - 5_folds.train_3.predict)=90.02%
[ 2022-07-17 22:10:13,655][kfold_wrapper.log_eval_metrics] Accuracy(layer_3 - estimator_3 - 5_folds.train_4.predict)=90.70%
[ 2022-07-17 22:10:13,655][kfold_wrapper.log_eval_metrics] Accuracy(layer_3 - estimator_3 - 5_folds.train_cv.predict)=90.52%
[ 2022-07-17 22:10:13,655][cascade_classifier.calc_accuracy] Accuracy(layer_3 - train.classifier_average)=91.01%
[ 2022-07-17 22:10:13,655][cascade_classifier.calc_auc] AUC(layer_3 - train.classifier_average)=0.96%
[ 2022-07-17 22:10:13,655][cascade_classifier.fit_transform] [Result][Optimal Level Detected] opt_layer_num=1, accuracy_train=0.97%, accuracy_test=0.00%
[ 2022-07-17 22:10:13,686][cascade_classifier.transform] X_groups_test.shape=[(1992, 400)]
[ 2022-07-17 22:10:13,686][cascade_classifier.transform] group_dims=[400]
[ 2022-07-17 22:10:13,686][cascade_classifier.transform] X_test.shape=(1992, 400)
[ 2022-07-17 22:10:13,686][cascade_classifier.transform] [layer=0] look_indexs=[0], X_cur_test.shape=(1992, 400)
[ 2022-07-17 22:10:15,066][cascade_classifier.transform] X_groups_test.shape=[(1992, 400)]
[ 2022-07-17 22:10:15,066][cascade_classifier.transform] group_dims=[400]
[ 2022-07-17 22:10:15,066][cascade_classifier.transform] X_test.shape=(1992, 400)
[ 2022-07-17 22:10:15,066][cascade_classifier.transform] [layer=0] look_indexs=[0], X_cur_test.shape=(1992, 400)
[ 2022-07-17 22:10:16,406][cascade_classifier.fit_transform] X_groups_train.shape=[(7965, 400)],y_train.shape=(7965,),X_groups_test.shape=no_test,y_test.shape=no_test
[ 2022-07-17 22:10:16,425][cascade_classifier.fit_transform] group_dims=[400]
[ 2022-07-17 22:10:16,425][cascade_classifier.fit_transform] group_starts=[0]
[ 2022-07-17 22:10:16,425][cascade_classifier.fit_transform] group_ends=[400]
[ 2022-07-17 22:10:16,425][cascade_classifier.fit_transform] X_train.shape=(7965, 400),X_test.shape=(0, 400)
[ 2022-07-17 22:10:16,425][cascade_classifier.fit_transform] [layer=0] look_indexs=[0], X_cur_train.shape=(7965, 400), X_cur_test.shape=(0, 400)
[ 2022-07-17 22:10:17,902][kfold_wrapper.log_eval_metrics] Accuracy(layer_0 - estimator_0 - 5_folds.train_0.predict)=91.78%
[ 2022-07-17 22:10:19,266][kfold_wrapper.log_eval_metrics] Accuracy(layer_0 - estimator_0 - 5_folds.train_1.predict)=91.84%
[ 2022-07-17 22:10:20,790][kfold_wrapper.log_eval_metrics] Accuracy(layer_0 - estimator_0 - 5_folds.train_2.predict)=92.72%
[ 2022-07-17 22:10:22,205][kfold_wrapper.log_eval_metrics] Accuracy(layer_0 - estimator_0 - 5_folds.train_3.predict)=90.21%
[ 2022-07-17 22:10:23,751][kfold_wrapper.log_eval_metrics] Accuracy(layer_0 - estimator_0 - 5_folds.train_4.predict)=92.03%
[ 2022-07-17 22:10:23,751][kfold_wrapper.log_eval_metrics] Accuracy(layer_0 - estimator_0 - 5_folds.train_cv.predict)=91.71%
[ 2022-07-17 22:10:25,541][kfold_wrapper.log_eval_metrics] Accuracy(layer_0 - estimator_1 - 5_folds.train_0.predict)=91.78%
[ 2022-07-17 22:10:27,311][kfold_wrapper.log_eval_metrics] Accuracy(layer_0 - estimator_1 - 5_folds.train_1.predict)=91.21%
[ 2022-07-17 22:10:29,162][kfold_wrapper.log_eval_metrics] Accuracy(layer_0 - estimator_1 - 5_folds.train_2.predict)=93.53%
[ 2022-07-17 22:10:31,617][kfold_wrapper.log_eval_metrics] Accuracy(layer_0 - estimator_1 - 5_folds.train_3.predict)=91.96%
[ 2022-07-17 22:10:33,618][kfold_wrapper.log_eval_metrics] Accuracy(layer_0 - estimator_1 - 5_folds.train_4.predict)=90.90%
[ 2022-07-17 22:10:33,624][kfold_wrapper.log_eval_metrics] Accuracy(layer_0 - estimator_1 - 5_folds.train_cv.predict)=91.88%
[ 2022-07-17 22:11:15,515][kfold_wrapper.log_eval_metrics] Accuracy(layer_0 - estimator_2 - 5_folds.train_0.predict)=92.22%
[ 2022-07-17 22:11:53,891][kfold_wrapper.log_eval_metrics] Accuracy(layer_0 - estimator_2 - 5_folds.train_1.predict)=91.96%
[ 2022-07-17 22:12:35,724][kfold_wrapper.log_eval_metrics] Accuracy(layer_0 - estimator_2 - 5_folds.train_2.predict)=91.15%
[ 2022-07-17 22:13:22,314][kfold_wrapper.log_eval_metrics] Accuracy(layer_0 - estimator_2 - 5_folds.train_3.predict)=92.09%
[ 2022-07-17 22:14:09,251][kfold_wrapper.log_eval_metrics] Accuracy(layer_0 - estimator_2 - 5_folds.train_4.predict)=92.03%
[ 2022-07-17 22:14:09,261][kfold_wrapper.log_eval_metrics] Accuracy(layer_0 - estimator_2 - 5_folds.train_cv.predict)=91.89%
[ 2022-07-17 22:14:53,950][kfold_wrapper.log_eval_metrics] Accuracy(layer_0 - estimator_3 - 5_folds.train_0.predict)=92.40%
[ 2022-07-17 22:15:33,320][kfold_wrapper.log_eval_metrics] Accuracy(layer_0 - estimator_3 - 5_folds.train_1.predict)=91.21%
[ 2022-07-17 22:16:12,836][kfold_wrapper.log_eval_metrics] Accuracy(layer_0 - estimator_3 - 5_folds.train_2.predict)=92.47%
[ 2022-07-17 22:16:58,235][kfold_wrapper.log_eval_metrics] Accuracy(layer_0 - estimator_3 - 5_folds.train_3.predict)=92.28%
[ 2022-07-17 22:17:44,803][kfold_wrapper.log_eval_metrics] Accuracy(layer_0 - estimator_3 - 5_folds.train_4.predict)=91.96%
[ 2022-07-17 22:17:44,803][kfold_wrapper.log_eval_metrics] Accuracy(layer_0 - estimator_3 - 5_folds.train_cv.predict)=92.07%
[ 2022-07-17 22:17:44,803][cascade_classifier.calc_accuracy] Accuracy(layer_0 - train.classifier_average)=92.05%
[ 2022-07-17 22:17:44,818][cascade_classifier.calc_auc] AUC(layer_0 - train.classifier_average)=0.97%
[ 2022-07-17 22:17:44,818][cascade_classifier.fit_transform] [layer=1] look_indexs=[0], X_cur_train.shape=(7965, 408), X_cur_test.shape=(0, 408)
[ 2022-07-17 22:17:46,333][kfold_wrapper.log_eval_metrics] Accuracy(layer_1 - estimator_0 - 5_folds.train_0.predict)=93.03%
[ 2022-07-17 22:17:47,816][kfold_wrapper.log_eval_metrics] Accuracy(layer_1 - estimator_0 - 5_folds.train_1.predict)=92.84%
[ 2022-07-17 22:17:49,139][kfold_wrapper.log_eval_metrics] Accuracy(layer_1 - estimator_0 - 5_folds.train_2.predict)=92.22%
[ 2022-07-17 22:17:50,496][kfold_wrapper.log_eval_metrics] Accuracy(layer_1 - estimator_0 - 5_folds.train_3.predict)=91.27%
[ 2022-07-17 22:17:52,275][kfold_wrapper.log_eval_metrics] Accuracy(layer_1 - estimator_0 - 5_folds.train_4.predict)=92.53%
[ 2022-07-17 22:17:52,281][kfold_wrapper.log_eval_metrics] Accuracy(layer_1 - estimator_0 - 5_folds.train_cv.predict)=92.38%
[ 2022-07-17 22:17:54,088][kfold_wrapper.log_eval_metrics] Accuracy(layer_1 - estimator_1 - 5_folds.train_0.predict)=93.03%
[ 2022-07-17 22:17:55,700][kfold_wrapper.log_eval_metrics] Accuracy(layer_1 - estimator_1 - 5_folds.train_1.predict)=92.47%
[ 2022-07-17 22:17:57,374][kfold_wrapper.log_eval_metrics] Accuracy(layer_1 - estimator_1 - 5_folds.train_2.predict)=91.27%
[ 2022-07-17 22:17:59,281][kfold_wrapper.log_eval_metrics] Accuracy(layer_1 - estimator_1 - 5_folds.train_3.predict)=92.22%
[ 2022-07-17 22:18:00,930][kfold_wrapper.log_eval_metrics] Accuracy(layer_1 - estimator_1 - 5_folds.train_4.predict)=92.09%
[ 2022-07-17 22:18:00,944][kfold_wrapper.log_eval_metrics] Accuracy(layer_1 - estimator_1 - 5_folds.train_cv.predict)=92.22%
[ 2022-07-17 22:18:43,204][kfold_wrapper.log_eval_metrics] Accuracy(layer_1 - estimator_2 - 5_folds.train_0.predict)=91.46%
[ 2022-07-17 22:19:22,737][kfold_wrapper.log_eval_metrics] Accuracy(layer_1 - estimator_2 - 5_folds.train_1.predict)=91.65%
[ 2022-07-17 22:20:01,153][kfold_wrapper.log_eval_metrics] Accuracy(layer_1 - estimator_2 - 5_folds.train_2.predict)=92.15%
[ 2022-07-17 22:20:44,631][kfold_wrapper.log_eval_metrics] Accuracy(layer_1 - estimator_2 - 5_folds.train_3.predict)=92.15%
[ 2022-07-17 22:21:31,061][kfold_wrapper.log_eval_metrics] Accuracy(layer_1 - estimator_2 - 5_folds.train_4.predict)=91.71%
[ 2022-07-17 22:21:31,061][kfold_wrapper.log_eval_metrics] Accuracy(layer_1 - estimator_2 - 5_folds.train_cv.predict)=91.83%
[ 2022-07-17 22:22:10,184][kfold_wrapper.log_eval_metrics] Accuracy(layer_1 - estimator_3 - 5_folds.train_0.predict)=91.96%
[ 2022-07-17 22:22:54,363][kfold_wrapper.log_eval_metrics] Accuracy(layer_1 - estimator_3 - 5_folds.train_1.predict)=92.28%
[ 2022-07-17 22:23:32,318][kfold_wrapper.log_eval_metrics] Accuracy(layer_1 - estimator_3 - 5_folds.train_2.predict)=92.22%
[ 2022-07-17 22:24:11,919][kfold_wrapper.log_eval_metrics] Accuracy(layer_1 - estimator_3 - 5_folds.train_3.predict)=91.34%
[ 2022-07-17 22:24:55,929][kfold_wrapper.log_eval_metrics] Accuracy(layer_1 - estimator_3 - 5_folds.train_4.predict)=91.40%
[ 2022-07-17 22:24:55,944][kfold_wrapper.log_eval_metrics] Accuracy(layer_1 - estimator_3 - 5_folds.train_cv.predict)=91.84%
[ 2022-07-17 22:24:55,944][cascade_classifier.calc_accuracy] Accuracy(layer_1 - train.classifier_average)=92.44%
[ 2022-07-17 22:24:55,944][cascade_classifier.calc_auc] AUC(layer_1 - train.classifier_average)=0.97%
[ 2022-07-17 22:24:55,944][cascade_classifier.fit_transform] [layer=2] look_indexs=[0], X_cur_train.shape=(7965, 408), X_cur_test.shape=(0, 408)
[ 2022-07-17 22:24:57,455][kfold_wrapper.log_eval_metrics] Accuracy(layer_2 - estimator_0 - 5_folds.train_0.predict)=91.90%
[ 2022-07-17 22:24:58,685][kfold_wrapper.log_eval_metrics] Accuracy(layer_2 - estimator_0 - 5_folds.train_1.predict)=92.03%
[ 2022-07-17 22:24:59,982][kfold_wrapper.log_eval_metrics] Accuracy(layer_2 - estimator_0 - 5_folds.train_2.predict)=91.53%
[ 2022-07-17 22:25:01,419][kfold_wrapper.log_eval_metrics] Accuracy(layer_2 - estimator_0 - 5_folds.train_3.predict)=91.40%
[ 2022-07-17 22:25:03,093][kfold_wrapper.log_eval_metrics] Accuracy(layer_2 - estimator_0 - 5_folds.train_4.predict)=93.35%
[ 2022-07-17 22:25:03,093][kfold_wrapper.log_eval_metrics] Accuracy(layer_2 - estimator_0 - 5_folds.train_cv.predict)=92.04%
[ 2022-07-17 22:25:05,030][kfold_wrapper.log_eval_metrics] Accuracy(layer_2 - estimator_1 - 5_folds.train_0.predict)=92.40%
[ 2022-07-17 22:25:06,643][kfold_wrapper.log_eval_metrics] Accuracy(layer_2 - estimator_1 - 5_folds.train_1.predict)=92.28%
[ 2022-07-17 22:25:08,204][kfold_wrapper.log_eval_metrics] Accuracy(layer_2 - estimator_1 - 5_folds.train_2.predict)=92.34%
[ 2022-07-17 22:25:09,780][kfold_wrapper.log_eval_metrics] Accuracy(layer_2 - estimator_1 - 5_folds.train_3.predict)=91.40%
[ 2022-07-17 22:25:11,385][kfold_wrapper.log_eval_metrics] Accuracy(layer_2 - estimator_1 - 5_folds.train_4.predict)=91.40%
[ 2022-07-17 22:25:11,385][kfold_wrapper.log_eval_metrics] Accuracy(layer_2 - estimator_1 - 5_folds.train_cv.predict)=91.96%
[ 2022-07-17 22:25:57,724][kfold_wrapper.log_eval_metrics] Accuracy(layer_2 - estimator_2 - 5_folds.train_0.predict)=91.96%
[ 2022-07-17 22:26:39,783][kfold_wrapper.log_eval_metrics] Accuracy(layer_2 - estimator_2 - 5_folds.train_1.predict)=91.71%
[ 2022-07-17 22:27:19,306][kfold_wrapper.log_eval_metrics] Accuracy(layer_2 - estimator_2 - 5_folds.train_2.predict)=91.59%
[ 2022-07-17 22:27:58,278][kfold_wrapper.log_eval_metrics] Accuracy(layer_2 - estimator_2 - 5_folds.train_3.predict)=91.96%
[ 2022-07-17 22:28:40,539][kfold_wrapper.log_eval_metrics] Accuracy(layer_2 - estimator_2 - 5_folds.train_4.predict)=92.40%
[ 2022-07-17 22:28:40,539][kfold_wrapper.log_eval_metrics] Accuracy(layer_2 - estimator_2 - 5_folds.train_cv.predict)=91.93%
[ 2022-07-17 22:29:25,545][kfold_wrapper.log_eval_metrics] Accuracy(layer_2 - estimator_3 - 5_folds.train_0.predict)=92.59%
[ 2022-07-17 22:30:08,392][kfold_wrapper.log_eval_metrics] Accuracy(layer_2 - estimator_3 - 5_folds.train_1.predict)=90.40%
[ 2022-07-17 22:30:50,914][kfold_wrapper.log_eval_metrics] Accuracy(layer_2 - estimator_3 - 5_folds.train_2.predict)=90.77%
[ 2022-07-17 22:31:28,792][kfold_wrapper.log_eval_metrics] Accuracy(layer_2 - estimator_3 - 5_folds.train_3.predict)=91.59%
[ 2022-07-17 22:32:07,313][kfold_wrapper.log_eval_metrics] Accuracy(layer_2 - estimator_3 - 5_folds.train_4.predict)=91.27%
[ 2022-07-17 22:32:07,313][kfold_wrapper.log_eval_metrics] Accuracy(layer_2 - estimator_3 - 5_folds.train_cv.predict)=91.32%
[ 2022-07-17 22:32:07,313][cascade_classifier.calc_accuracy] Accuracy(layer_2 - train.classifier_average)=92.22%
[ 2022-07-17 22:32:07,313][cascade_classifier.calc_auc] AUC(layer_2 - train.classifier_average)=0.97%
[ 2022-07-17 22:32:07,330][cascade_classifier.fit_transform] [layer=3] look_indexs=[0], X_cur_train.shape=(7965, 408), X_cur_test.shape=(0, 408)
[ 2022-07-17 22:32:08,781][kfold_wrapper.log_eval_metrics] Accuracy(layer_3 - estimator_0 - 5_folds.train_0.predict)=91.09%
[ 2022-07-17 22:32:10,767][kfold_wrapper.log_eval_metrics] Accuracy(layer_3 - estimator_0 - 5_folds.train_1.predict)=91.02%
[ 2022-07-17 22:32:12,513][kfold_wrapper.log_eval_metrics] Accuracy(layer_3 - estimator_0 - 5_folds.train_2.predict)=90.90%
[ 2022-07-17 22:32:14,257][kfold_wrapper.log_eval_metrics] Accuracy(layer_3 - estimator_0 - 5_folds.train_3.predict)=92.22%
[ 2022-07-17 22:32:15,939][kfold_wrapper.log_eval_metrics] Accuracy(layer_3 - estimator_0 - 5_folds.train_4.predict)=91.53%
[ 2022-07-17 22:32:15,942][kfold_wrapper.log_eval_metrics] Accuracy(layer_3 - estimator_0 - 5_folds.train_cv.predict)=91.35%
[ 2022-07-17 22:32:17,721][kfold_wrapper.log_eval_metrics] Accuracy(layer_3 - estimator_1 - 5_folds.train_0.predict)=91.46%
[ 2022-07-17 22:32:19,468][kfold_wrapper.log_eval_metrics] Accuracy(layer_3 - estimator_1 - 5_folds.train_1.predict)=91.65%
[ 2022-07-17 22:32:21,424][kfold_wrapper.log_eval_metrics] Accuracy(layer_3 - estimator_1 - 5_folds.train_2.predict)=92.15%
[ 2022-07-17 22:32:23,039][kfold_wrapper.log_eval_metrics] Accuracy(layer_3 - estimator_1 - 5_folds.train_3.predict)=92.09%
[ 2022-07-17 22:32:24,625][kfold_wrapper.log_eval_metrics] Accuracy(layer_3 - estimator_1 - 5_folds.train_4.predict)=90.65%
[ 2022-07-17 22:32:24,625][kfold_wrapper.log_eval_metrics] Accuracy(layer_3 - estimator_1 - 5_folds.train_cv.predict)=91.60%
[ 2022-07-17 22:33:10,873][kfold_wrapper.log_eval_metrics] Accuracy(layer_3 - estimator_2 - 5_folds.train_0.predict)=92.47%
[ 2022-07-17 22:33:56,419][kfold_wrapper.log_eval_metrics] Accuracy(layer_3 - estimator_2 - 5_folds.train_1.predict)=91.09%
[ 2022-07-17 22:34:35,779][kfold_wrapper.log_eval_metrics] Accuracy(layer_3 - estimator_2 - 5_folds.train_2.predict)=91.15%
[ 2022-07-17 22:35:16,679][kfold_wrapper.log_eval_metrics] Accuracy(layer_3 - estimator_2 - 5_folds.train_3.predict)=91.21%
[ 2022-07-17 22:35:54,782][kfold_wrapper.log_eval_metrics] Accuracy(layer_3 - estimator_2 - 5_folds.train_4.predict)=91.90%
[ 2022-07-17 22:35:54,782][kfold_wrapper.log_eval_metrics] Accuracy(layer_3 - estimator_2 - 5_folds.train_cv.predict)=91.56%
[ 2022-07-17 22:36:35,716][kfold_wrapper.log_eval_metrics] Accuracy(layer_3 - estimator_3 - 5_folds.train_0.predict)=91.53%
[ 2022-07-17 22:37:22,262][kfold_wrapper.log_eval_metrics] Accuracy(layer_3 - estimator_3 - 5_folds.train_1.predict)=90.90%
[ 2022-07-17 22:38:06,181][kfold_wrapper.log_eval_metrics] Accuracy(layer_3 - estimator_3 - 5_folds.train_2.predict)=90.27%
[ 2022-07-17 22:38:49,347][kfold_wrapper.log_eval_metrics] Accuracy(layer_3 - estimator_3 - 5_folds.train_3.predict)=91.59%
[ 2022-07-17 22:39:28,142][kfold_wrapper.log_eval_metrics] Accuracy(layer_3 - estimator_3 - 5_folds.train_4.predict)=91.46%
[ 2022-07-17 22:39:28,158][kfold_wrapper.log_eval_metrics] Accuracy(layer_3 - estimator_3 - 5_folds.train_cv.predict)=91.15%
[ 2022-07-17 22:39:28,158][cascade_classifier.calc_accuracy] Accuracy(layer_3 - train.classifier_average)=91.64%
[ 2022-07-17 22:39:28,158][cascade_classifier.calc_auc] AUC(layer_3 - train.classifier_average)=0.96%
[ 2022-07-17 22:39:28,158][cascade_classifier.fit_transform] [Result][Optimal Level Detected] opt_layer_num=1, accuracy_train=0.97%, accuracy_test=0.00%
[ 2022-07-17 22:39:28,173][cascade_classifier.transform] X_groups_test.shape=[(1991, 400)]
[ 2022-07-17 22:39:28,173][cascade_classifier.transform] group_dims=[400]
[ 2022-07-17 22:39:28,173][cascade_classifier.transform] X_test.shape=(1991, 400)
[ 2022-07-17 22:39:28,189][cascade_classifier.transform] [layer=0] look_indexs=[0], X_cur_test.shape=(1991, 400)
[ 2022-07-17 22:39:29,528][cascade_classifier.transform] X_groups_test.shape=[(1991, 400)]
[ 2022-07-17 22:39:29,528][cascade_classifier.transform] group_dims=[400]
[ 2022-07-17 22:39:29,528][cascade_classifier.transform] X_test.shape=(1991, 400)
[ 2022-07-17 22:39:29,544][cascade_classifier.transform] [layer=0] look_indexs=[0], X_cur_test.shape=(1991, 400)
[ 2022-07-17 22:39:30,978][cascade_classifier.fit_transform] X_groups_train.shape=[(7965, 400)],y_train.shape=(7965,),X_groups_test.shape=no_test,y_test.shape=no_test
[ 2022-07-17 22:39:30,978][cascade_classifier.fit_transform] group_dims=[400]
[ 2022-07-17 22:39:30,978][cascade_classifier.fit_transform] group_starts=[0]
[ 2022-07-17 22:39:30,978][cascade_classifier.fit_transform] group_ends=[400]
[ 2022-07-17 22:39:30,978][cascade_classifier.fit_transform] X_train.shape=(7965, 400),X_test.shape=(0, 400)
[ 2022-07-17 22:39:30,994][cascade_classifier.fit_transform] [layer=0] look_indexs=[0], X_cur_train.shape=(7965, 400), X_cur_test.shape=(0, 400)
[ 2022-07-17 22:39:32,416][kfold_wrapper.log_eval_metrics] Accuracy(layer_0 - estimator_0 - 5_folds.train_0.predict)=91.27%
[ 2022-07-17 22:39:33,780][kfold_wrapper.log_eval_metrics] Accuracy(layer_0 - estimator_0 - 5_folds.train_1.predict)=92.15%
[ 2022-07-17 22:39:35,207][kfold_wrapper.log_eval_metrics] Accuracy(layer_0 - estimator_0 - 5_folds.train_2.predict)=92.15%
[ 2022-07-17 22:39:36,572][kfold_wrapper.log_eval_metrics] Accuracy(layer_0 - estimator_0 - 5_folds.train_3.predict)=91.90%
[ 2022-07-17 22:39:38,322][kfold_wrapper.log_eval_metrics] Accuracy(layer_0 - estimator_0 - 5_folds.train_4.predict)=91.34%
[ 2022-07-17 22:39:38,323][kfold_wrapper.log_eval_metrics] Accuracy(layer_0 - estimator_0 - 5_folds.train_cv.predict)=91.76%
[ 2022-07-17 22:39:40,029][kfold_wrapper.log_eval_metrics] Accuracy(layer_0 - estimator_1 - 5_folds.train_0.predict)=92.72%
[ 2022-07-17 22:39:41,708][kfold_wrapper.log_eval_metrics] Accuracy(layer_0 - estimator_1 - 5_folds.train_1.predict)=91.78%
[ 2022-07-17 22:39:43,401][kfold_wrapper.log_eval_metrics] Accuracy(layer_0 - estimator_1 - 5_folds.train_2.predict)=92.09%
[ 2022-07-17 22:39:45,215][kfold_wrapper.log_eval_metrics] Accuracy(layer_0 - estimator_1 - 5_folds.train_3.predict)=92.03%
[ 2022-07-17 22:39:46,859][kfold_wrapper.log_eval_metrics] Accuracy(layer_0 - estimator_1 - 5_folds.train_4.predict)=90.77%
[ 2022-07-17 22:39:46,859][kfold_wrapper.log_eval_metrics] Accuracy(layer_0 - estimator_1 - 5_folds.train_cv.predict)=91.88%
[ 2022-07-17 22:40:28,464][kfold_wrapper.log_eval_metrics] Accuracy(layer_0 - estimator_2 - 5_folds.train_0.predict)=92.78%
[ 2022-07-17 22:41:14,595][kfold_wrapper.log_eval_metrics] Accuracy(layer_0 - estimator_2 - 5_folds.train_1.predict)=91.90%
[ 2022-07-17 22:42:00,260][kfold_wrapper.log_eval_metrics] Accuracy(layer_0 - estimator_2 - 5_folds.train_2.predict)=91.15%
[ 2022-07-17 22:42:43,512][kfold_wrapper.log_eval_metrics] Accuracy(layer_0 - estimator_2 - 5_folds.train_3.predict)=90.96%
[ 2022-07-17 22:43:23,857][kfold_wrapper.log_eval_metrics] Accuracy(layer_0 - estimator_2 - 5_folds.train_4.predict)=90.83%
[ 2022-07-17 22:43:23,857][kfold_wrapper.log_eval_metrics] Accuracy(layer_0 - estimator_2 - 5_folds.train_cv.predict)=91.53%
[ 2022-07-17 22:44:03,907][kfold_wrapper.log_eval_metrics] Accuracy(layer_0 - estimator_3 - 5_folds.train_0.predict)=91.53%
[ 2022-07-17 22:44:48,007][kfold_wrapper.log_eval_metrics] Accuracy(layer_0 - estimator_3 - 5_folds.train_1.predict)=92.15%
[ 2022-07-17 22:45:34,791][kfold_wrapper.log_eval_metrics] Accuracy(layer_0 - estimator_3 - 5_folds.train_2.predict)=92.47%
[ 2022-07-17 22:46:17,575][kfold_wrapper.log_eval_metrics] Accuracy(layer_0 - estimator_3 - 5_folds.train_3.predict)=91.59%
[ 2022-07-17 22:47:01,663][kfold_wrapper.log_eval_metrics] Accuracy(layer_0 - estimator_3 - 5_folds.train_4.predict)=91.65%
[ 2022-07-17 22:47:01,663][kfold_wrapper.log_eval_metrics] Accuracy(layer_0 - estimator_3 - 5_folds.train_cv.predict)=91.88%
[ 2022-07-17 22:47:01,663][cascade_classifier.calc_accuracy] Accuracy(layer_0 - train.classifier_average)=92.19%
[ 2022-07-17 22:47:01,663][cascade_classifier.calc_auc] AUC(layer_0 - train.classifier_average)=0.97%
[ 2022-07-17 22:47:01,663][cascade_classifier.fit_transform] [layer=1] look_indexs=[0], X_cur_train.shape=(7965, 408), X_cur_test.shape=(0, 408)
[ 2022-07-17 22:47:03,114][kfold_wrapper.log_eval_metrics] Accuracy(layer_1 - estimator_0 - 5_folds.train_0.predict)=91.90%
[ 2022-07-17 22:47:04,561][kfold_wrapper.log_eval_metrics] Accuracy(layer_1 - estimator_0 - 5_folds.train_1.predict)=92.40%
[ 2022-07-17 22:47:06,163][kfold_wrapper.log_eval_metrics] Accuracy(layer_1 - estimator_0 - 5_folds.train_2.predict)=92.28%
[ 2022-07-17 22:47:07,836][kfold_wrapper.log_eval_metrics] Accuracy(layer_1 - estimator_0 - 5_folds.train_3.predict)=92.09%
[ 2022-07-17 22:47:09,509][kfold_wrapper.log_eval_metrics] Accuracy(layer_1 - estimator_0 - 5_folds.train_4.predict)=91.27%
[ 2022-07-17 22:47:09,514][kfold_wrapper.log_eval_metrics] Accuracy(layer_1 - estimator_0 - 5_folds.train_cv.predict)=91.99%
[ 2022-07-17 22:47:11,089][kfold_wrapper.log_eval_metrics] Accuracy(layer_1 - estimator_1 - 5_folds.train_0.predict)=91.21%
[ 2022-07-17 22:47:12,844][kfold_wrapper.log_eval_metrics] Accuracy(layer_1 - estimator_1 - 5_folds.train_1.predict)=92.22%
[ 2022-07-17 22:47:14,778][kfold_wrapper.log_eval_metrics] Accuracy(layer_1 - estimator_1 - 5_folds.train_2.predict)=92.84%
[ 2022-07-17 22:47:16,432][kfold_wrapper.log_eval_metrics] Accuracy(layer_1 - estimator_1 - 5_folds.train_3.predict)=92.34%
[ 2022-07-17 22:47:18,755][kfold_wrapper.log_eval_metrics] Accuracy(layer_1 - estimator_1 - 5_folds.train_4.predict)=92.78%
[ 2022-07-17 22:47:18,755][kfold_wrapper.log_eval_metrics] Accuracy(layer_1 - estimator_1 - 5_folds.train_cv.predict)=92.28%
[ 2022-07-17 22:47:58,503][kfold_wrapper.log_eval_metrics] Accuracy(layer_1 - estimator_2 - 5_folds.train_0.predict)=90.52%
[ 2022-07-17 22:48:41,167][kfold_wrapper.log_eval_metrics] Accuracy(layer_1 - estimator_2 - 5_folds.train_1.predict)=92.40%
[ 2022-07-17 22:49:27,244][kfold_wrapper.log_eval_metrics] Accuracy(layer_1 - estimator_2 - 5_folds.train_2.predict)=91.40%
[ 2022-07-17 22:50:09,548][kfold_wrapper.log_eval_metrics] Accuracy(layer_1 - estimator_2 - 5_folds.train_3.predict)=91.46%
[ 2022-07-17 22:50:53,188][kfold_wrapper.log_eval_metrics] Accuracy(layer_1 - estimator_2 - 5_folds.train_4.predict)=91.34%
[ 2022-07-17 22:50:53,188][kfold_wrapper.log_eval_metrics] Accuracy(layer_1 - estimator_2 - 5_folds.train_cv.predict)=91.42%
[ 2022-07-17 22:51:31,700][kfold_wrapper.log_eval_metrics] Accuracy(layer_1 - estimator_3 - 5_folds.train_0.predict)=91.02%
[ 2022-07-17 22:52:09,489][kfold_wrapper.log_eval_metrics] Accuracy(layer_1 - estimator_3 - 5_folds.train_1.predict)=91.21%
[ 2022-07-17 22:52:53,541][kfold_wrapper.log_eval_metrics] Accuracy(layer_1 - estimator_3 - 5_folds.train_2.predict)=93.79%
[ 2022-07-17 22:53:40,297][kfold_wrapper.log_eval_metrics] Accuracy(layer_1 - estimator_3 - 5_folds.train_3.predict)=91.84%
[ 2022-07-17 22:54:20,525][kfold_wrapper.log_eval_metrics] Accuracy(layer_1 - estimator_3 - 5_folds.train_4.predict)=91.65%
[ 2022-07-17 22:54:20,525][kfold_wrapper.log_eval_metrics] Accuracy(layer_1 - estimator_3 - 5_folds.train_cv.predict)=91.90%
[ 2022-07-17 22:54:20,525][cascade_classifier.calc_accuracy] Accuracy(layer_1 - train.classifier_average)=92.18%
[ 2022-07-17 22:54:20,525][cascade_classifier.calc_auc] AUC(layer_1 - train.classifier_average)=0.97%
[ 2022-07-17 22:54:20,525][cascade_classifier.fit_transform] [layer=2] look_indexs=[0], X_cur_train.shape=(7965, 408), X_cur_test.shape=(0, 408)
[ 2022-07-17 22:54:22,007][kfold_wrapper.log_eval_metrics] Accuracy(layer_2 - estimator_0 - 5_folds.train_0.predict)=91.40%
[ 2022-07-17 22:54:23,319][kfold_wrapper.log_eval_metrics] Accuracy(layer_2 - estimator_0 - 5_folds.train_1.predict)=92.22%
[ 2022-07-17 22:54:24,612][kfold_wrapper.log_eval_metrics] Accuracy(layer_2 - estimator_0 - 5_folds.train_2.predict)=91.40%
[ 2022-07-17 22:54:25,856][kfold_wrapper.log_eval_metrics] Accuracy(layer_2 - estimator_0 - 5_folds.train_3.predict)=91.40%
[ 2022-07-17 22:54:27,125][kfold_wrapper.log_eval_metrics] Accuracy(layer_2 - estimator_0 - 5_folds.train_4.predict)=91.78%
[ 2022-07-17 22:54:27,133][kfold_wrapper.log_eval_metrics] Accuracy(layer_2 - estimator_0 - 5_folds.train_cv.predict)=91.64%
[ 2022-07-17 22:54:28,388][kfold_wrapper.log_eval_metrics] Accuracy(layer_2 - estimator_1 - 5_folds.train_0.predict)=92.59%
[ 2022-07-17 22:54:29,819][kfold_wrapper.log_eval_metrics] Accuracy(layer_2 - estimator_1 - 5_folds.train_1.predict)=91.09%
[ 2022-07-17 22:54:31,884][kfold_wrapper.log_eval_metrics] Accuracy(layer_2 - estimator_1 - 5_folds.train_2.predict)=92.22%
[ 2022-07-17 22:54:33,396][kfold_wrapper.log_eval_metrics] Accuracy(layer_2 - estimator_1 - 5_folds.train_3.predict)=91.78%
[ 2022-07-17 22:54:34,993][kfold_wrapper.log_eval_metrics] Accuracy(layer_2 - estimator_1 - 5_folds.train_4.predict)=91.40%
[ 2022-07-17 22:54:35,003][kfold_wrapper.log_eval_metrics] Accuracy(layer_2 - estimator_1 - 5_folds.train_cv.predict)=91.81%
[ 2022-07-17 22:55:15,343][kfold_wrapper.log_eval_metrics] Accuracy(layer_2 - estimator_2 - 5_folds.train_0.predict)=91.40%
[ 2022-07-17 22:55:53,922][kfold_wrapper.log_eval_metrics] Accuracy(layer_2 - estimator_2 - 5_folds.train_1.predict)=90.65%
[ 2022-07-17 22:56:35,417][kfold_wrapper.log_eval_metrics] Accuracy(layer_2 - estimator_2 - 5_folds.train_2.predict)=91.21%
[ 2022-07-17 22:57:20,602][kfold_wrapper.log_eval_metrics] Accuracy(layer_2 - estimator_2 - 5_folds.train_3.predict)=91.27%
[ 2022-07-17 22:58:04,408][kfold_wrapper.log_eval_metrics] Accuracy(layer_2 - estimator_2 - 5_folds.train_4.predict)=91.46%
[ 2022-07-17 22:58:04,408][kfold_wrapper.log_eval_metrics] Accuracy(layer_2 - estimator_2 - 5_folds.train_cv.predict)=91.20%
[ 2022-07-17 22:58:47,089][kfold_wrapper.log_eval_metrics] Accuracy(layer_2 - estimator_3 - 5_folds.train_0.predict)=91.53%
[ 2022-07-17 22:59:26,347][kfold_wrapper.log_eval_metrics] Accuracy(layer_2 - estimator_3 - 5_folds.train_1.predict)=91.78%
[ 2022-07-17 23:00:05,155][kfold_wrapper.log_eval_metrics] Accuracy(layer_2 - estimator_3 - 5_folds.train_2.predict)=91.84%
[ 2022-07-17 23:00:47,644][kfold_wrapper.log_eval_metrics] Accuracy(layer_2 - estimator_3 - 5_folds.train_3.predict)=90.21%
[ 2022-07-17 23:01:32,537][kfold_wrapper.log_eval_metrics] Accuracy(layer_2 - estimator_3 - 5_folds.train_4.predict)=91.34%
[ 2022-07-17 23:01:32,537][kfold_wrapper.log_eval_metrics] Accuracy(layer_2 - estimator_3 - 5_folds.train_cv.predict)=91.34%
[ 2022-07-17 23:01:32,537][cascade_classifier.calc_accuracy] Accuracy(layer_2 - train.classifier_average)=91.75%
[ 2022-07-17 23:01:32,537][cascade_classifier.calc_auc] AUC(layer_2 - train.classifier_average)=0.96%
[ 2022-07-17 23:01:32,552][cascade_classifier.fit_transform] [layer=3] look_indexs=[0], X_cur_train.shape=(7965, 408), X_cur_test.shape=(0, 408)
[ 2022-07-17 23:01:34,153][kfold_wrapper.log_eval_metrics] Accuracy(layer_3 - estimator_0 - 5_folds.train_0.predict)=92.03%
[ 2022-07-17 23:01:35,675][kfold_wrapper.log_eval_metrics] Accuracy(layer_3 - estimator_0 - 5_folds.train_1.predict)=91.65%
[ 2022-07-17 23:01:37,133][kfold_wrapper.log_eval_metrics] Accuracy(layer_3 - estimator_0 - 5_folds.train_2.predict)=92.28%
[ 2022-07-17 23:01:38,778][kfold_wrapper.log_eval_metrics] Accuracy(layer_3 - estimator_0 - 5_folds.train_3.predict)=90.08%
[ 2022-07-17 23:01:40,394][kfold_wrapper.log_eval_metrics] Accuracy(layer_3 - estimator_0 - 5_folds.train_4.predict)=92.03%
[ 2022-07-17 23:01:40,394][kfold_wrapper.log_eval_metrics] Accuracy(layer_3 - estimator_0 - 5_folds.train_cv.predict)=91.61%
[ 2022-07-17 23:01:42,090][kfold_wrapper.log_eval_metrics] Accuracy(layer_3 - estimator_1 - 5_folds.train_0.predict)=90.90%
[ 2022-07-17 23:01:43,655][kfold_wrapper.log_eval_metrics] Accuracy(layer_3 - estimator_1 - 5_folds.train_1.predict)=91.40%
[ 2022-07-17 23:01:45,372][kfold_wrapper.log_eval_metrics] Accuracy(layer_3 - estimator_1 - 5_folds.train_2.predict)=91.09%
[ 2022-07-17 23:01:47,114][kfold_wrapper.log_eval_metrics] Accuracy(layer_3 - estimator_1 - 5_folds.train_3.predict)=91.15%
[ 2022-07-17 23:01:48,740][kfold_wrapper.log_eval_metrics] Accuracy(layer_3 - estimator_1 - 5_folds.train_4.predict)=92.40%
[ 2022-07-17 23:01:48,743][kfold_wrapper.log_eval_metrics] Accuracy(layer_3 - estimator_1 - 5_folds.train_cv.predict)=91.39%
[ 2022-07-17 23:02:30,005][kfold_wrapper.log_eval_metrics] Accuracy(layer_3 - estimator_2 - 5_folds.train_0.predict)=91.34%
[ 2022-07-17 23:03:11,853][kfold_wrapper.log_eval_metrics] Accuracy(layer_3 - estimator_2 - 5_folds.train_1.predict)=91.40%
[ 2022-07-17 23:03:50,174][kfold_wrapper.log_eval_metrics] Accuracy(layer_3 - estimator_2 - 5_folds.train_2.predict)=90.08%
[ 2022-07-17 23:04:30,587][kfold_wrapper.log_eval_metrics] Accuracy(layer_3 - estimator_2 - 5_folds.train_3.predict)=91.27%
[ 2022-07-17 23:05:16,053][kfold_wrapper.log_eval_metrics] Accuracy(layer_3 - estimator_2 - 5_folds.train_4.predict)=90.96%
[ 2022-07-17 23:05:16,053][kfold_wrapper.log_eval_metrics] Accuracy(layer_3 - estimator_2 - 5_folds.train_cv.predict)=91.01%
[ 2022-07-17 23:06:00,378][kfold_wrapper.log_eval_metrics] Accuracy(layer_3 - estimator_3 - 5_folds.train_0.predict)=91.27%
[ 2022-07-17 23:06:43,293][kfold_wrapper.log_eval_metrics] Accuracy(layer_3 - estimator_3 - 5_folds.train_1.predict)=92.40%
[ 2022-07-17 23:07:23,598][kfold_wrapper.log_eval_metrics] Accuracy(layer_3 - estimator_3 - 5_folds.train_2.predict)=89.14%
[ 2022-07-17 23:08:01,254][kfold_wrapper.log_eval_metrics] Accuracy(layer_3 - estimator_3 - 5_folds.train_3.predict)=91.02%
[ 2022-07-17 23:08:44,213][kfold_wrapper.log_eval_metrics] Accuracy(layer_3 - estimator_3 - 5_folds.train_4.predict)=89.64%
[ 2022-07-17 23:08:44,213][kfold_wrapper.log_eval_metrics] Accuracy(layer_3 - estimator_3 - 5_folds.train_cv.predict)=90.70%
[ 2022-07-17 23:08:44,229][cascade_classifier.calc_accuracy] Accuracy(layer_3 - train.classifier_average)=91.54%
[ 2022-07-17 23:08:44,229][cascade_classifier.calc_auc] AUC(layer_3 - train.classifier_average)=0.96%
[ 2022-07-17 23:08:44,229][cascade_classifier.fit_transform] [Result][Optimal Level Detected] opt_layer_num=1, accuracy_train=0.97%, accuracy_test=0.00%
[ 2022-07-17 23:08:44,249][cascade_classifier.transform] X_groups_test.shape=[(1991, 400)]
[ 2022-07-17 23:08:44,259][cascade_classifier.transform] group_dims=[400]
[ 2022-07-17 23:08:44,259][cascade_classifier.transform] X_test.shape=(1991, 400)
[ 2022-07-17 23:08:44,259][cascade_classifier.transform] [layer=0] look_indexs=[0], X_cur_test.shape=(1991, 400)
[ 2022-07-17 23:08:45,652][cascade_classifier.transform] X_groups_test.shape=[(1991, 400)]
[ 2022-07-17 23:08:45,667][cascade_classifier.transform] group_dims=[400]
[ 2022-07-17 23:08:45,667][cascade_classifier.transform] X_test.shape=(1991, 400)
[ 2022-07-17 23:08:45,667][cascade_classifier.transform] [layer=0] look_indexs=[0], X_cur_test.shape=(1991, 400)
[ 2022-07-17 23:08:47,063][cascade_classifier.fit_transform] X_groups_train.shape=[(7965, 400)],y_train.shape=(7965,),X_groups_test.shape=no_test,y_test.shape=no_test
[ 2022-07-17 23:08:47,063][cascade_classifier.fit_transform] group_dims=[400]
[ 2022-07-17 23:08:47,063][cascade_classifier.fit_transform] group_starts=[0]
[ 2022-07-17 23:08:47,063][cascade_classifier.fit_transform] group_ends=[400]
[ 2022-07-17 23:08:47,063][cascade_classifier.fit_transform] X_train.shape=(7965, 400),X_test.shape=(0, 400)
[ 2022-07-17 23:08:47,079][cascade_classifier.fit_transform] [layer=0] look_indexs=[0], X_cur_train.shape=(7965, 400), X_cur_test.shape=(0, 400)
[ 2022-07-17 23:08:48,459][kfold_wrapper.log_eval_metrics] Accuracy(layer_0 - estimator_0 - 5_folds.train_0.predict)=89.33%
[ 2022-07-17 23:08:50,017][kfold_wrapper.log_eval_metrics] Accuracy(layer_0 - estimator_0 - 5_folds.train_1.predict)=93.03%
[ 2022-07-17 23:08:51,356][kfold_wrapper.log_eval_metrics] Accuracy(layer_0 - estimator_0 - 5_folds.train_2.predict)=92.09%
[ 2022-07-17 23:08:52,602][kfold_wrapper.log_eval_metrics] Accuracy(layer_0 - estimator_0 - 5_folds.train_3.predict)=92.78%
[ 2022-07-17 23:08:54,305][kfold_wrapper.log_eval_metrics] Accuracy(layer_0 - estimator_0 - 5_folds.train_4.predict)=92.09%
[ 2022-07-17 23:08:54,305][kfold_wrapper.log_eval_metrics] Accuracy(layer_0 - estimator_0 - 5_folds.train_cv.predict)=91.86%
[ 2022-07-17 23:08:55,665][kfold_wrapper.log_eval_metrics] Accuracy(layer_0 - estimator_1 - 5_folds.train_0.predict)=92.53%
[ 2022-07-17 23:08:56,981][kfold_wrapper.log_eval_metrics] Accuracy(layer_0 - estimator_1 - 5_folds.train_1.predict)=91.96%
[ 2022-07-17 23:08:58,630][kfold_wrapper.log_eval_metrics] Accuracy(layer_0 - estimator_1 - 5_folds.train_2.predict)=91.27%
[ 2022-07-17 23:09:00,276][kfold_wrapper.log_eval_metrics] Accuracy(layer_0 - estimator_1 - 5_folds.train_3.predict)=91.53%
[ 2022-07-17 23:09:01,958][kfold_wrapper.log_eval_metrics] Accuracy(layer_0 - estimator_1 - 5_folds.train_4.predict)=90.46%
[ 2022-07-17 23:09:01,963][kfold_wrapper.log_eval_metrics] Accuracy(layer_0 - estimator_1 - 5_folds.train_cv.predict)=91.55%
[ 2022-07-17 23:09:49,105][kfold_wrapper.log_eval_metrics] Accuracy(layer_0 - estimator_2 - 5_folds.train_0.predict)=90.71%
[ 2022-07-17 23:10:30,719][kfold_wrapper.log_eval_metrics] Accuracy(layer_0 - estimator_2 - 5_folds.train_1.predict)=90.71%
[ 2022-07-17 23:11:13,244][kfold_wrapper.log_eval_metrics] Accuracy(layer_0 - estimator_2 - 5_folds.train_2.predict)=91.90%
[ 2022-07-17 23:11:52,125][kfold_wrapper.log_eval_metrics] Accuracy(layer_0 - estimator_2 - 5_folds.train_3.predict)=92.84%
[ 2022-07-17 23:12:33,741][kfold_wrapper.log_eval_metrics] Accuracy(layer_0 - estimator_2 - 5_folds.train_4.predict)=92.03%
[ 2022-07-17 23:12:33,741][kfold_wrapper.log_eval_metrics] Accuracy(layer_0 - estimator_2 - 5_folds.train_cv.predict)=91.64%
[ 2022-07-17 23:13:20,949][kfold_wrapper.log_eval_metrics] Accuracy(layer_0 - estimator_3 - 5_folds.train_0.predict)=91.40%
[ 2022-07-17 23:14:05,441][kfold_wrapper.log_eval_metrics] Accuracy(layer_0 - estimator_3 - 5_folds.train_1.predict)=91.65%
[ 2022-07-17 23:14:49,745][kfold_wrapper.log_eval_metrics] Accuracy(layer_0 - estimator_3 - 5_folds.train_2.predict)=91.96%
[ 2022-07-17 23:15:30,002][kfold_wrapper.log_eval_metrics] Accuracy(layer_0 - estimator_3 - 5_folds.train_3.predict)=91.96%
[ 2022-07-17 23:16:10,057][kfold_wrapper.log_eval_metrics] Accuracy(layer_0 - estimator_3 - 5_folds.train_4.predict)=90.90%
[ 2022-07-17 23:16:10,057][kfold_wrapper.log_eval_metrics] Accuracy(layer_0 - estimator_3 - 5_folds.train_cv.predict)=91.58%
[ 2022-07-17 23:16:10,057][cascade_classifier.calc_accuracy] Accuracy(layer_0 - train.classifier_average)=92.13%
[ 2022-07-17 23:16:10,057][cascade_classifier.calc_auc] AUC(layer_0 - train.classifier_average)=0.97%
[ 2022-07-17 23:16:10,071][cascade_classifier.fit_transform] [layer=1] look_indexs=[0], X_cur_train.shape=(7965, 408), X_cur_test.shape=(0, 408)
[ 2022-07-17 23:16:11,478][kfold_wrapper.log_eval_metrics] Accuracy(layer_1 - estimator_0 - 5_folds.train_0.predict)=92.53%
[ 2022-07-17 23:16:12,751][kfold_wrapper.log_eval_metrics] Accuracy(layer_1 - estimator_0 - 5_folds.train_1.predict)=92.53%
[ 2022-07-17 23:16:13,993][kfold_wrapper.log_eval_metrics] Accuracy(layer_1 - estimator_0 - 5_folds.train_2.predict)=92.78%
[ 2022-07-17 23:16:15,323][kfold_wrapper.log_eval_metrics] Accuracy(layer_1 - estimator_0 - 5_folds.train_3.predict)=91.27%
[ 2022-07-17 23:16:16,619][kfold_wrapper.log_eval_metrics] Accuracy(layer_1 - estimator_0 - 5_folds.train_4.predict)=91.71%
[ 2022-07-17 23:16:16,634][kfold_wrapper.log_eval_metrics] Accuracy(layer_1 - estimator_0 - 5_folds.train_cv.predict)=92.17%
[ 2022-07-17 23:16:17,877][kfold_wrapper.log_eval_metrics] Accuracy(layer_1 - estimator_1 - 5_folds.train_0.predict)=91.71%
[ 2022-07-17 23:16:19,132][kfold_wrapper.log_eval_metrics] Accuracy(layer_1 - estimator_1 - 5_folds.train_1.predict)=92.09%
[ 2022-07-17 23:16:20,574][kfold_wrapper.log_eval_metrics] Accuracy(layer_1 - estimator_1 - 5_folds.train_2.predict)=90.71%
[ 2022-07-17 23:16:21,847][kfold_wrapper.log_eval_metrics] Accuracy(layer_1 - estimator_1 - 5_folds.train_3.predict)=92.22%
[ 2022-07-17 23:16:23,117][kfold_wrapper.log_eval_metrics] Accuracy(layer_1 - estimator_1 - 5_folds.train_4.predict)=92.91%
[ 2022-07-17 23:16:23,121][kfold_wrapper.log_eval_metrics] Accuracy(layer_1 - estimator_1 - 5_folds.train_cv.predict)=91.93%
[ 2022-07-17 23:17:08,084][kfold_wrapper.log_eval_metrics] Accuracy(layer_1 - estimator_2 - 5_folds.train_0.predict)=91.78%
[ 2022-07-17 23:17:54,213][kfold_wrapper.log_eval_metrics] Accuracy(layer_1 - estimator_2 - 5_folds.train_1.predict)=92.03%
[ 2022-07-17 23:18:35,440][kfold_wrapper.log_eval_metrics] Accuracy(layer_1 - estimator_2 - 5_folds.train_2.predict)=91.34%
[ 2022-07-17 23:19:16,713][kfold_wrapper.log_eval_metrics] Accuracy(layer_1 - estimator_2 - 5_folds.train_3.predict)=91.65%
[ 2022-07-17 23:19:54,598][kfold_wrapper.log_eval_metrics] Accuracy(layer_1 - estimator_2 - 5_folds.train_4.predict)=90.77%
[ 2022-07-17 23:19:54,598][kfold_wrapper.log_eval_metrics] Accuracy(layer_1 - estimator_2 - 5_folds.train_cv.predict)=91.51%
[ 2022-07-17 23:20:36,038][kfold_wrapper.log_eval_metrics] Accuracy(layer_1 - estimator_3 - 5_folds.train_0.predict)=92.03%
[ 2022-07-17 23:21:22,757][kfold_wrapper.log_eval_metrics] Accuracy(layer_1 - estimator_3 - 5_folds.train_1.predict)=90.96%
[ 2022-07-17 23:22:06,630][kfold_wrapper.log_eval_metrics] Accuracy(layer_1 - estimator_3 - 5_folds.train_2.predict)=91.90%
[ 2022-07-17 23:22:48,836][kfold_wrapper.log_eval_metrics] Accuracy(layer_1 - estimator_3 - 5_folds.train_3.predict)=91.65%
[ 2022-07-17 23:23:26,618][kfold_wrapper.log_eval_metrics] Accuracy(layer_1 - estimator_3 - 5_folds.train_4.predict)=91.34%
[ 2022-07-17 23:23:26,618][kfold_wrapper.log_eval_metrics] Accuracy(layer_1 - estimator_3 - 5_folds.train_cv.predict)=91.58%
[ 2022-07-17 23:23:26,618][cascade_classifier.calc_accuracy] Accuracy(layer_1 - train.classifier_average)=92.19%
[ 2022-07-17 23:23:26,618][cascade_classifier.calc_auc] AUC(layer_1 - train.classifier_average)=0.97%
[ 2022-07-17 23:23:26,634][cascade_classifier.fit_transform] [layer=2] look_indexs=[0], X_cur_train.shape=(7965, 408), X_cur_test.shape=(0, 408)
[ 2022-07-17 23:23:28,033][kfold_wrapper.log_eval_metrics] Accuracy(layer_2 - estimator_0 - 5_folds.train_0.predict)=92.03%
[ 2022-07-17 23:23:29,329][kfold_wrapper.log_eval_metrics] Accuracy(layer_2 - estimator_0 - 5_folds.train_1.predict)=92.59%
[ 2022-07-17 23:23:30,954][kfold_wrapper.log_eval_metrics] Accuracy(layer_2 - estimator_0 - 5_folds.train_2.predict)=91.34%
[ 2022-07-17 23:23:32,278][kfold_wrapper.log_eval_metrics] Accuracy(layer_2 - estimator_0 - 5_folds.train_3.predict)=92.03%
[ 2022-07-17 23:23:33,518][kfold_wrapper.log_eval_metrics] Accuracy(layer_2 - estimator_0 - 5_folds.train_4.predict)=90.83%
[ 2022-07-17 23:23:33,527][kfold_wrapper.log_eval_metrics] Accuracy(layer_2 - estimator_0 - 5_folds.train_cv.predict)=91.76%
[ 2022-07-17 23:23:34,721][kfold_wrapper.log_eval_metrics] Accuracy(layer_2 - estimator_1 - 5_folds.train_0.predict)=91.90%
[ 2022-07-17 23:23:36,099][kfold_wrapper.log_eval_metrics] Accuracy(layer_2 - estimator_1 - 5_folds.train_1.predict)=91.90%
[ 2022-07-17 23:23:37,347][kfold_wrapper.log_eval_metrics] Accuracy(layer_2 - estimator_1 - 5_folds.train_2.predict)=91.59%
[ 2022-07-17 23:23:38,602][kfold_wrapper.log_eval_metrics] Accuracy(layer_2 - estimator_1 - 5_folds.train_3.predict)=91.90%
[ 2022-07-17 23:23:39,813][kfold_wrapper.log_eval_metrics] Accuracy(layer_2 - estimator_1 - 5_folds.train_4.predict)=91.59%
[ 2022-07-17 23:23:39,821][kfold_wrapper.log_eval_metrics] Accuracy(layer_2 - estimator_1 - 5_folds.train_cv.predict)=91.78%
[ 2022-07-17 23:24:19,456][kfold_wrapper.log_eval_metrics] Accuracy(layer_2 - estimator_2 - 5_folds.train_0.predict)=91.02%
[ 2022-07-17 23:25:05,724][kfold_wrapper.log_eval_metrics] Accuracy(layer_2 - estimator_2 - 5_folds.train_1.predict)=91.53%
[ 2022-07-17 23:25:51,798][kfold_wrapper.log_eval_metrics] Accuracy(layer_2 - estimator_2 - 5_folds.train_2.predict)=90.46%
[ 2022-07-17 23:26:32,733][kfold_wrapper.log_eval_metrics] Accuracy(layer_2 - estimator_2 - 5_folds.train_3.predict)=90.96%
[ 2022-07-17 23:27:14,671][kfold_wrapper.log_eval_metrics] Accuracy(layer_2 - estimator_2 - 5_folds.train_4.predict)=91.46%
[ 2022-07-17 23:27:14,671][kfold_wrapper.log_eval_metrics] Accuracy(layer_2 - estimator_2 - 5_folds.train_cv.predict)=91.09%
[ 2022-07-17 23:27:53,217][kfold_wrapper.log_eval_metrics] Accuracy(layer_2 - estimator_3 - 5_folds.train_0.predict)=91.96%
[ 2022-07-17 23:28:36,087][kfold_wrapper.log_eval_metrics] Accuracy(layer_2 - estimator_3 - 5_folds.train_1.predict)=91.65%
[ 2022-07-17 23:29:21,226][kfold_wrapper.log_eval_metrics] Accuracy(layer_2 - estimator_3 - 5_folds.train_2.predict)=90.71%
[ 2022-07-17 23:30:04,825][kfold_wrapper.log_eval_metrics] Accuracy(layer_2 - estimator_3 - 5_folds.train_3.predict)=91.27%
[ 2022-07-17 23:30:48,082][kfold_wrapper.log_eval_metrics] Accuracy(layer_2 - estimator_3 - 5_folds.train_4.predict)=91.02%
[ 2022-07-17 23:30:48,082][kfold_wrapper.log_eval_metrics] Accuracy(layer_2 - estimator_3 - 5_folds.train_cv.predict)=91.32%
[ 2022-07-17 23:30:48,082][cascade_classifier.calc_accuracy] Accuracy(layer_2 - train.classifier_average)=91.83%
[ 2022-07-17 23:30:48,082][cascade_classifier.calc_auc] AUC(layer_2 - train.classifier_average)=0.96%
[ 2022-07-17 23:30:48,098][cascade_classifier.fit_transform] [layer=3] look_indexs=[0], X_cur_train.shape=(7965, 408), X_cur_test.shape=(0, 408)
[ 2022-07-17 23:30:49,456][kfold_wrapper.log_eval_metrics] Accuracy(layer_3 - estimator_0 - 5_folds.train_0.predict)=91.96%
[ 2022-07-17 23:30:50,636][kfold_wrapper.log_eval_metrics] Accuracy(layer_3 - estimator_0 - 5_folds.train_1.predict)=91.59%
[ 2022-07-17 23:30:51,999][kfold_wrapper.log_eval_metrics] Accuracy(layer_3 - estimator_0 - 5_folds.train_2.predict)=91.15%
[ 2022-07-17 23:30:53,165][kfold_wrapper.log_eval_metrics] Accuracy(layer_3 - estimator_0 - 5_folds.train_3.predict)=91.27%
[ 2022-07-17 23:30:54,323][kfold_wrapper.log_eval_metrics] Accuracy(layer_3 - estimator_0 - 5_folds.train_4.predict)=91.46%
[ 2022-07-17 23:30:54,323][kfold_wrapper.log_eval_metrics] Accuracy(layer_3 - estimator_0 - 5_folds.train_cv.predict)=91.49%
[ 2022-07-17 23:30:55,561][kfold_wrapper.log_eval_metrics] Accuracy(layer_3 - estimator_1 - 5_folds.train_0.predict)=92.09%
[ 2022-07-17 23:30:56,844][kfold_wrapper.log_eval_metrics] Accuracy(layer_3 - estimator_1 - 5_folds.train_1.predict)=90.90%
[ 2022-07-17 23:30:58,038][kfold_wrapper.log_eval_metrics] Accuracy(layer_3 - estimator_1 - 5_folds.train_2.predict)=91.59%
[ 2022-07-17 23:30:59,229][kfold_wrapper.log_eval_metrics] Accuracy(layer_3 - estimator_1 - 5_folds.train_3.predict)=90.71%
[ 2022-07-17 23:31:00,386][kfold_wrapper.log_eval_metrics] Accuracy(layer_3 - estimator_1 - 5_folds.train_4.predict)=91.84%
[ 2022-07-17 23:31:00,403][kfold_wrapper.log_eval_metrics] Accuracy(layer_3 - estimator_1 - 5_folds.train_cv.predict)=91.42%
[ 2022-07-17 23:31:38,491][kfold_wrapper.log_eval_metrics] Accuracy(layer_3 - estimator_2 - 5_folds.train_0.predict)=89.77%
[ 2022-07-17 23:32:17,848][kfold_wrapper.log_eval_metrics] Accuracy(layer_3 - estimator_2 - 5_folds.train_1.predict)=90.77%
[ 2022-07-17 23:33:02,450][kfold_wrapper.log_eval_metrics] Accuracy(layer_3 - estimator_2 - 5_folds.train_2.predict)=91.40%
[ 2022-07-17 23:33:48,350][kfold_wrapper.log_eval_metrics] Accuracy(layer_3 - estimator_2 - 5_folds.train_3.predict)=91.78%
[ 2022-07-17 23:34:28,937][kfold_wrapper.log_eval_metrics] Accuracy(layer_3 - estimator_2 - 5_folds.train_4.predict)=91.40%
[ 2022-07-17 23:34:28,937][kfold_wrapper.log_eval_metrics] Accuracy(layer_3 - estimator_2 - 5_folds.train_cv.predict)=91.02%
[ 2022-07-17 23:35:10,250][kfold_wrapper.log_eval_metrics] Accuracy(layer_3 - estimator_3 - 5_folds.train_0.predict)=90.14%
[ 2022-07-17 23:35:48,738][kfold_wrapper.log_eval_metrics] Accuracy(layer_3 - estimator_3 - 5_folds.train_1.predict)=92.03%
[ 2022-07-17 23:36:32,615][kfold_wrapper.log_eval_metrics] Accuracy(layer_3 - estimator_3 - 5_folds.train_2.predict)=90.58%
[ 2022-07-17 23:37:18,237][kfold_wrapper.log_eval_metrics] Accuracy(layer_3 - estimator_3 - 5_folds.train_3.predict)=90.96%
[ 2022-07-17 23:38:02,351][kfold_wrapper.log_eval_metrics] Accuracy(layer_3 - estimator_3 - 5_folds.train_4.predict)=91.02%
[ 2022-07-17 23:38:02,351][kfold_wrapper.log_eval_metrics] Accuracy(layer_3 - estimator_3 - 5_folds.train_cv.predict)=90.95%
[ 2022-07-17 23:38:02,351][cascade_classifier.calc_accuracy] Accuracy(layer_3 - train.classifier_average)=91.50%
[ 2022-07-17 23:38:02,367][cascade_classifier.calc_auc] AUC(layer_3 - train.classifier_average)=0.96%
[ 2022-07-17 23:38:02,367][cascade_classifier.fit_transform] [Result][Optimal Level Detected] opt_layer_num=1, accuracy_train=0.97%, accuracy_test=0.00%
[ 2022-07-17 23:38:02,383][cascade_classifier.transform] X_groups_test.shape=[(1991, 400)]
[ 2022-07-17 23:38:02,383][cascade_classifier.transform] group_dims=[400]
[ 2022-07-17 23:38:02,383][cascade_classifier.transform] X_test.shape=(1991, 400)
[ 2022-07-17 23:38:02,383][cascade_classifier.transform] [layer=0] look_indexs=[0], X_cur_test.shape=(1991, 400)
[ 2022-07-17 23:38:03,734][cascade_classifier.transform] X_groups_test.shape=[(1991, 400)]
[ 2022-07-17 23:38:03,734][cascade_classifier.transform] group_dims=[400]
[ 2022-07-17 23:38:03,734][cascade_classifier.transform] X_test.shape=(1991, 400)
[ 2022-07-17 23:38:03,734][cascade_classifier.transform] [layer=0] look_indexs=[0], X_cur_test.shape=(1991, 400)
[ 2022-07-17 23:38:05,088][cascade_classifier.fit_transform] X_groups_train.shape=[(7965, 400)],y_train.shape=(7965,),X_groups_test.shape=no_test,y_test.shape=no_test
[ 2022-07-17 23:38:05,097][cascade_classifier.fit_transform] group_dims=[400]
[ 2022-07-17 23:38:05,097][cascade_classifier.fit_transform] group_starts=[0]
[ 2022-07-17 23:38:05,097][cascade_classifier.fit_transform] group_ends=[400]
[ 2022-07-17 23:38:05,097][cascade_classifier.fit_transform] X_train.shape=(7965, 400),X_test.shape=(0, 400)
[ 2022-07-17 23:38:05,097][cascade_classifier.fit_transform] [layer=0] look_indexs=[0], X_cur_train.shape=(7965, 400), X_cur_test.shape=(0, 400)
[ 2022-07-17 23:38:06,542][kfold_wrapper.log_eval_metrics] Accuracy(layer_0 - estimator_0 - 5_folds.train_0.predict)=92.03%
[ 2022-07-17 23:38:08,144][kfold_wrapper.log_eval_metrics] Accuracy(layer_0 - estimator_0 - 5_folds.train_1.predict)=91.46%
[ 2022-07-17 23:38:09,564][kfold_wrapper.log_eval_metrics] Accuracy(layer_0 - estimator_0 - 5_folds.train_2.predict)=92.28%
[ 2022-07-17 23:38:10,903][kfold_wrapper.log_eval_metrics] Accuracy(layer_0 - estimator_0 - 5_folds.train_3.predict)=92.97%
[ 2022-07-17 23:38:12,265][kfold_wrapper.log_eval_metrics] Accuracy(layer_0 - estimator_0 - 5_folds.train_4.predict)=90.83%
[ 2022-07-17 23:38:12,277][kfold_wrapper.log_eval_metrics] Accuracy(layer_0 - estimator_0 - 5_folds.train_cv.predict)=91.91%
[ 2022-07-17 23:38:13,756][kfold_wrapper.log_eval_metrics] Accuracy(layer_0 - estimator_1 - 5_folds.train_0.predict)=92.40%
[ 2022-07-17 23:38:15,159][kfold_wrapper.log_eval_metrics] Accuracy(layer_0 - estimator_1 - 5_folds.train_1.predict)=92.03%
[ 2022-07-17 23:38:16,498][kfold_wrapper.log_eval_metrics] Accuracy(layer_0 - estimator_1 - 5_folds.train_2.predict)=91.90%
[ 2022-07-17 23:38:17,880][kfold_wrapper.log_eval_metrics] Accuracy(layer_0 - estimator_1 - 5_folds.train_3.predict)=92.59%
[ 2022-07-17 23:38:19,458][kfold_wrapper.log_eval_metrics] Accuracy(layer_0 - estimator_1 - 5_folds.train_4.predict)=91.53%
[ 2022-07-17 23:38:19,467][kfold_wrapper.log_eval_metrics] Accuracy(layer_0 - estimator_1 - 5_folds.train_cv.predict)=92.09%
[ 2022-07-17 23:39:03,399][kfold_wrapper.log_eval_metrics] Accuracy(layer_0 - estimator_2 - 5_folds.train_0.predict)=91.90%
[ 2022-07-17 23:39:43,172][kfold_wrapper.log_eval_metrics] Accuracy(layer_0 - estimator_2 - 5_folds.train_1.predict)=93.22%
[ 2022-07-17 23:40:23,490][kfold_wrapper.log_eval_metrics] Accuracy(layer_0 - estimator_2 - 5_folds.train_2.predict)=91.78%
[ 2022-07-17 23:41:10,183][kfold_wrapper.log_eval_metrics] Accuracy(layer_0 - estimator_2 - 5_folds.train_3.predict)=92.47%
[ 2022-07-17 23:41:56,098][kfold_wrapper.log_eval_metrics] Accuracy(layer_0 - estimator_2 - 5_folds.train_4.predict)=91.34%
[ 2022-07-17 23:41:56,098][kfold_wrapper.log_eval_metrics] Accuracy(layer_0 - estimator_2 - 5_folds.train_cv.predict)=92.14%
[ 2022-07-17 23:42:40,131][kfold_wrapper.log_eval_metrics] Accuracy(layer_0 - estimator_3 - 5_folds.train_0.predict)=92.22%
[ 2022-07-17 23:43:20,775][kfold_wrapper.log_eval_metrics] Accuracy(layer_0 - estimator_3 - 5_folds.train_1.predict)=91.78%
[ 2022-07-17 23:44:00,183][kfold_wrapper.log_eval_metrics] Accuracy(layer_0 - estimator_3 - 5_folds.train_2.predict)=91.46%
[ 2022-07-17 23:44:43,104][kfold_wrapper.log_eval_metrics] Accuracy(layer_0 - estimator_3 - 5_folds.train_3.predict)=91.78%
[ 2022-07-17 23:45:30,123][kfold_wrapper.log_eval_metrics] Accuracy(layer_0 - estimator_3 - 5_folds.train_4.predict)=92.34%
[ 2022-07-17 23:45:30,123][kfold_wrapper.log_eval_metrics] Accuracy(layer_0 - estimator_3 - 5_folds.train_cv.predict)=91.91%
[ 2022-07-17 23:45:30,123][cascade_classifier.calc_accuracy] Accuracy(layer_0 - train.classifier_average)=92.27%
[ 2022-07-17 23:45:30,139][cascade_classifier.calc_auc] AUC(layer_0 - train.classifier_average)=0.97%
[ 2022-07-17 23:45:30,139][cascade_classifier.fit_transform] [layer=1] look_indexs=[0], X_cur_train.shape=(7965, 408), X_cur_test.shape=(0, 408)
[ 2022-07-17 23:45:31,598][kfold_wrapper.log_eval_metrics] Accuracy(layer_1 - estimator_0 - 5_folds.train_0.predict)=93.28%
[ 2022-07-17 23:45:32,907][kfold_wrapper.log_eval_metrics] Accuracy(layer_1 - estimator_0 - 5_folds.train_1.predict)=91.90%
[ 2022-07-17 23:45:34,233][kfold_wrapper.log_eval_metrics] Accuracy(layer_1 - estimator_0 - 5_folds.train_2.predict)=91.78%
[ 2022-07-17 23:45:35,665][kfold_wrapper.log_eval_metrics] Accuracy(layer_1 - estimator_0 - 5_folds.train_3.predict)=92.53%
[ 2022-07-17 23:45:36,960][kfold_wrapper.log_eval_metrics] Accuracy(layer_1 - estimator_0 - 5_folds.train_4.predict)=93.09%
[ 2022-07-17 23:45:36,961][kfold_wrapper.log_eval_metrics] Accuracy(layer_1 - estimator_0 - 5_folds.train_cv.predict)=92.52%
[ 2022-07-17 23:45:38,298][kfold_wrapper.log_eval_metrics] Accuracy(layer_1 - estimator_1 - 5_folds.train_0.predict)=92.15%
[ 2022-07-17 23:45:39,574][kfold_wrapper.log_eval_metrics] Accuracy(layer_1 - estimator_1 - 5_folds.train_1.predict)=93.03%
[ 2022-07-17 23:45:40,865][kfold_wrapper.log_eval_metrics] Accuracy(layer_1 - estimator_1 - 5_folds.train_2.predict)=92.84%
[ 2022-07-17 23:45:42,187][kfold_wrapper.log_eval_metrics] Accuracy(layer_1 - estimator_1 - 5_folds.train_3.predict)=93.09%
[ 2022-07-17 23:45:43,494][kfold_wrapper.log_eval_metrics] Accuracy(layer_1 - estimator_1 - 5_folds.train_4.predict)=92.34%
[ 2022-07-17 23:45:43,511][kfold_wrapper.log_eval_metrics] Accuracy(layer_1 - estimator_1 - 5_folds.train_cv.predict)=92.69%
[ 2022-07-17 23:46:27,263][kfold_wrapper.log_eval_metrics] Accuracy(layer_1 - estimator_2 - 5_folds.train_0.predict)=92.72%
[ 2022-07-17 23:47:08,654][kfold_wrapper.log_eval_metrics] Accuracy(layer_1 - estimator_2 - 5_folds.train_1.predict)=91.65%
[ 2022-07-17 23:47:46,688][kfold_wrapper.log_eval_metrics] Accuracy(layer_1 - estimator_2 - 5_folds.train_2.predict)=91.34%
[ 2022-07-17 23:48:27,057][kfold_wrapper.log_eval_metrics] Accuracy(layer_1 - estimator_2 - 5_folds.train_3.predict)=92.34%
[ 2022-07-17 23:49:11,243][kfold_wrapper.log_eval_metrics] Accuracy(layer_1 - estimator_2 - 5_folds.train_4.predict)=91.34%
[ 2022-07-17 23:49:11,243][kfold_wrapper.log_eval_metrics] Accuracy(layer_1 - estimator_2 - 5_folds.train_cv.predict)=91.88%
[ 2022-07-17 23:49:56,409][kfold_wrapper.log_eval_metrics] Accuracy(layer_1 - estimator_3 - 5_folds.train_0.predict)=93.85%
[ 2022-07-17 23:50:37,683][kfold_wrapper.log_eval_metrics] Accuracy(layer_1 - estimator_3 - 5_folds.train_1.predict)=90.83%
[ 2022-07-17 23:51:18,590][kfold_wrapper.log_eval_metrics] Accuracy(layer_1 - estimator_3 - 5_folds.train_2.predict)=91.21%
[ 2022-07-17 23:51:57,943][kfold_wrapper.log_eval_metrics] Accuracy(layer_1 - estimator_3 - 5_folds.train_3.predict)=90.90%
[ 2022-07-17 23:52:40,024][kfold_wrapper.log_eval_metrics] Accuracy(layer_1 - estimator_3 - 5_folds.train_4.predict)=92.03%
[ 2022-07-17 23:52:40,024][kfold_wrapper.log_eval_metrics] Accuracy(layer_1 - estimator_3 - 5_folds.train_cv.predict)=91.76%
[ 2022-07-17 23:52:40,028][cascade_classifier.calc_accuracy] Accuracy(layer_1 - train.classifier_average)=92.67%
[ 2022-07-17 23:52:40,028][cascade_classifier.calc_auc] AUC(layer_1 - train.classifier_average)=0.97%
[ 2022-07-17 23:52:40,038][cascade_classifier.fit_transform] [layer=2] look_indexs=[0], X_cur_train.shape=(7965, 408), X_cur_test.shape=(0, 408)
[ 2022-07-17 23:52:41,515][kfold_wrapper.log_eval_metrics] Accuracy(layer_2 - estimator_0 - 5_folds.train_0.predict)=93.22%
[ 2022-07-17 23:52:42,792][kfold_wrapper.log_eval_metrics] Accuracy(layer_2 - estimator_0 - 5_folds.train_1.predict)=92.66%
[ 2022-07-17 23:52:44,022][kfold_wrapper.log_eval_metrics] Accuracy(layer_2 - estimator_0 - 5_folds.train_2.predict)=92.15%
[ 2022-07-17 23:52:45,319][kfold_wrapper.log_eval_metrics] Accuracy(layer_2 - estimator_0 - 5_folds.train_3.predict)=92.09%
[ 2022-07-17 23:52:46,629][kfold_wrapper.log_eval_metrics] Accuracy(layer_2 - estimator_0 - 5_folds.train_4.predict)=91.53%
[ 2022-07-17 23:52:46,638][kfold_wrapper.log_eval_metrics] Accuracy(layer_2 - estimator_0 - 5_folds.train_cv.predict)=92.33%
[ 2022-07-17 23:52:47,910][kfold_wrapper.log_eval_metrics] Accuracy(layer_2 - estimator_1 - 5_folds.train_0.predict)=92.03%
[ 2022-07-17 23:52:49,465][kfold_wrapper.log_eval_metrics] Accuracy(layer_2 - estimator_1 - 5_folds.train_1.predict)=91.53%
[ 2022-07-17 23:52:51,113][kfold_wrapper.log_eval_metrics] Accuracy(layer_2 - estimator_1 - 5_folds.train_2.predict)=92.78%
[ 2022-07-17 23:52:52,447][kfold_wrapper.log_eval_metrics] Accuracy(layer_2 - estimator_1 - 5_folds.train_3.predict)=92.34%
[ 2022-07-17 23:52:53,776][kfold_wrapper.log_eval_metrics] Accuracy(layer_2 - estimator_1 - 5_folds.train_4.predict)=92.59%
[ 2022-07-17 23:52:53,782][kfold_wrapper.log_eval_metrics] Accuracy(layer_2 - estimator_1 - 5_folds.train_cv.predict)=92.25%
[ 2022-07-17 23:53:40,663][kfold_wrapper.log_eval_metrics] Accuracy(layer_2 - estimator_2 - 5_folds.train_0.predict)=91.21%
[ 2022-07-17 23:54:20,229][kfold_wrapper.log_eval_metrics] Accuracy(layer_2 - estimator_2 - 5_folds.train_1.predict)=92.59%
[ 2022-07-17 23:55:04,455][kfold_wrapper.log_eval_metrics] Accuracy(layer_2 - estimator_2 - 5_folds.train_2.predict)=91.02%
[ 2022-07-17 23:55:43,244][kfold_wrapper.log_eval_metrics] Accuracy(layer_2 - estimator_2 - 5_folds.train_3.predict)=90.40%
[ 2022-07-17 23:56:23,110][kfold_wrapper.log_eval_metrics] Accuracy(layer_2 - estimator_2 - 5_folds.train_4.predict)=93.22%
[ 2022-07-17 23:56:23,110][kfold_wrapper.log_eval_metrics] Accuracy(layer_2 - estimator_2 - 5_folds.train_cv.predict)=91.69%
[ 2022-07-17 23:57:09,135][kfold_wrapper.log_eval_metrics] Accuracy(layer_2 - estimator_3 - 5_folds.train_0.predict)=91.53%
[ 2022-07-17 23:57:54,893][kfold_wrapper.log_eval_metrics] Accuracy(layer_2 - estimator_3 - 5_folds.train_1.predict)=91.34%
[ 2022-07-17 23:58:35,967][kfold_wrapper.log_eval_metrics] Accuracy(layer_2 - estimator_3 - 5_folds.train_2.predict)=91.53%
[ 2022-07-17 23:59:16,399][kfold_wrapper.log_eval_metrics] Accuracy(layer_2 - estimator_3 - 5_folds.train_3.predict)=92.09%
[ 2022-07-17 23:59:54,460][kfold_wrapper.log_eval_metrics] Accuracy(layer_2 - estimator_3 - 5_folds.train_4.predict)=91.71%
[ 2022-07-17 23:59:54,460][kfold_wrapper.log_eval_metrics] Accuracy(layer_2 - estimator_3 - 5_folds.train_cv.predict)=91.64%
[ 2022-07-17 23:59:54,460][cascade_classifier.calc_accuracy] Accuracy(layer_2 - train.classifier_average)=92.39%
[ 2022-07-17 23:59:54,460][cascade_classifier.calc_auc] AUC(layer_2 - train.classifier_average)=0.96%
[ 2022-07-17 23:59:54,460][cascade_classifier.fit_transform] [layer=3] look_indexs=[0], X_cur_train.shape=(7965, 408), X_cur_test.shape=(0, 408)
[ 2022-07-17 23:59:55,927][kfold_wrapper.log_eval_metrics] Accuracy(layer_3 - estimator_0 - 5_folds.train_0.predict)=91.53%
[ 2022-07-17 23:59:57,397][kfold_wrapper.log_eval_metrics] Accuracy(layer_3 - estimator_0 - 5_folds.train_1.predict)=91.96%
[ 2022-07-17 23:59:58,647][kfold_wrapper.log_eval_metrics] Accuracy(layer_3 - estimator_0 - 5_folds.train_2.predict)=90.77%
[ 2022-07-17 23:59:59,962][kfold_wrapper.log_eval_metrics] Accuracy(layer_3 - estimator_0 - 5_folds.train_3.predict)=91.96%
[ 2022-07-18 00:00:01,206][kfold_wrapper.log_eval_metrics] Accuracy(layer_3 - estimator_0 - 5_folds.train_4.predict)=93.16%
[ 2022-07-18 00:00:01,208][kfold_wrapper.log_eval_metrics] Accuracy(layer_3 - estimator_0 - 5_folds.train_cv.predict)=91.88%
[ 2022-07-18 00:00:02,467][kfold_wrapper.log_eval_metrics] Accuracy(layer_3 - estimator_1 - 5_folds.train_0.predict)=91.40%
[ 2022-07-18 00:00:03,756][kfold_wrapper.log_eval_metrics] Accuracy(layer_3 - estimator_1 - 5_folds.train_1.predict)=91.46%
[ 2022-07-18 00:00:05,028][kfold_wrapper.log_eval_metrics] Accuracy(layer_3 - estimator_1 - 5_folds.train_2.predict)=92.34%
[ 2022-07-18 00:00:06,311][kfold_wrapper.log_eval_metrics] Accuracy(layer_3 - estimator_1 - 5_folds.train_3.predict)=92.91%
[ 2022-07-18 00:00:07,765][kfold_wrapper.log_eval_metrics] Accuracy(layer_3 - estimator_1 - 5_folds.train_4.predict)=91.96%
[ 2022-07-18 00:00:07,774][kfold_wrapper.log_eval_metrics] Accuracy(layer_3 - estimator_1 - 5_folds.train_cv.predict)=92.02%
[ 2022-07-18 00:00:51,368][kfold_wrapper.log_eval_metrics] Accuracy(layer_3 - estimator_2 - 5_folds.train_0.predict)=92.72%
[ 2022-07-18 00:01:37,376][kfold_wrapper.log_eval_metrics] Accuracy(layer_3 - estimator_2 - 5_folds.train_1.predict)=91.34%
[ 2022-07-18 00:02:18,547][kfold_wrapper.log_eval_metrics] Accuracy(layer_3 - estimator_2 - 5_folds.train_2.predict)=90.40%
[ 2022-07-18 00:03:01,754][kfold_wrapper.log_eval_metrics] Accuracy(layer_3 - estimator_2 - 5_folds.train_3.predict)=90.40%
[ 2022-07-18 00:03:38,928][kfold_wrapper.log_eval_metrics] Accuracy(layer_3 - estimator_2 - 5_folds.train_4.predict)=91.65%
[ 2022-07-18 00:03:38,928][kfold_wrapper.log_eval_metrics] Accuracy(layer_3 - estimator_2 - 5_folds.train_cv.predict)=91.30%
[ 2022-07-18 00:04:17,072][kfold_wrapper.log_eval_metrics] Accuracy(layer_3 - estimator_3 - 5_folds.train_0.predict)=91.34%
[ 2022-07-18 00:05:01,905][kfold_wrapper.log_eval_metrics] Accuracy(layer_3 - estimator_3 - 5_folds.train_1.predict)=91.65%
[ 2022-07-18 00:05:48,102][kfold_wrapper.log_eval_metrics] Accuracy(layer_3 - estimator_3 - 5_folds.train_2.predict)=92.15%
[ 2022-07-18 00:06:28,936][kfold_wrapper.log_eval_metrics] Accuracy(layer_3 - estimator_3 - 5_folds.train_3.predict)=91.65%
[ 2022-07-18 00:07:10,525][kfold_wrapper.log_eval_metrics] Accuracy(layer_3 - estimator_3 - 5_folds.train_4.predict)=90.96%
[ 2022-07-18 00:07:10,525][kfold_wrapper.log_eval_metrics] Accuracy(layer_3 - estimator_3 - 5_folds.train_cv.predict)=91.55%
[ 2022-07-18 00:07:10,525][cascade_classifier.calc_accuracy] Accuracy(layer_3 - train.classifier_average)=92.00%
[ 2022-07-18 00:07:10,525][cascade_classifier.calc_auc] AUC(layer_3 - train.classifier_average)=0.96%
[ 2022-07-18 00:07:10,525][cascade_classifier.fit_transform] [Result][Optimal Level Detected] opt_layer_num=1, accuracy_train=0.97%, accuracy_test=0.00%
[ 2022-07-18 00:07:10,556][cascade_classifier.transform] X_groups_test.shape=[(1991, 400)]
[ 2022-07-18 00:07:10,559][cascade_classifier.transform] group_dims=[400]
[ 2022-07-18 00:07:10,559][cascade_classifier.transform] X_test.shape=(1991, 400)
[ 2022-07-18 00:07:10,559][cascade_classifier.transform] [layer=0] look_indexs=[0], X_cur_test.shape=(1991, 400)
[ 2022-07-18 00:07:11,937][cascade_classifier.transform] X_groups_test.shape=[(1991, 400)]
[ 2022-07-18 00:07:11,937][cascade_classifier.transform] group_dims=[400]
[ 2022-07-18 00:07:11,937][cascade_classifier.transform] X_test.shape=(1991, 400)
[ 2022-07-18 00:07:11,937][cascade_classifier.transform] [layer=0] look_indexs=[0], X_cur_test.shape=(1991, 400)
