[ 2022-03-10 22:24:40,421][cascade_classifier.fit_transform] X_groups_train.shape=[(7964, 1650)],y_train.shape=(7964,),X_groups_test.shape=no_test,y_test.shape=no_test
[ 2022-03-10 22:24:40,577][cascade_classifier.fit_transform] group_dims=[1650]
[ 2022-03-10 22:24:40,577][cascade_classifier.fit_transform] group_starts=[0]
[ 2022-03-10 22:24:40,577][cascade_classifier.fit_transform] group_ends=[1650]
[ 2022-03-10 22:24:40,582][cascade_classifier.fit_transform] X_train.shape=(7964, 1650),X_test.shape=(0, 1650)
[ 2022-03-10 22:24:40,613][cascade_classifier.fit_transform] [layer=0] look_indexs=[0], X_cur_train.shape=(7964, 1650), X_cur_test.shape=(0, 1650)
[ 2022-03-10 22:24:46,041][kfold_wrapper.log_eval_metrics] Accuracy(layer_0 - estimator_0 - 5_folds.train_0.predict)=93.47%
[ 2022-03-10 22:24:50,082][kfold_wrapper.log_eval_metrics] Accuracy(layer_0 - estimator_0 - 5_folds.train_1.predict)=94.10%
[ 2022-03-10 22:24:53,922][kfold_wrapper.log_eval_metrics] Accuracy(layer_0 - estimator_0 - 5_folds.train_2.predict)=91.90%
[ 2022-03-10 22:24:57,887][kfold_wrapper.log_eval_metrics] Accuracy(layer_0 - estimator_0 - 5_folds.train_3.predict)=93.16%
[ 2022-03-10 22:25:02,285][kfold_wrapper.log_eval_metrics] Accuracy(layer_0 - estimator_0 - 5_folds.train_4.predict)=93.09%
[ 2022-03-10 22:25:02,288][kfold_wrapper.log_eval_metrics] Accuracy(layer_0 - estimator_0 - 5_folds.train_cv.predict)=93.14%
[ 2022-03-10 22:25:06,143][kfold_wrapper.log_eval_metrics] Accuracy(layer_0 - estimator_1 - 5_folds.train_0.predict)=92.28%
[ 2022-03-10 22:25:09,711][kfold_wrapper.log_eval_metrics] Accuracy(layer_0 - estimator_1 - 5_folds.train_1.predict)=93.22%
[ 2022-03-10 22:25:13,208][kfold_wrapper.log_eval_metrics] Accuracy(layer_0 - estimator_1 - 5_folds.train_2.predict)=93.22%
[ 2022-03-10 22:25:16,576][kfold_wrapper.log_eval_metrics] Accuracy(layer_0 - estimator_1 - 5_folds.train_3.predict)=93.28%
[ 2022-03-10 22:25:19,960][kfold_wrapper.log_eval_metrics] Accuracy(layer_0 - estimator_1 - 5_folds.train_4.predict)=93.78%
[ 2022-03-10 22:25:19,973][kfold_wrapper.log_eval_metrics] Accuracy(layer_0 - estimator_1 - 5_folds.train_cv.predict)=93.16%
[ 2022-03-10 22:25:19,975][cascade_classifier.calc_accuracy] Accuracy(layer_0 - train.classifier_average)=93.36%
[ 2022-03-10 22:25:20,002][cascade_classifier.calc_auc] AUC(layer_0 - train.classifier_average)=0.98%
[ 2022-03-10 22:25:20,106][cascade_classifier.fit_transform] [layer=1] look_indexs=[0], X_cur_train.shape=(7964, 1654), X_cur_test.shape=(0, 1654)
[ 2022-03-10 22:25:22,406][kfold_wrapper.log_eval_metrics] Accuracy(layer_1 - estimator_0 - 5_folds.train_0.predict)=94.22%
[ 2022-03-10 22:25:24,511][kfold_wrapper.log_eval_metrics] Accuracy(layer_1 - estimator_0 - 5_folds.train_1.predict)=93.60%
[ 2022-03-10 22:25:26,634][kfold_wrapper.log_eval_metrics] Accuracy(layer_1 - estimator_0 - 5_folds.train_2.predict)=93.35%
[ 2022-03-10 22:25:28,741][kfold_wrapper.log_eval_metrics] Accuracy(layer_1 - estimator_0 - 5_folds.train_3.predict)=93.41%
[ 2022-03-10 22:25:30,838][kfold_wrapper.log_eval_metrics] Accuracy(layer_1 - estimator_0 - 5_folds.train_4.predict)=93.40%
[ 2022-03-10 22:25:30,840][kfold_wrapper.log_eval_metrics] Accuracy(layer_1 - estimator_0 - 5_folds.train_cv.predict)=93.60%
[ 2022-03-10 22:25:32,925][kfold_wrapper.log_eval_metrics] Accuracy(layer_1 - estimator_1 - 5_folds.train_0.predict)=93.16%
[ 2022-03-10 22:25:35,008][kfold_wrapper.log_eval_metrics] Accuracy(layer_1 - estimator_1 - 5_folds.train_1.predict)=94.66%
[ 2022-03-10 22:25:37,097][kfold_wrapper.log_eval_metrics] Accuracy(layer_1 - estimator_1 - 5_folds.train_2.predict)=93.60%
[ 2022-03-10 22:25:39,187][kfold_wrapper.log_eval_metrics] Accuracy(layer_1 - estimator_1 - 5_folds.train_3.predict)=93.28%
[ 2022-03-10 22:25:41,275][kfold_wrapper.log_eval_metrics] Accuracy(layer_1 - estimator_1 - 5_folds.train_4.predict)=92.84%
[ 2022-03-10 22:25:41,275][kfold_wrapper.log_eval_metrics] Accuracy(layer_1 - estimator_1 - 5_folds.train_cv.predict)=93.51%
[ 2022-03-10 22:25:41,275][cascade_classifier.calc_accuracy] Accuracy(layer_1 - train.classifier_average)=93.63%
[ 2022-03-10 22:25:41,283][cascade_classifier.calc_auc] AUC(layer_1 - train.classifier_average)=0.98%
[ 2022-03-10 22:25:41,368][cascade_classifier.fit_transform] [layer=2] look_indexs=[0], X_cur_train.shape=(7964, 1654), X_cur_test.shape=(0, 1654)
[ 2022-03-10 22:25:43,476][kfold_wrapper.log_eval_metrics] Accuracy(layer_2 - estimator_0 - 5_folds.train_0.predict)=92.34%
[ 2022-03-10 22:25:45,575][kfold_wrapper.log_eval_metrics] Accuracy(layer_2 - estimator_0 - 5_folds.train_1.predict)=93.72%
[ 2022-03-10 22:25:47,830][kfold_wrapper.log_eval_metrics] Accuracy(layer_2 - estimator_0 - 5_folds.train_2.predict)=93.09%
[ 2022-03-10 22:25:50,051][kfold_wrapper.log_eval_metrics] Accuracy(layer_2 - estimator_0 - 5_folds.train_3.predict)=93.66%
[ 2022-03-10 22:25:52,181][kfold_wrapper.log_eval_metrics] Accuracy(layer_2 - estimator_0 - 5_folds.train_4.predict)=92.71%
[ 2022-03-10 22:25:52,187][kfold_wrapper.log_eval_metrics] Accuracy(layer_2 - estimator_0 - 5_folds.train_cv.predict)=93.11%
[ 2022-03-10 22:25:54,405][kfold_wrapper.log_eval_metrics] Accuracy(layer_2 - estimator_1 - 5_folds.train_0.predict)=93.85%
[ 2022-03-10 22:25:56,608][kfold_wrapper.log_eval_metrics] Accuracy(layer_2 - estimator_1 - 5_folds.train_1.predict)=93.22%
[ 2022-03-10 22:25:58,806][kfold_wrapper.log_eval_metrics] Accuracy(layer_2 - estimator_1 - 5_folds.train_2.predict)=93.03%
[ 2022-03-10 22:26:00,874][kfold_wrapper.log_eval_metrics] Accuracy(layer_2 - estimator_1 - 5_folds.train_3.predict)=93.03%
[ 2022-03-10 22:26:02,953][kfold_wrapper.log_eval_metrics] Accuracy(layer_2 - estimator_1 - 5_folds.train_4.predict)=92.09%
[ 2022-03-10 22:26:02,955][kfold_wrapper.log_eval_metrics] Accuracy(layer_2 - estimator_1 - 5_folds.train_cv.predict)=93.04%
[ 2022-03-10 22:26:02,956][cascade_classifier.calc_accuracy] Accuracy(layer_2 - train.classifier_average)=93.18%
[ 2022-03-10 22:26:02,960][cascade_classifier.calc_auc] AUC(layer_2 - train.classifier_average)=0.98%
[ 2022-03-10 22:26:03,052][cascade_classifier.fit_transform] [layer=3] look_indexs=[0], X_cur_train.shape=(7964, 1654), X_cur_test.shape=(0, 1654)
[ 2022-03-10 22:26:05,312][kfold_wrapper.log_eval_metrics] Accuracy(layer_3 - estimator_0 - 5_folds.train_0.predict)=92.84%
[ 2022-03-10 22:26:07,578][kfold_wrapper.log_eval_metrics] Accuracy(layer_3 - estimator_0 - 5_folds.train_1.predict)=92.47%
[ 2022-03-10 22:26:09,797][kfold_wrapper.log_eval_metrics] Accuracy(layer_3 - estimator_0 - 5_folds.train_2.predict)=92.72%
[ 2022-03-10 22:26:12,064][kfold_wrapper.log_eval_metrics] Accuracy(layer_3 - estimator_0 - 5_folds.train_3.predict)=93.22%
[ 2022-03-10 22:26:14,393][kfold_wrapper.log_eval_metrics] Accuracy(layer_3 - estimator_0 - 5_folds.train_4.predict)=93.15%
[ 2022-03-10 22:26:14,394][kfold_wrapper.log_eval_metrics] Accuracy(layer_3 - estimator_0 - 5_folds.train_cv.predict)=92.88%
[ 2022-03-10 22:26:16,588][kfold_wrapper.log_eval_metrics] Accuracy(layer_3 - estimator_1 - 5_folds.train_0.predict)=92.78%
[ 2022-03-10 22:26:18,940][kfold_wrapper.log_eval_metrics] Accuracy(layer_3 - estimator_1 - 5_folds.train_1.predict)=92.22%
[ 2022-03-10 22:26:21,361][kfold_wrapper.log_eval_metrics] Accuracy(layer_3 - estimator_1 - 5_folds.train_2.predict)=92.72%
[ 2022-03-10 22:26:23,658][kfold_wrapper.log_eval_metrics] Accuracy(layer_3 - estimator_1 - 5_folds.train_3.predict)=92.15%
[ 2022-03-10 22:26:25,988][kfold_wrapper.log_eval_metrics] Accuracy(layer_3 - estimator_1 - 5_folds.train_4.predict)=93.03%
[ 2022-03-10 22:26:25,990][kfold_wrapper.log_eval_metrics] Accuracy(layer_3 - estimator_1 - 5_folds.train_cv.predict)=92.58%
[ 2022-03-10 22:26:25,991][cascade_classifier.calc_accuracy] Accuracy(layer_3 - train.classifier_average)=92.81%
[ 2022-03-10 22:26:25,995][cascade_classifier.calc_auc] AUC(layer_3 - train.classifier_average)=0.97%
[ 2022-03-10 22:26:25,995][cascade_classifier.fit_transform] [Result][Optimal Level Detected] opt_layer_num=1, accuracy_train=0.98%, accuracy_test=0.00%
[ 2022-03-10 22:26:26,038][cascade_classifier.transform] X_groups_test.shape=[(1992, 1650)]
[ 2022-03-10 22:26:26,060][cascade_classifier.transform] group_dims=[1650]
[ 2022-03-10 22:26:26,060][cascade_classifier.transform] X_test.shape=(1992, 1650)
[ 2022-03-10 22:26:26,072][cascade_classifier.transform] [layer=0] look_indexs=[0], X_cur_test.shape=(1992, 1650)
[ 2022-03-10 22:26:26,242][cascade_classifier.transform] X_groups_test.shape=[(1992, 1650)]
[ 2022-03-10 22:26:26,246][cascade_classifier.transform] group_dims=[1650]
[ 2022-03-10 22:26:26,253][cascade_classifier.transform] X_test.shape=(1992, 1650)
[ 2022-03-10 22:26:26,253][cascade_classifier.transform] [layer=0] look_indexs=[0], X_cur_test.shape=(1992, 1650)
[ 2022-03-10 22:26:26,608][cascade_classifier.fit_transform] X_groups_train.shape=[(7965, 1650)],y_train.shape=(7965,),X_groups_test.shape=no_test,y_test.shape=no_test
[ 2022-03-10 22:26:26,636][cascade_classifier.fit_transform] group_dims=[1650]
[ 2022-03-10 22:26:26,642][cascade_classifier.fit_transform] group_starts=[0]
[ 2022-03-10 22:26:26,643][cascade_classifier.fit_transform] group_ends=[1650]
[ 2022-03-10 22:26:26,643][cascade_classifier.fit_transform] X_train.shape=(7965, 1650),X_test.shape=(0, 1650)
[ 2022-03-10 22:26:26,661][cascade_classifier.fit_transform] [layer=0] look_indexs=[0], X_cur_train.shape=(7965, 1650), X_cur_test.shape=(0, 1650)
[ 2022-03-10 22:26:29,911][kfold_wrapper.log_eval_metrics] Accuracy(layer_0 - estimator_0 - 5_folds.train_0.predict)=93.35%
[ 2022-03-10 22:26:33,186][kfold_wrapper.log_eval_metrics] Accuracy(layer_0 - estimator_0 - 5_folds.train_1.predict)=93.09%
[ 2022-03-10 22:26:36,311][kfold_wrapper.log_eval_metrics] Accuracy(layer_0 - estimator_0 - 5_folds.train_2.predict)=93.22%
[ 2022-03-10 22:26:39,348][kfold_wrapper.log_eval_metrics] Accuracy(layer_0 - estimator_0 - 5_folds.train_3.predict)=93.72%
[ 2022-03-10 22:26:42,434][kfold_wrapper.log_eval_metrics] Accuracy(layer_0 - estimator_0 - 5_folds.train_4.predict)=93.53%
[ 2022-03-10 22:26:42,437][kfold_wrapper.log_eval_metrics] Accuracy(layer_0 - estimator_0 - 5_folds.train_cv.predict)=93.38%
[ 2022-03-10 22:26:45,547][kfold_wrapper.log_eval_metrics] Accuracy(layer_0 - estimator_1 - 5_folds.train_0.predict)=92.59%
[ 2022-03-10 22:26:48,593][kfold_wrapper.log_eval_metrics] Accuracy(layer_0 - estimator_1 - 5_folds.train_1.predict)=93.16%
[ 2022-03-10 22:26:51,451][kfold_wrapper.log_eval_metrics] Accuracy(layer_0 - estimator_1 - 5_folds.train_2.predict)=93.53%
[ 2022-03-10 22:26:53,574][kfold_wrapper.log_eval_metrics] Accuracy(layer_0 - estimator_1 - 5_folds.train_3.predict)=93.41%
[ 2022-03-10 22:26:55,563][kfold_wrapper.log_eval_metrics] Accuracy(layer_0 - estimator_1 - 5_folds.train_4.predict)=92.66%
[ 2022-03-10 22:26:55,564][kfold_wrapper.log_eval_metrics] Accuracy(layer_0 - estimator_1 - 5_folds.train_cv.predict)=93.07%
[ 2022-03-10 22:26:55,565][cascade_classifier.calc_accuracy] Accuracy(layer_0 - train.classifier_average)=93.33%
[ 2022-03-10 22:26:55,568][cascade_classifier.calc_auc] AUC(layer_0 - train.classifier_average)=0.98%
[ 2022-03-10 22:26:55,614][cascade_classifier.fit_transform] [layer=1] look_indexs=[0], X_cur_train.shape=(7965, 1654), X_cur_test.shape=(0, 1654)
[ 2022-03-10 22:26:56,958][kfold_wrapper.log_eval_metrics] Accuracy(layer_1 - estimator_0 - 5_folds.train_0.predict)=93.66%
[ 2022-03-10 22:26:58,329][kfold_wrapper.log_eval_metrics] Accuracy(layer_1 - estimator_0 - 5_folds.train_1.predict)=93.60%
[ 2022-03-10 22:26:59,726][kfold_wrapper.log_eval_metrics] Accuracy(layer_1 - estimator_0 - 5_folds.train_2.predict)=93.41%
[ 2022-03-10 22:27:01,188][kfold_wrapper.log_eval_metrics] Accuracy(layer_1 - estimator_0 - 5_folds.train_3.predict)=92.47%
[ 2022-03-10 22:27:02,589][kfold_wrapper.log_eval_metrics] Accuracy(layer_1 - estimator_0 - 5_folds.train_4.predict)=93.03%
[ 2022-03-10 22:27:02,590][kfold_wrapper.log_eval_metrics] Accuracy(layer_1 - estimator_0 - 5_folds.train_cv.predict)=93.23%
[ 2022-03-10 22:27:04,005][kfold_wrapper.log_eval_metrics] Accuracy(layer_1 - estimator_1 - 5_folds.train_0.predict)=94.85%
[ 2022-03-10 22:27:05,389][kfold_wrapper.log_eval_metrics] Accuracy(layer_1 - estimator_1 - 5_folds.train_1.predict)=93.41%
[ 2022-03-10 22:27:06,805][kfold_wrapper.log_eval_metrics] Accuracy(layer_1 - estimator_1 - 5_folds.train_2.predict)=92.53%
[ 2022-03-10 22:27:08,195][kfold_wrapper.log_eval_metrics] Accuracy(layer_1 - estimator_1 - 5_folds.train_3.predict)=91.65%
[ 2022-03-10 22:27:09,614][kfold_wrapper.log_eval_metrics] Accuracy(layer_1 - estimator_1 - 5_folds.train_4.predict)=93.72%
[ 2022-03-10 22:27:09,615][kfold_wrapper.log_eval_metrics] Accuracy(layer_1 - estimator_1 - 5_folds.train_cv.predict)=93.23%
[ 2022-03-10 22:27:09,616][cascade_classifier.calc_accuracy] Accuracy(layer_1 - train.classifier_average)=93.30%
[ 2022-03-10 22:27:09,618][cascade_classifier.calc_auc] AUC(layer_1 - train.classifier_average)=0.98%
[ 2022-03-10 22:27:09,658][cascade_classifier.fit_transform] [layer=2] look_indexs=[0], X_cur_train.shape=(7965, 1654), X_cur_test.shape=(0, 1654)
[ 2022-03-10 22:27:11,177][kfold_wrapper.log_eval_metrics] Accuracy(layer_2 - estimator_0 - 5_folds.train_0.predict)=92.91%
[ 2022-03-10 22:27:13,047][kfold_wrapper.log_eval_metrics] Accuracy(layer_2 - estimator_0 - 5_folds.train_1.predict)=93.22%
[ 2022-03-10 22:27:14,663][kfold_wrapper.log_eval_metrics] Accuracy(layer_2 - estimator_0 - 5_folds.train_2.predict)=93.03%
[ 2022-03-10 22:27:16,275][kfold_wrapper.log_eval_metrics] Accuracy(layer_2 - estimator_0 - 5_folds.train_3.predict)=92.03%
[ 2022-03-10 22:27:17,881][kfold_wrapper.log_eval_metrics] Accuracy(layer_2 - estimator_0 - 5_folds.train_4.predict)=93.47%
[ 2022-03-10 22:27:17,884][kfold_wrapper.log_eval_metrics] Accuracy(layer_2 - estimator_0 - 5_folds.train_cv.predict)=92.93%
[ 2022-03-10 22:27:19,502][kfold_wrapper.log_eval_metrics] Accuracy(layer_2 - estimator_1 - 5_folds.train_0.predict)=92.97%
[ 2022-03-10 22:27:21,359][kfold_wrapper.log_eval_metrics] Accuracy(layer_2 - estimator_1 - 5_folds.train_1.predict)=93.60%
[ 2022-03-10 22:27:22,998][kfold_wrapper.log_eval_metrics] Accuracy(layer_2 - estimator_1 - 5_folds.train_2.predict)=92.59%
[ 2022-03-10 22:27:24,564][kfold_wrapper.log_eval_metrics] Accuracy(layer_2 - estimator_1 - 5_folds.train_3.predict)=92.78%
[ 2022-03-10 22:27:26,170][kfold_wrapper.log_eval_metrics] Accuracy(layer_2 - estimator_1 - 5_folds.train_4.predict)=93.53%
[ 2022-03-10 22:27:26,173][kfold_wrapper.log_eval_metrics] Accuracy(layer_2 - estimator_1 - 5_folds.train_cv.predict)=93.09%
[ 2022-03-10 22:27:26,174][cascade_classifier.calc_accuracy] Accuracy(layer_2 - train.classifier_average)=93.11%
[ 2022-03-10 22:27:26,175][cascade_classifier.calc_auc] AUC(layer_2 - train.classifier_average)=0.98%
[ 2022-03-10 22:27:26,234][cascade_classifier.fit_transform] [layer=3] look_indexs=[0], X_cur_train.shape=(7965, 1654), X_cur_test.shape=(0, 1654)
[ 2022-03-10 22:27:27,875][kfold_wrapper.log_eval_metrics] Accuracy(layer_3 - estimator_0 - 5_folds.train_0.predict)=92.78%
[ 2022-03-10 22:27:29,565][kfold_wrapper.log_eval_metrics] Accuracy(layer_3 - estimator_0 - 5_folds.train_1.predict)=92.91%
[ 2022-03-10 22:27:31,215][kfold_wrapper.log_eval_metrics] Accuracy(layer_3 - estimator_0 - 5_folds.train_2.predict)=92.03%
[ 2022-03-10 22:27:32,957][kfold_wrapper.log_eval_metrics] Accuracy(layer_3 - estimator_0 - 5_folds.train_3.predict)=92.84%
[ 2022-03-10 22:27:34,658][kfold_wrapper.log_eval_metrics] Accuracy(layer_3 - estimator_0 - 5_folds.train_4.predict)=93.60%
[ 2022-03-10 22:27:34,660][kfold_wrapper.log_eval_metrics] Accuracy(layer_3 - estimator_0 - 5_folds.train_cv.predict)=92.83%
[ 2022-03-10 22:27:36,300][kfold_wrapper.log_eval_metrics] Accuracy(layer_3 - estimator_1 - 5_folds.train_0.predict)=92.91%
[ 2022-03-10 22:27:38,036][kfold_wrapper.log_eval_metrics] Accuracy(layer_3 - estimator_1 - 5_folds.train_1.predict)=92.47%
[ 2022-03-10 22:27:39,716][kfold_wrapper.log_eval_metrics] Accuracy(layer_3 - estimator_1 - 5_folds.train_2.predict)=93.09%
[ 2022-03-10 22:27:41,406][kfold_wrapper.log_eval_metrics] Accuracy(layer_3 - estimator_1 - 5_folds.train_3.predict)=92.84%
[ 2022-03-10 22:27:43,093][kfold_wrapper.log_eval_metrics] Accuracy(layer_3 - estimator_1 - 5_folds.train_4.predict)=92.53%
[ 2022-03-10 22:27:43,095][kfold_wrapper.log_eval_metrics] Accuracy(layer_3 - estimator_1 - 5_folds.train_cv.predict)=92.77%
[ 2022-03-10 22:27:43,096][cascade_classifier.calc_accuracy] Accuracy(layer_3 - train.classifier_average)=92.86%
[ 2022-03-10 22:27:43,098][cascade_classifier.calc_auc] AUC(layer_3 - train.classifier_average)=0.97%
[ 2022-03-10 22:27:43,098][cascade_classifier.fit_transform] [Result][Optimal Level Detected] opt_layer_num=1, accuracy_train=0.98%, accuracy_test=0.00%
[ 2022-03-10 22:27:43,117][cascade_classifier.transform] X_groups_test.shape=[(1991, 1650)]
[ 2022-03-10 22:27:43,133][cascade_classifier.transform] group_dims=[1650]
[ 2022-03-10 22:27:43,133][cascade_classifier.transform] X_test.shape=(1991, 1650)
[ 2022-03-10 22:27:43,133][cascade_classifier.transform] [layer=0] look_indexs=[0], X_cur_test.shape=(1991, 1650)
[ 2022-03-10 22:27:43,348][cascade_classifier.transform] X_groups_test.shape=[(1991, 1650)]
[ 2022-03-10 22:27:43,350][cascade_classifier.transform] group_dims=[1650]
[ 2022-03-10 22:27:43,350][cascade_classifier.transform] X_test.shape=(1991, 1650)
[ 2022-03-10 22:27:43,356][cascade_classifier.transform] [layer=0] look_indexs=[0], X_cur_test.shape=(1991, 1650)
[ 2022-03-10 22:27:43,860][cascade_classifier.fit_transform] X_groups_train.shape=[(7965, 1650)],y_train.shape=(7965,),X_groups_test.shape=no_test,y_test.shape=no_test
[ 2022-03-10 22:27:43,876][cascade_classifier.fit_transform] group_dims=[1650]
[ 2022-03-10 22:27:43,876][cascade_classifier.fit_transform] group_starts=[0]
[ 2022-03-10 22:27:43,891][cascade_classifier.fit_transform] group_ends=[1650]
[ 2022-03-10 22:27:43,891][cascade_classifier.fit_transform] X_train.shape=(7965, 1650),X_test.shape=(0, 1650)
[ 2022-03-10 22:27:43,908][cascade_classifier.fit_transform] [layer=0] look_indexs=[0], X_cur_train.shape=(7965, 1650), X_cur_test.shape=(0, 1650)
[ 2022-03-10 22:27:46,168][kfold_wrapper.log_eval_metrics] Accuracy(layer_0 - estimator_0 - 5_folds.train_0.predict)=92.91%
[ 2022-03-10 22:27:48,521][kfold_wrapper.log_eval_metrics] Accuracy(layer_0 - estimator_0 - 5_folds.train_1.predict)=93.66%
[ 2022-03-10 22:27:50,865][kfold_wrapper.log_eval_metrics] Accuracy(layer_0 - estimator_0 - 5_folds.train_2.predict)=93.53%
[ 2022-03-10 22:27:53,172][kfold_wrapper.log_eval_metrics] Accuracy(layer_0 - estimator_0 - 5_folds.train_3.predict)=93.22%
[ 2022-03-10 22:27:55,427][kfold_wrapper.log_eval_metrics] Accuracy(layer_0 - estimator_0 - 5_folds.train_4.predict)=93.09%
[ 2022-03-10 22:27:55,428][kfold_wrapper.log_eval_metrics] Accuracy(layer_0 - estimator_0 - 5_folds.train_cv.predict)=93.28%
[ 2022-03-10 22:27:57,743][kfold_wrapper.log_eval_metrics] Accuracy(layer_0 - estimator_1 - 5_folds.train_0.predict)=92.91%
[ 2022-03-10 22:28:00,153][kfold_wrapper.log_eval_metrics] Accuracy(layer_0 - estimator_1 - 5_folds.train_1.predict)=93.03%
[ 2022-03-10 22:28:02,440][kfold_wrapper.log_eval_metrics] Accuracy(layer_0 - estimator_1 - 5_folds.train_2.predict)=92.78%
[ 2022-03-10 22:28:04,773][kfold_wrapper.log_eval_metrics] Accuracy(layer_0 - estimator_1 - 5_folds.train_3.predict)=94.48%
[ 2022-03-10 22:28:07,078][kfold_wrapper.log_eval_metrics] Accuracy(layer_0 - estimator_1 - 5_folds.train_4.predict)=92.91%
[ 2022-03-10 22:28:07,080][kfold_wrapper.log_eval_metrics] Accuracy(layer_0 - estimator_1 - 5_folds.train_cv.predict)=93.22%
[ 2022-03-10 22:28:07,081][cascade_classifier.calc_accuracy] Accuracy(layer_0 - train.classifier_average)=93.46%
[ 2022-03-10 22:28:07,082][cascade_classifier.calc_auc] AUC(layer_0 - train.classifier_average)=0.98%
[ 2022-03-10 22:28:07,137][cascade_classifier.fit_transform] [layer=1] look_indexs=[0], X_cur_train.shape=(7965, 1654), X_cur_test.shape=(0, 1654)
[ 2022-03-10 22:28:08,800][kfold_wrapper.log_eval_metrics] Accuracy(layer_1 - estimator_0 - 5_folds.train_0.predict)=93.79%
[ 2022-03-10 22:28:10,482][kfold_wrapper.log_eval_metrics] Accuracy(layer_1 - estimator_0 - 5_folds.train_1.predict)=93.66%
[ 2022-03-10 22:28:12,046][kfold_wrapper.log_eval_metrics] Accuracy(layer_1 - estimator_0 - 5_folds.train_2.predict)=92.53%
[ 2022-03-10 22:28:13,684][kfold_wrapper.log_eval_metrics] Accuracy(layer_1 - estimator_0 - 5_folds.train_3.predict)=93.41%
[ 2022-03-10 22:28:15,243][kfold_wrapper.log_eval_metrics] Accuracy(layer_1 - estimator_0 - 5_folds.train_4.predict)=93.03%
[ 2022-03-10 22:28:15,246][kfold_wrapper.log_eval_metrics] Accuracy(layer_1 - estimator_0 - 5_folds.train_cv.predict)=93.28%
[ 2022-03-10 22:28:16,797][kfold_wrapper.log_eval_metrics] Accuracy(layer_1 - estimator_1 - 5_folds.train_0.predict)=92.84%
[ 2022-03-10 22:28:18,404][kfold_wrapper.log_eval_metrics] Accuracy(layer_1 - estimator_1 - 5_folds.train_1.predict)=93.41%
[ 2022-03-10 22:28:20,335][kfold_wrapper.log_eval_metrics] Accuracy(layer_1 - estimator_1 - 5_folds.train_2.predict)=92.72%
[ 2022-03-10 22:28:21,901][kfold_wrapper.log_eval_metrics] Accuracy(layer_1 - estimator_1 - 5_folds.train_3.predict)=93.85%
[ 2022-03-10 22:28:23,489][kfold_wrapper.log_eval_metrics] Accuracy(layer_1 - estimator_1 - 5_folds.train_4.predict)=93.35%
[ 2022-03-10 22:28:23,492][kfold_wrapper.log_eval_metrics] Accuracy(layer_1 - estimator_1 - 5_folds.train_cv.predict)=93.23%
[ 2022-03-10 22:28:23,493][cascade_classifier.calc_accuracy] Accuracy(layer_1 - train.classifier_average)=93.32%
[ 2022-03-10 22:28:23,496][cascade_classifier.calc_auc] AUC(layer_1 - train.classifier_average)=0.98%
[ 2022-03-10 22:28:23,557][cascade_classifier.fit_transform] [layer=2] look_indexs=[0], X_cur_train.shape=(7965, 1654), X_cur_test.shape=(0, 1654)
[ 2022-03-10 22:28:25,144][kfold_wrapper.log_eval_metrics] Accuracy(layer_2 - estimator_0 - 5_folds.train_0.predict)=93.16%
[ 2022-03-10 22:28:26,773][kfold_wrapper.log_eval_metrics] Accuracy(layer_2 - estimator_0 - 5_folds.train_1.predict)=92.53%
[ 2022-03-10 22:28:28,433][kfold_wrapper.log_eval_metrics] Accuracy(layer_2 - estimator_0 - 5_folds.train_2.predict)=92.91%
[ 2022-03-10 22:28:30,110][kfold_wrapper.log_eval_metrics] Accuracy(layer_2 - estimator_0 - 5_folds.train_3.predict)=93.09%
[ 2022-03-10 22:28:31,695][kfold_wrapper.log_eval_metrics] Accuracy(layer_2 - estimator_0 - 5_folds.train_4.predict)=91.90%
[ 2022-03-10 22:28:31,698][kfold_wrapper.log_eval_metrics] Accuracy(layer_2 - estimator_0 - 5_folds.train_cv.predict)=92.72%
[ 2022-03-10 22:28:33,351][kfold_wrapper.log_eval_metrics] Accuracy(layer_2 - estimator_1 - 5_folds.train_0.predict)=91.90%
[ 2022-03-10 22:28:34,986][kfold_wrapper.log_eval_metrics] Accuracy(layer_2 - estimator_1 - 5_folds.train_1.predict)=93.72%
[ 2022-03-10 22:28:36,610][kfold_wrapper.log_eval_metrics] Accuracy(layer_2 - estimator_1 - 5_folds.train_2.predict)=94.16%
[ 2022-03-10 22:28:38,215][kfold_wrapper.log_eval_metrics] Accuracy(layer_2 - estimator_1 - 5_folds.train_3.predict)=91.21%
[ 2022-03-10 22:28:39,888][kfold_wrapper.log_eval_metrics] Accuracy(layer_2 - estimator_1 - 5_folds.train_4.predict)=92.72%
[ 2022-03-10 22:28:39,890][kfold_wrapper.log_eval_metrics] Accuracy(layer_2 - estimator_1 - 5_folds.train_cv.predict)=92.74%
[ 2022-03-10 22:28:39,890][cascade_classifier.calc_accuracy] Accuracy(layer_2 - train.classifier_average)=92.84%
[ 2022-03-10 22:28:39,893][cascade_classifier.calc_auc] AUC(layer_2 - train.classifier_average)=0.97%
[ 2022-03-10 22:28:39,963][cascade_classifier.fit_transform] [layer=3] look_indexs=[0], X_cur_train.shape=(7965, 1654), X_cur_test.shape=(0, 1654)
[ 2022-03-10 22:28:41,697][kfold_wrapper.log_eval_metrics] Accuracy(layer_3 - estimator_0 - 5_folds.train_0.predict)=93.03%
[ 2022-03-10 22:28:43,462][kfold_wrapper.log_eval_metrics] Accuracy(layer_3 - estimator_0 - 5_folds.train_1.predict)=92.72%
[ 2022-03-10 22:28:45,173][kfold_wrapper.log_eval_metrics] Accuracy(layer_3 - estimator_0 - 5_folds.train_2.predict)=92.78%
[ 2022-03-10 22:28:46,933][kfold_wrapper.log_eval_metrics] Accuracy(layer_3 - estimator_0 - 5_folds.train_3.predict)=92.40%
[ 2022-03-10 22:28:48,656][kfold_wrapper.log_eval_metrics] Accuracy(layer_3 - estimator_0 - 5_folds.train_4.predict)=92.03%
[ 2022-03-10 22:28:48,659][kfold_wrapper.log_eval_metrics] Accuracy(layer_3 - estimator_0 - 5_folds.train_cv.predict)=92.59%
[ 2022-03-10 22:28:50,385][kfold_wrapper.log_eval_metrics] Accuracy(layer_3 - estimator_1 - 5_folds.train_0.predict)=93.28%
[ 2022-03-10 22:28:52,125][kfold_wrapper.log_eval_metrics] Accuracy(layer_3 - estimator_1 - 5_folds.train_1.predict)=92.53%
[ 2022-03-10 22:28:53,803][kfold_wrapper.log_eval_metrics] Accuracy(layer_3 - estimator_1 - 5_folds.train_2.predict)=91.90%
[ 2022-03-10 22:28:55,512][kfold_wrapper.log_eval_metrics] Accuracy(layer_3 - estimator_1 - 5_folds.train_3.predict)=90.96%
[ 2022-03-10 22:28:57,231][kfold_wrapper.log_eval_metrics] Accuracy(layer_3 - estimator_1 - 5_folds.train_4.predict)=92.97%
[ 2022-03-10 22:28:57,233][kfold_wrapper.log_eval_metrics] Accuracy(layer_3 - estimator_1 - 5_folds.train_cv.predict)=92.33%
[ 2022-03-10 22:28:57,234][cascade_classifier.calc_accuracy] Accuracy(layer_3 - train.classifier_average)=92.57%
[ 2022-03-10 22:28:57,238][cascade_classifier.calc_auc] AUC(layer_3 - train.classifier_average)=0.97%
[ 2022-03-10 22:28:57,239][cascade_classifier.fit_transform] [Result][Optimal Level Detected] opt_layer_num=1, accuracy_train=0.98%, accuracy_test=0.00%
[ 2022-03-10 22:28:57,269][cascade_classifier.transform] X_groups_test.shape=[(1991, 1650)]
[ 2022-03-10 22:28:57,279][cascade_classifier.transform] group_dims=[1650]
[ 2022-03-10 22:28:57,288][cascade_classifier.transform] X_test.shape=(1991, 1650)
[ 2022-03-10 22:28:57,292][cascade_classifier.transform] [layer=0] look_indexs=[0], X_cur_test.shape=(1991, 1650)
[ 2022-03-10 22:28:57,527][cascade_classifier.transform] X_groups_test.shape=[(1991, 1650)]
[ 2022-03-10 22:28:57,530][cascade_classifier.transform] group_dims=[1650]
[ 2022-03-10 22:28:57,530][cascade_classifier.transform] X_test.shape=(1991, 1650)
[ 2022-03-10 22:28:57,530][cascade_classifier.transform] [layer=0] look_indexs=[0], X_cur_test.shape=(1991, 1650)
[ 2022-03-10 22:28:57,809][cascade_classifier.fit_transform] X_groups_train.shape=[(7965, 1650)],y_train.shape=(7965,),X_groups_test.shape=no_test,y_test.shape=no_test
[ 2022-03-10 22:28:57,835][cascade_classifier.fit_transform] group_dims=[1650]
[ 2022-03-10 22:28:57,835][cascade_classifier.fit_transform] group_starts=[0]
[ 2022-03-10 22:28:57,835][cascade_classifier.fit_transform] group_ends=[1650]
[ 2022-03-10 22:28:57,835][cascade_classifier.fit_transform] X_train.shape=(7965, 1650),X_test.shape=(0, 1650)
[ 2022-03-10 22:28:57,866][cascade_classifier.fit_transform] [layer=0] look_indexs=[0], X_cur_train.shape=(7965, 1650), X_cur_test.shape=(0, 1650)
[ 2022-03-10 22:29:00,296][kfold_wrapper.log_eval_metrics] Accuracy(layer_0 - estimator_0 - 5_folds.train_0.predict)=93.16%
[ 2022-03-10 22:29:02,758][kfold_wrapper.log_eval_metrics] Accuracy(layer_0 - estimator_0 - 5_folds.train_1.predict)=92.28%
[ 2022-03-10 22:29:05,300][kfold_wrapper.log_eval_metrics] Accuracy(layer_0 - estimator_0 - 5_folds.train_2.predict)=93.09%
[ 2022-03-10 22:29:07,728][kfold_wrapper.log_eval_metrics] Accuracy(layer_0 - estimator_0 - 5_folds.train_3.predict)=92.66%
[ 2022-03-10 22:29:10,141][kfold_wrapper.log_eval_metrics] Accuracy(layer_0 - estimator_0 - 5_folds.train_4.predict)=93.91%
[ 2022-03-10 22:29:10,142][kfold_wrapper.log_eval_metrics] Accuracy(layer_0 - estimator_0 - 5_folds.train_cv.predict)=93.02%
[ 2022-03-10 22:29:12,534][kfold_wrapper.log_eval_metrics] Accuracy(layer_0 - estimator_1 - 5_folds.train_0.predict)=92.72%
[ 2022-03-10 22:29:14,940][kfold_wrapper.log_eval_metrics] Accuracy(layer_0 - estimator_1 - 5_folds.train_1.predict)=92.40%
[ 2022-03-10 22:29:17,367][kfold_wrapper.log_eval_metrics] Accuracy(layer_0 - estimator_1 - 5_folds.train_2.predict)=92.78%
[ 2022-03-10 22:29:19,786][kfold_wrapper.log_eval_metrics] Accuracy(layer_0 - estimator_1 - 5_folds.train_3.predict)=93.28%
[ 2022-03-10 22:29:22,730][kfold_wrapper.log_eval_metrics] Accuracy(layer_0 - estimator_1 - 5_folds.train_4.predict)=93.16%
[ 2022-03-10 22:29:22,732][kfold_wrapper.log_eval_metrics] Accuracy(layer_0 - estimator_1 - 5_folds.train_cv.predict)=92.87%
[ 2022-03-10 22:29:22,733][cascade_classifier.calc_accuracy] Accuracy(layer_0 - train.classifier_average)=93.12%
[ 2022-03-10 22:29:22,735][cascade_classifier.calc_auc] AUC(layer_0 - train.classifier_average)=0.98%
[ 2022-03-10 22:29:22,790][cascade_classifier.fit_transform] [layer=1] look_indexs=[0], X_cur_train.shape=(7965, 1654), X_cur_test.shape=(0, 1654)
[ 2022-03-10 22:29:24,503][kfold_wrapper.log_eval_metrics] Accuracy(layer_1 - estimator_0 - 5_folds.train_0.predict)=93.97%
[ 2022-03-10 22:29:26,141][kfold_wrapper.log_eval_metrics] Accuracy(layer_1 - estimator_0 - 5_folds.train_1.predict)=92.47%
[ 2022-03-10 22:29:27,788][kfold_wrapper.log_eval_metrics] Accuracy(layer_1 - estimator_0 - 5_folds.train_2.predict)=92.28%
[ 2022-03-10 22:29:29,426][kfold_wrapper.log_eval_metrics] Accuracy(layer_1 - estimator_0 - 5_folds.train_3.predict)=93.03%
[ 2022-03-10 22:29:31,155][kfold_wrapper.log_eval_metrics] Accuracy(layer_1 - estimator_0 - 5_folds.train_4.predict)=93.79%
[ 2022-03-10 22:29:31,158][kfold_wrapper.log_eval_metrics] Accuracy(layer_1 - estimator_0 - 5_folds.train_cv.predict)=93.11%
[ 2022-03-10 22:29:32,702][kfold_wrapper.log_eval_metrics] Accuracy(layer_1 - estimator_1 - 5_folds.train_0.predict)=92.91%
[ 2022-03-10 22:29:34,371][kfold_wrapper.log_eval_metrics] Accuracy(layer_1 - estimator_1 - 5_folds.train_1.predict)=93.41%
[ 2022-03-10 22:29:36,075][kfold_wrapper.log_eval_metrics] Accuracy(layer_1 - estimator_1 - 5_folds.train_2.predict)=94.54%
[ 2022-03-10 22:29:37,718][kfold_wrapper.log_eval_metrics] Accuracy(layer_1 - estimator_1 - 5_folds.train_3.predict)=92.78%
[ 2022-03-10 22:29:39,401][kfold_wrapper.log_eval_metrics] Accuracy(layer_1 - estimator_1 - 5_folds.train_4.predict)=92.78%
[ 2022-03-10 22:29:39,403][kfold_wrapper.log_eval_metrics] Accuracy(layer_1 - estimator_1 - 5_folds.train_cv.predict)=93.28%
[ 2022-03-10 22:29:39,404][cascade_classifier.calc_accuracy] Accuracy(layer_1 - train.classifier_average)=93.33%
[ 2022-03-10 22:29:39,406][cascade_classifier.calc_auc] AUC(layer_1 - train.classifier_average)=0.98%
[ 2022-03-10 22:29:39,467][cascade_classifier.fit_transform] [layer=2] look_indexs=[0], X_cur_train.shape=(7965, 1654), X_cur_test.shape=(0, 1654)
[ 2022-03-10 22:29:41,181][kfold_wrapper.log_eval_metrics] Accuracy(layer_2 - estimator_0 - 5_folds.train_0.predict)=92.34%
[ 2022-03-10 22:29:42,888][kfold_wrapper.log_eval_metrics] Accuracy(layer_2 - estimator_0 - 5_folds.train_1.predict)=92.40%
[ 2022-03-10 22:29:44,583][kfold_wrapper.log_eval_metrics] Accuracy(layer_2 - estimator_0 - 5_folds.train_2.predict)=92.47%
[ 2022-03-10 22:29:46,313][kfold_wrapper.log_eval_metrics] Accuracy(layer_2 - estimator_0 - 5_folds.train_3.predict)=93.09%
[ 2022-03-10 22:29:47,994][kfold_wrapper.log_eval_metrics] Accuracy(layer_2 - estimator_0 - 5_folds.train_4.predict)=92.47%
[ 2022-03-10 22:29:47,996][kfold_wrapper.log_eval_metrics] Accuracy(layer_2 - estimator_0 - 5_folds.train_cv.predict)=92.55%
[ 2022-03-10 22:29:49,662][kfold_wrapper.log_eval_metrics] Accuracy(layer_2 - estimator_1 - 5_folds.train_0.predict)=93.03%
[ 2022-03-10 22:29:51,312][kfold_wrapper.log_eval_metrics] Accuracy(layer_2 - estimator_1 - 5_folds.train_1.predict)=93.35%
[ 2022-03-10 22:29:53,040][kfold_wrapper.log_eval_metrics] Accuracy(layer_2 - estimator_1 - 5_folds.train_2.predict)=92.97%
[ 2022-03-10 22:29:54,695][kfold_wrapper.log_eval_metrics] Accuracy(layer_2 - estimator_1 - 5_folds.train_3.predict)=92.03%
[ 2022-03-10 22:29:56,363][kfold_wrapper.log_eval_metrics] Accuracy(layer_2 - estimator_1 - 5_folds.train_4.predict)=92.22%
[ 2022-03-10 22:29:56,366][kfold_wrapper.log_eval_metrics] Accuracy(layer_2 - estimator_1 - 5_folds.train_cv.predict)=92.72%
[ 2022-03-10 22:29:56,367][cascade_classifier.calc_accuracy] Accuracy(layer_2 - train.classifier_average)=92.73%
[ 2022-03-10 22:29:56,368][cascade_classifier.calc_auc] AUC(layer_2 - train.classifier_average)=0.97%
[ 2022-03-10 22:29:56,435][cascade_classifier.fit_transform] [layer=3] look_indexs=[0], X_cur_train.shape=(7965, 1654), X_cur_test.shape=(0, 1654)
[ 2022-03-10 22:29:58,166][kfold_wrapper.log_eval_metrics] Accuracy(layer_3 - estimator_0 - 5_folds.train_0.predict)=93.03%
[ 2022-03-10 22:30:00,001][kfold_wrapper.log_eval_metrics] Accuracy(layer_3 - estimator_0 - 5_folds.train_1.predict)=92.47%
[ 2022-03-10 22:30:01,816][kfold_wrapper.log_eval_metrics] Accuracy(layer_3 - estimator_0 - 5_folds.train_2.predict)=93.66%
[ 2022-03-10 22:30:03,572][kfold_wrapper.log_eval_metrics] Accuracy(layer_3 - estimator_0 - 5_folds.train_3.predict)=91.53%
[ 2022-03-10 22:30:05,350][kfold_wrapper.log_eval_metrics] Accuracy(layer_3 - estimator_0 - 5_folds.train_4.predict)=91.90%
[ 2022-03-10 22:30:05,352][kfold_wrapper.log_eval_metrics] Accuracy(layer_3 - estimator_0 - 5_folds.train_cv.predict)=92.52%
[ 2022-03-10 22:30:07,108][kfold_wrapper.log_eval_metrics] Accuracy(layer_3 - estimator_1 - 5_folds.train_0.predict)=92.09%
[ 2022-03-10 22:30:08,832][kfold_wrapper.log_eval_metrics] Accuracy(layer_3 - estimator_1 - 5_folds.train_1.predict)=91.90%
[ 2022-03-10 22:30:10,617][kfold_wrapper.log_eval_metrics] Accuracy(layer_3 - estimator_1 - 5_folds.train_2.predict)=93.03%
[ 2022-03-10 22:30:12,394][kfold_wrapper.log_eval_metrics] Accuracy(layer_3 - estimator_1 - 5_folds.train_3.predict)=92.72%
[ 2022-03-10 22:30:14,102][kfold_wrapper.log_eval_metrics] Accuracy(layer_3 - estimator_1 - 5_folds.train_4.predict)=92.28%
[ 2022-03-10 22:30:14,105][kfold_wrapper.log_eval_metrics] Accuracy(layer_3 - estimator_1 - 5_folds.train_cv.predict)=92.40%
[ 2022-03-10 22:30:14,106][cascade_classifier.calc_accuracy] Accuracy(layer_3 - train.classifier_average)=92.42%
[ 2022-03-10 22:30:14,108][cascade_classifier.calc_auc] AUC(layer_3 - train.classifier_average)=0.97%
[ 2022-03-10 22:30:14,108][cascade_classifier.fit_transform] [Result][Optimal Level Detected] opt_layer_num=1, accuracy_train=0.98%, accuracy_test=0.00%
[ 2022-03-10 22:30:14,129][cascade_classifier.transform] X_groups_test.shape=[(1991, 1650)]
[ 2022-03-10 22:30:14,138][cascade_classifier.transform] group_dims=[1650]
[ 2022-03-10 22:30:14,138][cascade_classifier.transform] X_test.shape=(1991, 1650)
[ 2022-03-10 22:30:14,145][cascade_classifier.transform] [layer=0] look_indexs=[0], X_cur_test.shape=(1991, 1650)
[ 2022-03-10 22:30:14,369][cascade_classifier.transform] X_groups_test.shape=[(1991, 1650)]
[ 2022-03-10 22:30:14,372][cascade_classifier.transform] group_dims=[1650]
[ 2022-03-10 22:30:14,377][cascade_classifier.transform] X_test.shape=(1991, 1650)
[ 2022-03-10 22:30:14,379][cascade_classifier.transform] [layer=0] look_indexs=[0], X_cur_test.shape=(1991, 1650)
[ 2022-03-10 22:30:14,668][cascade_classifier.fit_transform] X_groups_train.shape=[(7965, 1650)],y_train.shape=(7965,),X_groups_test.shape=no_test,y_test.shape=no_test
[ 2022-03-10 22:30:14,695][cascade_classifier.fit_transform] group_dims=[1650]
[ 2022-03-10 22:30:14,695][cascade_classifier.fit_transform] group_starts=[0]
[ 2022-03-10 22:30:14,695][cascade_classifier.fit_transform] group_ends=[1650]
[ 2022-03-10 22:30:14,695][cascade_classifier.fit_transform] X_train.shape=(7965, 1650),X_test.shape=(0, 1650)
[ 2022-03-10 22:30:14,711][cascade_classifier.fit_transform] [layer=0] look_indexs=[0], X_cur_train.shape=(7965, 1650), X_cur_test.shape=(0, 1650)
[ 2022-03-10 22:30:17,219][kfold_wrapper.log_eval_metrics] Accuracy(layer_0 - estimator_0 - 5_folds.train_0.predict)=92.97%
[ 2022-03-10 22:30:19,845][kfold_wrapper.log_eval_metrics] Accuracy(layer_0 - estimator_0 - 5_folds.train_1.predict)=93.03%
[ 2022-03-10 22:30:22,303][kfold_wrapper.log_eval_metrics] Accuracy(layer_0 - estimator_0 - 5_folds.train_2.predict)=92.91%
[ 2022-03-10 22:30:24,684][kfold_wrapper.log_eval_metrics] Accuracy(layer_0 - estimator_0 - 5_folds.train_3.predict)=93.09%
[ 2022-03-10 22:30:27,157][kfold_wrapper.log_eval_metrics] Accuracy(layer_0 - estimator_0 - 5_folds.train_4.predict)=91.90%
[ 2022-03-10 22:30:27,160][kfold_wrapper.log_eval_metrics] Accuracy(layer_0 - estimator_0 - 5_folds.train_cv.predict)=92.78%
[ 2022-03-10 22:30:29,603][kfold_wrapper.log_eval_metrics] Accuracy(layer_0 - estimator_1 - 5_folds.train_0.predict)=92.97%
[ 2022-03-10 22:30:32,019][kfold_wrapper.log_eval_metrics] Accuracy(layer_0 - estimator_1 - 5_folds.train_1.predict)=92.97%
[ 2022-03-10 22:30:34,537][kfold_wrapper.log_eval_metrics] Accuracy(layer_0 - estimator_1 - 5_folds.train_2.predict)=94.10%
[ 2022-03-10 22:30:36,979][kfold_wrapper.log_eval_metrics] Accuracy(layer_0 - estimator_1 - 5_folds.train_3.predict)=91.59%
[ 2022-03-10 22:30:39,325][kfold_wrapper.log_eval_metrics] Accuracy(layer_0 - estimator_1 - 5_folds.train_4.predict)=93.97%
[ 2022-03-10 22:30:39,328][kfold_wrapper.log_eval_metrics] Accuracy(layer_0 - estimator_1 - 5_folds.train_cv.predict)=93.12%
[ 2022-03-10 22:30:39,329][cascade_classifier.calc_accuracy] Accuracy(layer_0 - train.classifier_average)=92.87%
[ 2022-03-10 22:30:39,333][cascade_classifier.calc_auc] AUC(layer_0 - train.classifier_average)=0.98%
[ 2022-03-10 22:30:39,379][cascade_classifier.fit_transform] [layer=1] look_indexs=[0], X_cur_train.shape=(7965, 1654), X_cur_test.shape=(0, 1654)
[ 2022-03-10 22:30:41,023][kfold_wrapper.log_eval_metrics] Accuracy(layer_1 - estimator_0 - 5_folds.train_0.predict)=92.97%
[ 2022-03-10 22:30:42,670][kfold_wrapper.log_eval_metrics] Accuracy(layer_1 - estimator_0 - 5_folds.train_1.predict)=92.84%
[ 2022-03-10 22:30:44,334][kfold_wrapper.log_eval_metrics] Accuracy(layer_1 - estimator_0 - 5_folds.train_2.predict)=94.10%
[ 2022-03-10 22:30:45,987][kfold_wrapper.log_eval_metrics] Accuracy(layer_1 - estimator_0 - 5_folds.train_3.predict)=93.47%
[ 2022-03-10 22:30:47,633][kfold_wrapper.log_eval_metrics] Accuracy(layer_1 - estimator_0 - 5_folds.train_4.predict)=91.34%
[ 2022-03-10 22:30:47,635][kfold_wrapper.log_eval_metrics] Accuracy(layer_1 - estimator_0 - 5_folds.train_cv.predict)=92.94%
[ 2022-03-10 22:30:49,269][kfold_wrapper.log_eval_metrics] Accuracy(layer_1 - estimator_1 - 5_folds.train_0.predict)=93.16%
[ 2022-03-10 22:30:50,870][kfold_wrapper.log_eval_metrics] Accuracy(layer_1 - estimator_1 - 5_folds.train_1.predict)=93.03%
[ 2022-03-10 22:30:52,557][kfold_wrapper.log_eval_metrics] Accuracy(layer_1 - estimator_1 - 5_folds.train_2.predict)=93.28%
[ 2022-03-10 22:30:54,178][kfold_wrapper.log_eval_metrics] Accuracy(layer_1 - estimator_1 - 5_folds.train_3.predict)=93.28%
[ 2022-03-10 22:30:55,820][kfold_wrapper.log_eval_metrics] Accuracy(layer_1 - estimator_1 - 5_folds.train_4.predict)=93.91%
[ 2022-03-10 22:30:55,823][kfold_wrapper.log_eval_metrics] Accuracy(layer_1 - estimator_1 - 5_folds.train_cv.predict)=93.33%
[ 2022-03-10 22:30:55,824][cascade_classifier.calc_accuracy] Accuracy(layer_1 - train.classifier_average)=93.13%
[ 2022-03-10 22:30:55,826][cascade_classifier.calc_auc] AUC(layer_1 - train.classifier_average)=0.98%
[ 2022-03-10 22:30:55,887][cascade_classifier.fit_transform] [layer=2] look_indexs=[0], X_cur_train.shape=(7965, 1654), X_cur_test.shape=(0, 1654)
[ 2022-03-10 22:30:57,556][kfold_wrapper.log_eval_metrics] Accuracy(layer_2 - estimator_0 - 5_folds.train_0.predict)=92.22%
[ 2022-03-10 22:30:59,232][kfold_wrapper.log_eval_metrics] Accuracy(layer_2 - estimator_0 - 5_folds.train_1.predict)=93.16%
[ 2022-03-10 22:31:00,861][kfold_wrapper.log_eval_metrics] Accuracy(layer_2 - estimator_0 - 5_folds.train_2.predict)=91.96%
[ 2022-03-10 22:31:02,486][kfold_wrapper.log_eval_metrics] Accuracy(layer_2 - estimator_0 - 5_folds.train_3.predict)=92.59%
[ 2022-03-10 22:31:04,140][kfold_wrapper.log_eval_metrics] Accuracy(layer_2 - estimator_0 - 5_folds.train_4.predict)=92.66%
[ 2022-03-10 22:31:04,142][kfold_wrapper.log_eval_metrics] Accuracy(layer_2 - estimator_0 - 5_folds.train_cv.predict)=92.52%
[ 2022-03-10 22:31:06,162][kfold_wrapper.log_eval_metrics] Accuracy(layer_2 - estimator_1 - 5_folds.train_0.predict)=92.15%
[ 2022-03-10 22:31:08,178][kfold_wrapper.log_eval_metrics] Accuracy(layer_2 - estimator_1 - 5_folds.train_1.predict)=92.40%
[ 2022-03-10 22:31:09,803][kfold_wrapper.log_eval_metrics] Accuracy(layer_2 - estimator_1 - 5_folds.train_2.predict)=93.03%
[ 2022-03-10 22:31:11,395][kfold_wrapper.log_eval_metrics] Accuracy(layer_2 - estimator_1 - 5_folds.train_3.predict)=93.28%
[ 2022-03-10 22:31:12,959][kfold_wrapper.log_eval_metrics] Accuracy(layer_2 - estimator_1 - 5_folds.train_4.predict)=92.78%
[ 2022-03-10 22:31:12,962][kfold_wrapper.log_eval_metrics] Accuracy(layer_2 - estimator_1 - 5_folds.train_cv.predict)=92.73%
[ 2022-03-10 22:31:12,963][cascade_classifier.calc_accuracy] Accuracy(layer_2 - train.classifier_average)=92.77%
[ 2022-03-10 22:31:12,965][cascade_classifier.calc_auc] AUC(layer_2 - train.classifier_average)=0.97%
[ 2022-03-10 22:31:13,022][cascade_classifier.fit_transform] [layer=3] look_indexs=[0], X_cur_train.shape=(7965, 1654), X_cur_test.shape=(0, 1654)
[ 2022-03-10 22:31:14,651][kfold_wrapper.log_eval_metrics] Accuracy(layer_3 - estimator_0 - 5_folds.train_0.predict)=91.96%
[ 2022-03-10 22:31:16,326][kfold_wrapper.log_eval_metrics] Accuracy(layer_3 - estimator_0 - 5_folds.train_1.predict)=92.47%
[ 2022-03-10 22:31:17,992][kfold_wrapper.log_eval_metrics] Accuracy(layer_3 - estimator_0 - 5_folds.train_2.predict)=92.59%
[ 2022-03-10 22:31:19,753][kfold_wrapper.log_eval_metrics] Accuracy(layer_3 - estimator_0 - 5_folds.train_3.predict)=92.22%
[ 2022-03-10 22:31:21,590][kfold_wrapper.log_eval_metrics] Accuracy(layer_3 - estimator_0 - 5_folds.train_4.predict)=92.47%
[ 2022-03-10 22:31:21,593][kfold_wrapper.log_eval_metrics] Accuracy(layer_3 - estimator_0 - 5_folds.train_cv.predict)=92.34%
[ 2022-03-10 22:31:23,349][kfold_wrapper.log_eval_metrics] Accuracy(layer_3 - estimator_1 - 5_folds.train_0.predict)=92.78%
[ 2022-03-10 22:31:25,099][kfold_wrapper.log_eval_metrics] Accuracy(layer_3 - estimator_1 - 5_folds.train_1.predict)=92.66%
[ 2022-03-10 22:31:26,749][kfold_wrapper.log_eval_metrics] Accuracy(layer_3 - estimator_1 - 5_folds.train_2.predict)=92.09%
[ 2022-03-10 22:31:28,410][kfold_wrapper.log_eval_metrics] Accuracy(layer_3 - estimator_1 - 5_folds.train_3.predict)=91.90%
[ 2022-03-10 22:31:30,080][kfold_wrapper.log_eval_metrics] Accuracy(layer_3 - estimator_1 - 5_folds.train_4.predict)=92.40%
[ 2022-03-10 22:31:30,082][kfold_wrapper.log_eval_metrics] Accuracy(layer_3 - estimator_1 - 5_folds.train_cv.predict)=92.37%
[ 2022-03-10 22:31:30,083][cascade_classifier.calc_accuracy] Accuracy(layer_3 - train.classifier_average)=92.48%
[ 2022-03-10 22:31:30,085][cascade_classifier.calc_auc] AUC(layer_3 - train.classifier_average)=0.97%
[ 2022-03-10 22:31:30,087][cascade_classifier.fit_transform] [Result][Optimal Level Detected] opt_layer_num=1, accuracy_train=0.98%, accuracy_test=0.00%
[ 2022-03-10 22:31:30,104][cascade_classifier.transform] X_groups_test.shape=[(1991, 1650)]
[ 2022-03-10 22:31:30,115][cascade_classifier.transform] group_dims=[1650]
[ 2022-03-10 22:31:30,123][cascade_classifier.transform] X_test.shape=(1991, 1650)
[ 2022-03-10 22:31:30,130][cascade_classifier.transform] [layer=0] look_indexs=[0], X_cur_test.shape=(1991, 1650)
[ 2022-03-10 22:31:30,337][cascade_classifier.transform] X_groups_test.shape=[(1991, 1650)]
[ 2022-03-10 22:31:30,340][cascade_classifier.transform] group_dims=[1650]
[ 2022-03-10 22:31:30,345][cascade_classifier.transform] X_test.shape=(1991, 1650)
[ 2022-03-10 22:31:30,347][cascade_classifier.transform] [layer=0] look_indexs=[0], X_cur_test.shape=(1991, 1650)
