[ 2022-08-19 14:16:50,107][cascade_classifier.fit_transform] X_groups_train.shape=[(7964, 500)],y_train.shape=(7964,),X_groups_test.shape=no_test,y_test.shape=no_test
[ 2022-08-19 14:16:50,114][cascade_classifier.fit_transform] group_dims=[500]
[ 2022-08-19 14:16:50,114][cascade_classifier.fit_transform] group_starts=[0]
[ 2022-08-19 14:16:50,115][cascade_classifier.fit_transform] group_ends=[500]
[ 2022-08-19 14:16:50,115][cascade_classifier.fit_transform] X_train.shape=(7964, 500),X_test.shape=(0, 500)
[ 2022-08-19 14:16:50,123][cascade_classifier.fit_transform] [layer=0] look_indexs=[0], X_cur_train.shape=(7964, 500), X_cur_test.shape=(0, 500)
[ 2022-08-19 14:16:52,568][kfold_wrapper.log_eval_metrics] Accuracy(layer_0 - estimator_0 - 5_folds.train_0.predict)=90.21%
[ 2022-08-19 14:16:55,384][kfold_wrapper.log_eval_metrics] Accuracy(layer_0 - estimator_0 - 5_folds.train_1.predict)=91.27%
[ 2022-08-19 14:16:57,823][kfold_wrapper.log_eval_metrics] Accuracy(layer_0 - estimator_0 - 5_folds.train_2.predict)=89.83%
[ 2022-08-19 14:17:00,501][kfold_wrapper.log_eval_metrics] Accuracy(layer_0 - estimator_0 - 5_folds.train_3.predict)=90.65%
[ 2022-08-19 14:17:02,449][kfold_wrapper.log_eval_metrics] Accuracy(layer_0 - estimator_0 - 5_folds.train_4.predict)=90.39%
[ 2022-08-19 14:17:02,456][kfold_wrapper.log_eval_metrics] Accuracy(layer_0 - estimator_0 - 5_folds.train_cv.predict)=90.47%
[ 2022-08-19 14:17:04,439][kfold_wrapper.log_eval_metrics] Accuracy(layer_0 - estimator_1 - 5_folds.train_0.predict)=91.09%
[ 2022-08-19 14:17:06,371][kfold_wrapper.log_eval_metrics] Accuracy(layer_0 - estimator_1 - 5_folds.train_1.predict)=89.77%
[ 2022-08-19 14:17:08,341][kfold_wrapper.log_eval_metrics] Accuracy(layer_0 - estimator_1 - 5_folds.train_2.predict)=91.53%
[ 2022-08-19 14:17:10,440][kfold_wrapper.log_eval_metrics] Accuracy(layer_0 - estimator_1 - 5_folds.train_3.predict)=90.52%
[ 2022-08-19 14:17:12,346][kfold_wrapper.log_eval_metrics] Accuracy(layer_0 - estimator_1 - 5_folds.train_4.predict)=89.95%
[ 2022-08-19 14:17:12,348][kfold_wrapper.log_eval_metrics] Accuracy(layer_0 - estimator_1 - 5_folds.train_cv.predict)=90.57%
[ 2022-08-19 14:17:14,238][kfold_wrapper.log_eval_metrics] Accuracy(layer_0 - estimator_2 - 5_folds.train_0.predict)=89.58%
[ 2022-08-19 14:17:16,155][kfold_wrapper.log_eval_metrics] Accuracy(layer_0 - estimator_2 - 5_folds.train_1.predict)=90.58%
[ 2022-08-19 14:17:18,151][kfold_wrapper.log_eval_metrics] Accuracy(layer_0 - estimator_2 - 5_folds.train_2.predict)=91.46%
[ 2022-08-19 14:17:20,231][kfold_wrapper.log_eval_metrics] Accuracy(layer_0 - estimator_2 - 5_folds.train_3.predict)=90.96%
