[ 2022-04-21 10:19:30,290][cascade_classifier.fit_transform] X_groups_train.shape=[(7964, 200)],y_train.shape=(7964,),X_groups_test.shape=no_test,y_test.shape=no_test
[ 2022-04-21 10:19:30,306][cascade_classifier.fit_transform] group_dims=[200]
[ 2022-04-21 10:19:30,306][cascade_classifier.fit_transform] group_starts=[0]
[ 2022-04-21 10:19:30,306][cascade_classifier.fit_transform] group_ends=[200]
[ 2022-04-21 10:19:30,306][cascade_classifier.fit_transform] X_train.shape=(7964, 200),X_test.shape=(0, 200)
[ 2022-04-21 10:19:30,306][cascade_classifier.fit_transform] [layer=0] look_indexs=[0], X_cur_train.shape=(7964, 200), X_cur_test.shape=(0, 200)
[ 2022-04-21 10:19:31,041][kfold_wrapper.log_eval_metrics] Accuracy(layer_0 - estimator_0 - 5_folds.train_0.predict)=89.01%
[ 2022-04-21 10:19:31,750][kfold_wrapper.log_eval_metrics] Accuracy(layer_0 - estimator_0 - 5_folds.train_1.predict)=88.20%
[ 2022-04-21 10:19:32,464][kfold_wrapper.log_eval_metrics] Accuracy(layer_0 - estimator_0 - 5_folds.train_2.predict)=89.77%
[ 2022-04-21 10:19:33,200][kfold_wrapper.log_eval_metrics] Accuracy(layer_0 - estimator_0 - 5_folds.train_3.predict)=87.82%
[ 2022-04-21 10:19:34,052][kfold_wrapper.log_eval_metrics] Accuracy(layer_0 - estimator_0 - 5_folds.train_4.predict)=89.70%
[ 2022-04-21 10:19:34,058][kfold_wrapper.log_eval_metrics] Accuracy(layer_0 - estimator_0 - 5_folds.train_cv.predict)=88.90%
[ 2022-04-21 10:19:34,792][kfold_wrapper.log_eval_metrics] Accuracy(layer_0 - estimator_1 - 5_folds.train_0.predict)=86.82%
[ 2022-04-21 10:19:35,523][kfold_wrapper.log_eval_metrics] Accuracy(layer_0 - estimator_1 - 5_folds.train_1.predict)=88.64%
[ 2022-04-21 10:19:36,223][kfold_wrapper.log_eval_metrics] Accuracy(layer_0 - estimator_1 - 5_folds.train_2.predict)=87.88%
[ 2022-04-21 10:19:36,966][kfold_wrapper.log_eval_metrics] Accuracy(layer_0 - estimator_1 - 5_folds.train_3.predict)=88.64%
[ 2022-04-21 10:19:37,686][kfold_wrapper.log_eval_metrics] Accuracy(layer_0 - estimator_1 - 5_folds.train_4.predict)=88.76%
[ 2022-04-21 10:19:37,686][kfold_wrapper.log_eval_metrics] Accuracy(layer_0 - estimator_1 - 5_folds.train_cv.predict)=88.15%
[ 2022-04-21 10:19:38,431][kfold_wrapper.log_eval_metrics] Accuracy(layer_0 - estimator_2 - 5_folds.train_0.predict)=89.01%
[ 2022-04-21 10:19:39,139][kfold_wrapper.log_eval_metrics] Accuracy(layer_0 - estimator_2 - 5_folds.train_1.predict)=88.51%
[ 2022-04-21 10:19:39,866][kfold_wrapper.log_eval_metrics] Accuracy(layer_0 - estimator_2 - 5_folds.train_2.predict)=90.14%
[ 2022-04-21 10:19:40,583][kfold_wrapper.log_eval_metrics] Accuracy(layer_0 - estimator_2 - 5_folds.train_3.predict)=88.32%
[ 2022-04-21 10:19:41,334][kfold_wrapper.log_eval_metrics] Accuracy(layer_0 - estimator_2 - 5_folds.train_4.predict)=88.94%
[ 2022-04-21 10:19:41,334][kfold_wrapper.log_eval_metrics] Accuracy(layer_0 - estimator_2 - 5_folds.train_cv.predict)=88.99%
[ 2022-04-21 10:19:41,335][cascade_classifier.calc_accuracy] Accuracy(layer_0 - train.classifier_average)=89.40%
[ 2022-04-21 10:19:41,336][cascade_classifier.calc_auc] AUC(layer_0 - train.classifier_average)=0.95%
[ 2022-04-21 10:19:41,340][cascade_classifier.fit_transform] [layer=1] look_indexs=[0], X_cur_train.shape=(7964, 206), X_cur_test.shape=(0, 206)
[ 2022-04-21 10:19:41,898][kfold_wrapper.log_eval_metrics] Accuracy(layer_1 - estimator_0 - 5_folds.train_0.predict)=89.77%
[ 2022-04-21 10:19:42,434][kfold_wrapper.log_eval_metrics] Accuracy(layer_1 - estimator_0 - 5_folds.train_1.predict)=88.51%
[ 2022-04-21 10:19:43,026][kfold_wrapper.log_eval_metrics] Accuracy(layer_1 - estimator_0 - 5_folds.train_2.predict)=89.20%
[ 2022-04-21 10:19:43,589][kfold_wrapper.log_eval_metrics] Accuracy(layer_1 - estimator_0 - 5_folds.train_3.predict)=89.39%
[ 2022-04-21 10:19:44,320][kfold_wrapper.log_eval_metrics] Accuracy(layer_1 - estimator_0 - 5_folds.train_4.predict)=89.38%
[ 2022-04-21 10:19:44,320][kfold_wrapper.log_eval_metrics] Accuracy(layer_1 - estimator_0 - 5_folds.train_cv.predict)=89.25%
[ 2022-04-21 10:19:44,847][kfold_wrapper.log_eval_metrics] Accuracy(layer_1 - estimator_1 - 5_folds.train_0.predict)=89.77%
[ 2022-04-21 10:19:45,405][kfold_wrapper.log_eval_metrics] Accuracy(layer_1 - estimator_1 - 5_folds.train_1.predict)=90.27%
[ 2022-04-21 10:19:45,952][kfold_wrapper.log_eval_metrics] Accuracy(layer_1 - estimator_1 - 5_folds.train_2.predict)=87.26%
[ 2022-04-21 10:19:46,546][kfold_wrapper.log_eval_metrics] Accuracy(layer_1 - estimator_1 - 5_folds.train_3.predict)=89.52%
[ 2022-04-21 10:19:47,108][kfold_wrapper.log_eval_metrics] Accuracy(layer_1 - estimator_1 - 5_folds.train_4.predict)=90.89%
[ 2022-04-21 10:19:47,117][kfold_wrapper.log_eval_metrics] Accuracy(layer_1 - estimator_1 - 5_folds.train_cv.predict)=89.54%
[ 2022-04-21 10:19:47,665][kfold_wrapper.log_eval_metrics] Accuracy(layer_1 - estimator_2 - 5_folds.train_0.predict)=90.02%
[ 2022-04-21 10:19:48,238][kfold_wrapper.log_eval_metrics] Accuracy(layer_1 - estimator_2 - 5_folds.train_1.predict)=89.70%
[ 2022-04-21 10:19:48,786][kfold_wrapper.log_eval_metrics] Accuracy(layer_1 - estimator_2 - 5_folds.train_2.predict)=89.45%
[ 2022-04-21 10:19:49,383][kfold_wrapper.log_eval_metrics] Accuracy(layer_1 - estimator_2 - 5_folds.train_3.predict)=90.14%
[ 2022-04-21 10:19:49,957][kfold_wrapper.log_eval_metrics] Accuracy(layer_1 - estimator_2 - 5_folds.train_4.predict)=90.26%
[ 2022-04-21 10:19:49,957][kfold_wrapper.log_eval_metrics] Accuracy(layer_1 - estimator_2 - 5_folds.train_cv.predict)=89.92%
[ 2022-04-21 10:19:49,957][cascade_classifier.calc_accuracy] Accuracy(layer_1 - train.classifier_average)=89.78%
[ 2022-04-21 10:19:49,957][cascade_classifier.calc_auc] AUC(layer_1 - train.classifier_average)=0.95%
[ 2022-04-21 10:19:49,973][cascade_classifier.fit_transform] [layer=2] look_indexs=[0], X_cur_train.shape=(7964, 206), X_cur_test.shape=(0, 206)
[ 2022-04-21 10:19:50,609][kfold_wrapper.log_eval_metrics] Accuracy(layer_2 - estimator_0 - 5_folds.train_0.predict)=88.76%
[ 2022-04-21 10:19:51,235][kfold_wrapper.log_eval_metrics] Accuracy(layer_2 - estimator_0 - 5_folds.train_1.predict)=89.20%
[ 2022-04-21 10:19:51,894][kfold_wrapper.log_eval_metrics] Accuracy(layer_2 - estimator_0 - 5_folds.train_2.predict)=89.64%
[ 2022-04-21 10:19:52,496][kfold_wrapper.log_eval_metrics] Accuracy(layer_2 - estimator_0 - 5_folds.train_3.predict)=91.02%
[ 2022-04-21 10:19:53,118][kfold_wrapper.log_eval_metrics] Accuracy(layer_2 - estimator_0 - 5_folds.train_4.predict)=89.76%
[ 2022-04-21 10:19:53,118][kfold_wrapper.log_eval_metrics] Accuracy(layer_2 - estimator_0 - 5_folds.train_cv.predict)=89.68%
[ 2022-04-21 10:19:53,755][kfold_wrapper.log_eval_metrics] Accuracy(layer_2 - estimator_1 - 5_folds.train_0.predict)=89.14%
[ 2022-04-21 10:19:54,397][kfold_wrapper.log_eval_metrics] Accuracy(layer_2 - estimator_1 - 5_folds.train_1.predict)=89.20%
[ 2022-04-21 10:19:55,133][kfold_wrapper.log_eval_metrics] Accuracy(layer_2 - estimator_1 - 5_folds.train_2.predict)=90.08%
[ 2022-04-21 10:19:55,766][kfold_wrapper.log_eval_metrics] Accuracy(layer_2 - estimator_1 - 5_folds.train_3.predict)=90.02%
[ 2022-04-21 10:19:56,557][kfold_wrapper.log_eval_metrics] Accuracy(layer_2 - estimator_1 - 5_folds.train_4.predict)=89.45%
[ 2022-04-21 10:19:56,557][kfold_wrapper.log_eval_metrics] Accuracy(layer_2 - estimator_1 - 5_folds.train_cv.predict)=89.58%
[ 2022-04-21 10:19:57,415][kfold_wrapper.log_eval_metrics] Accuracy(layer_2 - estimator_2 - 5_folds.train_0.predict)=88.95%
[ 2022-04-21 10:19:58,212][kfold_wrapper.log_eval_metrics] Accuracy(layer_2 - estimator_2 - 5_folds.train_1.predict)=89.96%
[ 2022-04-21 10:19:58,811][kfold_wrapper.log_eval_metrics] Accuracy(layer_2 - estimator_2 - 5_folds.train_2.predict)=89.89%
[ 2022-04-21 10:19:59,436][kfold_wrapper.log_eval_metrics] Accuracy(layer_2 - estimator_2 - 5_folds.train_3.predict)=88.83%
[ 2022-04-21 10:20:00,080][kfold_wrapper.log_eval_metrics] Accuracy(layer_2 - estimator_2 - 5_folds.train_4.predict)=90.14%
[ 2022-04-21 10:20:00,082][kfold_wrapper.log_eval_metrics] Accuracy(layer_2 - estimator_2 - 5_folds.train_cv.predict)=89.55%
[ 2022-04-21 10:20:00,082][cascade_classifier.calc_accuracy] Accuracy(layer_2 - train.classifier_average)=89.80%
[ 2022-04-21 10:20:00,084][cascade_classifier.calc_auc] AUC(layer_2 - train.classifier_average)=0.95%
[ 2022-04-21 10:20:00,087][cascade_classifier.fit_transform] [layer=3] look_indexs=[0], X_cur_train.shape=(7964, 206), X_cur_test.shape=(0, 206)
[ 2022-04-21 10:20:00,690][kfold_wrapper.log_eval_metrics] Accuracy(layer_3 - estimator_0 - 5_folds.train_0.predict)=89.64%
[ 2022-04-21 10:20:01,271][kfold_wrapper.log_eval_metrics] Accuracy(layer_3 - estimator_0 - 5_folds.train_1.predict)=90.40%
[ 2022-04-21 10:20:01,894][kfold_wrapper.log_eval_metrics] Accuracy(layer_3 - estimator_0 - 5_folds.train_2.predict)=88.58%
[ 2022-04-21 10:20:02,464][kfold_wrapper.log_eval_metrics] Accuracy(layer_3 - estimator_0 - 5_folds.train_3.predict)=87.76%
[ 2022-04-21 10:20:03,079][kfold_wrapper.log_eval_metrics] Accuracy(layer_3 - estimator_0 - 5_folds.train_4.predict)=89.38%
[ 2022-04-21 10:20:03,079][kfold_wrapper.log_eval_metrics] Accuracy(layer_3 - estimator_0 - 5_folds.train_cv.predict)=89.15%
[ 2022-04-21 10:20:03,712][kfold_wrapper.log_eval_metrics] Accuracy(layer_3 - estimator_1 - 5_folds.train_0.predict)=90.14%
[ 2022-04-21 10:20:04,299][kfold_wrapper.log_eval_metrics] Accuracy(layer_3 - estimator_1 - 5_folds.train_1.predict)=89.64%
[ 2022-04-21 10:20:04,934][kfold_wrapper.log_eval_metrics] Accuracy(layer_3 - estimator_1 - 5_folds.train_2.predict)=88.83%
[ 2022-04-21 10:20:05,636][kfold_wrapper.log_eval_metrics] Accuracy(layer_3 - estimator_1 - 5_folds.train_3.predict)=89.08%
[ 2022-04-21 10:20:06,240][kfold_wrapper.log_eval_metrics] Accuracy(layer_3 - estimator_1 - 5_folds.train_4.predict)=89.26%
[ 2022-04-21 10:20:06,240][kfold_wrapper.log_eval_metrics] Accuracy(layer_3 - estimator_1 - 5_folds.train_cv.predict)=89.39%
[ 2022-04-21 10:20:06,850][kfold_wrapper.log_eval_metrics] Accuracy(layer_3 - estimator_2 - 5_folds.train_0.predict)=88.95%
[ 2022-04-21 10:20:07,474][kfold_wrapper.log_eval_metrics] Accuracy(layer_3 - estimator_2 - 5_folds.train_1.predict)=89.27%
[ 2022-04-21 10:20:08,070][kfold_wrapper.log_eval_metrics] Accuracy(layer_3 - estimator_2 - 5_folds.train_2.predict)=90.40%
[ 2022-04-21 10:20:08,723][kfold_wrapper.log_eval_metrics] Accuracy(layer_3 - estimator_2 - 5_folds.train_3.predict)=89.45%
[ 2022-04-21 10:20:09,357][kfold_wrapper.log_eval_metrics] Accuracy(layer_3 - estimator_2 - 5_folds.train_4.predict)=89.26%
[ 2022-04-21 10:20:09,357][kfold_wrapper.log_eval_metrics] Accuracy(layer_3 - estimator_2 - 5_folds.train_cv.predict)=89.47%
[ 2022-04-21 10:20:09,359][cascade_classifier.calc_accuracy] Accuracy(layer_3 - train.classifier_average)=89.54%
[ 2022-04-21 10:20:09,360][cascade_classifier.calc_auc] AUC(layer_3 - train.classifier_average)=0.95%
[ 2022-04-21 10:20:09,363][cascade_classifier.fit_transform] [layer=4] look_indexs=[0], X_cur_train.shape=(7964, 206), X_cur_test.shape=(0, 206)
[ 2022-04-21 10:20:09,941][kfold_wrapper.log_eval_metrics] Accuracy(layer_4 - estimator_0 - 5_folds.train_0.predict)=88.51%
[ 2022-04-21 10:20:10,600][kfold_wrapper.log_eval_metrics] Accuracy(layer_4 - estimator_0 - 5_folds.train_1.predict)=88.26%
[ 2022-04-21 10:20:11,236][kfold_wrapper.log_eval_metrics] Accuracy(layer_4 - estimator_0 - 5_folds.train_2.predict)=91.15%
[ 2022-04-21 10:20:11,851][kfold_wrapper.log_eval_metrics] Accuracy(layer_4 - estimator_0 - 5_folds.train_3.predict)=88.95%
[ 2022-04-21 10:20:12,472][kfold_wrapper.log_eval_metrics] Accuracy(layer_4 - estimator_0 - 5_folds.train_4.predict)=88.57%
[ 2022-04-21 10:20:12,472][kfold_wrapper.log_eval_metrics] Accuracy(layer_4 - estimator_0 - 5_folds.train_cv.predict)=89.09%
[ 2022-04-21 10:20:13,081][kfold_wrapper.log_eval_metrics] Accuracy(layer_4 - estimator_1 - 5_folds.train_0.predict)=88.70%
[ 2022-04-21 10:20:13,682][kfold_wrapper.log_eval_metrics] Accuracy(layer_4 - estimator_1 - 5_folds.train_1.predict)=89.58%
[ 2022-04-21 10:20:14,281][kfold_wrapper.log_eval_metrics] Accuracy(layer_4 - estimator_1 - 5_folds.train_2.predict)=88.39%
[ 2022-04-21 10:20:14,868][kfold_wrapper.log_eval_metrics] Accuracy(layer_4 - estimator_1 - 5_folds.train_3.predict)=88.95%
[ 2022-04-21 10:20:15,500][kfold_wrapper.log_eval_metrics] Accuracy(layer_4 - estimator_1 - 5_folds.train_4.predict)=89.95%
[ 2022-04-21 10:20:15,500][kfold_wrapper.log_eval_metrics] Accuracy(layer_4 - estimator_1 - 5_folds.train_cv.predict)=89.11%
[ 2022-04-21 10:20:16,263][kfold_wrapper.log_eval_metrics] Accuracy(layer_4 - estimator_2 - 5_folds.train_0.predict)=89.45%
[ 2022-04-21 10:20:16,905][kfold_wrapper.log_eval_metrics] Accuracy(layer_4 - estimator_2 - 5_folds.train_1.predict)=88.76%
[ 2022-04-21 10:20:17,527][kfold_wrapper.log_eval_metrics] Accuracy(layer_4 - estimator_2 - 5_folds.train_2.predict)=89.45%
[ 2022-04-21 10:20:18,194][kfold_wrapper.log_eval_metrics] Accuracy(layer_4 - estimator_2 - 5_folds.train_3.predict)=89.20%
[ 2022-04-21 10:20:18,820][kfold_wrapper.log_eval_metrics] Accuracy(layer_4 - estimator_2 - 5_folds.train_4.predict)=89.38%
[ 2022-04-21 10:20:18,836][kfold_wrapper.log_eval_metrics] Accuracy(layer_4 - estimator_2 - 5_folds.train_cv.predict)=89.25%
[ 2022-04-21 10:20:18,837][cascade_classifier.calc_accuracy] Accuracy(layer_4 - train.classifier_average)=89.44%
[ 2022-04-21 10:20:18,839][cascade_classifier.calc_auc] AUC(layer_4 - train.classifier_average)=0.95%
[ 2022-04-21 10:20:18,839][cascade_classifier.fit_transform] [layer=5] look_indexs=[0], X_cur_train.shape=(7964, 206), X_cur_test.shape=(0, 206)
[ 2022-04-21 10:20:19,453][kfold_wrapper.log_eval_metrics] Accuracy(layer_5 - estimator_0 - 5_folds.train_0.predict)=90.08%
[ 2022-04-21 10:20:20,129][kfold_wrapper.log_eval_metrics] Accuracy(layer_5 - estimator_0 - 5_folds.train_1.predict)=89.39%
[ 2022-04-21 10:20:20,704][kfold_wrapper.log_eval_metrics] Accuracy(layer_5 - estimator_0 - 5_folds.train_2.predict)=88.26%
[ 2022-04-21 10:20:21,252][kfold_wrapper.log_eval_metrics] Accuracy(layer_5 - estimator_0 - 5_folds.train_3.predict)=88.89%
[ 2022-04-21 10:20:21,826][kfold_wrapper.log_eval_metrics] Accuracy(layer_5 - estimator_0 - 5_folds.train_4.predict)=89.51%
[ 2022-04-21 10:20:21,826][kfold_wrapper.log_eval_metrics] Accuracy(layer_5 - estimator_0 - 5_folds.train_cv.predict)=89.23%
[ 2022-04-21 10:20:22,425][kfold_wrapper.log_eval_metrics] Accuracy(layer_5 - estimator_1 - 5_folds.train_0.predict)=88.70%
[ 2022-04-21 10:20:23,021][kfold_wrapper.log_eval_metrics] Accuracy(layer_5 - estimator_1 - 5_folds.train_1.predict)=89.08%
[ 2022-04-21 10:20:23,612][kfold_wrapper.log_eval_metrics] Accuracy(layer_5 - estimator_1 - 5_folds.train_2.predict)=88.14%
[ 2022-04-21 10:20:24,190][kfold_wrapper.log_eval_metrics] Accuracy(layer_5 - estimator_1 - 5_folds.train_3.predict)=89.08%
[ 2022-04-21 10:20:24,936][kfold_wrapper.log_eval_metrics] Accuracy(layer_5 - estimator_1 - 5_folds.train_4.predict)=89.95%
[ 2022-04-21 10:20:24,936][kfold_wrapper.log_eval_metrics] Accuracy(layer_5 - estimator_1 - 5_folds.train_cv.predict)=88.99%
[ 2022-04-21 10:20:25,630][kfold_wrapper.log_eval_metrics] Accuracy(layer_5 - estimator_2 - 5_folds.train_0.predict)=89.64%
[ 2022-04-21 10:20:26,466][kfold_wrapper.log_eval_metrics] Accuracy(layer_5 - estimator_2 - 5_folds.train_1.predict)=88.70%
[ 2022-04-21 10:20:27,162][kfold_wrapper.log_eval_metrics] Accuracy(layer_5 - estimator_2 - 5_folds.train_2.predict)=88.64%
[ 2022-04-21 10:20:27,916][kfold_wrapper.log_eval_metrics] Accuracy(layer_5 - estimator_2 - 5_folds.train_3.predict)=89.64%
[ 2022-04-21 10:20:28,538][kfold_wrapper.log_eval_metrics] Accuracy(layer_5 - estimator_2 - 5_folds.train_4.predict)=89.51%
[ 2022-04-21 10:20:28,538][kfold_wrapper.log_eval_metrics] Accuracy(layer_5 - estimator_2 - 5_folds.train_cv.predict)=89.23%
[ 2022-04-21 10:20:28,538][cascade_classifier.calc_accuracy] Accuracy(layer_5 - train.classifier_average)=89.33%
[ 2022-04-21 10:20:28,538][cascade_classifier.calc_auc] AUC(layer_5 - train.classifier_average)=0.95%
[ 2022-04-21 10:20:28,538][cascade_classifier.fit_transform] [layer=6] look_indexs=[0], X_cur_train.shape=(7964, 206), X_cur_test.shape=(0, 206)
[ 2022-04-21 10:20:29,238][kfold_wrapper.log_eval_metrics] Accuracy(layer_6 - estimator_0 - 5_folds.train_0.predict)=88.83%
[ 2022-04-21 10:20:29,918][kfold_wrapper.log_eval_metrics] Accuracy(layer_6 - estimator_0 - 5_folds.train_1.predict)=87.82%
[ 2022-04-21 10:20:30,584][kfold_wrapper.log_eval_metrics] Accuracy(layer_6 - estimator_0 - 5_folds.train_2.predict)=89.52%
