[ 2022-04-24 21:38:50,980][cascade_classifier.fit_transform] X_groups_train.shape=[(7964, 1650)],y_train.shape=(7964,),X_groups_test.shape=no_test,y_test.shape=no_test
[ 2022-04-24 21:38:51,113][cascade_classifier.fit_transform] group_dims=[1650]
[ 2022-04-24 21:38:51,129][cascade_classifier.fit_transform] group_starts=[0]
[ 2022-04-24 21:38:51,129][cascade_classifier.fit_transform] group_ends=[1650]
[ 2022-04-24 21:38:51,129][cascade_classifier.fit_transform] X_train.shape=(7964, 1650),X_test.shape=(0, 1650)
[ 2022-04-24 21:38:51,160][cascade_classifier.fit_transform] [layer=0] look_indexs=[0], X_cur_train.shape=(7964, 1650), X_cur_test.shape=(0, 1650)
[ 2022-04-24 21:39:04,284][kfold_wrapper.log_eval_metrics] Accuracy(layer_0 - estimator_0 - 5_folds.train_0.predict)=92.84%
[ 2022-04-24 21:39:14,762][kfold_wrapper.log_eval_metrics] Accuracy(layer_0 - estimator_0 - 5_folds.train_1.predict)=93.41%
[ 2022-04-24 21:39:23,513][kfold_wrapper.log_eval_metrics] Accuracy(layer_0 - estimator_0 - 5_folds.train_2.predict)=93.09%
[ 2022-04-24 21:39:30,614][kfold_wrapper.log_eval_metrics] Accuracy(layer_0 - estimator_0 - 5_folds.train_3.predict)=92.91%
[ 2022-04-24 21:39:36,827][kfold_wrapper.log_eval_metrics] Accuracy(layer_0 - estimator_0 - 5_folds.train_4.predict)=94.47%
[ 2022-04-24 21:39:36,829][kfold_wrapper.log_eval_metrics] Accuracy(layer_0 - estimator_0 - 5_folds.train_cv.predict)=93.35%
[ 2022-04-24 21:39:43,034][kfold_wrapper.log_eval_metrics] Accuracy(layer_0 - estimator_1 - 5_folds.train_0.predict)=92.97%
[ 2022-04-24 21:39:50,359][kfold_wrapper.log_eval_metrics] Accuracy(layer_0 - estimator_1 - 5_folds.train_1.predict)=92.97%
[ 2022-04-24 21:39:57,498][kfold_wrapper.log_eval_metrics] Accuracy(layer_0 - estimator_1 - 5_folds.train_2.predict)=93.66%
[ 2022-04-24 21:40:03,514][kfold_wrapper.log_eval_metrics] Accuracy(layer_0 - estimator_1 - 5_folds.train_3.predict)=92.91%
[ 2022-04-24 21:40:09,327][kfold_wrapper.log_eval_metrics] Accuracy(layer_0 - estimator_1 - 5_folds.train_4.predict)=92.78%
[ 2022-04-24 21:40:09,334][kfold_wrapper.log_eval_metrics] Accuracy(layer_0 - estimator_1 - 5_folds.train_cv.predict)=93.06%
[ 2022-04-24 21:40:15,202][kfold_wrapper.log_eval_metrics] Accuracy(layer_0 - estimator_2 - 5_folds.train_0.predict)=93.97%
[ 2022-04-24 21:40:21,180][kfold_wrapper.log_eval_metrics] Accuracy(layer_0 - estimator_2 - 5_folds.train_1.predict)=93.72%
[ 2022-04-24 21:40:27,888][kfold_wrapper.log_eval_metrics] Accuracy(layer_0 - estimator_2 - 5_folds.train_2.predict)=93.16%
[ 2022-04-24 21:40:33,918][kfold_wrapper.log_eval_metrics] Accuracy(layer_0 - estimator_2 - 5_folds.train_3.predict)=92.47%
[ 2022-04-24 21:40:40,482][kfold_wrapper.log_eval_metrics] Accuracy(layer_0 - estimator_2 - 5_folds.train_4.predict)=93.40%
[ 2022-04-24 21:40:40,482][kfold_wrapper.log_eval_metrics] Accuracy(layer_0 - estimator_2 - 5_folds.train_cv.predict)=93.35%
[ 2022-04-24 21:40:46,202][kfold_wrapper.log_eval_metrics] Accuracy(layer_0 - estimator_3 - 5_folds.train_0.predict)=92.53%
[ 2022-04-24 21:40:52,071][kfold_wrapper.log_eval_metrics] Accuracy(layer_0 - estimator_3 - 5_folds.train_1.predict)=93.72%
[ 2022-04-24 21:40:57,833][kfold_wrapper.log_eval_metrics] Accuracy(layer_0 - estimator_3 - 5_folds.train_2.predict)=92.28%
[ 2022-04-24 21:41:03,720][kfold_wrapper.log_eval_metrics] Accuracy(layer_0 - estimator_3 - 5_folds.train_3.predict)=93.79%
[ 2022-04-24 21:41:09,706][kfold_wrapper.log_eval_metrics] Accuracy(layer_0 - estimator_3 - 5_folds.train_4.predict)=93.59%
[ 2022-04-24 21:41:09,706][kfold_wrapper.log_eval_metrics] Accuracy(layer_0 - estimator_3 - 5_folds.train_cv.predict)=93.18%
[ 2022-04-24 21:41:09,711][cascade_classifier.calc_accuracy] Accuracy(layer_0 - train.classifier_average)=93.61%
[ 2022-04-24 21:41:09,728][cascade_classifier.calc_auc] AUC(layer_0 - train.classifier_average)=0.98%
[ 2022-04-24 21:41:09,818][cascade_classifier.fit_transform] [layer=1] look_indexs=[0], X_cur_train.shape=(7964, 1658), X_cur_test.shape=(0, 1658)
[ 2022-04-24 21:41:15,597][kfold_wrapper.log_eval_metrics] Accuracy(layer_1 - estimator_0 - 5_folds.train_0.predict)=93.35%
[ 2022-04-24 21:41:21,384][kfold_wrapper.log_eval_metrics] Accuracy(layer_1 - estimator_0 - 5_folds.train_1.predict)=94.54%
[ 2022-04-24 21:41:27,372][kfold_wrapper.log_eval_metrics] Accuracy(layer_1 - estimator_0 - 5_folds.train_2.predict)=93.53%
[ 2022-04-24 21:41:33,174][kfold_wrapper.log_eval_metrics] Accuracy(layer_1 - estimator_0 - 5_folds.train_3.predict)=93.22%
[ 2022-04-24 21:41:38,797][kfold_wrapper.log_eval_metrics] Accuracy(layer_1 - estimator_0 - 5_folds.train_4.predict)=93.09%
[ 2022-04-24 21:41:38,797][kfold_wrapper.log_eval_metrics] Accuracy(layer_1 - estimator_0 - 5_folds.train_cv.predict)=93.55%
[ 2022-04-24 21:41:44,566][kfold_wrapper.log_eval_metrics] Accuracy(layer_1 - estimator_1 - 5_folds.train_0.predict)=94.41%
[ 2022-04-24 21:41:50,240][kfold_wrapper.log_eval_metrics] Accuracy(layer_1 - estimator_1 - 5_folds.train_1.predict)=93.72%
[ 2022-04-24 21:41:56,304][kfold_wrapper.log_eval_metrics] Accuracy(layer_1 - estimator_1 - 5_folds.train_2.predict)=92.97%
[ 2022-04-24 21:42:02,004][kfold_wrapper.log_eval_metrics] Accuracy(layer_1 - estimator_1 - 5_folds.train_3.predict)=93.91%
[ 2022-04-24 21:42:07,814][kfold_wrapper.log_eval_metrics] Accuracy(layer_1 - estimator_1 - 5_folds.train_4.predict)=93.09%
[ 2022-04-24 21:42:07,814][kfold_wrapper.log_eval_metrics] Accuracy(layer_1 - estimator_1 - 5_folds.train_cv.predict)=93.62%
[ 2022-04-24 21:42:13,270][kfold_wrapper.log_eval_metrics] Accuracy(layer_1 - estimator_2 - 5_folds.train_0.predict)=93.16%
[ 2022-04-24 21:42:19,027][kfold_wrapper.log_eval_metrics] Accuracy(layer_1 - estimator_2 - 5_folds.train_1.predict)=93.22%
[ 2022-04-24 21:42:25,258][kfold_wrapper.log_eval_metrics] Accuracy(layer_1 - estimator_2 - 5_folds.train_2.predict)=92.91%
[ 2022-04-24 21:42:30,945][kfold_wrapper.log_eval_metrics] Accuracy(layer_1 - estimator_2 - 5_folds.train_3.predict)=93.79%
[ 2022-04-24 21:42:36,719][kfold_wrapper.log_eval_metrics] Accuracy(layer_1 - estimator_2 - 5_folds.train_4.predict)=93.91%
[ 2022-04-24 21:42:36,719][kfold_wrapper.log_eval_metrics] Accuracy(layer_1 - estimator_2 - 5_folds.train_cv.predict)=93.40%
[ 2022-04-24 21:42:42,337][kfold_wrapper.log_eval_metrics] Accuracy(layer_1 - estimator_3 - 5_folds.train_0.predict)=93.28%
[ 2022-04-24 21:42:48,055][kfold_wrapper.log_eval_metrics] Accuracy(layer_1 - estimator_3 - 5_folds.train_1.predict)=92.84%
[ 2022-04-24 21:42:53,545][kfold_wrapper.log_eval_metrics] Accuracy(layer_1 - estimator_3 - 5_folds.train_2.predict)=93.22%
[ 2022-04-24 21:42:59,396][kfold_wrapper.log_eval_metrics] Accuracy(layer_1 - estimator_3 - 5_folds.train_3.predict)=94.60%
[ 2022-04-24 21:43:06,238][kfold_wrapper.log_eval_metrics] Accuracy(layer_1 - estimator_3 - 5_folds.train_4.predict)=91.96%
[ 2022-04-24 21:43:06,241][kfold_wrapper.log_eval_metrics] Accuracy(layer_1 - estimator_3 - 5_folds.train_cv.predict)=93.18%
[ 2022-04-24 21:43:06,242][cascade_classifier.calc_accuracy] Accuracy(layer_1 - train.classifier_average)=93.65%
[ 2022-04-24 21:43:06,244][cascade_classifier.calc_auc] AUC(layer_1 - train.classifier_average)=0.98%
[ 2022-04-24 21:43:06,292][cascade_classifier.fit_transform] [layer=2] look_indexs=[0], X_cur_train.shape=(7964, 1658), X_cur_test.shape=(0, 1658)
[ 2022-04-24 21:43:12,086][kfold_wrapper.log_eval_metrics] Accuracy(layer_2 - estimator_0 - 5_folds.train_0.predict)=93.35%
[ 2022-04-24 21:43:17,404][kfold_wrapper.log_eval_metrics] Accuracy(layer_2 - estimator_0 - 5_folds.train_1.predict)=93.03%
[ 2022-04-24 21:43:23,299][kfold_wrapper.log_eval_metrics] Accuracy(layer_2 - estimator_0 - 5_folds.train_2.predict)=92.72%
[ 2022-04-24 21:43:28,796][kfold_wrapper.log_eval_metrics] Accuracy(layer_2 - estimator_0 - 5_folds.train_3.predict)=93.91%
[ 2022-04-24 21:43:34,471][kfold_wrapper.log_eval_metrics] Accuracy(layer_2 - estimator_0 - 5_folds.train_4.predict)=93.34%
[ 2022-04-24 21:43:34,475][kfold_wrapper.log_eval_metrics] Accuracy(layer_2 - estimator_0 - 5_folds.train_cv.predict)=93.27%
[ 2022-04-24 21:43:40,008][kfold_wrapper.log_eval_metrics] Accuracy(layer_2 - estimator_1 - 5_folds.train_0.predict)=93.79%
[ 2022-04-24 21:43:45,934][kfold_wrapper.log_eval_metrics] Accuracy(layer_2 - estimator_1 - 5_folds.train_1.predict)=94.04%
[ 2022-04-24 21:43:51,656][kfold_wrapper.log_eval_metrics] Accuracy(layer_2 - estimator_1 - 5_folds.train_2.predict)=92.28%
[ 2022-04-24 21:43:57,341][kfold_wrapper.log_eval_metrics] Accuracy(layer_2 - estimator_1 - 5_folds.train_3.predict)=92.53%
[ 2022-04-24 21:44:02,973][kfold_wrapper.log_eval_metrics] Accuracy(layer_2 - estimator_1 - 5_folds.train_4.predict)=93.84%
[ 2022-04-24 21:44:02,976][kfold_wrapper.log_eval_metrics] Accuracy(layer_2 - estimator_1 - 5_folds.train_cv.predict)=93.29%
[ 2022-04-24 21:44:08,598][kfold_wrapper.log_eval_metrics] Accuracy(layer_2 - estimator_2 - 5_folds.train_0.predict)=92.53%
[ 2022-04-24 21:44:14,229][kfold_wrapper.log_eval_metrics] Accuracy(layer_2 - estimator_2 - 5_folds.train_1.predict)=92.78%
[ 2022-04-24 21:44:19,728][kfold_wrapper.log_eval_metrics] Accuracy(layer_2 - estimator_2 - 5_folds.train_2.predict)=92.53%
[ 2022-04-24 21:44:26,067][kfold_wrapper.log_eval_metrics] Accuracy(layer_2 - estimator_2 - 5_folds.train_3.predict)=93.35%
[ 2022-04-24 21:44:31,926][kfold_wrapper.log_eval_metrics] Accuracy(layer_2 - estimator_2 - 5_folds.train_4.predict)=93.47%
[ 2022-04-24 21:44:31,926][kfold_wrapper.log_eval_metrics] Accuracy(layer_2 - estimator_2 - 5_folds.train_cv.predict)=92.93%
[ 2022-04-24 21:44:38,042][kfold_wrapper.log_eval_metrics] Accuracy(layer_2 - estimator_3 - 5_folds.train_0.predict)=93.28%
[ 2022-04-24 21:44:43,511][kfold_wrapper.log_eval_metrics] Accuracy(layer_2 - estimator_3 - 5_folds.train_1.predict)=92.59%
[ 2022-04-24 21:44:49,465][kfold_wrapper.log_eval_metrics] Accuracy(layer_2 - estimator_3 - 5_folds.train_2.predict)=92.40%
[ 2022-04-24 21:44:55,067][kfold_wrapper.log_eval_metrics] Accuracy(layer_2 - estimator_3 - 5_folds.train_3.predict)=93.03%
[ 2022-04-24 21:45:00,708][kfold_wrapper.log_eval_metrics] Accuracy(layer_2 - estimator_3 - 5_folds.train_4.predict)=93.97%
[ 2022-04-24 21:45:00,710][kfold_wrapper.log_eval_metrics] Accuracy(layer_2 - estimator_3 - 5_folds.train_cv.predict)=93.06%
[ 2022-04-24 21:45:00,711][cascade_classifier.calc_accuracy] Accuracy(layer_2 - train.classifier_average)=93.36%
[ 2022-04-24 21:45:00,713][cascade_classifier.calc_auc] AUC(layer_2 - train.classifier_average)=0.98%
[ 2022-04-24 21:45:00,778][cascade_classifier.fit_transform] [layer=3] look_indexs=[0], X_cur_train.shape=(7964, 1658), X_cur_test.shape=(0, 1658)
[ 2022-04-24 21:45:06,206][kfold_wrapper.log_eval_metrics] Accuracy(layer_3 - estimator_0 - 5_folds.train_0.predict)=92.84%
[ 2022-04-24 21:45:11,872][kfold_wrapper.log_eval_metrics] Accuracy(layer_3 - estimator_0 - 5_folds.train_1.predict)=92.59%
[ 2022-04-24 21:45:17,654][kfold_wrapper.log_eval_metrics] Accuracy(layer_3 - estimator_0 - 5_folds.train_2.predict)=93.22%
[ 2022-04-24 21:45:23,629][kfold_wrapper.log_eval_metrics] Accuracy(layer_3 - estimator_0 - 5_folds.train_3.predict)=93.53%
[ 2022-04-24 21:45:29,152][kfold_wrapper.log_eval_metrics] Accuracy(layer_3 - estimator_0 - 5_folds.train_4.predict)=92.46%
[ 2022-04-24 21:45:29,154][kfold_wrapper.log_eval_metrics] Accuracy(layer_3 - estimator_0 - 5_folds.train_cv.predict)=92.93%
[ 2022-04-24 21:45:34,462][kfold_wrapper.log_eval_metrics] Accuracy(layer_3 - estimator_1 - 5_folds.train_0.predict)=93.47%
[ 2022-04-24 21:45:39,865][kfold_wrapper.log_eval_metrics] Accuracy(layer_3 - estimator_1 - 5_folds.train_1.predict)=93.47%
[ 2022-04-24 21:45:45,486][kfold_wrapper.log_eval_metrics] Accuracy(layer_3 - estimator_1 - 5_folds.train_2.predict)=93.41%
[ 2022-04-24 21:45:51,193][kfold_wrapper.log_eval_metrics] Accuracy(layer_3 - estimator_1 - 5_folds.train_3.predict)=91.46%
[ 2022-04-24 21:45:56,686][kfold_wrapper.log_eval_metrics] Accuracy(layer_3 - estimator_1 - 5_folds.train_4.predict)=92.90%
[ 2022-04-24 21:45:56,687][kfold_wrapper.log_eval_metrics] Accuracy(layer_3 - estimator_1 - 5_folds.train_cv.predict)=92.94%
[ 2022-04-24 21:46:02,198][kfold_wrapper.log_eval_metrics] Accuracy(layer_3 - estimator_2 - 5_folds.train_0.predict)=92.97%
[ 2022-04-24 21:46:07,794][kfold_wrapper.log_eval_metrics] Accuracy(layer_3 - estimator_2 - 5_folds.train_1.predict)=93.35%
[ 2022-04-24 21:46:13,438][kfold_wrapper.log_eval_metrics] Accuracy(layer_3 - estimator_2 - 5_folds.train_2.predict)=92.78%
[ 2022-04-24 21:46:18,895][kfold_wrapper.log_eval_metrics] Accuracy(layer_3 - estimator_2 - 5_folds.train_3.predict)=92.53%
[ 2022-04-24 21:46:25,015][kfold_wrapper.log_eval_metrics] Accuracy(layer_3 - estimator_2 - 5_folds.train_4.predict)=92.78%
[ 2022-04-24 21:46:25,015][kfold_wrapper.log_eval_metrics] Accuracy(layer_3 - estimator_2 - 5_folds.train_cv.predict)=92.88%
[ 2022-04-24 21:46:30,507][kfold_wrapper.log_eval_metrics] Accuracy(layer_3 - estimator_3 - 5_folds.train_0.predict)=92.47%
[ 2022-04-24 21:46:36,261][kfold_wrapper.log_eval_metrics] Accuracy(layer_3 - estimator_3 - 5_folds.train_1.predict)=93.03%
[ 2022-04-24 21:46:41,858][kfold_wrapper.log_eval_metrics] Accuracy(layer_3 - estimator_3 - 5_folds.train_2.predict)=92.91%
[ 2022-04-24 21:46:47,822][kfold_wrapper.log_eval_metrics] Accuracy(layer_3 - estimator_3 - 5_folds.train_3.predict)=92.59%
[ 2022-04-24 21:46:53,400][kfold_wrapper.log_eval_metrics] Accuracy(layer_3 - estimator_3 - 5_folds.train_4.predict)=94.16%
[ 2022-04-24 21:46:53,402][kfold_wrapper.log_eval_metrics] Accuracy(layer_3 - estimator_3 - 5_folds.train_cv.predict)=93.03%
[ 2022-04-24 21:46:53,403][cascade_classifier.calc_accuracy] Accuracy(layer_3 - train.classifier_average)=93.07%
[ 2022-04-24 21:46:53,404][cascade_classifier.calc_auc] AUC(layer_3 - train.classifier_average)=0.98%
[ 2022-04-24 21:46:53,406][cascade_classifier.fit_transform] [Result][Optimal Level Detected] opt_layer_num=1, accuracy_train=0.98%, accuracy_test=0.00%
[ 2022-04-24 21:46:53,455][cascade_classifier.transform] X_groups_test.shape=[(1992, 1650)]
[ 2022-04-24 21:46:53,466][cascade_classifier.transform] group_dims=[1650]
[ 2022-04-24 21:46:53,466][cascade_classifier.transform] X_test.shape=(1992, 1650)
[ 2022-04-24 21:46:53,487][cascade_classifier.transform] [layer=0] look_indexs=[0], X_cur_test.shape=(1992, 1650)
[ 2022-04-24 21:46:54,028][cascade_classifier.transform] X_groups_test.shape=[(1992, 1650)]
[ 2022-04-24 21:46:54,028][cascade_classifier.transform] group_dims=[1650]
[ 2022-04-24 21:46:54,028][cascade_classifier.transform] X_test.shape=(1992, 1650)
[ 2022-04-24 21:46:54,028][cascade_classifier.transform] [layer=0] look_indexs=[0], X_cur_test.shape=(1992, 1650)
[ 2022-04-24 21:46:54,772][cascade_classifier.fit_transform] X_groups_train.shape=[(7965, 1650)],y_train.shape=(7965,),X_groups_test.shape=no_test,y_test.shape=no_test
[ 2022-04-24 21:46:54,794][cascade_classifier.fit_transform] group_dims=[1650]
[ 2022-04-24 21:46:54,794][cascade_classifier.fit_transform] group_starts=[0]
[ 2022-04-24 21:46:54,797][cascade_classifier.fit_transform] group_ends=[1650]
[ 2022-04-24 21:46:54,797][cascade_classifier.fit_transform] X_train.shape=(7965, 1650),X_test.shape=(0, 1650)
[ 2022-04-24 21:46:54,822][cascade_classifier.fit_transform] [layer=0] look_indexs=[0], X_cur_train.shape=(7965, 1650), X_cur_test.shape=(0, 1650)
[ 2022-04-24 21:47:01,040][kfold_wrapper.log_eval_metrics] Accuracy(layer_0 - estimator_0 - 5_folds.train_0.predict)=93.97%
[ 2022-04-24 21:47:06,950][kfold_wrapper.log_eval_metrics] Accuracy(layer_0 - estimator_0 - 5_folds.train_1.predict)=93.60%
[ 2022-04-24 21:47:12,824][kfold_wrapper.log_eval_metrics] Accuracy(layer_0 - estimator_0 - 5_folds.train_2.predict)=92.97%
[ 2022-04-24 21:47:19,093][kfold_wrapper.log_eval_metrics] Accuracy(layer_0 - estimator_0 - 5_folds.train_3.predict)=93.35%
[ 2022-04-24 21:47:25,665][kfold_wrapper.log_eval_metrics] Accuracy(layer_0 - estimator_0 - 5_folds.train_4.predict)=93.97%
[ 2022-04-24 21:47:25,673][kfold_wrapper.log_eval_metrics] Accuracy(layer_0 - estimator_0 - 5_folds.train_cv.predict)=93.57%
[ 2022-04-24 21:47:32,283][kfold_wrapper.log_eval_metrics] Accuracy(layer_0 - estimator_1 - 5_folds.train_0.predict)=92.28%
[ 2022-04-24 21:47:38,262][kfold_wrapper.log_eval_metrics] Accuracy(layer_0 - estimator_1 - 5_folds.train_1.predict)=93.79%
[ 2022-04-24 21:47:44,076][kfold_wrapper.log_eval_metrics] Accuracy(layer_0 - estimator_1 - 5_folds.train_2.predict)=92.91%
[ 2022-04-24 21:47:50,173][kfold_wrapper.log_eval_metrics] Accuracy(layer_0 - estimator_1 - 5_folds.train_3.predict)=93.16%
[ 2022-04-24 21:47:55,972][kfold_wrapper.log_eval_metrics] Accuracy(layer_0 - estimator_1 - 5_folds.train_4.predict)=93.60%
[ 2022-04-24 21:47:55,972][kfold_wrapper.log_eval_metrics] Accuracy(layer_0 - estimator_1 - 5_folds.train_cv.predict)=93.15%
[ 2022-04-24 21:48:02,136][kfold_wrapper.log_eval_metrics] Accuracy(layer_0 - estimator_2 - 5_folds.train_0.predict)=92.66%
[ 2022-04-24 21:48:07,889][kfold_wrapper.log_eval_metrics] Accuracy(layer_0 - estimator_2 - 5_folds.train_1.predict)=93.22%
[ 2022-04-24 21:48:13,912][kfold_wrapper.log_eval_metrics] Accuracy(layer_0 - estimator_2 - 5_folds.train_2.predict)=93.85%
[ 2022-04-24 21:48:19,840][kfold_wrapper.log_eval_metrics] Accuracy(layer_0 - estimator_2 - 5_folds.train_3.predict)=94.29%
[ 2022-04-24 21:48:26,553][kfold_wrapper.log_eval_metrics] Accuracy(layer_0 - estimator_2 - 5_folds.train_4.predict)=93.41%
[ 2022-04-24 21:48:26,553][kfold_wrapper.log_eval_metrics] Accuracy(layer_0 - estimator_2 - 5_folds.train_cv.predict)=93.48%
[ 2022-04-24 21:48:32,317][kfold_wrapper.log_eval_metrics] Accuracy(layer_0 - estimator_3 - 5_folds.train_0.predict)=91.96%
[ 2022-04-24 21:48:38,423][kfold_wrapper.log_eval_metrics] Accuracy(layer_0 - estimator_3 - 5_folds.train_1.predict)=94.10%
[ 2022-04-24 21:48:44,386][kfold_wrapper.log_eval_metrics] Accuracy(layer_0 - estimator_3 - 5_folds.train_2.predict)=92.53%
[ 2022-04-24 21:48:50,193][kfold_wrapper.log_eval_metrics] Accuracy(layer_0 - estimator_3 - 5_folds.train_3.predict)=93.72%
[ 2022-04-24 21:48:56,324][kfold_wrapper.log_eval_metrics] Accuracy(layer_0 - estimator_3 - 5_folds.train_4.predict)=92.53%
[ 2022-04-24 21:48:56,324][kfold_wrapper.log_eval_metrics] Accuracy(layer_0 - estimator_3 - 5_folds.train_cv.predict)=92.97%
[ 2022-04-24 21:48:56,324][cascade_classifier.calc_accuracy] Accuracy(layer_0 - train.classifier_average)=93.47%
[ 2022-04-24 21:48:56,324][cascade_classifier.calc_auc] AUC(layer_0 - train.classifier_average)=0.98%
[ 2022-04-24 21:48:56,386][cascade_classifier.fit_transform] [layer=1] look_indexs=[0], X_cur_train.shape=(7965, 1658), X_cur_test.shape=(0, 1658)
[ 2022-04-24 21:49:02,176][kfold_wrapper.log_eval_metrics] Accuracy(layer_1 - estimator_0 - 5_folds.train_0.predict)=93.53%
[ 2022-04-24 21:49:08,109][kfold_wrapper.log_eval_metrics] Accuracy(layer_1 - estimator_0 - 5_folds.train_1.predict)=93.91%
[ 2022-04-24 21:49:13,945][kfold_wrapper.log_eval_metrics] Accuracy(layer_1 - estimator_0 - 5_folds.train_2.predict)=93.09%
[ 2022-04-24 21:49:19,958][kfold_wrapper.log_eval_metrics] Accuracy(layer_1 - estimator_0 - 5_folds.train_3.predict)=95.10%
[ 2022-04-24 21:49:26,435][kfold_wrapper.log_eval_metrics] Accuracy(layer_1 - estimator_0 - 5_folds.train_4.predict)=93.09%
[ 2022-04-24 21:49:26,437][kfold_wrapper.log_eval_metrics] Accuracy(layer_1 - estimator_0 - 5_folds.train_cv.predict)=93.75%
[ 2022-04-24 21:49:32,181][kfold_wrapper.log_eval_metrics] Accuracy(layer_1 - estimator_1 - 5_folds.train_0.predict)=93.72%
[ 2022-04-24 21:49:38,087][kfold_wrapper.log_eval_metrics] Accuracy(layer_1 - estimator_1 - 5_folds.train_1.predict)=93.60%
[ 2022-04-24 21:49:43,860][kfold_wrapper.log_eval_metrics] Accuracy(layer_1 - estimator_1 - 5_folds.train_2.predict)=93.53%
[ 2022-04-24 21:49:49,841][kfold_wrapper.log_eval_metrics] Accuracy(layer_1 - estimator_1 - 5_folds.train_3.predict)=93.47%
[ 2022-04-24 21:49:55,718][kfold_wrapper.log_eval_metrics] Accuracy(layer_1 - estimator_1 - 5_folds.train_4.predict)=93.79%
[ 2022-04-24 21:49:55,718][kfold_wrapper.log_eval_metrics] Accuracy(layer_1 - estimator_1 - 5_folds.train_cv.predict)=93.62%
[ 2022-04-24 21:50:01,622][kfold_wrapper.log_eval_metrics] Accuracy(layer_1 - estimator_2 - 5_folds.train_0.predict)=93.66%
[ 2022-04-24 21:50:07,312][kfold_wrapper.log_eval_metrics] Accuracy(layer_1 - estimator_2 - 5_folds.train_1.predict)=93.53%
[ 2022-04-24 21:50:13,097][kfold_wrapper.log_eval_metrics] Accuracy(layer_1 - estimator_2 - 5_folds.train_2.predict)=93.28%
[ 2022-04-24 21:50:18,545][kfold_wrapper.log_eval_metrics] Accuracy(layer_1 - estimator_2 - 5_folds.train_3.predict)=93.16%
[ 2022-04-24 21:50:24,801][kfold_wrapper.log_eval_metrics] Accuracy(layer_1 - estimator_2 - 5_folds.train_4.predict)=93.85%
[ 2022-04-24 21:50:24,804][kfold_wrapper.log_eval_metrics] Accuracy(layer_1 - estimator_2 - 5_folds.train_cv.predict)=93.50%
[ 2022-04-24 21:50:30,442][kfold_wrapper.log_eval_metrics] Accuracy(layer_1 - estimator_3 - 5_folds.train_0.predict)=93.09%
[ 2022-04-24 21:50:35,989][kfold_wrapper.log_eval_metrics] Accuracy(layer_1 - estimator_3 - 5_folds.train_1.predict)=93.66%
[ 2022-04-24 21:50:41,551][kfold_wrapper.log_eval_metrics] Accuracy(layer_1 - estimator_3 - 5_folds.train_2.predict)=94.54%
[ 2022-04-24 21:50:46,998][kfold_wrapper.log_eval_metrics] Accuracy(layer_1 - estimator_3 - 5_folds.train_3.predict)=94.16%
[ 2022-04-24 21:50:52,853][kfold_wrapper.log_eval_metrics] Accuracy(layer_1 - estimator_3 - 5_folds.train_4.predict)=93.72%
[ 2022-04-24 21:50:52,855][kfold_wrapper.log_eval_metrics] Accuracy(layer_1 - estimator_3 - 5_folds.train_cv.predict)=93.84%
[ 2022-04-24 21:50:52,856][cascade_classifier.calc_accuracy] Accuracy(layer_1 - train.classifier_average)=93.81%
[ 2022-04-24 21:50:52,858][cascade_classifier.calc_auc] AUC(layer_1 - train.classifier_average)=0.98%
[ 2022-04-24 21:50:52,921][cascade_classifier.fit_transform] [layer=2] look_indexs=[0], X_cur_train.shape=(7965, 1658), X_cur_test.shape=(0, 1658)
[ 2022-04-24 21:50:58,284][kfold_wrapper.log_eval_metrics] Accuracy(layer_2 - estimator_0 - 5_folds.train_0.predict)=93.79%
[ 2022-04-24 21:51:04,008][kfold_wrapper.log_eval_metrics] Accuracy(layer_2 - estimator_0 - 5_folds.train_1.predict)=93.72%
[ 2022-04-24 21:51:09,340][kfold_wrapper.log_eval_metrics] Accuracy(layer_2 - estimator_0 - 5_folds.train_2.predict)=92.84%
[ 2022-04-24 21:51:15,041][kfold_wrapper.log_eval_metrics] Accuracy(layer_2 - estimator_0 - 5_folds.train_3.predict)=92.97%
[ 2022-04-24 21:51:20,464][kfold_wrapper.log_eval_metrics] Accuracy(layer_2 - estimator_0 - 5_folds.train_4.predict)=93.66%
[ 2022-04-24 21:51:20,469][kfold_wrapper.log_eval_metrics] Accuracy(layer_2 - estimator_0 - 5_folds.train_cv.predict)=93.40%
[ 2022-04-24 21:51:26,457][kfold_wrapper.log_eval_metrics] Accuracy(layer_2 - estimator_1 - 5_folds.train_0.predict)=93.09%
[ 2022-04-24 21:51:31,785][kfold_wrapper.log_eval_metrics] Accuracy(layer_2 - estimator_1 - 5_folds.train_1.predict)=94.73%
[ 2022-04-24 21:51:37,389][kfold_wrapper.log_eval_metrics] Accuracy(layer_2 - estimator_1 - 5_folds.train_2.predict)=93.66%
[ 2022-04-24 21:51:42,435][kfold_wrapper.log_eval_metrics] Accuracy(layer_2 - estimator_1 - 5_folds.train_3.predict)=94.10%
[ 2022-04-24 21:51:47,961][kfold_wrapper.log_eval_metrics] Accuracy(layer_2 - estimator_1 - 5_folds.train_4.predict)=92.66%
[ 2022-04-24 21:51:47,961][kfold_wrapper.log_eval_metrics] Accuracy(layer_2 - estimator_1 - 5_folds.train_cv.predict)=93.65%
[ 2022-04-24 21:51:53,562][kfold_wrapper.log_eval_metrics] Accuracy(layer_2 - estimator_2 - 5_folds.train_0.predict)=93.47%
[ 2022-04-24 21:51:59,172][kfold_wrapper.log_eval_metrics] Accuracy(layer_2 - estimator_2 - 5_folds.train_1.predict)=93.35%
[ 2022-04-24 21:52:04,739][kfold_wrapper.log_eval_metrics] Accuracy(layer_2 - estimator_2 - 5_folds.train_2.predict)=93.22%
[ 2022-04-24 21:52:10,302][kfold_wrapper.log_eval_metrics] Accuracy(layer_2 - estimator_2 - 5_folds.train_3.predict)=93.41%
[ 2022-04-24 21:52:16,046][kfold_wrapper.log_eval_metrics] Accuracy(layer_2 - estimator_2 - 5_folds.train_4.predict)=93.91%
[ 2022-04-24 21:52:16,046][kfold_wrapper.log_eval_metrics] Accuracy(layer_2 - estimator_2 - 5_folds.train_cv.predict)=93.47%
[ 2022-04-24 21:52:21,509][kfold_wrapper.log_eval_metrics] Accuracy(layer_2 - estimator_3 - 5_folds.train_0.predict)=93.85%
[ 2022-04-24 21:52:27,458][kfold_wrapper.log_eval_metrics] Accuracy(layer_2 - estimator_3 - 5_folds.train_1.predict)=93.91%
[ 2022-04-24 21:52:33,096][kfold_wrapper.log_eval_metrics] Accuracy(layer_2 - estimator_3 - 5_folds.train_2.predict)=94.41%
[ 2022-04-24 21:52:38,617][kfold_wrapper.log_eval_metrics] Accuracy(layer_2 - estimator_3 - 5_folds.train_3.predict)=92.72%
[ 2022-04-24 21:52:44,298][kfold_wrapper.log_eval_metrics] Accuracy(layer_2 - estimator_3 - 5_folds.train_4.predict)=92.91%
[ 2022-04-24 21:52:44,298][kfold_wrapper.log_eval_metrics] Accuracy(layer_2 - estimator_3 - 5_folds.train_cv.predict)=93.56%
[ 2022-04-24 21:52:44,298][cascade_classifier.calc_accuracy] Accuracy(layer_2 - train.classifier_average)=93.53%
[ 2022-04-24 21:52:44,298][cascade_classifier.calc_auc] AUC(layer_2 - train.classifier_average)=0.98%
[ 2022-04-24 21:52:44,366][cascade_classifier.fit_transform] [layer=3] look_indexs=[0], X_cur_train.shape=(7965, 1658), X_cur_test.shape=(0, 1658)
[ 2022-04-24 21:52:49,453][kfold_wrapper.log_eval_metrics] Accuracy(layer_3 - estimator_0 - 5_folds.train_0.predict)=93.09%
[ 2022-04-24 21:52:54,980][kfold_wrapper.log_eval_metrics] Accuracy(layer_3 - estimator_0 - 5_folds.train_1.predict)=93.97%
[ 2022-04-24 21:53:00,640][kfold_wrapper.log_eval_metrics] Accuracy(layer_3 - estimator_0 - 5_folds.train_2.predict)=93.16%
[ 2022-04-24 21:53:05,982][kfold_wrapper.log_eval_metrics] Accuracy(layer_3 - estimator_0 - 5_folds.train_3.predict)=92.47%
[ 2022-04-24 21:53:11,607][kfold_wrapper.log_eval_metrics] Accuracy(layer_3 - estimator_0 - 5_folds.train_4.predict)=93.09%
[ 2022-04-24 21:53:11,607][kfold_wrapper.log_eval_metrics] Accuracy(layer_3 - estimator_0 - 5_folds.train_cv.predict)=93.16%
[ 2022-04-24 21:53:17,228][kfold_wrapper.log_eval_metrics] Accuracy(layer_3 - estimator_1 - 5_folds.train_0.predict)=92.97%
[ 2022-04-24 21:53:22,722][kfold_wrapper.log_eval_metrics] Accuracy(layer_3 - estimator_1 - 5_folds.train_1.predict)=92.28%
[ 2022-04-24 21:53:28,167][kfold_wrapper.log_eval_metrics] Accuracy(layer_3 - estimator_1 - 5_folds.train_2.predict)=94.29%
[ 2022-04-24 21:53:33,787][kfold_wrapper.log_eval_metrics] Accuracy(layer_3 - estimator_1 - 5_folds.train_3.predict)=93.22%
[ 2022-04-24 21:53:39,165][kfold_wrapper.log_eval_metrics] Accuracy(layer_3 - estimator_1 - 5_folds.train_4.predict)=93.72%
[ 2022-04-24 21:53:39,167][kfold_wrapper.log_eval_metrics] Accuracy(layer_3 - estimator_1 - 5_folds.train_cv.predict)=93.30%
[ 2022-04-24 21:53:44,555][kfold_wrapper.log_eval_metrics] Accuracy(layer_3 - estimator_2 - 5_folds.train_0.predict)=93.09%
[ 2022-04-24 21:53:49,864][kfold_wrapper.log_eval_metrics] Accuracy(layer_3 - estimator_2 - 5_folds.train_1.predict)=91.84%
[ 2022-04-24 21:53:54,881][kfold_wrapper.log_eval_metrics] Accuracy(layer_3 - estimator_2 - 5_folds.train_2.predict)=93.09%
[ 2022-04-24 21:54:00,486][kfold_wrapper.log_eval_metrics] Accuracy(layer_3 - estimator_2 - 5_folds.train_3.predict)=93.91%
[ 2022-04-24 21:54:05,662][kfold_wrapper.log_eval_metrics] Accuracy(layer_3 - estimator_2 - 5_folds.train_4.predict)=93.97%
[ 2022-04-24 21:54:05,662][kfold_wrapper.log_eval_metrics] Accuracy(layer_3 - estimator_2 - 5_folds.train_cv.predict)=93.18%
[ 2022-04-24 21:54:10,787][kfold_wrapper.log_eval_metrics] Accuracy(layer_3 - estimator_3 - 5_folds.train_0.predict)=92.78%
[ 2022-04-24 21:54:16,252][kfold_wrapper.log_eval_metrics] Accuracy(layer_3 - estimator_3 - 5_folds.train_1.predict)=91.34%
[ 2022-04-24 21:54:21,813][kfold_wrapper.log_eval_metrics] Accuracy(layer_3 - estimator_3 - 5_folds.train_2.predict)=94.22%
[ 2022-04-24 21:54:27,645][kfold_wrapper.log_eval_metrics] Accuracy(layer_3 - estimator_3 - 5_folds.train_3.predict)=94.10%
[ 2022-04-24 21:54:33,099][kfold_wrapper.log_eval_metrics] Accuracy(layer_3 - estimator_3 - 5_folds.train_4.predict)=93.60%
[ 2022-04-24 21:54:33,101][kfold_wrapper.log_eval_metrics] Accuracy(layer_3 - estimator_3 - 5_folds.train_cv.predict)=93.21%
[ 2022-04-24 21:54:33,102][cascade_classifier.calc_accuracy] Accuracy(layer_3 - train.classifier_average)=93.37%
[ 2022-04-24 21:54:33,103][cascade_classifier.calc_auc] AUC(layer_3 - train.classifier_average)=0.98%
[ 2022-04-24 21:54:33,105][cascade_classifier.fit_transform] [Result][Optimal Level Detected] opt_layer_num=1, accuracy_train=0.98%, accuracy_test=0.00%
[ 2022-04-24 21:54:33,142][cascade_classifier.transform] X_groups_test.shape=[(1991, 1650)]
[ 2022-04-24 21:54:33,145][cascade_classifier.transform] group_dims=[1650]
[ 2022-04-24 21:54:33,145][cascade_classifier.transform] X_test.shape=(1991, 1650)
[ 2022-04-24 21:54:33,145][cascade_classifier.transform] [layer=0] look_indexs=[0], X_cur_test.shape=(1991, 1650)
[ 2022-04-24 21:54:33,825][cascade_classifier.transform] X_groups_test.shape=[(1991, 1650)]
[ 2022-04-24 21:54:33,841][cascade_classifier.transform] group_dims=[1650]
[ 2022-04-24 21:54:33,841][cascade_classifier.transform] X_test.shape=(1991, 1650)
[ 2022-04-24 21:54:33,841][cascade_classifier.transform] [layer=0] look_indexs=[0], X_cur_test.shape=(1991, 1650)
[ 2022-04-24 21:54:34,598][cascade_classifier.fit_transform] X_groups_train.shape=[(7965, 1650)],y_train.shape=(7965,),X_groups_test.shape=no_test,y_test.shape=no_test
[ 2022-04-24 21:54:34,629][cascade_classifier.fit_transform] group_dims=[1650]
[ 2022-04-24 21:54:34,629][cascade_classifier.fit_transform] group_starts=[0]
[ 2022-04-24 21:54:34,629][cascade_classifier.fit_transform] group_ends=[1650]
[ 2022-04-24 21:54:34,629][cascade_classifier.fit_transform] X_train.shape=(7965, 1650),X_test.shape=(0, 1650)
[ 2022-04-24 21:54:34,645][cascade_classifier.fit_transform] [layer=0] look_indexs=[0], X_cur_train.shape=(7965, 1650), X_cur_test.shape=(0, 1650)
[ 2022-04-24 21:54:40,303][kfold_wrapper.log_eval_metrics] Accuracy(layer_0 - estimator_0 - 5_folds.train_0.predict)=92.03%
[ 2022-04-24 21:54:46,027][kfold_wrapper.log_eval_metrics] Accuracy(layer_0 - estimator_0 - 5_folds.train_1.predict)=92.91%
[ 2022-04-24 21:54:51,948][kfold_wrapper.log_eval_metrics] Accuracy(layer_0 - estimator_0 - 5_folds.train_2.predict)=92.59%
[ 2022-04-24 21:54:57,946][kfold_wrapper.log_eval_metrics] Accuracy(layer_0 - estimator_0 - 5_folds.train_3.predict)=93.22%
[ 2022-04-24 21:55:03,926][kfold_wrapper.log_eval_metrics] Accuracy(layer_0 - estimator_0 - 5_folds.train_4.predict)=93.22%
[ 2022-04-24 21:55:03,929][kfold_wrapper.log_eval_metrics] Accuracy(layer_0 - estimator_0 - 5_folds.train_cv.predict)=92.79%
[ 2022-04-24 21:55:09,836][kfold_wrapper.log_eval_metrics] Accuracy(layer_0 - estimator_1 - 5_folds.train_0.predict)=93.28%
[ 2022-04-24 21:55:15,690][kfold_wrapper.log_eval_metrics] Accuracy(layer_0 - estimator_1 - 5_folds.train_1.predict)=92.91%
[ 2022-04-24 21:55:21,582][kfold_wrapper.log_eval_metrics] Accuracy(layer_0 - estimator_1 - 5_folds.train_2.predict)=92.53%
[ 2022-04-24 21:55:27,712][kfold_wrapper.log_eval_metrics] Accuracy(layer_0 - estimator_1 - 5_folds.train_3.predict)=93.72%
[ 2022-04-24 21:55:33,554][kfold_wrapper.log_eval_metrics] Accuracy(layer_0 - estimator_1 - 5_folds.train_4.predict)=93.66%
[ 2022-04-24 21:55:33,556][kfold_wrapper.log_eval_metrics] Accuracy(layer_0 - estimator_1 - 5_folds.train_cv.predict)=93.22%
[ 2022-04-24 21:55:39,234][kfold_wrapper.log_eval_metrics] Accuracy(layer_0 - estimator_2 - 5_folds.train_0.predict)=93.47%
[ 2022-04-24 21:55:45,149][kfold_wrapper.log_eval_metrics] Accuracy(layer_0 - estimator_2 - 5_folds.train_1.predict)=93.72%
[ 2022-04-24 21:55:50,998][kfold_wrapper.log_eval_metrics] Accuracy(layer_0 - estimator_2 - 5_folds.train_2.predict)=93.41%
[ 2022-04-24 21:55:57,120][kfold_wrapper.log_eval_metrics] Accuracy(layer_0 - estimator_2 - 5_folds.train_3.predict)=93.72%
[ 2022-04-24 21:56:03,045][kfold_wrapper.log_eval_metrics] Accuracy(layer_0 - estimator_2 - 5_folds.train_4.predict)=92.78%
[ 2022-04-24 21:56:03,045][kfold_wrapper.log_eval_metrics] Accuracy(layer_0 - estimator_2 - 5_folds.train_cv.predict)=93.42%
[ 2022-04-24 21:56:08,978][kfold_wrapper.log_eval_metrics] Accuracy(layer_0 - estimator_3 - 5_folds.train_0.predict)=93.53%
[ 2022-04-24 21:56:14,710][kfold_wrapper.log_eval_metrics] Accuracy(layer_0 - estimator_3 - 5_folds.train_1.predict)=93.22%
[ 2022-04-24 21:56:20,675][kfold_wrapper.log_eval_metrics] Accuracy(layer_0 - estimator_3 - 5_folds.train_2.predict)=91.34%
[ 2022-04-24 21:56:26,916][kfold_wrapper.log_eval_metrics] Accuracy(layer_0 - estimator_3 - 5_folds.train_3.predict)=93.28%
[ 2022-04-24 21:56:32,887][kfold_wrapper.log_eval_metrics] Accuracy(layer_0 - estimator_3 - 5_folds.train_4.predict)=93.47%
[ 2022-04-24 21:56:32,894][kfold_wrapper.log_eval_metrics] Accuracy(layer_0 - estimator_3 - 5_folds.train_cv.predict)=92.97%
[ 2022-04-24 21:56:32,895][cascade_classifier.calc_accuracy] Accuracy(layer_0 - train.classifier_average)=93.35%
[ 2022-04-24 21:56:32,895][cascade_classifier.calc_auc] AUC(layer_0 - train.classifier_average)=0.98%
[ 2022-04-24 21:56:32,942][cascade_classifier.fit_transform] [layer=1] look_indexs=[0], X_cur_train.shape=(7965, 1658), X_cur_test.shape=(0, 1658)
[ 2022-04-24 21:56:39,063][kfold_wrapper.log_eval_metrics] Accuracy(layer_1 - estimator_0 - 5_folds.train_0.predict)=92.53%
[ 2022-04-24 21:56:44,951][kfold_wrapper.log_eval_metrics] Accuracy(layer_1 - estimator_0 - 5_folds.train_1.predict)=93.91%
[ 2022-04-24 21:56:50,809][kfold_wrapper.log_eval_metrics] Accuracy(layer_1 - estimator_0 - 5_folds.train_2.predict)=93.22%
[ 2022-04-24 21:56:56,681][kfold_wrapper.log_eval_metrics] Accuracy(layer_1 - estimator_0 - 5_folds.train_3.predict)=93.60%
[ 2022-04-24 21:57:02,558][kfold_wrapper.log_eval_metrics] Accuracy(layer_1 - estimator_0 - 5_folds.train_4.predict)=93.66%
[ 2022-04-24 21:57:02,571][kfold_wrapper.log_eval_metrics] Accuracy(layer_1 - estimator_0 - 5_folds.train_cv.predict)=93.38%
[ 2022-04-24 21:57:08,320][kfold_wrapper.log_eval_metrics] Accuracy(layer_1 - estimator_1 - 5_folds.train_0.predict)=92.53%
[ 2022-04-24 21:57:14,236][kfold_wrapper.log_eval_metrics] Accuracy(layer_1 - estimator_1 - 5_folds.train_1.predict)=93.03%
[ 2022-04-24 21:57:20,009][kfold_wrapper.log_eval_metrics] Accuracy(layer_1 - estimator_1 - 5_folds.train_2.predict)=93.60%
[ 2022-04-24 21:57:26,510][kfold_wrapper.log_eval_metrics] Accuracy(layer_1 - estimator_1 - 5_folds.train_3.predict)=94.85%
[ 2022-04-24 21:57:32,206][kfold_wrapper.log_eval_metrics] Accuracy(layer_1 - estimator_1 - 5_folds.train_4.predict)=93.66%
[ 2022-04-24 21:57:32,208][kfold_wrapper.log_eval_metrics] Accuracy(layer_1 - estimator_1 - 5_folds.train_cv.predict)=93.53%
[ 2022-04-24 21:57:38,173][kfold_wrapper.log_eval_metrics] Accuracy(layer_1 - estimator_2 - 5_folds.train_0.predict)=93.53%
[ 2022-04-24 21:57:44,172][kfold_wrapper.log_eval_metrics] Accuracy(layer_1 - estimator_2 - 5_folds.train_1.predict)=94.10%
[ 2022-04-24 21:57:49,862][kfold_wrapper.log_eval_metrics] Accuracy(layer_1 - estimator_2 - 5_folds.train_2.predict)=92.59%
[ 2022-04-24 21:57:55,787][kfold_wrapper.log_eval_metrics] Accuracy(layer_1 - estimator_2 - 5_folds.train_3.predict)=93.28%
[ 2022-04-24 21:58:01,445][kfold_wrapper.log_eval_metrics] Accuracy(layer_1 - estimator_2 - 5_folds.train_4.predict)=93.91%
[ 2022-04-24 21:58:01,448][kfold_wrapper.log_eval_metrics] Accuracy(layer_1 - estimator_2 - 5_folds.train_cv.predict)=93.48%
[ 2022-04-24 21:58:07,466][kfold_wrapper.log_eval_metrics] Accuracy(layer_1 - estimator_3 - 5_folds.train_0.predict)=93.72%
[ 2022-04-24 21:58:13,343][kfold_wrapper.log_eval_metrics] Accuracy(layer_1 - estimator_3 - 5_folds.train_1.predict)=92.34%
[ 2022-04-24 21:58:19,529][kfold_wrapper.log_eval_metrics] Accuracy(layer_1 - estimator_3 - 5_folds.train_2.predict)=94.29%
[ 2022-04-24 21:58:25,900][kfold_wrapper.log_eval_metrics] Accuracy(layer_1 - estimator_3 - 5_folds.train_3.predict)=94.48%
[ 2022-04-24 21:58:31,667][kfold_wrapper.log_eval_metrics] Accuracy(layer_1 - estimator_3 - 5_folds.train_4.predict)=92.34%
[ 2022-04-24 21:58:31,670][kfold_wrapper.log_eval_metrics] Accuracy(layer_1 - estimator_3 - 5_folds.train_cv.predict)=93.43%
[ 2022-04-24 21:58:31,671][cascade_classifier.calc_accuracy] Accuracy(layer_1 - train.classifier_average)=93.68%
[ 2022-04-24 21:58:31,673][cascade_classifier.calc_auc] AUC(layer_1 - train.classifier_average)=0.98%
[ 2022-04-24 21:58:31,723][cascade_classifier.fit_transform] [layer=2] look_indexs=[0], X_cur_train.shape=(7965, 1658), X_cur_test.shape=(0, 1658)
[ 2022-04-24 21:58:37,489][kfold_wrapper.log_eval_metrics] Accuracy(layer_2 - estimator_0 - 5_folds.train_0.predict)=93.35%
[ 2022-04-24 21:58:43,265][kfold_wrapper.log_eval_metrics] Accuracy(layer_2 - estimator_0 - 5_folds.train_1.predict)=92.28%
[ 2022-04-24 21:58:49,217][kfold_wrapper.log_eval_metrics] Accuracy(layer_2 - estimator_0 - 5_folds.train_2.predict)=93.79%
[ 2022-04-24 21:58:54,794][kfold_wrapper.log_eval_metrics] Accuracy(layer_2 - estimator_0 - 5_folds.train_3.predict)=93.16%
[ 2022-04-24 21:59:00,652][kfold_wrapper.log_eval_metrics] Accuracy(layer_2 - estimator_0 - 5_folds.train_4.predict)=93.03%
[ 2022-04-24 21:59:00,655][kfold_wrapper.log_eval_metrics] Accuracy(layer_2 - estimator_0 - 5_folds.train_cv.predict)=93.12%
[ 2022-04-24 21:59:06,154][kfold_wrapper.log_eval_metrics] Accuracy(layer_2 - estimator_1 - 5_folds.train_0.predict)=93.03%
[ 2022-04-24 21:59:11,665][kfold_wrapper.log_eval_metrics] Accuracy(layer_2 - estimator_1 - 5_folds.train_1.predict)=93.35%
[ 2022-04-24 21:59:17,393][kfold_wrapper.log_eval_metrics] Accuracy(layer_2 - estimator_1 - 5_folds.train_2.predict)=92.22%
[ 2022-04-24 21:59:23,941][kfold_wrapper.log_eval_metrics] Accuracy(layer_2 - estimator_1 - 5_folds.train_3.predict)=92.40%
[ 2022-04-24 21:59:29,455][kfold_wrapper.log_eval_metrics] Accuracy(layer_2 - estimator_1 - 5_folds.train_4.predict)=93.28%
[ 2022-04-24 21:59:29,458][kfold_wrapper.log_eval_metrics] Accuracy(layer_2 - estimator_1 - 5_folds.train_cv.predict)=92.86%
[ 2022-04-24 21:59:35,237][kfold_wrapper.log_eval_metrics] Accuracy(layer_2 - estimator_2 - 5_folds.train_0.predict)=93.47%
[ 2022-04-24 21:59:41,067][kfold_wrapper.log_eval_metrics] Accuracy(layer_2 - estimator_2 - 5_folds.train_1.predict)=91.96%
[ 2022-04-24 21:59:46,824][kfold_wrapper.log_eval_metrics] Accuracy(layer_2 - estimator_2 - 5_folds.train_2.predict)=93.16%
[ 2022-04-24 21:59:52,546][kfold_wrapper.log_eval_metrics] Accuracy(layer_2 - estimator_2 - 5_folds.train_3.predict)=93.35%
[ 2022-04-24 21:59:58,262][kfold_wrapper.log_eval_metrics] Accuracy(layer_2 - estimator_2 - 5_folds.train_4.predict)=92.59%
[ 2022-04-24 21:59:58,265][kfold_wrapper.log_eval_metrics] Accuracy(layer_2 - estimator_2 - 5_folds.train_cv.predict)=92.91%
[ 2022-04-24 22:00:04,174][kfold_wrapper.log_eval_metrics] Accuracy(layer_2 - estimator_3 - 5_folds.train_0.predict)=93.28%
[ 2022-04-24 22:00:09,822][kfold_wrapper.log_eval_metrics] Accuracy(layer_2 - estimator_3 - 5_folds.train_1.predict)=92.59%
[ 2022-04-24 22:00:15,588][kfold_wrapper.log_eval_metrics] Accuracy(layer_2 - estimator_3 - 5_folds.train_2.predict)=92.91%
[ 2022-04-24 22:00:21,196][kfold_wrapper.log_eval_metrics] Accuracy(layer_2 - estimator_3 - 5_folds.train_3.predict)=93.03%
[ 2022-04-24 22:00:27,726][kfold_wrapper.log_eval_metrics] Accuracy(layer_2 - estimator_3 - 5_folds.train_4.predict)=93.53%
[ 2022-04-24 22:00:27,726][kfold_wrapper.log_eval_metrics] Accuracy(layer_2 - estimator_3 - 5_folds.train_cv.predict)=93.07%
[ 2022-04-24 22:00:27,726][cascade_classifier.calc_accuracy] Accuracy(layer_2 - train.classifier_average)=93.11%
[ 2022-04-24 22:00:27,726][cascade_classifier.calc_auc] AUC(layer_2 - train.classifier_average)=0.98%
[ 2022-04-24 22:00:27,792][cascade_classifier.fit_transform] [layer=3] look_indexs=[0], X_cur_train.shape=(7965, 1658), X_cur_test.shape=(0, 1658)
[ 2022-04-24 22:00:33,174][kfold_wrapper.log_eval_metrics] Accuracy(layer_3 - estimator_0 - 5_folds.train_0.predict)=92.03%
[ 2022-04-24 22:00:38,867][kfold_wrapper.log_eval_metrics] Accuracy(layer_3 - estimator_0 - 5_folds.train_1.predict)=92.47%
[ 2022-04-24 22:00:44,250][kfold_wrapper.log_eval_metrics] Accuracy(layer_3 - estimator_0 - 5_folds.train_2.predict)=92.40%
[ 2022-04-24 22:00:49,669][kfold_wrapper.log_eval_metrics] Accuracy(layer_3 - estimator_0 - 5_folds.train_3.predict)=92.97%
[ 2022-04-24 22:00:55,113][kfold_wrapper.log_eval_metrics] Accuracy(layer_3 - estimator_0 - 5_folds.train_4.predict)=92.40%
[ 2022-04-24 22:00:55,113][kfold_wrapper.log_eval_metrics] Accuracy(layer_3 - estimator_0 - 5_folds.train_cv.predict)=92.45%
[ 2022-04-24 22:01:00,775][kfold_wrapper.log_eval_metrics] Accuracy(layer_3 - estimator_1 - 5_folds.train_0.predict)=91.78%
[ 2022-04-24 22:01:06,022][kfold_wrapper.log_eval_metrics] Accuracy(layer_3 - estimator_1 - 5_folds.train_1.predict)=92.78%
[ 2022-04-24 22:01:11,829][kfold_wrapper.log_eval_metrics] Accuracy(layer_3 - estimator_1 - 5_folds.train_2.predict)=93.09%
[ 2022-04-24 22:01:17,339][kfold_wrapper.log_eval_metrics] Accuracy(layer_3 - estimator_1 - 5_folds.train_3.predict)=93.03%
[ 2022-04-24 22:01:23,488][kfold_wrapper.log_eval_metrics] Accuracy(layer_3 - estimator_1 - 5_folds.train_4.predict)=92.66%
[ 2022-04-24 22:01:23,490][kfold_wrapper.log_eval_metrics] Accuracy(layer_3 - estimator_1 - 5_folds.train_cv.predict)=92.67%
[ 2022-04-24 22:01:29,031][kfold_wrapper.log_eval_metrics] Accuracy(layer_3 - estimator_2 - 5_folds.train_0.predict)=92.15%
[ 2022-04-24 22:01:34,396][kfold_wrapper.log_eval_metrics] Accuracy(layer_3 - estimator_2 - 5_folds.train_1.predict)=92.66%
[ 2022-04-24 22:01:39,881][kfold_wrapper.log_eval_metrics] Accuracy(layer_3 - estimator_2 - 5_folds.train_2.predict)=93.28%
[ 2022-04-24 22:01:45,508][kfold_wrapper.log_eval_metrics] Accuracy(layer_3 - estimator_2 - 5_folds.train_3.predict)=92.15%
[ 2022-04-24 22:01:51,113][kfold_wrapper.log_eval_metrics] Accuracy(layer_3 - estimator_2 - 5_folds.train_4.predict)=92.28%
[ 2022-04-24 22:01:51,119][kfold_wrapper.log_eval_metrics] Accuracy(layer_3 - estimator_2 - 5_folds.train_cv.predict)=92.50%
[ 2022-04-24 22:01:56,653][kfold_wrapper.log_eval_metrics] Accuracy(layer_3 - estimator_3 - 5_folds.train_0.predict)=92.84%
[ 2022-04-24 22:02:02,171][kfold_wrapper.log_eval_metrics] Accuracy(layer_3 - estimator_3 - 5_folds.train_1.predict)=92.40%
[ 2022-04-24 22:02:07,720][kfold_wrapper.log_eval_metrics] Accuracy(layer_3 - estimator_3 - 5_folds.train_2.predict)=93.03%
[ 2022-04-24 22:02:13,504][kfold_wrapper.log_eval_metrics] Accuracy(layer_3 - estimator_3 - 5_folds.train_3.predict)=92.09%
[ 2022-04-24 22:02:19,120][kfold_wrapper.log_eval_metrics] Accuracy(layer_3 - estimator_3 - 5_folds.train_4.predict)=92.91%
[ 2022-04-24 22:02:19,120][kfold_wrapper.log_eval_metrics] Accuracy(layer_3 - estimator_3 - 5_folds.train_cv.predict)=92.66%
[ 2022-04-24 22:02:19,120][cascade_classifier.calc_accuracy] Accuracy(layer_3 - train.classifier_average)=92.69%
[ 2022-04-24 22:02:19,120][cascade_classifier.calc_auc] AUC(layer_3 - train.classifier_average)=0.97%
[ 2022-04-24 22:02:19,120][cascade_classifier.fit_transform] [Result][Optimal Level Detected] opt_layer_num=1, accuracy_train=0.98%, accuracy_test=0.00%
[ 2022-04-24 22:02:19,159][cascade_classifier.transform] X_groups_test.shape=[(1991, 1650)]
[ 2022-04-24 22:02:19,175][cascade_classifier.transform] group_dims=[1650]
[ 2022-04-24 22:02:19,175][cascade_classifier.transform] X_test.shape=(1991, 1650)
[ 2022-04-24 22:02:19,175][cascade_classifier.transform] [layer=0] look_indexs=[0], X_cur_test.shape=(1991, 1650)
[ 2022-04-24 22:02:19,860][cascade_classifier.transform] X_groups_test.shape=[(1991, 1650)]
[ 2022-04-24 22:02:19,863][cascade_classifier.transform] group_dims=[1650]
[ 2022-04-24 22:02:19,863][cascade_classifier.transform] X_test.shape=(1991, 1650)
[ 2022-04-24 22:02:19,863][cascade_classifier.transform] [layer=0] look_indexs=[0], X_cur_test.shape=(1991, 1650)
[ 2022-04-24 22:02:20,623][cascade_classifier.fit_transform] X_groups_train.shape=[(7965, 1650)],y_train.shape=(7965,),X_groups_test.shape=no_test,y_test.shape=no_test
[ 2022-04-24 22:02:20,655][cascade_classifier.fit_transform] group_dims=[1650]
[ 2022-04-24 22:02:20,655][cascade_classifier.fit_transform] group_starts=[0]
[ 2022-04-24 22:02:20,655][cascade_classifier.fit_transform] group_ends=[1650]
[ 2022-04-24 22:02:20,655][cascade_classifier.fit_transform] X_train.shape=(7965, 1650),X_test.shape=(0, 1650)
[ 2022-04-24 22:02:20,670][cascade_classifier.fit_transform] [layer=0] look_indexs=[0], X_cur_train.shape=(7965, 1650), X_cur_test.shape=(0, 1650)
[ 2022-04-24 22:02:27,262][kfold_wrapper.log_eval_metrics] Accuracy(layer_0 - estimator_0 - 5_folds.train_0.predict)=93.16%
[ 2022-04-24 22:02:33,049][kfold_wrapper.log_eval_metrics] Accuracy(layer_0 - estimator_0 - 5_folds.train_1.predict)=93.72%
[ 2022-04-24 22:02:39,027][kfold_wrapper.log_eval_metrics] Accuracy(layer_0 - estimator_0 - 5_folds.train_2.predict)=92.91%
[ 2022-04-24 22:02:44,799][kfold_wrapper.log_eval_metrics] Accuracy(layer_0 - estimator_0 - 5_folds.train_3.predict)=93.03%
[ 2022-04-24 22:02:50,680][kfold_wrapper.log_eval_metrics] Accuracy(layer_0 - estimator_0 - 5_folds.train_4.predict)=93.28%
[ 2022-04-24 22:02:50,688][kfold_wrapper.log_eval_metrics] Accuracy(layer_0 - estimator_0 - 5_folds.train_cv.predict)=93.22%
[ 2022-04-24 22:02:56,644][kfold_wrapper.log_eval_metrics] Accuracy(layer_0 - estimator_1 - 5_folds.train_0.predict)=93.03%
[ 2022-04-24 22:03:02,602][kfold_wrapper.log_eval_metrics] Accuracy(layer_0 - estimator_1 - 5_folds.train_1.predict)=92.22%
[ 2022-04-24 22:03:08,780][kfold_wrapper.log_eval_metrics] Accuracy(layer_0 - estimator_1 - 5_folds.train_2.predict)=92.72%
[ 2022-04-24 22:03:14,700][kfold_wrapper.log_eval_metrics] Accuracy(layer_0 - estimator_1 - 5_folds.train_3.predict)=93.66%
[ 2022-04-24 22:03:20,560][kfold_wrapper.log_eval_metrics] Accuracy(layer_0 - estimator_1 - 5_folds.train_4.predict)=93.41%
[ 2022-04-24 22:03:20,562][kfold_wrapper.log_eval_metrics] Accuracy(layer_0 - estimator_1 - 5_folds.train_cv.predict)=93.01%
[ 2022-04-24 22:03:26,877][kfold_wrapper.log_eval_metrics] Accuracy(layer_0 - estimator_2 - 5_folds.train_0.predict)=93.79%
[ 2022-04-24 22:03:32,859][kfold_wrapper.log_eval_metrics] Accuracy(layer_0 - estimator_2 - 5_folds.train_1.predict)=93.47%
[ 2022-04-24 22:03:38,740][kfold_wrapper.log_eval_metrics] Accuracy(layer_0 - estimator_2 - 5_folds.train_2.predict)=92.47%
[ 2022-04-24 22:03:44,480][kfold_wrapper.log_eval_metrics] Accuracy(layer_0 - estimator_2 - 5_folds.train_3.predict)=93.22%
[ 2022-04-24 22:03:50,638][kfold_wrapper.log_eval_metrics] Accuracy(layer_0 - estimator_2 - 5_folds.train_4.predict)=92.59%
[ 2022-04-24 22:03:50,649][kfold_wrapper.log_eval_metrics] Accuracy(layer_0 - estimator_2 - 5_folds.train_cv.predict)=93.11%
[ 2022-04-24 22:03:56,560][kfold_wrapper.log_eval_metrics] Accuracy(layer_0 - estimator_3 - 5_folds.train_0.predict)=93.35%
[ 2022-04-24 22:04:02,570][kfold_wrapper.log_eval_metrics] Accuracy(layer_0 - estimator_3 - 5_folds.train_1.predict)=91.96%
[ 2022-04-24 22:04:08,567][kfold_wrapper.log_eval_metrics] Accuracy(layer_0 - estimator_3 - 5_folds.train_2.predict)=93.28%
[ 2022-04-24 22:04:14,452][kfold_wrapper.log_eval_metrics] Accuracy(layer_0 - estimator_3 - 5_folds.train_3.predict)=92.53%
[ 2022-04-24 22:04:20,254][kfold_wrapper.log_eval_metrics] Accuracy(layer_0 - estimator_3 - 5_folds.train_4.predict)=94.22%
[ 2022-04-24 22:04:20,261][kfold_wrapper.log_eval_metrics] Accuracy(layer_0 - estimator_3 - 5_folds.train_cv.predict)=93.07%
[ 2022-04-24 22:04:20,262][cascade_classifier.calc_accuracy] Accuracy(layer_0 - train.classifier_average)=93.48%
[ 2022-04-24 22:04:20,262][cascade_classifier.calc_auc] AUC(layer_0 - train.classifier_average)=0.98%
[ 2022-04-24 22:04:20,311][cascade_classifier.fit_transform] [layer=1] look_indexs=[0], X_cur_train.shape=(7965, 1658), X_cur_test.shape=(0, 1658)
[ 2022-04-24 22:04:26,988][kfold_wrapper.log_eval_metrics] Accuracy(layer_1 - estimator_0 - 5_folds.train_0.predict)=92.09%
[ 2022-04-24 22:04:32,762][kfold_wrapper.log_eval_metrics] Accuracy(layer_1 - estimator_0 - 5_folds.train_1.predict)=93.66%
[ 2022-04-24 22:04:38,609][kfold_wrapper.log_eval_metrics] Accuracy(layer_1 - estimator_0 - 5_folds.train_2.predict)=93.97%
[ 2022-04-24 22:04:44,724][kfold_wrapper.log_eval_metrics] Accuracy(layer_1 - estimator_0 - 5_folds.train_3.predict)=93.09%
[ 2022-04-24 22:04:50,516][kfold_wrapper.log_eval_metrics] Accuracy(layer_1 - estimator_0 - 5_folds.train_4.predict)=93.60%
[ 2022-04-24 22:04:50,526][kfold_wrapper.log_eval_metrics] Accuracy(layer_1 - estimator_0 - 5_folds.train_cv.predict)=93.28%
[ 2022-04-24 22:04:56,555][kfold_wrapper.log_eval_metrics] Accuracy(layer_1 - estimator_1 - 5_folds.train_0.predict)=93.53%
[ 2022-04-24 22:05:02,709][kfold_wrapper.log_eval_metrics] Accuracy(layer_1 - estimator_1 - 5_folds.train_1.predict)=93.91%
[ 2022-04-24 22:05:08,812][kfold_wrapper.log_eval_metrics] Accuracy(layer_1 - estimator_1 - 5_folds.train_2.predict)=93.66%
[ 2022-04-24 22:05:14,747][kfold_wrapper.log_eval_metrics] Accuracy(layer_1 - estimator_1 - 5_folds.train_3.predict)=93.16%
[ 2022-04-24 22:05:20,772][kfold_wrapper.log_eval_metrics] Accuracy(layer_1 - estimator_1 - 5_folds.train_4.predict)=93.53%
[ 2022-04-24 22:05:20,788][kfold_wrapper.log_eval_metrics] Accuracy(layer_1 - estimator_1 - 5_folds.train_cv.predict)=93.56%
[ 2022-04-24 22:05:27,263][kfold_wrapper.log_eval_metrics] Accuracy(layer_1 - estimator_2 - 5_folds.train_0.predict)=93.60%
[ 2022-04-24 22:05:33,273][kfold_wrapper.log_eval_metrics] Accuracy(layer_1 - estimator_2 - 5_folds.train_1.predict)=92.72%
[ 2022-04-24 22:05:39,244][kfold_wrapper.log_eval_metrics] Accuracy(layer_1 - estimator_2 - 5_folds.train_2.predict)=93.60%
[ 2022-04-24 22:05:45,037][kfold_wrapper.log_eval_metrics] Accuracy(layer_1 - estimator_2 - 5_folds.train_3.predict)=94.04%
[ 2022-04-24 22:05:50,822][kfold_wrapper.log_eval_metrics] Accuracy(layer_1 - estimator_2 - 5_folds.train_4.predict)=92.72%
[ 2022-04-24 22:05:50,832][kfold_wrapper.log_eval_metrics] Accuracy(layer_1 - estimator_2 - 5_folds.train_cv.predict)=93.33%
[ 2022-04-24 22:05:56,688][kfold_wrapper.log_eval_metrics] Accuracy(layer_1 - estimator_3 - 5_folds.train_0.predict)=93.85%
[ 2022-04-24 22:06:02,500][kfold_wrapper.log_eval_metrics] Accuracy(layer_1 - estimator_3 - 5_folds.train_1.predict)=93.60%
[ 2022-04-24 22:06:08,140][kfold_wrapper.log_eval_metrics] Accuracy(layer_1 - estimator_3 - 5_folds.train_2.predict)=92.66%
[ 2022-04-24 22:06:14,163][kfold_wrapper.log_eval_metrics] Accuracy(layer_1 - estimator_3 - 5_folds.train_3.predict)=94.10%
[ 2022-04-24 22:06:19,839][kfold_wrapper.log_eval_metrics] Accuracy(layer_1 - estimator_3 - 5_folds.train_4.predict)=93.53%
[ 2022-04-24 22:06:19,841][kfold_wrapper.log_eval_metrics] Accuracy(layer_1 - estimator_3 - 5_folds.train_cv.predict)=93.55%
[ 2022-04-24 22:06:19,842][cascade_classifier.calc_accuracy] Accuracy(layer_1 - train.classifier_average)=93.56%
[ 2022-04-24 22:06:19,843][cascade_classifier.calc_auc] AUC(layer_1 - train.classifier_average)=0.98%
[ 2022-04-24 22:06:19,895][cascade_classifier.fit_transform] [layer=2] look_indexs=[0], X_cur_train.shape=(7965, 1658), X_cur_test.shape=(0, 1658)
[ 2022-04-24 22:06:26,246][kfold_wrapper.log_eval_metrics] Accuracy(layer_2 - estimator_0 - 5_folds.train_0.predict)=92.72%
[ 2022-04-24 22:06:31,920][kfold_wrapper.log_eval_metrics] Accuracy(layer_2 - estimator_0 - 5_folds.train_1.predict)=93.47%
[ 2022-04-24 22:06:37,371][kfold_wrapper.log_eval_metrics] Accuracy(layer_2 - estimator_0 - 5_folds.train_2.predict)=93.47%
[ 2022-04-24 22:06:43,306][kfold_wrapper.log_eval_metrics] Accuracy(layer_2 - estimator_0 - 5_folds.train_3.predict)=92.28%
[ 2022-04-24 22:06:48,787][kfold_wrapper.log_eval_metrics] Accuracy(layer_2 - estimator_0 - 5_folds.train_4.predict)=93.53%
[ 2022-04-24 22:06:48,787][kfold_wrapper.log_eval_metrics] Accuracy(layer_2 - estimator_0 - 5_folds.train_cv.predict)=93.09%
[ 2022-04-24 22:06:54,498][kfold_wrapper.log_eval_metrics] Accuracy(layer_2 - estimator_1 - 5_folds.train_0.predict)=92.78%
[ 2022-04-24 22:07:00,117][kfold_wrapper.log_eval_metrics] Accuracy(layer_2 - estimator_1 - 5_folds.train_1.predict)=92.91%
[ 2022-04-24 22:07:05,734][kfold_wrapper.log_eval_metrics] Accuracy(layer_2 - estimator_1 - 5_folds.train_2.predict)=94.22%
[ 2022-04-24 22:07:11,384][kfold_wrapper.log_eval_metrics] Accuracy(layer_2 - estimator_1 - 5_folds.train_3.predict)=93.09%
[ 2022-04-24 22:07:17,112][kfold_wrapper.log_eval_metrics] Accuracy(layer_2 - estimator_1 - 5_folds.train_4.predict)=92.59%
[ 2022-04-24 22:07:17,115][kfold_wrapper.log_eval_metrics] Accuracy(layer_2 - estimator_1 - 5_folds.train_cv.predict)=93.12%
[ 2022-04-24 22:07:22,816][kfold_wrapper.log_eval_metrics] Accuracy(layer_2 - estimator_2 - 5_folds.train_0.predict)=94.41%
[ 2022-04-24 22:07:28,818][kfold_wrapper.log_eval_metrics] Accuracy(layer_2 - estimator_2 - 5_folds.train_1.predict)=93.16%
[ 2022-04-24 22:07:34,233][kfold_wrapper.log_eval_metrics] Accuracy(layer_2 - estimator_2 - 5_folds.train_2.predict)=92.09%
[ 2022-04-24 22:07:39,882][kfold_wrapper.log_eval_metrics] Accuracy(layer_2 - estimator_2 - 5_folds.train_3.predict)=92.47%
[ 2022-04-24 22:07:45,508][kfold_wrapper.log_eval_metrics] Accuracy(layer_2 - estimator_2 - 5_folds.train_4.predict)=93.66%
[ 2022-04-24 22:07:45,508][kfold_wrapper.log_eval_metrics] Accuracy(layer_2 - estimator_2 - 5_folds.train_cv.predict)=93.16%
[ 2022-04-24 22:07:51,196][kfold_wrapper.log_eval_metrics] Accuracy(layer_2 - estimator_3 - 5_folds.train_0.predict)=92.72%
[ 2022-04-24 22:07:56,791][kfold_wrapper.log_eval_metrics] Accuracy(layer_2 - estimator_3 - 5_folds.train_1.predict)=93.09%
[ 2022-04-24 22:08:02,485][kfold_wrapper.log_eval_metrics] Accuracy(layer_2 - estimator_3 - 5_folds.train_2.predict)=92.40%
[ 2022-04-24 22:08:08,092][kfold_wrapper.log_eval_metrics] Accuracy(layer_2 - estimator_3 - 5_folds.train_3.predict)=93.53%
[ 2022-04-24 22:08:13,668][kfold_wrapper.log_eval_metrics] Accuracy(layer_2 - estimator_3 - 5_folds.train_4.predict)=93.41%
[ 2022-04-24 22:08:13,668][kfold_wrapper.log_eval_metrics] Accuracy(layer_2 - estimator_3 - 5_folds.train_cv.predict)=93.03%
[ 2022-04-24 22:08:13,668][cascade_classifier.calc_accuracy] Accuracy(layer_2 - train.classifier_average)=93.17%
[ 2022-04-24 22:08:13,668][cascade_classifier.calc_auc] AUC(layer_2 - train.classifier_average)=0.98%
[ 2022-04-24 22:08:13,736][cascade_classifier.fit_transform] [layer=3] look_indexs=[0], X_cur_train.shape=(7965, 1658), X_cur_test.shape=(0, 1658)
[ 2022-04-24 22:08:19,178][kfold_wrapper.log_eval_metrics] Accuracy(layer_3 - estimator_0 - 5_folds.train_0.predict)=92.40%
[ 2022-04-24 22:08:25,349][kfold_wrapper.log_eval_metrics] Accuracy(layer_3 - estimator_0 - 5_folds.train_1.predict)=92.34%
[ 2022-04-24 22:08:31,040][kfold_wrapper.log_eval_metrics] Accuracy(layer_3 - estimator_0 - 5_folds.train_2.predict)=92.53%
[ 2022-04-24 22:08:36,582][kfold_wrapper.log_eval_metrics] Accuracy(layer_3 - estimator_0 - 5_folds.train_3.predict)=92.34%
[ 2022-04-24 22:08:42,261][kfold_wrapper.log_eval_metrics] Accuracy(layer_3 - estimator_0 - 5_folds.train_4.predict)=93.09%
[ 2022-04-24 22:08:42,267][kfold_wrapper.log_eval_metrics] Accuracy(layer_3 - estimator_0 - 5_folds.train_cv.predict)=92.54%
[ 2022-04-24 22:08:47,889][kfold_wrapper.log_eval_metrics] Accuracy(layer_3 - estimator_1 - 5_folds.train_0.predict)=92.66%
[ 2022-04-24 22:08:53,568][kfold_wrapper.log_eval_metrics] Accuracy(layer_3 - estimator_1 - 5_folds.train_1.predict)=93.22%
[ 2022-04-24 22:08:59,111][kfold_wrapper.log_eval_metrics] Accuracy(layer_3 - estimator_1 - 5_folds.train_2.predict)=93.35%
[ 2022-04-24 22:09:04,690][kfold_wrapper.log_eval_metrics] Accuracy(layer_3 - estimator_1 - 5_folds.train_3.predict)=92.28%
[ 2022-04-24 22:09:10,312][kfold_wrapper.log_eval_metrics] Accuracy(layer_3 - estimator_1 - 5_folds.train_4.predict)=91.84%
[ 2022-04-24 22:09:10,314][kfold_wrapper.log_eval_metrics] Accuracy(layer_3 - estimator_1 - 5_folds.train_cv.predict)=92.67%
[ 2022-04-24 22:09:16,324][kfold_wrapper.log_eval_metrics] Accuracy(layer_3 - estimator_2 - 5_folds.train_0.predict)=92.59%
[ 2022-04-24 22:09:21,817][kfold_wrapper.log_eval_metrics] Accuracy(layer_3 - estimator_2 - 5_folds.train_1.predict)=93.35%
[ 2022-04-24 22:09:28,065][kfold_wrapper.log_eval_metrics] Accuracy(layer_3 - estimator_2 - 5_folds.train_2.predict)=92.91%
[ 2022-04-24 22:09:33,391][kfold_wrapper.log_eval_metrics] Accuracy(layer_3 - estimator_2 - 5_folds.train_3.predict)=92.03%
[ 2022-04-24 22:09:38,975][kfold_wrapper.log_eval_metrics] Accuracy(layer_3 - estimator_2 - 5_folds.train_4.predict)=92.15%
[ 2022-04-24 22:09:38,975][kfold_wrapper.log_eval_metrics] Accuracy(layer_3 - estimator_2 - 5_folds.train_cv.predict)=92.61%
[ 2022-04-24 22:09:44,679][kfold_wrapper.log_eval_metrics] Accuracy(layer_3 - estimator_3 - 5_folds.train_0.predict)=93.35%
[ 2022-04-24 22:09:50,434][kfold_wrapper.log_eval_metrics] Accuracy(layer_3 - estimator_3 - 5_folds.train_1.predict)=92.22%
[ 2022-04-24 22:09:55,978][kfold_wrapper.log_eval_metrics] Accuracy(layer_3 - estimator_3 - 5_folds.train_2.predict)=92.15%
[ 2022-04-24 22:10:01,869][kfold_wrapper.log_eval_metrics] Accuracy(layer_3 - estimator_3 - 5_folds.train_3.predict)=93.16%
[ 2022-04-24 22:10:07,359][kfold_wrapper.log_eval_metrics] Accuracy(layer_3 - estimator_3 - 5_folds.train_4.predict)=92.59%
[ 2022-04-24 22:10:07,359][kfold_wrapper.log_eval_metrics] Accuracy(layer_3 - estimator_3 - 5_folds.train_cv.predict)=92.69%
[ 2022-04-24 22:10:07,359][cascade_classifier.calc_accuracy] Accuracy(layer_3 - train.classifier_average)=92.77%
[ 2022-04-24 22:10:07,359][cascade_classifier.calc_auc] AUC(layer_3 - train.classifier_average)=0.97%
[ 2022-04-24 22:10:07,359][cascade_classifier.fit_transform] [Result][Optimal Level Detected] opt_layer_num=1, accuracy_train=0.98%, accuracy_test=0.00%
[ 2022-04-24 22:10:07,403][cascade_classifier.transform] X_groups_test.shape=[(1991, 1650)]
[ 2022-04-24 22:10:07,413][cascade_classifier.transform] group_dims=[1650]
[ 2022-04-24 22:10:07,413][cascade_classifier.transform] X_test.shape=(1991, 1650)
[ 2022-04-24 22:10:07,423][cascade_classifier.transform] [layer=0] look_indexs=[0], X_cur_test.shape=(1991, 1650)
[ 2022-04-24 22:10:08,191][cascade_classifier.transform] X_groups_test.shape=[(1991, 1650)]
[ 2022-04-24 22:10:08,191][cascade_classifier.transform] group_dims=[1650]
[ 2022-04-24 22:10:08,191][cascade_classifier.transform] X_test.shape=(1991, 1650)
[ 2022-04-24 22:10:08,191][cascade_classifier.transform] [layer=0] look_indexs=[0], X_cur_test.shape=(1991, 1650)
[ 2022-04-24 22:10:09,032][cascade_classifier.fit_transform] X_groups_train.shape=[(7965, 1650)],y_train.shape=(7965,),X_groups_test.shape=no_test,y_test.shape=no_test
[ 2022-04-24 22:10:09,055][cascade_classifier.fit_transform] group_dims=[1650]
[ 2022-04-24 22:10:09,055][cascade_classifier.fit_transform] group_starts=[0]
[ 2022-04-24 22:10:09,055][cascade_classifier.fit_transform] group_ends=[1650]
[ 2022-04-24 22:10:09,055][cascade_classifier.fit_transform] X_train.shape=(7965, 1650),X_test.shape=(0, 1650)
[ 2022-04-24 22:10:09,086][cascade_classifier.fit_transform] [layer=0] look_indexs=[0], X_cur_train.shape=(7965, 1650), X_cur_test.shape=(0, 1650)
[ 2022-04-24 22:10:14,875][kfold_wrapper.log_eval_metrics] Accuracy(layer_0 - estimator_0 - 5_folds.train_0.predict)=93.66%
[ 2022-04-24 22:10:20,796][kfold_wrapper.log_eval_metrics] Accuracy(layer_0 - estimator_0 - 5_folds.train_1.predict)=93.41%
[ 2022-04-24 22:10:27,239][kfold_wrapper.log_eval_metrics] Accuracy(layer_0 - estimator_0 - 5_folds.train_2.predict)=91.59%
[ 2022-04-24 22:10:33,121][kfold_wrapper.log_eval_metrics] Accuracy(layer_0 - estimator_0 - 5_folds.train_3.predict)=92.78%
[ 2022-04-24 22:10:39,025][kfold_wrapper.log_eval_metrics] Accuracy(layer_0 - estimator_0 - 5_folds.train_4.predict)=92.97%
[ 2022-04-24 22:10:39,035][kfold_wrapper.log_eval_metrics] Accuracy(layer_0 - estimator_0 - 5_folds.train_cv.predict)=92.88%
[ 2022-04-24 22:10:44,931][kfold_wrapper.log_eval_metrics] Accuracy(layer_0 - estimator_1 - 5_folds.train_0.predict)=92.34%
[ 2022-04-24 22:10:51,196][kfold_wrapper.log_eval_metrics] Accuracy(layer_0 - estimator_1 - 5_folds.train_1.predict)=93.41%
[ 2022-04-24 22:10:56,986][kfold_wrapper.log_eval_metrics] Accuracy(layer_0 - estimator_1 - 5_folds.train_2.predict)=93.03%
[ 2022-04-24 22:11:02,881][kfold_wrapper.log_eval_metrics] Accuracy(layer_0 - estimator_1 - 5_folds.train_3.predict)=93.35%
[ 2022-04-24 22:11:08,464][kfold_wrapper.log_eval_metrics] Accuracy(layer_0 - estimator_1 - 5_folds.train_4.predict)=91.71%
[ 2022-04-24 22:11:08,472][kfold_wrapper.log_eval_metrics] Accuracy(layer_0 - estimator_1 - 5_folds.train_cv.predict)=92.77%
[ 2022-04-24 22:11:14,441][kfold_wrapper.log_eval_metrics] Accuracy(layer_0 - estimator_2 - 5_folds.train_0.predict)=92.53%
[ 2022-04-24 22:11:20,148][kfold_wrapper.log_eval_metrics] Accuracy(layer_0 - estimator_2 - 5_folds.train_1.predict)=92.22%
[ 2022-04-24 22:11:26,588][kfold_wrapper.log_eval_metrics] Accuracy(layer_0 - estimator_2 - 5_folds.train_2.predict)=93.28%
[ 2022-04-24 22:11:32,303][kfold_wrapper.log_eval_metrics] Accuracy(layer_0 - estimator_2 - 5_folds.train_3.predict)=93.16%
[ 2022-04-24 22:11:38,297][kfold_wrapper.log_eval_metrics] Accuracy(layer_0 - estimator_2 - 5_folds.train_4.predict)=92.72%
[ 2022-04-24 22:11:38,309][kfold_wrapper.log_eval_metrics] Accuracy(layer_0 - estimator_2 - 5_folds.train_cv.predict)=92.78%
[ 2022-04-24 22:11:43,992][kfold_wrapper.log_eval_metrics] Accuracy(layer_0 - estimator_3 - 5_folds.train_0.predict)=93.16%
[ 2022-04-24 22:11:50,002][kfold_wrapper.log_eval_metrics] Accuracy(layer_0 - estimator_3 - 5_folds.train_1.predict)=93.47%
[ 2022-04-24 22:11:55,872][kfold_wrapper.log_eval_metrics] Accuracy(layer_0 - estimator_3 - 5_folds.train_2.predict)=93.60%
[ 2022-04-24 22:12:01,690][kfold_wrapper.log_eval_metrics] Accuracy(layer_0 - estimator_3 - 5_folds.train_3.predict)=92.66%
[ 2022-04-24 22:12:07,705][kfold_wrapper.log_eval_metrics] Accuracy(layer_0 - estimator_3 - 5_folds.train_4.predict)=92.59%
[ 2022-04-24 22:12:07,705][kfold_wrapper.log_eval_metrics] Accuracy(layer_0 - estimator_3 - 5_folds.train_cv.predict)=93.09%
[ 2022-04-24 22:12:07,705][cascade_classifier.calc_accuracy] Accuracy(layer_0 - train.classifier_average)=93.21%
[ 2022-04-24 22:12:07,721][cascade_classifier.calc_auc] AUC(layer_0 - train.classifier_average)=0.98%
[ 2022-04-24 22:12:07,770][cascade_classifier.fit_transform] [layer=1] look_indexs=[0], X_cur_train.shape=(7965, 1658), X_cur_test.shape=(0, 1658)
[ 2022-04-24 22:12:13,624][kfold_wrapper.log_eval_metrics] Accuracy(layer_1 - estimator_0 - 5_folds.train_0.predict)=92.78%
[ 2022-04-24 22:12:19,869][kfold_wrapper.log_eval_metrics] Accuracy(layer_1 - estimator_0 - 5_folds.train_1.predict)=93.35%
[ 2022-04-24 22:12:26,454][kfold_wrapper.log_eval_metrics] Accuracy(layer_1 - estimator_0 - 5_folds.train_2.predict)=92.66%
[ 2022-04-24 22:12:32,490][kfold_wrapper.log_eval_metrics] Accuracy(layer_1 - estimator_0 - 5_folds.train_3.predict)=94.10%
[ 2022-04-24 22:12:38,515][kfold_wrapper.log_eval_metrics] Accuracy(layer_1 - estimator_0 - 5_folds.train_4.predict)=92.47%
[ 2022-04-24 22:12:38,529][kfold_wrapper.log_eval_metrics] Accuracy(layer_1 - estimator_0 - 5_folds.train_cv.predict)=93.07%
[ 2022-04-24 22:12:44,378][kfold_wrapper.log_eval_metrics] Accuracy(layer_1 - estimator_1 - 5_folds.train_0.predict)=91.71%
[ 2022-04-24 22:12:50,531][kfold_wrapper.log_eval_metrics] Accuracy(layer_1 - estimator_1 - 5_folds.train_1.predict)=93.66%
[ 2022-04-24 22:12:56,317][kfold_wrapper.log_eval_metrics] Accuracy(layer_1 - estimator_1 - 5_folds.train_2.predict)=94.35%
[ 2022-04-24 22:13:02,097][kfold_wrapper.log_eval_metrics] Accuracy(layer_1 - estimator_1 - 5_folds.train_3.predict)=93.22%
[ 2022-04-24 22:13:08,086][kfold_wrapper.log_eval_metrics] Accuracy(layer_1 - estimator_1 - 5_folds.train_4.predict)=92.84%
[ 2022-04-24 22:13:08,092][kfold_wrapper.log_eval_metrics] Accuracy(layer_1 - estimator_1 - 5_folds.train_cv.predict)=93.16%
[ 2022-04-24 22:13:15,380][kfold_wrapper.log_eval_metrics] Accuracy(layer_1 - estimator_2 - 5_folds.train_0.predict)=93.72%
[ 2022-04-24 22:13:21,331][kfold_wrapper.log_eval_metrics] Accuracy(layer_1 - estimator_2 - 5_folds.train_1.predict)=93.35%
[ 2022-04-24 22:13:27,737][kfold_wrapper.log_eval_metrics] Accuracy(layer_1 - estimator_2 - 5_folds.train_2.predict)=92.47%
[ 2022-04-24 22:13:33,725][kfold_wrapper.log_eval_metrics] Accuracy(layer_1 - estimator_2 - 5_folds.train_3.predict)=93.91%
[ 2022-04-24 22:13:39,654][kfold_wrapper.log_eval_metrics] Accuracy(layer_1 - estimator_2 - 5_folds.train_4.predict)=93.16%
[ 2022-04-24 22:13:39,657][kfold_wrapper.log_eval_metrics] Accuracy(layer_1 - estimator_2 - 5_folds.train_cv.predict)=93.32%
[ 2022-04-24 22:13:45,714][kfold_wrapper.log_eval_metrics] Accuracy(layer_1 - estimator_3 - 5_folds.train_0.predict)=94.22%
[ 2022-04-24 22:13:51,635][kfold_wrapper.log_eval_metrics] Accuracy(layer_1 - estimator_3 - 5_folds.train_1.predict)=93.91%
[ 2022-04-24 22:13:57,595][kfold_wrapper.log_eval_metrics] Accuracy(layer_1 - estimator_3 - 5_folds.train_2.predict)=93.85%
[ 2022-04-24 22:14:03,517][kfold_wrapper.log_eval_metrics] Accuracy(layer_1 - estimator_3 - 5_folds.train_3.predict)=92.47%
[ 2022-04-24 22:14:09,423][kfold_wrapper.log_eval_metrics] Accuracy(layer_1 - estimator_3 - 5_folds.train_4.predict)=93.22%
[ 2022-04-24 22:14:09,425][kfold_wrapper.log_eval_metrics] Accuracy(layer_1 - estimator_3 - 5_folds.train_cv.predict)=93.53%
[ 2022-04-24 22:14:09,426][cascade_classifier.calc_accuracy] Accuracy(layer_1 - train.classifier_average)=93.43%
[ 2022-04-24 22:14:09,430][cascade_classifier.calc_auc] AUC(layer_1 - train.classifier_average)=0.98%
[ 2022-04-24 22:14:09,482][cascade_classifier.fit_transform] [layer=2] look_indexs=[0], X_cur_train.shape=(7965, 1658), X_cur_test.shape=(0, 1658)
[ 2022-04-24 22:14:14,930][kfold_wrapper.log_eval_metrics] Accuracy(layer_2 - estimator_0 - 5_folds.train_0.predict)=93.28%
[ 2022-04-24 22:14:20,720][kfold_wrapper.log_eval_metrics] Accuracy(layer_2 - estimator_0 - 5_folds.train_1.predict)=93.09%
[ 2022-04-24 22:14:26,935][kfold_wrapper.log_eval_metrics] Accuracy(layer_2 - estimator_0 - 5_folds.train_2.predict)=93.22%
[ 2022-04-24 22:14:32,389][kfold_wrapper.log_eval_metrics] Accuracy(layer_2 - estimator_0 - 5_folds.train_3.predict)=92.66%
[ 2022-04-24 22:14:38,371][kfold_wrapper.log_eval_metrics] Accuracy(layer_2 - estimator_0 - 5_folds.train_4.predict)=93.41%
[ 2022-04-24 22:14:38,374][kfold_wrapper.log_eval_metrics] Accuracy(layer_2 - estimator_0 - 5_folds.train_cv.predict)=93.13%
[ 2022-04-24 22:14:43,929][kfold_wrapper.log_eval_metrics] Accuracy(layer_2 - estimator_1 - 5_folds.train_0.predict)=92.47%
[ 2022-04-24 22:14:50,023][kfold_wrapper.log_eval_metrics] Accuracy(layer_2 - estimator_1 - 5_folds.train_1.predict)=92.84%
[ 2022-04-24 22:14:55,352][kfold_wrapper.log_eval_metrics] Accuracy(layer_2 - estimator_1 - 5_folds.train_2.predict)=93.09%
[ 2022-04-24 22:15:01,135][kfold_wrapper.log_eval_metrics] Accuracy(layer_2 - estimator_1 - 5_folds.train_3.predict)=93.22%
[ 2022-04-24 22:15:06,716][kfold_wrapper.log_eval_metrics] Accuracy(layer_2 - estimator_1 - 5_folds.train_4.predict)=93.35%
[ 2022-04-24 22:15:06,719][kfold_wrapper.log_eval_metrics] Accuracy(layer_2 - estimator_1 - 5_folds.train_cv.predict)=92.99%
[ 2022-04-24 22:15:12,438][kfold_wrapper.log_eval_metrics] Accuracy(layer_2 - estimator_2 - 5_folds.train_0.predict)=93.41%
[ 2022-04-24 22:15:17,809][kfold_wrapper.log_eval_metrics] Accuracy(layer_2 - estimator_2 - 5_folds.train_1.predict)=92.34%
[ 2022-04-24 22:15:23,964][kfold_wrapper.log_eval_metrics] Accuracy(layer_2 - estimator_2 - 5_folds.train_2.predict)=92.47%
[ 2022-04-24 22:15:29,488][kfold_wrapper.log_eval_metrics] Accuracy(layer_2 - estimator_2 - 5_folds.train_3.predict)=93.47%
[ 2022-04-24 22:15:35,301][kfold_wrapper.log_eval_metrics] Accuracy(layer_2 - estimator_2 - 5_folds.train_4.predict)=93.41%
[ 2022-04-24 22:15:35,304][kfold_wrapper.log_eval_metrics] Accuracy(layer_2 - estimator_2 - 5_folds.train_cv.predict)=93.02%
[ 2022-04-24 22:15:40,927][kfold_wrapper.log_eval_metrics] Accuracy(layer_2 - estimator_3 - 5_folds.train_0.predict)=92.66%
[ 2022-04-24 22:15:46,840][kfold_wrapper.log_eval_metrics] Accuracy(layer_2 - estimator_3 - 5_folds.train_1.predict)=93.09%
[ 2022-04-24 22:15:52,240][kfold_wrapper.log_eval_metrics] Accuracy(layer_2 - estimator_3 - 5_folds.train_2.predict)=92.40%
[ 2022-04-24 22:15:57,973][kfold_wrapper.log_eval_metrics] Accuracy(layer_2 - estimator_3 - 5_folds.train_3.predict)=93.79%
[ 2022-04-24 22:16:03,413][kfold_wrapper.log_eval_metrics] Accuracy(layer_2 - estimator_3 - 5_folds.train_4.predict)=92.84%
[ 2022-04-24 22:16:03,416][kfold_wrapper.log_eval_metrics] Accuracy(layer_2 - estimator_3 - 5_folds.train_cv.predict)=92.96%
[ 2022-04-24 22:16:03,417][cascade_classifier.calc_accuracy] Accuracy(layer_2 - train.classifier_average)=93.13%
[ 2022-04-24 22:16:03,419][cascade_classifier.calc_auc] AUC(layer_2 - train.classifier_average)=0.97%
[ 2022-04-24 22:16:03,487][cascade_classifier.fit_transform] [layer=3] look_indexs=[0], X_cur_train.shape=(7965, 1658), X_cur_test.shape=(0, 1658)
[ 2022-04-24 22:16:08,974][kfold_wrapper.log_eval_metrics] Accuracy(layer_3 - estimator_0 - 5_folds.train_0.predict)=93.72%
[ 2022-04-24 22:16:14,796][kfold_wrapper.log_eval_metrics] Accuracy(layer_3 - estimator_0 - 5_folds.train_1.predict)=92.28%
[ 2022-04-24 22:16:20,438][kfold_wrapper.log_eval_metrics] Accuracy(layer_3 - estimator_0 - 5_folds.train_2.predict)=92.28%
[ 2022-04-24 22:16:26,586][kfold_wrapper.log_eval_metrics] Accuracy(layer_3 - estimator_0 - 5_folds.train_3.predict)=92.22%
[ 2022-04-24 22:16:31,954][kfold_wrapper.log_eval_metrics] Accuracy(layer_3 - estimator_0 - 5_folds.train_4.predict)=92.97%
[ 2022-04-24 22:16:31,956][kfold_wrapper.log_eval_metrics] Accuracy(layer_3 - estimator_0 - 5_folds.train_cv.predict)=92.69%
[ 2022-04-24 22:16:37,724][kfold_wrapper.log_eval_metrics] Accuracy(layer_3 - estimator_1 - 5_folds.train_0.predict)=92.78%
[ 2022-04-24 22:16:43,381][kfold_wrapper.log_eval_metrics] Accuracy(layer_3 - estimator_1 - 5_folds.train_1.predict)=92.34%
[ 2022-04-24 22:16:49,251][kfold_wrapper.log_eval_metrics] Accuracy(layer_3 - estimator_1 - 5_folds.train_2.predict)=92.72%
[ 2022-04-24 22:16:54,941][kfold_wrapper.log_eval_metrics] Accuracy(layer_3 - estimator_1 - 5_folds.train_3.predict)=92.09%
[ 2022-04-24 22:17:00,813][kfold_wrapper.log_eval_metrics] Accuracy(layer_3 - estimator_1 - 5_folds.train_4.predict)=92.59%
[ 2022-04-24 22:17:00,813][kfold_wrapper.log_eval_metrics] Accuracy(layer_3 - estimator_1 - 5_folds.train_cv.predict)=92.50%
[ 2022-04-24 22:17:06,422][kfold_wrapper.log_eval_metrics] Accuracy(layer_3 - estimator_2 - 5_folds.train_0.predict)=93.16%
[ 2022-04-24 22:17:12,241][kfold_wrapper.log_eval_metrics] Accuracy(layer_3 - estimator_2 - 5_folds.train_1.predict)=92.59%
[ 2022-04-24 22:17:17,879][kfold_wrapper.log_eval_metrics] Accuracy(layer_3 - estimator_2 - 5_folds.train_2.predict)=92.28%
[ 2022-04-24 22:17:24,382][kfold_wrapper.log_eval_metrics] Accuracy(layer_3 - estimator_2 - 5_folds.train_3.predict)=92.28%
[ 2022-04-24 22:17:29,868][kfold_wrapper.log_eval_metrics] Accuracy(layer_3 - estimator_2 - 5_folds.train_4.predict)=92.28%
[ 2022-04-24 22:17:29,871][kfold_wrapper.log_eval_metrics] Accuracy(layer_3 - estimator_2 - 5_folds.train_cv.predict)=92.52%
[ 2022-04-24 22:17:35,576][kfold_wrapper.log_eval_metrics] Accuracy(layer_3 - estimator_3 - 5_folds.train_0.predict)=92.72%
[ 2022-04-24 22:17:41,312][kfold_wrapper.log_eval_metrics] Accuracy(layer_3 - estimator_3 - 5_folds.train_1.predict)=92.47%
[ 2022-04-24 22:17:46,698][kfold_wrapper.log_eval_metrics] Accuracy(layer_3 - estimator_3 - 5_folds.train_2.predict)=93.09%
[ 2022-04-24 22:17:52,552][kfold_wrapper.log_eval_metrics] Accuracy(layer_3 - estimator_3 - 5_folds.train_3.predict)=93.41%
[ 2022-04-24 22:17:57,991][kfold_wrapper.log_eval_metrics] Accuracy(layer_3 - estimator_3 - 5_folds.train_4.predict)=92.34%
[ 2022-04-24 22:17:57,994][kfold_wrapper.log_eval_metrics] Accuracy(layer_3 - estimator_3 - 5_folds.train_cv.predict)=92.81%
[ 2022-04-24 22:17:57,995][cascade_classifier.calc_accuracy] Accuracy(layer_3 - train.classifier_average)=92.79%
[ 2022-04-24 22:17:57,996][cascade_classifier.calc_auc] AUC(layer_3 - train.classifier_average)=0.97%
[ 2022-04-24 22:17:57,998][cascade_classifier.fit_transform] [Result][Optimal Level Detected] opt_layer_num=1, accuracy_train=0.98%, accuracy_test=0.00%
[ 2022-04-24 22:17:58,040][cascade_classifier.transform] X_groups_test.shape=[(1991, 1650)]
[ 2022-04-24 22:17:58,045][cascade_classifier.transform] group_dims=[1650]
[ 2022-04-24 22:17:58,045][cascade_classifier.transform] X_test.shape=(1991, 1650)
[ 2022-04-24 22:17:58,061][cascade_classifier.transform] [layer=0] look_indexs=[0], X_cur_test.shape=(1991, 1650)
[ 2022-04-24 22:17:58,769][cascade_classifier.transform] X_groups_test.shape=[(1991, 1650)]
[ 2022-04-24 22:17:58,773][cascade_classifier.transform] group_dims=[1650]
[ 2022-04-24 22:17:58,773][cascade_classifier.transform] X_test.shape=(1991, 1650)
[ 2022-04-24 22:17:58,773][cascade_classifier.transform] [layer=0] look_indexs=[0], X_cur_test.shape=(1991, 1650)
