[ 2022-04-24 15:40:13,908][cascade_classifier.fit_transform] X_groups_train.shape=[(7964, 1650)],y_train.shape=(7964,),X_groups_test.shape=no_test,y_test.shape=no_test
[ 2022-04-24 15:40:14,025][cascade_classifier.fit_transform] group_dims=[1650]
[ 2022-04-24 15:40:14,031][cascade_classifier.fit_transform] group_starts=[0]
[ 2022-04-24 15:40:14,031][cascade_classifier.fit_transform] group_ends=[1650]
[ 2022-04-24 15:40:14,031][cascade_classifier.fit_transform] X_train.shape=(7964, 1650),X_test.shape=(0, 1650)
[ 2022-04-24 15:40:14,058][cascade_classifier.fit_transform] [layer=0] look_indexs=[0], X_cur_train.shape=(7964, 1650), X_cur_test.shape=(0, 1650)
[ 2022-04-24 15:40:26,439][kfold_wrapper.log_eval_metrics] Accuracy(layer_0 - estimator_0 - 5_folds.train_0.predict)=93.41%
[ 2022-04-24 15:40:36,302][kfold_wrapper.log_eval_metrics] Accuracy(layer_0 - estimator_0 - 5_folds.train_1.predict)=94.04%
[ 2022-04-24 15:40:44,707][kfold_wrapper.log_eval_metrics] Accuracy(layer_0 - estimator_0 - 5_folds.train_2.predict)=93.79%
[ 2022-04-24 15:40:53,319][kfold_wrapper.log_eval_metrics] Accuracy(layer_0 - estimator_0 - 5_folds.train_3.predict)=93.16%
[ 2022-04-24 15:41:01,815][kfold_wrapper.log_eval_metrics] Accuracy(layer_0 - estimator_0 - 5_folds.train_4.predict)=93.34%
[ 2022-04-24 15:41:01,818][kfold_wrapper.log_eval_metrics] Accuracy(layer_0 - estimator_0 - 5_folds.train_cv.predict)=93.55%
[ 2022-04-24 15:41:10,972][kfold_wrapper.log_eval_metrics] Accuracy(layer_0 - estimator_1 - 5_folds.train_0.predict)=92.78%
[ 2022-04-24 15:41:19,848][kfold_wrapper.log_eval_metrics] Accuracy(layer_0 - estimator_1 - 5_folds.train_1.predict)=93.60%
[ 2022-04-24 15:41:29,150][kfold_wrapper.log_eval_metrics] Accuracy(layer_0 - estimator_1 - 5_folds.train_2.predict)=93.85%
[ 2022-04-24 15:41:36,947][kfold_wrapper.log_eval_metrics] Accuracy(layer_0 - estimator_1 - 5_folds.train_3.predict)=93.03%
[ 2022-04-24 15:41:44,746][kfold_wrapper.log_eval_metrics] Accuracy(layer_0 - estimator_1 - 5_folds.train_4.predict)=94.16%
[ 2022-04-24 15:41:44,754][kfold_wrapper.log_eval_metrics] Accuracy(layer_0 - estimator_1 - 5_folds.train_cv.predict)=93.48%
[ 2022-04-24 15:41:52,313][kfold_wrapper.log_eval_metrics] Accuracy(layer_0 - estimator_2 - 5_folds.train_0.predict)=93.72%
[ 2022-04-24 15:42:00,028][kfold_wrapper.log_eval_metrics] Accuracy(layer_0 - estimator_2 - 5_folds.train_1.predict)=93.79%
[ 2022-04-24 15:42:07,518][kfold_wrapper.log_eval_metrics] Accuracy(layer_0 - estimator_2 - 5_folds.train_2.predict)=93.47%
[ 2022-04-24 15:42:15,030][kfold_wrapper.log_eval_metrics] Accuracy(layer_0 - estimator_2 - 5_folds.train_3.predict)=93.41%
[ 2022-04-24 15:42:22,212][kfold_wrapper.log_eval_metrics] Accuracy(layer_0 - estimator_2 - 5_folds.train_4.predict)=93.40%
[ 2022-04-24 15:42:22,224][kfold_wrapper.log_eval_metrics] Accuracy(layer_0 - estimator_2 - 5_folds.train_cv.predict)=93.56%
[ 2022-04-24 15:42:29,648][kfold_wrapper.log_eval_metrics] Accuracy(layer_0 - estimator_3 - 5_folds.train_0.predict)=92.78%
[ 2022-04-24 15:42:37,362][kfold_wrapper.log_eval_metrics] Accuracy(layer_0 - estimator_3 - 5_folds.train_1.predict)=93.53%
[ 2022-04-24 15:42:44,640][kfold_wrapper.log_eval_metrics] Accuracy(layer_0 - estimator_3 - 5_folds.train_2.predict)=93.91%
[ 2022-04-24 15:42:52,026][kfold_wrapper.log_eval_metrics] Accuracy(layer_0 - estimator_3 - 5_folds.train_3.predict)=93.66%
[ 2022-04-24 15:42:59,506][kfold_wrapper.log_eval_metrics] Accuracy(layer_0 - estimator_3 - 5_folds.train_4.predict)=94.03%
[ 2022-04-24 15:42:59,514][kfold_wrapper.log_eval_metrics] Accuracy(layer_0 - estimator_3 - 5_folds.train_cv.predict)=93.58%
[ 2022-04-24 15:42:59,514][cascade_classifier.calc_accuracy] Accuracy(layer_0 - train.classifier_average)=93.82%
[ 2022-04-24 15:42:59,546][cascade_classifier.calc_auc] AUC(layer_0 - train.classifier_average)=0.98%
[ 2022-04-24 15:42:59,624][cascade_classifier.fit_transform] [layer=1] look_indexs=[0], X_cur_train.shape=(7964, 1658), X_cur_test.shape=(0, 1658)
[ 2022-04-24 15:43:06,694][kfold_wrapper.log_eval_metrics] Accuracy(layer_1 - estimator_0 - 5_folds.train_0.predict)=94.35%
[ 2022-04-24 15:43:14,138][kfold_wrapper.log_eval_metrics] Accuracy(layer_1 - estimator_0 - 5_folds.train_1.predict)=93.16%
[ 2022-04-24 15:43:21,255][kfold_wrapper.log_eval_metrics] Accuracy(layer_1 - estimator_0 - 5_folds.train_2.predict)=94.35%
[ 2022-04-24 15:43:28,390][kfold_wrapper.log_eval_metrics] Accuracy(layer_1 - estimator_0 - 5_folds.train_3.predict)=93.66%
[ 2022-04-24 15:43:35,714][kfold_wrapper.log_eval_metrics] Accuracy(layer_1 - estimator_0 - 5_folds.train_4.predict)=92.59%
[ 2022-04-24 15:43:35,718][kfold_wrapper.log_eval_metrics] Accuracy(layer_1 - estimator_0 - 5_folds.train_cv.predict)=93.62%
[ 2022-04-24 15:43:43,616][kfold_wrapper.log_eval_metrics] Accuracy(layer_1 - estimator_1 - 5_folds.train_0.predict)=93.79%
[ 2022-04-24 15:43:50,895][kfold_wrapper.log_eval_metrics] Accuracy(layer_1 - estimator_1 - 5_folds.train_1.predict)=93.97%
[ 2022-04-24 15:43:57,960][kfold_wrapper.log_eval_metrics] Accuracy(layer_1 - estimator_1 - 5_folds.train_2.predict)=93.97%
[ 2022-04-24 15:44:05,275][kfold_wrapper.log_eval_metrics] Accuracy(layer_1 - estimator_1 - 5_folds.train_3.predict)=93.35%
[ 2022-04-24 15:44:12,385][kfold_wrapper.log_eval_metrics] Accuracy(layer_1 - estimator_1 - 5_folds.train_4.predict)=93.28%
[ 2022-04-24 15:44:12,402][kfold_wrapper.log_eval_metrics] Accuracy(layer_1 - estimator_1 - 5_folds.train_cv.predict)=93.67%
[ 2022-04-24 15:44:19,410][kfold_wrapper.log_eval_metrics] Accuracy(layer_1 - estimator_2 - 5_folds.train_0.predict)=93.85%
[ 2022-04-24 15:44:26,705][kfold_wrapper.log_eval_metrics] Accuracy(layer_1 - estimator_2 - 5_folds.train_1.predict)=93.85%
[ 2022-04-24 15:44:34,086][kfold_wrapper.log_eval_metrics] Accuracy(layer_1 - estimator_2 - 5_folds.train_2.predict)=93.41%
[ 2022-04-24 15:44:41,751][kfold_wrapper.log_eval_metrics] Accuracy(layer_1 - estimator_2 - 5_folds.train_3.predict)=93.85%
[ 2022-04-24 15:44:49,044][kfold_wrapper.log_eval_metrics] Accuracy(layer_1 - estimator_2 - 5_folds.train_4.predict)=93.59%
[ 2022-04-24 15:44:49,049][kfold_wrapper.log_eval_metrics] Accuracy(layer_1 - estimator_2 - 5_folds.train_cv.predict)=93.71%
[ 2022-04-24 15:44:56,063][kfold_wrapper.log_eval_metrics] Accuracy(layer_1 - estimator_3 - 5_folds.train_0.predict)=93.53%
[ 2022-04-24 15:45:03,038][kfold_wrapper.log_eval_metrics] Accuracy(layer_1 - estimator_3 - 5_folds.train_1.predict)=92.84%
[ 2022-04-24 15:45:10,375][kfold_wrapper.log_eval_metrics] Accuracy(layer_1 - estimator_3 - 5_folds.train_2.predict)=93.28%
[ 2022-04-24 15:45:17,758][kfold_wrapper.log_eval_metrics] Accuracy(layer_1 - estimator_3 - 5_folds.train_3.predict)=94.79%
[ 2022-04-24 15:45:25,098][kfold_wrapper.log_eval_metrics] Accuracy(layer_1 - estimator_3 - 5_folds.train_4.predict)=94.16%
[ 2022-04-24 15:45:25,099][kfold_wrapper.log_eval_metrics] Accuracy(layer_1 - estimator_3 - 5_folds.train_cv.predict)=93.72%
[ 2022-04-24 15:45:25,099][cascade_classifier.calc_accuracy] Accuracy(layer_1 - train.classifier_average)=93.71%
[ 2022-04-24 15:45:25,113][cascade_classifier.calc_auc] AUC(layer_1 - train.classifier_average)=0.98%
[ 2022-04-24 15:45:25,166][cascade_classifier.fit_transform] [layer=2] look_indexs=[0], X_cur_train.shape=(7964, 1658), X_cur_test.shape=(0, 1658)
[ 2022-04-24 15:45:32,242][kfold_wrapper.log_eval_metrics] Accuracy(layer_2 - estimator_0 - 5_folds.train_0.predict)=93.72%
[ 2022-04-24 15:45:39,730][kfold_wrapper.log_eval_metrics] Accuracy(layer_2 - estimator_0 - 5_folds.train_1.predict)=92.97%
[ 2022-04-24 15:45:46,697][kfold_wrapper.log_eval_metrics] Accuracy(layer_2 - estimator_0 - 5_folds.train_2.predict)=92.66%
[ 2022-04-24 15:45:53,852][kfold_wrapper.log_eval_metrics] Accuracy(layer_2 - estimator_0 - 5_folds.train_3.predict)=93.97%
[ 2022-04-24 15:46:00,793][kfold_wrapper.log_eval_metrics] Accuracy(layer_2 - estimator_0 - 5_folds.train_4.predict)=93.22%
[ 2022-04-24 15:46:00,803][kfold_wrapper.log_eval_metrics] Accuracy(layer_2 - estimator_0 - 5_folds.train_cv.predict)=93.31%
[ 2022-04-24 15:46:07,597][kfold_wrapper.log_eval_metrics] Accuracy(layer_2 - estimator_1 - 5_folds.train_0.predict)=93.47%
[ 2022-04-24 15:46:14,517][kfold_wrapper.log_eval_metrics] Accuracy(layer_2 - estimator_1 - 5_folds.train_1.predict)=94.35%
[ 2022-04-24 15:46:21,272][kfold_wrapper.log_eval_metrics] Accuracy(layer_2 - estimator_1 - 5_folds.train_2.predict)=91.84%
[ 2022-04-24 15:46:27,937][kfold_wrapper.log_eval_metrics] Accuracy(layer_2 - estimator_1 - 5_folds.train_3.predict)=92.66%
[ 2022-04-24 15:46:34,923][kfold_wrapper.log_eval_metrics] Accuracy(layer_2 - estimator_1 - 5_folds.train_4.predict)=93.97%
[ 2022-04-24 15:46:34,927][kfold_wrapper.log_eval_metrics] Accuracy(layer_2 - estimator_1 - 5_folds.train_cv.predict)=93.26%
[ 2022-04-24 15:46:42,232][kfold_wrapper.log_eval_metrics] Accuracy(layer_2 - estimator_2 - 5_folds.train_0.predict)=91.78%
[ 2022-04-24 15:46:48,791][kfold_wrapper.log_eval_metrics] Accuracy(layer_2 - estimator_2 - 5_folds.train_1.predict)=93.66%
[ 2022-04-24 15:46:56,120][kfold_wrapper.log_eval_metrics] Accuracy(layer_2 - estimator_2 - 5_folds.train_2.predict)=92.47%
[ 2022-04-24 15:47:03,046][kfold_wrapper.log_eval_metrics] Accuracy(layer_2 - estimator_2 - 5_folds.train_3.predict)=94.73%
[ 2022-04-24 15:47:10,035][kfold_wrapper.log_eval_metrics] Accuracy(layer_2 - estimator_2 - 5_folds.train_4.predict)=93.15%
[ 2022-04-24 15:47:10,047][kfold_wrapper.log_eval_metrics] Accuracy(layer_2 - estimator_2 - 5_folds.train_cv.predict)=93.16%
[ 2022-04-24 15:47:16,715][kfold_wrapper.log_eval_metrics] Accuracy(layer_2 - estimator_3 - 5_folds.train_0.predict)=93.53%
[ 2022-04-24 15:47:23,545][kfold_wrapper.log_eval_metrics] Accuracy(layer_2 - estimator_3 - 5_folds.train_1.predict)=93.53%
[ 2022-04-24 15:47:30,153][kfold_wrapper.log_eval_metrics] Accuracy(layer_2 - estimator_3 - 5_folds.train_2.predict)=92.72%
[ 2022-04-24 15:47:36,874][kfold_wrapper.log_eval_metrics] Accuracy(layer_2 - estimator_3 - 5_folds.train_3.predict)=93.79%
[ 2022-04-24 15:47:43,599][kfold_wrapper.log_eval_metrics] Accuracy(layer_2 - estimator_3 - 5_folds.train_4.predict)=92.34%
[ 2022-04-24 15:47:43,599][kfold_wrapper.log_eval_metrics] Accuracy(layer_2 - estimator_3 - 5_folds.train_cv.predict)=93.18%
[ 2022-04-24 15:47:43,599][cascade_classifier.calc_accuracy] Accuracy(layer_2 - train.classifier_average)=93.43%
[ 2022-04-24 15:47:43,617][cascade_classifier.calc_auc] AUC(layer_2 - train.classifier_average)=0.98%
[ 2022-04-24 15:47:43,685][cascade_classifier.fit_transform] [layer=3] look_indexs=[0], X_cur_train.shape=(7964, 1658), X_cur_test.shape=(0, 1658)
[ 2022-04-24 15:47:50,063][kfold_wrapper.log_eval_metrics] Accuracy(layer_3 - estimator_0 - 5_folds.train_0.predict)=94.16%
[ 2022-04-24 15:47:56,067][kfold_wrapper.log_eval_metrics] Accuracy(layer_3 - estimator_0 - 5_folds.train_1.predict)=92.97%
[ 2022-04-24 15:48:02,854][kfold_wrapper.log_eval_metrics] Accuracy(layer_3 - estimator_0 - 5_folds.train_2.predict)=91.40%
[ 2022-04-24 15:48:09,392][kfold_wrapper.log_eval_metrics] Accuracy(layer_3 - estimator_0 - 5_folds.train_3.predict)=92.40%
[ 2022-04-24 15:48:15,789][kfold_wrapper.log_eval_metrics] Accuracy(layer_3 - estimator_0 - 5_folds.train_4.predict)=93.28%
[ 2022-04-24 15:48:15,789][kfold_wrapper.log_eval_metrics] Accuracy(layer_3 - estimator_0 - 5_folds.train_cv.predict)=92.84%
[ 2022-04-24 15:48:22,550][kfold_wrapper.log_eval_metrics] Accuracy(layer_3 - estimator_1 - 5_folds.train_0.predict)=93.22%
[ 2022-04-24 15:48:28,584][kfold_wrapper.log_eval_metrics] Accuracy(layer_3 - estimator_1 - 5_folds.train_1.predict)=92.72%
[ 2022-04-24 15:48:34,885][kfold_wrapper.log_eval_metrics] Accuracy(layer_3 - estimator_1 - 5_folds.train_2.predict)=92.97%
[ 2022-04-24 15:48:41,810][kfold_wrapper.log_eval_metrics] Accuracy(layer_3 - estimator_1 - 5_folds.train_3.predict)=93.28%
[ 2022-04-24 15:48:48,294][kfold_wrapper.log_eval_metrics] Accuracy(layer_3 - estimator_1 - 5_folds.train_4.predict)=92.90%
[ 2022-04-24 15:48:48,296][kfold_wrapper.log_eval_metrics] Accuracy(layer_3 - estimator_1 - 5_folds.train_cv.predict)=93.02%
[ 2022-04-24 15:48:54,818][kfold_wrapper.log_eval_metrics] Accuracy(layer_3 - estimator_2 - 5_folds.train_0.predict)=93.09%
[ 2022-04-24 15:49:01,277][kfold_wrapper.log_eval_metrics] Accuracy(layer_3 - estimator_2 - 5_folds.train_1.predict)=92.66%
[ 2022-04-24 15:49:07,936][kfold_wrapper.log_eval_metrics] Accuracy(layer_3 - estimator_2 - 5_folds.train_2.predict)=92.72%
[ 2022-04-24 15:49:14,445][kfold_wrapper.log_eval_metrics] Accuracy(layer_3 - estimator_2 - 5_folds.train_3.predict)=92.91%
[ 2022-04-24 15:49:20,937][kfold_wrapper.log_eval_metrics] Accuracy(layer_3 - estimator_2 - 5_folds.train_4.predict)=92.78%
[ 2022-04-24 15:49:20,954][kfold_wrapper.log_eval_metrics] Accuracy(layer_3 - estimator_2 - 5_folds.train_cv.predict)=92.83%
[ 2022-04-24 15:49:27,339][kfold_wrapper.log_eval_metrics] Accuracy(layer_3 - estimator_3 - 5_folds.train_0.predict)=93.09%
[ 2022-04-24 15:49:33,365][kfold_wrapper.log_eval_metrics] Accuracy(layer_3 - estimator_3 - 5_folds.train_1.predict)=92.97%
[ 2022-04-24 15:49:40,268][kfold_wrapper.log_eval_metrics] Accuracy(layer_3 - estimator_3 - 5_folds.train_2.predict)=93.47%
[ 2022-04-24 15:49:47,212][kfold_wrapper.log_eval_metrics] Accuracy(layer_3 - estimator_3 - 5_folds.train_3.predict)=92.15%
[ 2022-04-24 15:49:54,067][kfold_wrapper.log_eval_metrics] Accuracy(layer_3 - estimator_3 - 5_folds.train_4.predict)=92.96%
[ 2022-04-24 15:49:54,069][kfold_wrapper.log_eval_metrics] Accuracy(layer_3 - estimator_3 - 5_folds.train_cv.predict)=92.93%
[ 2022-04-24 15:49:54,071][cascade_classifier.calc_accuracy] Accuracy(layer_3 - train.classifier_average)=93.14%
[ 2022-04-24 15:49:54,072][cascade_classifier.calc_auc] AUC(layer_3 - train.classifier_average)=0.97%
[ 2022-04-24 15:49:54,072][cascade_classifier.fit_transform] [Result][Optimal Level Detected] opt_layer_num=1, accuracy_train=0.98%, accuracy_test=0.00%
[ 2022-04-24 15:49:54,180][cascade_classifier.transform] X_groups_test.shape=[(1992, 1650)]
[ 2022-04-24 15:49:54,180][cascade_classifier.transform] group_dims=[1650]
[ 2022-04-24 15:49:54,180][cascade_classifier.transform] X_test.shape=(1992, 1650)
[ 2022-04-24 15:49:54,195][cascade_classifier.transform] [layer=0] look_indexs=[0], X_cur_test.shape=(1992, 1650)
[ 2022-04-24 15:49:55,667][cascade_classifier.transform] X_groups_test.shape=[(1992, 1650)]
[ 2022-04-24 15:49:55,669][cascade_classifier.transform] group_dims=[1650]
[ 2022-04-24 15:49:55,669][cascade_classifier.transform] X_test.shape=(1992, 1650)
[ 2022-04-24 15:49:55,669][cascade_classifier.transform] [layer=0] look_indexs=[0], X_cur_test.shape=(1992, 1650)
[ 2022-04-24 15:49:57,396][cascade_classifier.fit_transform] X_groups_train.shape=[(7965, 1650)],y_train.shape=(7965,),X_groups_test.shape=no_test,y_test.shape=no_test
[ 2022-04-24 15:49:57,412][cascade_classifier.fit_transform] group_dims=[1650]
[ 2022-04-24 15:49:57,412][cascade_classifier.fit_transform] group_starts=[0]
[ 2022-04-24 15:49:57,412][cascade_classifier.fit_transform] group_ends=[1650]
[ 2022-04-24 15:49:57,412][cascade_classifier.fit_transform] X_train.shape=(7965, 1650),X_test.shape=(0, 1650)
[ 2022-04-24 15:49:57,443][cascade_classifier.fit_transform] [layer=0] look_indexs=[0], X_cur_train.shape=(7965, 1650), X_cur_test.shape=(0, 1650)
[ 2022-04-24 15:50:04,537][kfold_wrapper.log_eval_metrics] Accuracy(layer_0 - estimator_0 - 5_folds.train_0.predict)=94.16%
[ 2022-04-24 15:50:12,168][kfold_wrapper.log_eval_metrics] Accuracy(layer_0 - estimator_0 - 5_folds.train_1.predict)=92.66%
[ 2022-04-24 15:50:19,675][kfold_wrapper.log_eval_metrics] Accuracy(layer_0 - estimator_0 - 5_folds.train_2.predict)=94.60%
[ 2022-04-24 15:50:26,977][kfold_wrapper.log_eval_metrics] Accuracy(layer_0 - estimator_0 - 5_folds.train_3.predict)=93.16%
[ 2022-04-24 15:50:34,346][kfold_wrapper.log_eval_metrics] Accuracy(layer_0 - estimator_0 - 5_folds.train_4.predict)=93.16%
[ 2022-04-24 15:50:34,350][kfold_wrapper.log_eval_metrics] Accuracy(layer_0 - estimator_0 - 5_folds.train_cv.predict)=93.55%
[ 2022-04-24 15:50:42,268][kfold_wrapper.log_eval_metrics] Accuracy(layer_0 - estimator_1 - 5_folds.train_0.predict)=93.16%
[ 2022-04-24 15:50:49,635][kfold_wrapper.log_eval_metrics] Accuracy(layer_0 - estimator_1 - 5_folds.train_1.predict)=92.97%
[ 2022-04-24 15:50:56,887][kfold_wrapper.log_eval_metrics] Accuracy(layer_0 - estimator_1 - 5_folds.train_2.predict)=92.72%
[ 2022-04-24 15:51:04,215][kfold_wrapper.log_eval_metrics] Accuracy(layer_0 - estimator_1 - 5_folds.train_3.predict)=93.79%
[ 2022-04-24 15:51:11,438][kfold_wrapper.log_eval_metrics] Accuracy(layer_0 - estimator_1 - 5_folds.train_4.predict)=92.91%
[ 2022-04-24 15:51:11,438][kfold_wrapper.log_eval_metrics] Accuracy(layer_0 - estimator_1 - 5_folds.train_cv.predict)=93.11%
[ 2022-04-24 15:51:18,627][kfold_wrapper.log_eval_metrics] Accuracy(layer_0 - estimator_2 - 5_folds.train_0.predict)=93.22%
[ 2022-04-24 15:51:25,869][kfold_wrapper.log_eval_metrics] Accuracy(layer_0 - estimator_2 - 5_folds.train_1.predict)=93.22%
[ 2022-04-24 15:51:33,564][kfold_wrapper.log_eval_metrics] Accuracy(layer_0 - estimator_2 - 5_folds.train_2.predict)=93.66%
[ 2022-04-24 15:51:41,482][kfold_wrapper.log_eval_metrics] Accuracy(layer_0 - estimator_2 - 5_folds.train_3.predict)=93.66%
[ 2022-04-24 15:51:48,839][kfold_wrapper.log_eval_metrics] Accuracy(layer_0 - estimator_2 - 5_folds.train_4.predict)=92.91%
[ 2022-04-24 15:51:48,839][kfold_wrapper.log_eval_metrics] Accuracy(layer_0 - estimator_2 - 5_folds.train_cv.predict)=93.33%
[ 2022-04-24 15:51:56,127][kfold_wrapper.log_eval_metrics] Accuracy(layer_0 - estimator_3 - 5_folds.train_0.predict)=93.91%
[ 2022-04-24 15:52:03,359][kfold_wrapper.log_eval_metrics] Accuracy(layer_0 - estimator_3 - 5_folds.train_1.predict)=92.97%
[ 2022-04-24 15:52:10,570][kfold_wrapper.log_eval_metrics] Accuracy(layer_0 - estimator_3 - 5_folds.train_2.predict)=94.73%
[ 2022-04-24 15:52:18,044][kfold_wrapper.log_eval_metrics] Accuracy(layer_0 - estimator_3 - 5_folds.train_3.predict)=92.66%
[ 2022-04-24 15:52:25,257][kfold_wrapper.log_eval_metrics] Accuracy(layer_0 - estimator_3 - 5_folds.train_4.predict)=93.60%
[ 2022-04-24 15:52:25,269][kfold_wrapper.log_eval_metrics] Accuracy(layer_0 - estimator_3 - 5_folds.train_cv.predict)=93.57%
[ 2022-04-24 15:52:25,269][cascade_classifier.calc_accuracy] Accuracy(layer_0 - train.classifier_average)=93.65%
[ 2022-04-24 15:52:25,269][cascade_classifier.calc_auc] AUC(layer_0 - train.classifier_average)=0.98%
[ 2022-04-24 15:52:25,321][cascade_classifier.fit_transform] [layer=1] look_indexs=[0], X_cur_train.shape=(7965, 1658), X_cur_test.shape=(0, 1658)
[ 2022-04-24 15:52:32,449][kfold_wrapper.log_eval_metrics] Accuracy(layer_1 - estimator_0 - 5_folds.train_0.predict)=93.97%
[ 2022-04-24 15:52:40,351][kfold_wrapper.log_eval_metrics] Accuracy(layer_1 - estimator_0 - 5_folds.train_1.predict)=93.60%
[ 2022-04-24 15:52:47,733][kfold_wrapper.log_eval_metrics] Accuracy(layer_1 - estimator_0 - 5_folds.train_2.predict)=93.35%
[ 2022-04-24 15:52:54,854][kfold_wrapper.log_eval_metrics] Accuracy(layer_1 - estimator_0 - 5_folds.train_3.predict)=94.10%
[ 2022-04-24 15:53:02,353][kfold_wrapper.log_eval_metrics] Accuracy(layer_1 - estimator_0 - 5_folds.train_4.predict)=94.16%
[ 2022-04-24 15:53:02,353][kfold_wrapper.log_eval_metrics] Accuracy(layer_1 - estimator_0 - 5_folds.train_cv.predict)=93.84%
[ 2022-04-24 15:53:09,525][kfold_wrapper.log_eval_metrics] Accuracy(layer_1 - estimator_1 - 5_folds.train_0.predict)=94.16%
[ 2022-04-24 15:53:16,843][kfold_wrapper.log_eval_metrics] Accuracy(layer_1 - estimator_1 - 5_folds.train_1.predict)=93.16%
[ 2022-04-24 15:53:24,010][kfold_wrapper.log_eval_metrics] Accuracy(layer_1 - estimator_1 - 5_folds.train_2.predict)=93.03%
[ 2022-04-24 15:53:31,484][kfold_wrapper.log_eval_metrics] Accuracy(layer_1 - estimator_1 - 5_folds.train_3.predict)=94.73%
[ 2022-04-24 15:53:39,182][kfold_wrapper.log_eval_metrics] Accuracy(layer_1 - estimator_1 - 5_folds.train_4.predict)=93.47%
[ 2022-04-24 15:53:39,182][kfold_wrapper.log_eval_metrics] Accuracy(layer_1 - estimator_1 - 5_folds.train_cv.predict)=93.71%
[ 2022-04-24 15:53:46,439][kfold_wrapper.log_eval_metrics] Accuracy(layer_1 - estimator_2 - 5_folds.train_0.predict)=94.04%
[ 2022-04-24 15:53:53,541][kfold_wrapper.log_eval_metrics] Accuracy(layer_1 - estimator_2 - 5_folds.train_1.predict)=93.35%
[ 2022-04-24 15:54:00,702][kfold_wrapper.log_eval_metrics] Accuracy(layer_1 - estimator_2 - 5_folds.train_2.predict)=94.35%
[ 2022-04-24 15:54:08,037][kfold_wrapper.log_eval_metrics] Accuracy(layer_1 - estimator_2 - 5_folds.train_3.predict)=94.04%
[ 2022-04-24 15:54:15,183][kfold_wrapper.log_eval_metrics] Accuracy(layer_1 - estimator_2 - 5_folds.train_4.predict)=94.04%
[ 2022-04-24 15:54:15,199][kfold_wrapper.log_eval_metrics] Accuracy(layer_1 - estimator_2 - 5_folds.train_cv.predict)=93.96%
[ 2022-04-24 15:54:22,322][kfold_wrapper.log_eval_metrics] Accuracy(layer_1 - estimator_3 - 5_folds.train_0.predict)=93.91%
[ 2022-04-24 15:54:29,574][kfold_wrapper.log_eval_metrics] Accuracy(layer_1 - estimator_3 - 5_folds.train_1.predict)=93.85%
[ 2022-04-24 15:54:37,066][kfold_wrapper.log_eval_metrics] Accuracy(layer_1 - estimator_3 - 5_folds.train_2.predict)=94.54%
[ 2022-04-24 15:54:43,975][kfold_wrapper.log_eval_metrics] Accuracy(layer_1 - estimator_3 - 5_folds.train_3.predict)=92.53%
[ 2022-04-24 15:54:51,230][kfold_wrapper.log_eval_metrics] Accuracy(layer_1 - estimator_3 - 5_folds.train_4.predict)=94.54%
[ 2022-04-24 15:54:51,248][kfold_wrapper.log_eval_metrics] Accuracy(layer_1 - estimator_3 - 5_folds.train_cv.predict)=93.87%
[ 2022-04-24 15:54:51,248][cascade_classifier.calc_accuracy] Accuracy(layer_1 - train.classifier_average)=94.00%
[ 2022-04-24 15:54:51,248][cascade_classifier.calc_auc] AUC(layer_1 - train.classifier_average)=0.98%
[ 2022-04-24 15:54:51,299][cascade_classifier.fit_transform] [layer=2] look_indexs=[0], X_cur_train.shape=(7965, 1658), X_cur_test.shape=(0, 1658)
[ 2022-04-24 15:54:58,214][kfold_wrapper.log_eval_metrics] Accuracy(layer_2 - estimator_0 - 5_folds.train_0.predict)=93.35%
[ 2022-04-24 15:55:05,163][kfold_wrapper.log_eval_metrics] Accuracy(layer_2 - estimator_0 - 5_folds.train_1.predict)=92.91%
[ 2022-04-24 15:55:12,167][kfold_wrapper.log_eval_metrics] Accuracy(layer_2 - estimator_0 - 5_folds.train_2.predict)=93.79%
[ 2022-04-24 15:55:19,197][kfold_wrapper.log_eval_metrics] Accuracy(layer_2 - estimator_0 - 5_folds.train_3.predict)=92.72%
[ 2022-04-24 15:55:26,043][kfold_wrapper.log_eval_metrics] Accuracy(layer_2 - estimator_0 - 5_folds.train_4.predict)=94.60%
[ 2022-04-24 15:55:26,057][kfold_wrapper.log_eval_metrics] Accuracy(layer_2 - estimator_0 - 5_folds.train_cv.predict)=93.47%
[ 2022-04-24 15:55:32,862][kfold_wrapper.log_eval_metrics] Accuracy(layer_2 - estimator_1 - 5_folds.train_0.predict)=92.78%
[ 2022-04-24 15:55:40,298][kfold_wrapper.log_eval_metrics] Accuracy(layer_2 - estimator_1 - 5_folds.train_1.predict)=92.97%
[ 2022-04-24 15:55:47,266][kfold_wrapper.log_eval_metrics] Accuracy(layer_2 - estimator_1 - 5_folds.train_2.predict)=93.28%
[ 2022-04-24 15:55:54,190][kfold_wrapper.log_eval_metrics] Accuracy(layer_2 - estimator_1 - 5_folds.train_3.predict)=93.97%
[ 2022-04-24 15:56:00,975][kfold_wrapper.log_eval_metrics] Accuracy(layer_2 - estimator_1 - 5_folds.train_4.predict)=93.72%
[ 2022-04-24 15:56:00,979][kfold_wrapper.log_eval_metrics] Accuracy(layer_2 - estimator_1 - 5_folds.train_cv.predict)=93.35%
[ 2022-04-24 15:56:07,847][kfold_wrapper.log_eval_metrics] Accuracy(layer_2 - estimator_2 - 5_folds.train_0.predict)=92.84%
[ 2022-04-24 15:56:14,818][kfold_wrapper.log_eval_metrics] Accuracy(layer_2 - estimator_2 - 5_folds.train_1.predict)=94.04%
[ 2022-04-24 15:56:21,557][kfold_wrapper.log_eval_metrics] Accuracy(layer_2 - estimator_2 - 5_folds.train_2.predict)=93.16%
[ 2022-04-24 15:56:28,341][kfold_wrapper.log_eval_metrics] Accuracy(layer_2 - estimator_2 - 5_folds.train_3.predict)=94.35%
[ 2022-04-24 15:56:34,888][kfold_wrapper.log_eval_metrics] Accuracy(layer_2 - estimator_2 - 5_folds.train_4.predict)=93.53%
[ 2022-04-24 15:56:34,894][kfold_wrapper.log_eval_metrics] Accuracy(layer_2 - estimator_2 - 5_folds.train_cv.predict)=93.58%
[ 2022-04-24 15:56:42,167][kfold_wrapper.log_eval_metrics] Accuracy(layer_2 - estimator_3 - 5_folds.train_0.predict)=93.47%
[ 2022-04-24 15:56:48,885][kfold_wrapper.log_eval_metrics] Accuracy(layer_2 - estimator_3 - 5_folds.train_1.predict)=94.22%
[ 2022-04-24 15:56:55,624][kfold_wrapper.log_eval_metrics] Accuracy(layer_2 - estimator_3 - 5_folds.train_2.predict)=91.96%
[ 2022-04-24 15:57:02,256][kfold_wrapper.log_eval_metrics] Accuracy(layer_2 - estimator_3 - 5_folds.train_3.predict)=93.47%
[ 2022-04-24 15:57:09,208][kfold_wrapper.log_eval_metrics] Accuracy(layer_2 - estimator_3 - 5_folds.train_4.predict)=94.29%
[ 2022-04-24 15:57:09,214][kfold_wrapper.log_eval_metrics] Accuracy(layer_2 - estimator_3 - 5_folds.train_cv.predict)=93.48%
[ 2022-04-24 15:57:09,215][cascade_classifier.calc_accuracy] Accuracy(layer_2 - train.classifier_average)=93.63%
[ 2022-04-24 15:57:09,217][cascade_classifier.calc_auc] AUC(layer_2 - train.classifier_average)=0.98%
[ 2022-04-24 15:57:09,269][cascade_classifier.fit_transform] [layer=3] look_indexs=[0], X_cur_train.shape=(7965, 1658), X_cur_test.shape=(0, 1658)
[ 2022-04-24 15:57:15,813][kfold_wrapper.log_eval_metrics] Accuracy(layer_3 - estimator_0 - 5_folds.train_0.predict)=93.28%
[ 2022-04-24 15:57:22,194][kfold_wrapper.log_eval_metrics] Accuracy(layer_3 - estimator_0 - 5_folds.train_1.predict)=91.59%
[ 2022-04-24 15:57:28,848][kfold_wrapper.log_eval_metrics] Accuracy(layer_3 - estimator_0 - 5_folds.train_2.predict)=93.85%
[ 2022-04-24 15:57:35,390][kfold_wrapper.log_eval_metrics] Accuracy(layer_3 - estimator_0 - 5_folds.train_3.predict)=93.35%
[ 2022-04-24 15:57:42,659][kfold_wrapper.log_eval_metrics] Accuracy(layer_3 - estimator_0 - 5_folds.train_4.predict)=93.22%
[ 2022-04-24 15:57:42,665][kfold_wrapper.log_eval_metrics] Accuracy(layer_3 - estimator_0 - 5_folds.train_cv.predict)=93.06%
[ 2022-04-24 15:57:49,338][kfold_wrapper.log_eval_metrics] Accuracy(layer_3 - estimator_1 - 5_folds.train_0.predict)=91.46%
[ 2022-04-24 15:57:55,993][kfold_wrapper.log_eval_metrics] Accuracy(layer_3 - estimator_1 - 5_folds.train_1.predict)=93.53%
[ 2022-04-24 15:58:02,945][kfold_wrapper.log_eval_metrics] Accuracy(layer_3 - estimator_1 - 5_folds.train_2.predict)=94.16%
[ 2022-04-24 15:58:09,337][kfold_wrapper.log_eval_metrics] Accuracy(layer_3 - estimator_1 - 5_folds.train_3.predict)=93.41%
[ 2022-04-24 15:58:16,124][kfold_wrapper.log_eval_metrics] Accuracy(layer_3 - estimator_1 - 5_folds.train_4.predict)=93.53%
[ 2022-04-24 15:58:16,128][kfold_wrapper.log_eval_metrics] Accuracy(layer_3 - estimator_1 - 5_folds.train_cv.predict)=93.22%
[ 2022-04-24 15:58:22,595][kfold_wrapper.log_eval_metrics] Accuracy(layer_3 - estimator_2 - 5_folds.train_0.predict)=92.59%
[ 2022-04-24 15:58:29,294][kfold_wrapper.log_eval_metrics] Accuracy(layer_3 - estimator_2 - 5_folds.train_1.predict)=93.53%
[ 2022-04-24 15:58:36,183][kfold_wrapper.log_eval_metrics] Accuracy(layer_3 - estimator_2 - 5_folds.train_2.predict)=92.59%
[ 2022-04-24 15:58:43,355][kfold_wrapper.log_eval_metrics] Accuracy(layer_3 - estimator_2 - 5_folds.train_3.predict)=92.91%
[ 2022-04-24 15:58:49,849][kfold_wrapper.log_eval_metrics] Accuracy(layer_3 - estimator_2 - 5_folds.train_4.predict)=94.29%
[ 2022-04-24 15:58:49,850][kfold_wrapper.log_eval_metrics] Accuracy(layer_3 - estimator_2 - 5_folds.train_cv.predict)=93.18%
[ 2022-04-24 15:58:56,374][kfold_wrapper.log_eval_metrics] Accuracy(layer_3 - estimator_3 - 5_folds.train_0.predict)=92.53%
[ 2022-04-24 15:59:02,741][kfold_wrapper.log_eval_metrics] Accuracy(layer_3 - estimator_3 - 5_folds.train_1.predict)=93.53%
[ 2022-04-24 15:59:09,587][kfold_wrapper.log_eval_metrics] Accuracy(layer_3 - estimator_3 - 5_folds.train_2.predict)=92.78%
[ 2022-04-24 15:59:16,195][kfold_wrapper.log_eval_metrics] Accuracy(layer_3 - estimator_3 - 5_folds.train_3.predict)=94.22%
[ 2022-04-24 15:59:22,988][kfold_wrapper.log_eval_metrics] Accuracy(layer_3 - estimator_3 - 5_folds.train_4.predict)=92.47%
[ 2022-04-24 15:59:22,989][kfold_wrapper.log_eval_metrics] Accuracy(layer_3 - estimator_3 - 5_folds.train_cv.predict)=93.11%
[ 2022-04-24 15:59:22,991][cascade_classifier.calc_accuracy] Accuracy(layer_3 - train.classifier_average)=93.35%
[ 2022-04-24 15:59:22,992][cascade_classifier.calc_auc] AUC(layer_3 - train.classifier_average)=0.98%
[ 2022-04-24 15:59:22,996][cascade_classifier.fit_transform] [Result][Optimal Level Detected] opt_layer_num=1, accuracy_train=0.98%, accuracy_test=0.00%
[ 2022-04-24 15:59:23,073][cascade_classifier.transform] X_groups_test.shape=[(1991, 1650)]
[ 2022-04-24 15:59:23,079][cascade_classifier.transform] group_dims=[1650]
[ 2022-04-24 15:59:23,079][cascade_classifier.transform] X_test.shape=(1991, 1650)
[ 2022-04-24 15:59:23,079][cascade_classifier.transform] [layer=0] look_indexs=[0], X_cur_test.shape=(1991, 1650)
[ 2022-04-24 15:59:24,567][cascade_classifier.transform] X_groups_test.shape=[(1991, 1650)]
[ 2022-04-24 15:59:24,569][cascade_classifier.transform] group_dims=[1650]
[ 2022-04-24 15:59:24,574][cascade_classifier.transform] X_test.shape=(1991, 1650)
[ 2022-04-24 15:59:24,574][cascade_classifier.transform] [layer=0] look_indexs=[0], X_cur_test.shape=(1991, 1650)
[ 2022-04-24 15:59:26,180][cascade_classifier.fit_transform] X_groups_train.shape=[(7965, 1650)],y_train.shape=(7965,),X_groups_test.shape=no_test,y_test.shape=no_test
[ 2022-04-24 15:59:26,212][cascade_classifier.fit_transform] group_dims=[1650]
[ 2022-04-24 15:59:26,212][cascade_classifier.fit_transform] group_starts=[0]
[ 2022-04-24 15:59:26,212][cascade_classifier.fit_transform] group_ends=[1650]
[ 2022-04-24 15:59:26,212][cascade_classifier.fit_transform] X_train.shape=(7965, 1650),X_test.shape=(0, 1650)
[ 2022-04-24 15:59:26,227][cascade_classifier.fit_transform] [layer=0] look_indexs=[0], X_cur_train.shape=(7965, 1650), X_cur_test.shape=(0, 1650)
[ 2022-04-24 15:59:33,797][kfold_wrapper.log_eval_metrics] Accuracy(layer_0 - estimator_0 - 5_folds.train_0.predict)=94.10%
[ 2022-04-24 15:59:41,729][kfold_wrapper.log_eval_metrics] Accuracy(layer_0 - estimator_0 - 5_folds.train_1.predict)=94.48%
[ 2022-04-24 15:59:49,295][kfold_wrapper.log_eval_metrics] Accuracy(layer_0 - estimator_0 - 5_folds.train_2.predict)=93.03%
[ 2022-04-24 15:59:56,857][kfold_wrapper.log_eval_metrics] Accuracy(layer_0 - estimator_0 - 5_folds.train_3.predict)=93.09%
[ 2022-04-24 16:00:04,253][kfold_wrapper.log_eval_metrics] Accuracy(layer_0 - estimator_0 - 5_folds.train_4.predict)=93.66%
[ 2022-04-24 16:00:04,269][kfold_wrapper.log_eval_metrics] Accuracy(layer_0 - estimator_0 - 5_folds.train_cv.predict)=93.67%
[ 2022-04-24 16:00:11,680][kfold_wrapper.log_eval_metrics] Accuracy(layer_0 - estimator_1 - 5_folds.train_0.predict)=93.35%
[ 2022-04-24 16:00:19,091][kfold_wrapper.log_eval_metrics] Accuracy(layer_0 - estimator_1 - 5_folds.train_1.predict)=93.22%
[ 2022-04-24 16:00:26,461][kfold_wrapper.log_eval_metrics] Accuracy(layer_0 - estimator_1 - 5_folds.train_2.predict)=92.97%
[ 2022-04-24 16:00:33,938][kfold_wrapper.log_eval_metrics] Accuracy(layer_0 - estimator_1 - 5_folds.train_3.predict)=93.41%
[ 2022-04-24 16:00:42,285][kfold_wrapper.log_eval_metrics] Accuracy(layer_0 - estimator_1 - 5_folds.train_4.predict)=94.41%
[ 2022-04-24 16:00:42,297][kfold_wrapper.log_eval_metrics] Accuracy(layer_0 - estimator_1 - 5_folds.train_cv.predict)=93.47%
[ 2022-04-24 16:00:49,666][kfold_wrapper.log_eval_metrics] Accuracy(layer_0 - estimator_2 - 5_folds.train_0.predict)=92.15%
[ 2022-04-24 16:00:57,076][kfold_wrapper.log_eval_metrics] Accuracy(layer_0 - estimator_2 - 5_folds.train_1.predict)=93.28%
[ 2022-04-24 16:01:04,694][kfold_wrapper.log_eval_metrics] Accuracy(layer_0 - estimator_2 - 5_folds.train_2.predict)=93.28%
[ 2022-04-24 16:01:11,852][kfold_wrapper.log_eval_metrics] Accuracy(layer_0 - estimator_2 - 5_folds.train_3.predict)=94.16%
[ 2022-04-24 16:01:19,288][kfold_wrapper.log_eval_metrics] Accuracy(layer_0 - estimator_2 - 5_folds.train_4.predict)=94.41%
[ 2022-04-24 16:01:19,301][kfold_wrapper.log_eval_metrics] Accuracy(layer_0 - estimator_2 - 5_folds.train_cv.predict)=93.46%
[ 2022-04-24 16:01:26,729][kfold_wrapper.log_eval_metrics] Accuracy(layer_0 - estimator_3 - 5_folds.train_0.predict)=92.40%
[ 2022-04-24 16:01:34,098][kfold_wrapper.log_eval_metrics] Accuracy(layer_0 - estimator_3 - 5_folds.train_1.predict)=93.47%
[ 2022-04-24 16:01:42,386][kfold_wrapper.log_eval_metrics] Accuracy(layer_0 - estimator_3 - 5_folds.train_2.predict)=93.35%
[ 2022-04-24 16:01:49,769][kfold_wrapper.log_eval_metrics] Accuracy(layer_0 - estimator_3 - 5_folds.train_3.predict)=93.03%
[ 2022-04-24 16:01:57,567][kfold_wrapper.log_eval_metrics] Accuracy(layer_0 - estimator_3 - 5_folds.train_4.predict)=93.66%
[ 2022-04-24 16:01:57,583][kfold_wrapper.log_eval_metrics] Accuracy(layer_0 - estimator_3 - 5_folds.train_cv.predict)=93.18%
[ 2022-04-24 16:01:57,583][cascade_classifier.calc_accuracy] Accuracy(layer_0 - train.classifier_average)=93.63%
[ 2022-04-24 16:01:57,583][cascade_classifier.calc_auc] AUC(layer_0 - train.classifier_average)=0.98%
[ 2022-04-24 16:01:57,648][cascade_classifier.fit_transform] [layer=1] look_indexs=[0], X_cur_train.shape=(7965, 1658), X_cur_test.shape=(0, 1658)
[ 2022-04-24 16:02:05,111][kfold_wrapper.log_eval_metrics] Accuracy(layer_1 - estimator_0 - 5_folds.train_0.predict)=94.29%
[ 2022-04-24 16:02:12,606][kfold_wrapper.log_eval_metrics] Accuracy(layer_1 - estimator_0 - 5_folds.train_1.predict)=93.53%
[ 2022-04-24 16:02:19,917][kfold_wrapper.log_eval_metrics] Accuracy(layer_1 - estimator_0 - 5_folds.train_2.predict)=93.85%
[ 2022-04-24 16:02:26,924][kfold_wrapper.log_eval_metrics] Accuracy(layer_1 - estimator_0 - 5_folds.train_3.predict)=93.97%
[ 2022-04-24 16:02:34,060][kfold_wrapper.log_eval_metrics] Accuracy(layer_1 - estimator_0 - 5_folds.train_4.predict)=93.97%
[ 2022-04-24 16:02:34,064][kfold_wrapper.log_eval_metrics] Accuracy(layer_1 - estimator_0 - 5_folds.train_cv.predict)=93.92%
[ 2022-04-24 16:02:41,961][kfold_wrapper.log_eval_metrics] Accuracy(layer_1 - estimator_1 - 5_folds.train_0.predict)=94.22%
[ 2022-04-24 16:02:49,315][kfold_wrapper.log_eval_metrics] Accuracy(layer_1 - estimator_1 - 5_folds.train_1.predict)=93.66%
[ 2022-04-24 16:02:56,333][kfold_wrapper.log_eval_metrics] Accuracy(layer_1 - estimator_1 - 5_folds.train_2.predict)=94.29%
[ 2022-04-24 16:03:03,557][kfold_wrapper.log_eval_metrics] Accuracy(layer_1 - estimator_1 - 5_folds.train_3.predict)=93.97%
[ 2022-04-24 16:03:10,893][kfold_wrapper.log_eval_metrics] Accuracy(layer_1 - estimator_1 - 5_folds.train_4.predict)=93.91%
[ 2022-04-24 16:03:10,897][kfold_wrapper.log_eval_metrics] Accuracy(layer_1 - estimator_1 - 5_folds.train_cv.predict)=94.01%
[ 2022-04-24 16:03:17,947][kfold_wrapper.log_eval_metrics] Accuracy(layer_1 - estimator_2 - 5_folds.train_0.predict)=94.41%
[ 2022-04-24 16:03:25,051][kfold_wrapper.log_eval_metrics] Accuracy(layer_1 - estimator_2 - 5_folds.train_1.predict)=94.16%
[ 2022-04-24 16:03:32,111][kfold_wrapper.log_eval_metrics] Accuracy(layer_1 - estimator_2 - 5_folds.train_2.predict)=94.04%
[ 2022-04-24 16:03:39,778][kfold_wrapper.log_eval_metrics] Accuracy(layer_1 - estimator_2 - 5_folds.train_3.predict)=93.53%
[ 2022-04-24 16:03:47,158][kfold_wrapper.log_eval_metrics] Accuracy(layer_1 - estimator_2 - 5_folds.train_4.predict)=93.72%
[ 2022-04-24 16:03:47,172][kfold_wrapper.log_eval_metrics] Accuracy(layer_1 - estimator_2 - 5_folds.train_cv.predict)=93.97%
[ 2022-04-24 16:03:54,516][kfold_wrapper.log_eval_metrics] Accuracy(layer_1 - estimator_3 - 5_folds.train_0.predict)=94.98%
[ 2022-04-24 16:04:01,494][kfold_wrapper.log_eval_metrics] Accuracy(layer_1 - estimator_3 - 5_folds.train_1.predict)=93.91%
[ 2022-04-24 16:04:08,565][kfold_wrapper.log_eval_metrics] Accuracy(layer_1 - estimator_3 - 5_folds.train_2.predict)=93.85%
[ 2022-04-24 16:04:15,556][kfold_wrapper.log_eval_metrics] Accuracy(layer_1 - estimator_3 - 5_folds.train_3.predict)=92.53%
[ 2022-04-24 16:04:22,670][kfold_wrapper.log_eval_metrics] Accuracy(layer_1 - estimator_3 - 5_folds.train_4.predict)=94.54%
[ 2022-04-24 16:04:22,684][kfold_wrapper.log_eval_metrics] Accuracy(layer_1 - estimator_3 - 5_folds.train_cv.predict)=93.96%
[ 2022-04-24 16:04:22,684][cascade_classifier.calc_accuracy] Accuracy(layer_1 - train.classifier_average)=94.00%
[ 2022-04-24 16:04:22,684][cascade_classifier.calc_auc] AUC(layer_1 - train.classifier_average)=0.98%
[ 2022-04-24 16:04:22,751][cascade_classifier.fit_transform] [layer=2] look_indexs=[0], X_cur_train.shape=(7965, 1658), X_cur_test.shape=(0, 1658)
[ 2022-04-24 16:04:29,563][kfold_wrapper.log_eval_metrics] Accuracy(layer_2 - estimator_0 - 5_folds.train_0.predict)=93.66%
[ 2022-04-24 16:04:37,663][kfold_wrapper.log_eval_metrics] Accuracy(layer_2 - estimator_0 - 5_folds.train_1.predict)=93.72%
[ 2022-04-24 16:04:44,721][kfold_wrapper.log_eval_metrics] Accuracy(layer_2 - estimator_0 - 5_folds.train_2.predict)=93.47%
[ 2022-04-24 16:04:51,665][kfold_wrapper.log_eval_metrics] Accuracy(layer_2 - estimator_0 - 5_folds.train_3.predict)=94.35%
[ 2022-04-24 16:04:58,177][kfold_wrapper.log_eval_metrics] Accuracy(layer_2 - estimator_0 - 5_folds.train_4.predict)=92.40%
[ 2022-04-24 16:04:58,177][kfold_wrapper.log_eval_metrics] Accuracy(layer_2 - estimator_0 - 5_folds.train_cv.predict)=93.52%
[ 2022-04-24 16:05:04,596][kfold_wrapper.log_eval_metrics] Accuracy(layer_2 - estimator_1 - 5_folds.train_0.predict)=93.35%
[ 2022-04-24 16:05:11,429][kfold_wrapper.log_eval_metrics] Accuracy(layer_2 - estimator_1 - 5_folds.train_1.predict)=94.10%
[ 2022-04-24 16:05:17,877][kfold_wrapper.log_eval_metrics] Accuracy(layer_2 - estimator_1 - 5_folds.train_2.predict)=93.16%
[ 2022-04-24 16:05:24,640][kfold_wrapper.log_eval_metrics] Accuracy(layer_2 - estimator_1 - 5_folds.train_3.predict)=94.29%
[ 2022-04-24 16:05:31,298][kfold_wrapper.log_eval_metrics] Accuracy(layer_2 - estimator_1 - 5_folds.train_4.predict)=93.16%
[ 2022-04-24 16:05:31,302][kfold_wrapper.log_eval_metrics] Accuracy(layer_2 - estimator_1 - 5_folds.train_cv.predict)=93.61%
[ 2022-04-24 16:05:38,083][kfold_wrapper.log_eval_metrics] Accuracy(layer_2 - estimator_2 - 5_folds.train_0.predict)=93.41%
[ 2022-04-24 16:05:44,719][kfold_wrapper.log_eval_metrics] Accuracy(layer_2 - estimator_2 - 5_folds.train_1.predict)=93.60%
[ 2022-04-24 16:05:51,426][kfold_wrapper.log_eval_metrics] Accuracy(layer_2 - estimator_2 - 5_folds.train_2.predict)=93.09%
[ 2022-04-24 16:05:58,258][kfold_wrapper.log_eval_metrics] Accuracy(layer_2 - estimator_2 - 5_folds.train_3.predict)=93.91%
[ 2022-04-24 16:06:04,787][kfold_wrapper.log_eval_metrics] Accuracy(layer_2 - estimator_2 - 5_folds.train_4.predict)=94.73%
[ 2022-04-24 16:06:04,787][kfold_wrapper.log_eval_metrics] Accuracy(layer_2 - estimator_2 - 5_folds.train_cv.predict)=93.75%
[ 2022-04-24 16:06:11,291][kfold_wrapper.log_eval_metrics] Accuracy(layer_2 - estimator_3 - 5_folds.train_0.predict)=93.79%
[ 2022-04-24 16:06:18,075][kfold_wrapper.log_eval_metrics] Accuracy(layer_2 - estimator_3 - 5_folds.train_1.predict)=92.03%
[ 2022-04-24 16:06:24,728][kfold_wrapper.log_eval_metrics] Accuracy(layer_2 - estimator_3 - 5_folds.train_2.predict)=94.22%
[ 2022-04-24 16:06:31,067][kfold_wrapper.log_eval_metrics] Accuracy(layer_2 - estimator_3 - 5_folds.train_3.predict)=94.54%
[ 2022-04-24 16:06:37,972][kfold_wrapper.log_eval_metrics] Accuracy(layer_2 - estimator_3 - 5_folds.train_4.predict)=93.72%
[ 2022-04-24 16:06:37,975][kfold_wrapper.log_eval_metrics] Accuracy(layer_2 - estimator_3 - 5_folds.train_cv.predict)=93.66%
[ 2022-04-24 16:06:37,976][cascade_classifier.calc_accuracy] Accuracy(layer_2 - train.classifier_average)=93.89%
[ 2022-04-24 16:06:37,978][cascade_classifier.calc_auc] AUC(layer_2 - train.classifier_average)=0.98%
[ 2022-04-24 16:06:38,030][cascade_classifier.fit_transform] [layer=3] look_indexs=[0], X_cur_train.shape=(7965, 1658), X_cur_test.shape=(0, 1658)
[ 2022-04-24 16:06:44,571][kfold_wrapper.log_eval_metrics] Accuracy(layer_3 - estimator_0 - 5_folds.train_0.predict)=93.53%
[ 2022-04-24 16:06:50,612][kfold_wrapper.log_eval_metrics] Accuracy(layer_3 - estimator_0 - 5_folds.train_1.predict)=92.91%
[ 2022-04-24 16:06:57,231][kfold_wrapper.log_eval_metrics] Accuracy(layer_3 - estimator_0 - 5_folds.train_2.predict)=93.53%
[ 2022-04-24 16:07:03,888][kfold_wrapper.log_eval_metrics] Accuracy(layer_3 - estimator_0 - 5_folds.train_3.predict)=93.47%
[ 2022-04-24 16:07:10,506][kfold_wrapper.log_eval_metrics] Accuracy(layer_3 - estimator_0 - 5_folds.train_4.predict)=93.41%
[ 2022-04-24 16:07:10,511][kfold_wrapper.log_eval_metrics] Accuracy(layer_3 - estimator_0 - 5_folds.train_cv.predict)=93.37%
[ 2022-04-24 16:07:17,058][kfold_wrapper.log_eval_metrics] Accuracy(layer_3 - estimator_1 - 5_folds.train_0.predict)=93.53%
[ 2022-04-24 16:07:23,669][kfold_wrapper.log_eval_metrics] Accuracy(layer_3 - estimator_1 - 5_folds.train_1.predict)=93.47%
[ 2022-04-24 16:07:29,983][kfold_wrapper.log_eval_metrics] Accuracy(layer_3 - estimator_1 - 5_folds.train_2.predict)=93.53%
[ 2022-04-24 16:07:36,129][kfold_wrapper.log_eval_metrics] Accuracy(layer_3 - estimator_1 - 5_folds.train_3.predict)=93.09%
[ 2022-04-24 16:07:43,144][kfold_wrapper.log_eval_metrics] Accuracy(layer_3 - estimator_1 - 5_folds.train_4.predict)=93.60%
[ 2022-04-24 16:07:43,148][kfold_wrapper.log_eval_metrics] Accuracy(layer_3 - estimator_1 - 5_folds.train_cv.predict)=93.45%
[ 2022-04-24 16:07:49,456][kfold_wrapper.log_eval_metrics] Accuracy(layer_3 - estimator_2 - 5_folds.train_0.predict)=92.53%
[ 2022-04-24 16:07:55,867][kfold_wrapper.log_eval_metrics] Accuracy(layer_3 - estimator_2 - 5_folds.train_1.predict)=94.16%
[ 2022-04-24 16:08:01,898][kfold_wrapper.log_eval_metrics] Accuracy(layer_3 - estimator_2 - 5_folds.train_2.predict)=93.72%
[ 2022-04-24 16:08:08,316][kfold_wrapper.log_eval_metrics] Accuracy(layer_3 - estimator_2 - 5_folds.train_3.predict)=93.72%
[ 2022-04-24 16:08:14,585][kfold_wrapper.log_eval_metrics] Accuracy(layer_3 - estimator_2 - 5_folds.train_4.predict)=93.28%
[ 2022-04-24 16:08:14,599][kfold_wrapper.log_eval_metrics] Accuracy(layer_3 - estimator_2 - 5_folds.train_cv.predict)=93.48%
[ 2022-04-24 16:08:21,011][kfold_wrapper.log_eval_metrics] Accuracy(layer_3 - estimator_3 - 5_folds.train_0.predict)=92.91%
[ 2022-04-24 16:08:27,582][kfold_wrapper.log_eval_metrics] Accuracy(layer_3 - estimator_3 - 5_folds.train_1.predict)=93.35%
[ 2022-04-24 16:08:33,941][kfold_wrapper.log_eval_metrics] Accuracy(layer_3 - estimator_3 - 5_folds.train_2.predict)=93.35%
[ 2022-04-24 16:08:40,975][kfold_wrapper.log_eval_metrics] Accuracy(layer_3 - estimator_3 - 5_folds.train_3.predict)=93.72%
[ 2022-04-24 16:08:47,522][kfold_wrapper.log_eval_metrics] Accuracy(layer_3 - estimator_3 - 5_folds.train_4.predict)=93.72%
[ 2022-04-24 16:08:47,528][kfold_wrapper.log_eval_metrics] Accuracy(layer_3 - estimator_3 - 5_folds.train_cv.predict)=93.41%
[ 2022-04-24 16:08:47,529][cascade_classifier.calc_accuracy] Accuracy(layer_3 - train.classifier_average)=93.63%
[ 2022-04-24 16:08:47,530][cascade_classifier.calc_auc] AUC(layer_3 - train.classifier_average)=0.98%
[ 2022-04-24 16:08:47,533][cascade_classifier.fit_transform] [Result][Optimal Level Detected] opt_layer_num=1, accuracy_train=0.98%, accuracy_test=0.00%
[ 2022-04-24 16:08:47,598][cascade_classifier.transform] X_groups_test.shape=[(1991, 1650)]
[ 2022-04-24 16:08:47,613][cascade_classifier.transform] group_dims=[1650]
[ 2022-04-24 16:08:47,613][cascade_classifier.transform] X_test.shape=(1991, 1650)
[ 2022-04-24 16:08:47,613][cascade_classifier.transform] [layer=0] look_indexs=[0], X_cur_test.shape=(1991, 1650)
[ 2022-04-24 16:08:49,042][cascade_classifier.transform] X_groups_test.shape=[(1991, 1650)]
[ 2022-04-24 16:08:49,044][cascade_classifier.transform] group_dims=[1650]
[ 2022-04-24 16:08:49,050][cascade_classifier.transform] X_test.shape=(1991, 1650)
[ 2022-04-24 16:08:49,051][cascade_classifier.transform] [layer=0] look_indexs=[0], X_cur_test.shape=(1991, 1650)
[ 2022-04-24 16:08:50,575][cascade_classifier.fit_transform] X_groups_train.shape=[(7965, 1650)],y_train.shape=(7965,),X_groups_test.shape=no_test,y_test.shape=no_test
[ 2022-04-24 16:08:50,606][cascade_classifier.fit_transform] group_dims=[1650]
[ 2022-04-24 16:08:50,606][cascade_classifier.fit_transform] group_starts=[0]
[ 2022-04-24 16:08:50,606][cascade_classifier.fit_transform] group_ends=[1650]
[ 2022-04-24 16:08:50,606][cascade_classifier.fit_transform] X_train.shape=(7965, 1650),X_test.shape=(0, 1650)
[ 2022-04-24 16:08:50,622][cascade_classifier.fit_transform] [layer=0] look_indexs=[0], X_cur_train.shape=(7965, 1650), X_cur_test.shape=(0, 1650)
[ 2022-04-24 16:08:57,915][kfold_wrapper.log_eval_metrics] Accuracy(layer_0 - estimator_0 - 5_folds.train_0.predict)=93.97%
[ 2022-04-24 16:09:05,359][kfold_wrapper.log_eval_metrics] Accuracy(layer_0 - estimator_0 - 5_folds.train_1.predict)=92.66%
[ 2022-04-24 16:09:12,637][kfold_wrapper.log_eval_metrics] Accuracy(layer_0 - estimator_0 - 5_folds.train_2.predict)=94.10%
[ 2022-04-24 16:09:19,966][kfold_wrapper.log_eval_metrics] Accuracy(layer_0 - estimator_0 - 5_folds.train_3.predict)=92.97%
[ 2022-04-24 16:09:27,063][kfold_wrapper.log_eval_metrics] Accuracy(layer_0 - estimator_0 - 5_folds.train_4.predict)=93.35%
[ 2022-04-24 16:09:27,067][kfold_wrapper.log_eval_metrics] Accuracy(layer_0 - estimator_0 - 5_folds.train_cv.predict)=93.41%
[ 2022-04-24 16:09:34,472][kfold_wrapper.log_eval_metrics] Accuracy(layer_0 - estimator_1 - 5_folds.train_0.predict)=93.16%
[ 2022-04-24 16:09:42,466][kfold_wrapper.log_eval_metrics] Accuracy(layer_0 - estimator_1 - 5_folds.train_1.predict)=92.28%
[ 2022-04-24 16:09:49,865][kfold_wrapper.log_eval_metrics] Accuracy(layer_0 - estimator_1 - 5_folds.train_2.predict)=94.54%
[ 2022-04-24 16:09:57,022][kfold_wrapper.log_eval_metrics] Accuracy(layer_0 - estimator_1 - 5_folds.train_3.predict)=94.22%
[ 2022-04-24 16:10:04,431][kfold_wrapper.log_eval_metrics] Accuracy(layer_0 - estimator_1 - 5_folds.train_4.predict)=93.53%
[ 2022-04-24 16:10:04,435][kfold_wrapper.log_eval_metrics] Accuracy(layer_0 - estimator_1 - 5_folds.train_cv.predict)=93.55%
[ 2022-04-24 16:10:11,866][kfold_wrapper.log_eval_metrics] Accuracy(layer_0 - estimator_2 - 5_folds.train_0.predict)=92.97%
[ 2022-04-24 16:10:19,049][kfold_wrapper.log_eval_metrics] Accuracy(layer_0 - estimator_2 - 5_folds.train_1.predict)=93.66%
[ 2022-04-24 16:10:26,574][kfold_wrapper.log_eval_metrics] Accuracy(layer_0 - estimator_2 - 5_folds.train_2.predict)=94.16%
[ 2022-04-24 16:10:34,064][kfold_wrapper.log_eval_metrics] Accuracy(layer_0 - estimator_2 - 5_folds.train_3.predict)=92.91%
[ 2022-04-24 16:10:41,994][kfold_wrapper.log_eval_metrics] Accuracy(layer_0 - estimator_2 - 5_folds.train_4.predict)=94.66%
[ 2022-04-24 16:10:42,010][kfold_wrapper.log_eval_metrics] Accuracy(layer_0 - estimator_2 - 5_folds.train_cv.predict)=93.67%
[ 2022-04-24 16:10:49,281][kfold_wrapper.log_eval_metrics] Accuracy(layer_0 - estimator_3 - 5_folds.train_0.predict)=92.53%
[ 2022-04-24 16:10:56,813][kfold_wrapper.log_eval_metrics] Accuracy(layer_0 - estimator_3 - 5_folds.train_1.predict)=94.60%
[ 2022-04-24 16:11:04,269][kfold_wrapper.log_eval_metrics] Accuracy(layer_0 - estimator_3 - 5_folds.train_2.predict)=92.66%
[ 2022-04-24 16:11:11,674][kfold_wrapper.log_eval_metrics] Accuracy(layer_0 - estimator_3 - 5_folds.train_3.predict)=93.16%
[ 2022-04-24 16:11:19,063][kfold_wrapper.log_eval_metrics] Accuracy(layer_0 - estimator_3 - 5_folds.train_4.predict)=94.29%
[ 2022-04-24 16:11:19,063][kfold_wrapper.log_eval_metrics] Accuracy(layer_0 - estimator_3 - 5_folds.train_cv.predict)=93.45%
[ 2022-04-24 16:11:19,063][cascade_classifier.calc_accuracy] Accuracy(layer_0 - train.classifier_average)=93.74%
[ 2022-04-24 16:11:19,079][cascade_classifier.calc_auc] AUC(layer_0 - train.classifier_average)=0.98%
[ 2022-04-24 16:11:19,127][cascade_classifier.fit_transform] [layer=1] look_indexs=[0], X_cur_train.shape=(7965, 1658), X_cur_test.shape=(0, 1658)
[ 2022-04-24 16:11:26,363][kfold_wrapper.log_eval_metrics] Accuracy(layer_1 - estimator_0 - 5_folds.train_0.predict)=92.97%
[ 2022-04-24 16:11:33,661][kfold_wrapper.log_eval_metrics] Accuracy(layer_1 - estimator_0 - 5_folds.train_1.predict)=93.72%
[ 2022-04-24 16:11:41,737][kfold_wrapper.log_eval_metrics] Accuracy(layer_1 - estimator_0 - 5_folds.train_2.predict)=93.85%
[ 2022-04-24 16:11:49,075][kfold_wrapper.log_eval_metrics] Accuracy(layer_1 - estimator_0 - 5_folds.train_3.predict)=93.79%
[ 2022-04-24 16:11:56,038][kfold_wrapper.log_eval_metrics] Accuracy(layer_1 - estimator_0 - 5_folds.train_4.predict)=94.04%
[ 2022-04-24 16:11:56,047][kfold_wrapper.log_eval_metrics] Accuracy(layer_1 - estimator_0 - 5_folds.train_cv.predict)=93.67%
[ 2022-04-24 16:12:03,408][kfold_wrapper.log_eval_metrics] Accuracy(layer_1 - estimator_1 - 5_folds.train_0.predict)=93.47%
[ 2022-04-24 16:12:10,795][kfold_wrapper.log_eval_metrics] Accuracy(layer_1 - estimator_1 - 5_folds.train_1.predict)=94.16%
[ 2022-04-24 16:12:17,777][kfold_wrapper.log_eval_metrics] Accuracy(layer_1 - estimator_1 - 5_folds.train_2.predict)=94.54%
[ 2022-04-24 16:12:24,992][kfold_wrapper.log_eval_metrics] Accuracy(layer_1 - estimator_1 - 5_folds.train_3.predict)=93.47%
[ 2022-04-24 16:12:32,200][kfold_wrapper.log_eval_metrics] Accuracy(layer_1 - estimator_1 - 5_folds.train_4.predict)=93.72%
[ 2022-04-24 16:12:32,207][kfold_wrapper.log_eval_metrics] Accuracy(layer_1 - estimator_1 - 5_folds.train_cv.predict)=93.87%
[ 2022-04-24 16:12:39,984][kfold_wrapper.log_eval_metrics] Accuracy(layer_1 - estimator_2 - 5_folds.train_0.predict)=93.97%
[ 2022-04-24 16:12:47,041][kfold_wrapper.log_eval_metrics] Accuracy(layer_1 - estimator_2 - 5_folds.train_1.predict)=94.10%
[ 2022-04-24 16:12:54,138][kfold_wrapper.log_eval_metrics] Accuracy(layer_1 - estimator_2 - 5_folds.train_2.predict)=93.91%
[ 2022-04-24 16:13:01,026][kfold_wrapper.log_eval_metrics] Accuracy(layer_1 - estimator_2 - 5_folds.train_3.predict)=93.16%
[ 2022-04-24 16:13:08,059][kfold_wrapper.log_eval_metrics] Accuracy(layer_1 - estimator_2 - 5_folds.train_4.predict)=93.72%
[ 2022-04-24 16:13:08,067][kfold_wrapper.log_eval_metrics] Accuracy(layer_1 - estimator_2 - 5_folds.train_cv.predict)=93.77%
[ 2022-04-24 16:13:15,391][kfold_wrapper.log_eval_metrics] Accuracy(layer_1 - estimator_3 - 5_folds.train_0.predict)=94.22%
[ 2022-04-24 16:13:22,163][kfold_wrapper.log_eval_metrics] Accuracy(layer_1 - estimator_3 - 5_folds.train_1.predict)=93.35%
[ 2022-04-24 16:13:29,298][kfold_wrapper.log_eval_metrics] Accuracy(layer_1 - estimator_3 - 5_folds.train_2.predict)=94.35%
[ 2022-04-24 16:13:36,630][kfold_wrapper.log_eval_metrics] Accuracy(layer_1 - estimator_3 - 5_folds.train_3.predict)=93.35%
[ 2022-04-24 16:13:43,838][kfold_wrapper.log_eval_metrics] Accuracy(layer_1 - estimator_3 - 5_folds.train_4.predict)=93.72%
[ 2022-04-24 16:13:43,841][kfold_wrapper.log_eval_metrics] Accuracy(layer_1 - estimator_3 - 5_folds.train_cv.predict)=93.80%
[ 2022-04-24 16:13:43,843][cascade_classifier.calc_accuracy] Accuracy(layer_1 - train.classifier_average)=93.86%
[ 2022-04-24 16:13:43,846][cascade_classifier.calc_auc] AUC(layer_1 - train.classifier_average)=0.98%
[ 2022-04-24 16:13:43,912][cascade_classifier.fit_transform] [layer=2] look_indexs=[0], X_cur_train.shape=(7965, 1658), X_cur_test.shape=(0, 1658)
[ 2022-04-24 16:13:50,986][kfold_wrapper.log_eval_metrics] Accuracy(layer_2 - estimator_0 - 5_folds.train_0.predict)=93.53%
[ 2022-04-24 16:13:57,841][kfold_wrapper.log_eval_metrics] Accuracy(layer_2 - estimator_0 - 5_folds.train_1.predict)=93.66%
[ 2022-04-24 16:14:04,499][kfold_wrapper.log_eval_metrics] Accuracy(layer_2 - estimator_0 - 5_folds.train_2.predict)=92.47%
[ 2022-04-24 16:14:11,354][kfold_wrapper.log_eval_metrics] Accuracy(layer_2 - estimator_0 - 5_folds.train_3.predict)=92.66%
[ 2022-04-24 16:14:18,209][kfold_wrapper.log_eval_metrics] Accuracy(layer_2 - estimator_0 - 5_folds.train_4.predict)=94.29%
[ 2022-04-24 16:14:18,212][kfold_wrapper.log_eval_metrics] Accuracy(layer_2 - estimator_0 - 5_folds.train_cv.predict)=93.32%
[ 2022-04-24 16:14:25,113][kfold_wrapper.log_eval_metrics] Accuracy(layer_2 - estimator_1 - 5_folds.train_0.predict)=94.04%
[ 2022-04-24 16:14:31,835][kfold_wrapper.log_eval_metrics] Accuracy(layer_2 - estimator_1 - 5_folds.train_1.predict)=92.78%
[ 2022-04-24 16:14:38,866][kfold_wrapper.log_eval_metrics] Accuracy(layer_2 - estimator_1 - 5_folds.train_2.predict)=93.60%
[ 2022-04-24 16:14:45,557][kfold_wrapper.log_eval_metrics] Accuracy(layer_2 - estimator_1 - 5_folds.train_3.predict)=92.59%
[ 2022-04-24 16:14:52,451][kfold_wrapper.log_eval_metrics] Accuracy(layer_2 - estimator_1 - 5_folds.train_4.predict)=93.91%
[ 2022-04-24 16:14:52,456][kfold_wrapper.log_eval_metrics] Accuracy(layer_2 - estimator_1 - 5_folds.train_cv.predict)=93.38%
[ 2022-04-24 16:14:58,972][kfold_wrapper.log_eval_metrics] Accuracy(layer_2 - estimator_2 - 5_folds.train_0.predict)=94.04%
[ 2022-04-24 16:15:05,619][kfold_wrapper.log_eval_metrics] Accuracy(layer_2 - estimator_2 - 5_folds.train_1.predict)=92.59%
[ 2022-04-24 16:15:12,574][kfold_wrapper.log_eval_metrics] Accuracy(layer_2 - estimator_2 - 5_folds.train_2.predict)=92.34%
[ 2022-04-24 16:15:18,936][kfold_wrapper.log_eval_metrics] Accuracy(layer_2 - estimator_2 - 5_folds.train_3.predict)=93.28%
[ 2022-04-24 16:15:25,684][kfold_wrapper.log_eval_metrics] Accuracy(layer_2 - estimator_2 - 5_folds.train_4.predict)=94.04%
[ 2022-04-24 16:15:25,687][kfold_wrapper.log_eval_metrics] Accuracy(layer_2 - estimator_2 - 5_folds.train_cv.predict)=93.26%
[ 2022-04-24 16:15:32,557][kfold_wrapper.log_eval_metrics] Accuracy(layer_2 - estimator_3 - 5_folds.train_0.predict)=94.04%
[ 2022-04-24 16:15:39,626][kfold_wrapper.log_eval_metrics] Accuracy(layer_2 - estimator_3 - 5_folds.train_1.predict)=93.16%
[ 2022-04-24 16:15:46,317][kfold_wrapper.log_eval_metrics] Accuracy(layer_2 - estimator_3 - 5_folds.train_2.predict)=93.66%
[ 2022-04-24 16:15:53,160][kfold_wrapper.log_eval_metrics] Accuracy(layer_2 - estimator_3 - 5_folds.train_3.predict)=93.03%
[ 2022-04-24 16:15:59,526][kfold_wrapper.log_eval_metrics] Accuracy(layer_2 - estimator_3 - 5_folds.train_4.predict)=92.84%
[ 2022-04-24 16:15:59,540][kfold_wrapper.log_eval_metrics] Accuracy(layer_2 - estimator_3 - 5_folds.train_cv.predict)=93.35%
[ 2022-04-24 16:15:59,541][cascade_classifier.calc_accuracy] Accuracy(layer_2 - train.classifier_average)=93.43%
[ 2022-04-24 16:15:59,543][cascade_classifier.calc_auc] AUC(layer_2 - train.classifier_average)=0.98%
[ 2022-04-24 16:15:59,607][cascade_classifier.fit_transform] [layer=3] look_indexs=[0], X_cur_train.shape=(7965, 1658), X_cur_test.shape=(0, 1658)
[ 2022-04-24 16:16:06,246][kfold_wrapper.log_eval_metrics] Accuracy(layer_3 - estimator_0 - 5_folds.train_0.predict)=92.28%
[ 2022-04-24 16:16:12,832][kfold_wrapper.log_eval_metrics] Accuracy(layer_3 - estimator_0 - 5_folds.train_1.predict)=92.97%
[ 2022-04-24 16:16:19,625][kfold_wrapper.log_eval_metrics] Accuracy(layer_3 - estimator_0 - 5_folds.train_2.predict)=92.66%
[ 2022-04-24 16:16:26,381][kfold_wrapper.log_eval_metrics] Accuracy(layer_3 - estimator_0 - 5_folds.train_3.predict)=93.53%
[ 2022-04-24 16:16:32,693][kfold_wrapper.log_eval_metrics] Accuracy(layer_3 - estimator_0 - 5_folds.train_4.predict)=93.47%
[ 2022-04-24 16:16:32,696][kfold_wrapper.log_eval_metrics] Accuracy(layer_3 - estimator_0 - 5_folds.train_cv.predict)=92.98%
[ 2022-04-24 16:16:39,884][kfold_wrapper.log_eval_metrics] Accuracy(layer_3 - estimator_1 - 5_folds.train_0.predict)=91.65%
[ 2022-04-24 16:16:46,277][kfold_wrapper.log_eval_metrics] Accuracy(layer_3 - estimator_1 - 5_folds.train_1.predict)=93.60%
[ 2022-04-24 16:16:52,415][kfold_wrapper.log_eval_metrics] Accuracy(layer_3 - estimator_1 - 5_folds.train_2.predict)=93.41%
[ 2022-04-24 16:16:58,931][kfold_wrapper.log_eval_metrics] Accuracy(layer_3 - estimator_1 - 5_folds.train_3.predict)=93.72%
[ 2022-04-24 16:17:05,647][kfold_wrapper.log_eval_metrics] Accuracy(layer_3 - estimator_1 - 5_folds.train_4.predict)=92.66%
[ 2022-04-24 16:17:05,657][kfold_wrapper.log_eval_metrics] Accuracy(layer_3 - estimator_1 - 5_folds.train_cv.predict)=93.01%
[ 2022-04-24 16:17:12,149][kfold_wrapper.log_eval_metrics] Accuracy(layer_3 - estimator_2 - 5_folds.train_0.predict)=92.34%
[ 2022-04-24 16:17:18,681][kfold_wrapper.log_eval_metrics] Accuracy(layer_3 - estimator_2 - 5_folds.train_1.predict)=93.35%
[ 2022-04-24 16:17:25,079][kfold_wrapper.log_eval_metrics] Accuracy(layer_3 - estimator_2 - 5_folds.train_2.predict)=93.03%
[ 2022-04-24 16:17:31,551][kfold_wrapper.log_eval_metrics] Accuracy(layer_3 - estimator_2 - 5_folds.train_3.predict)=93.60%
[ 2022-04-24 16:17:38,076][kfold_wrapper.log_eval_metrics] Accuracy(layer_3 - estimator_2 - 5_folds.train_4.predict)=93.60%
[ 2022-04-24 16:17:38,079][kfold_wrapper.log_eval_metrics] Accuracy(layer_3 - estimator_2 - 5_folds.train_cv.predict)=93.18%
[ 2022-04-24 16:17:44,611][kfold_wrapper.log_eval_metrics] Accuracy(layer_3 - estimator_3 - 5_folds.train_0.predict)=92.97%
[ 2022-04-24 16:17:51,590][kfold_wrapper.log_eval_metrics] Accuracy(layer_3 - estimator_3 - 5_folds.train_1.predict)=94.10%
[ 2022-04-24 16:17:58,086][kfold_wrapper.log_eval_metrics] Accuracy(layer_3 - estimator_3 - 5_folds.train_2.predict)=93.35%
[ 2022-04-24 16:18:04,603][kfold_wrapper.log_eval_metrics] Accuracy(layer_3 - estimator_3 - 5_folds.train_3.predict)=93.47%
[ 2022-04-24 16:18:11,154][kfold_wrapper.log_eval_metrics] Accuracy(layer_3 - estimator_3 - 5_folds.train_4.predict)=91.34%
[ 2022-04-24 16:18:11,159][kfold_wrapper.log_eval_metrics] Accuracy(layer_3 - estimator_3 - 5_folds.train_cv.predict)=93.04%
[ 2022-04-24 16:18:11,160][cascade_classifier.calc_accuracy] Accuracy(layer_3 - train.classifier_average)=93.15%
[ 2022-04-24 16:18:11,162][cascade_classifier.calc_auc] AUC(layer_3 - train.classifier_average)=0.98%
[ 2022-04-24 16:18:11,165][cascade_classifier.fit_transform] [Result][Optimal Level Detected] opt_layer_num=1, accuracy_train=0.98%, accuracy_test=0.00%
[ 2022-04-24 16:18:11,231][cascade_classifier.transform] X_groups_test.shape=[(1991, 1650)]
[ 2022-04-24 16:18:11,245][cascade_classifier.transform] group_dims=[1650]
[ 2022-04-24 16:18:11,246][cascade_classifier.transform] X_test.shape=(1991, 1650)
[ 2022-04-24 16:18:11,255][cascade_classifier.transform] [layer=0] look_indexs=[0], X_cur_test.shape=(1991, 1650)
[ 2022-04-24 16:18:12,729][cascade_classifier.transform] X_groups_test.shape=[(1991, 1650)]
[ 2022-04-24 16:18:12,730][cascade_classifier.transform] group_dims=[1650]
[ 2022-04-24 16:18:12,737][cascade_classifier.transform] X_test.shape=(1991, 1650)
[ 2022-04-24 16:18:12,737][cascade_classifier.transform] [layer=0] look_indexs=[0], X_cur_test.shape=(1991, 1650)
[ 2022-04-24 16:18:14,233][cascade_classifier.fit_transform] X_groups_train.shape=[(7965, 1650)],y_train.shape=(7965,),X_groups_test.shape=no_test,y_test.shape=no_test
[ 2022-04-24 16:18:14,248][cascade_classifier.fit_transform] group_dims=[1650]
[ 2022-04-24 16:18:14,248][cascade_classifier.fit_transform] group_starts=[0]
[ 2022-04-24 16:18:14,264][cascade_classifier.fit_transform] group_ends=[1650]
[ 2022-04-24 16:18:14,264][cascade_classifier.fit_transform] X_train.shape=(7965, 1650),X_test.shape=(0, 1650)
[ 2022-04-24 16:18:14,280][cascade_classifier.fit_transform] [layer=0] look_indexs=[0], X_cur_train.shape=(7965, 1650), X_cur_test.shape=(0, 1650)
[ 2022-04-24 16:18:21,840][kfold_wrapper.log_eval_metrics] Accuracy(layer_0 - estimator_0 - 5_folds.train_0.predict)=93.85%
[ 2022-04-24 16:18:29,134][kfold_wrapper.log_eval_metrics] Accuracy(layer_0 - estimator_0 - 5_folds.train_1.predict)=91.90%
[ 2022-04-24 16:18:36,741][kfold_wrapper.log_eval_metrics] Accuracy(layer_0 - estimator_0 - 5_folds.train_2.predict)=92.59%
[ 2022-04-24 16:18:44,137][kfold_wrapper.log_eval_metrics] Accuracy(layer_0 - estimator_0 - 5_folds.train_3.predict)=94.60%
[ 2022-04-24 16:18:51,515][kfold_wrapper.log_eval_metrics] Accuracy(layer_0 - estimator_0 - 5_folds.train_4.predict)=93.72%
[ 2022-04-24 16:18:51,529][kfold_wrapper.log_eval_metrics] Accuracy(layer_0 - estimator_0 - 5_folds.train_cv.predict)=93.33%
[ 2022-04-24 16:18:59,088][kfold_wrapper.log_eval_metrics] Accuracy(layer_0 - estimator_1 - 5_folds.train_0.predict)=92.84%
[ 2022-04-24 16:19:06,678][kfold_wrapper.log_eval_metrics] Accuracy(layer_0 - estimator_1 - 5_folds.train_1.predict)=93.60%
[ 2022-04-24 16:19:14,011][kfold_wrapper.log_eval_metrics] Accuracy(layer_0 - estimator_1 - 5_folds.train_2.predict)=93.72%
[ 2022-04-24 16:19:21,333][kfold_wrapper.log_eval_metrics] Accuracy(layer_0 - estimator_1 - 5_folds.train_3.predict)=93.72%
[ 2022-04-24 16:19:28,989][kfold_wrapper.log_eval_metrics] Accuracy(layer_0 - estimator_1 - 5_folds.train_4.predict)=93.41%
[ 2022-04-24 16:19:29,003][kfold_wrapper.log_eval_metrics] Accuracy(layer_0 - estimator_1 - 5_folds.train_cv.predict)=93.46%
[ 2022-04-24 16:19:36,155][kfold_wrapper.log_eval_metrics] Accuracy(layer_0 - estimator_2 - 5_folds.train_0.predict)=93.79%
[ 2022-04-24 16:19:43,678][kfold_wrapper.log_eval_metrics] Accuracy(layer_0 - estimator_2 - 5_folds.train_1.predict)=94.04%
[ 2022-04-24 16:19:51,147][kfold_wrapper.log_eval_metrics] Accuracy(layer_0 - estimator_2 - 5_folds.train_2.predict)=93.60%
[ 2022-04-24 16:19:58,466][kfold_wrapper.log_eval_metrics] Accuracy(layer_0 - estimator_2 - 5_folds.train_3.predict)=93.16%
[ 2022-04-24 16:20:05,946][kfold_wrapper.log_eval_metrics] Accuracy(layer_0 - estimator_2 - 5_folds.train_4.predict)=92.91%
[ 2022-04-24 16:20:05,959][kfold_wrapper.log_eval_metrics] Accuracy(layer_0 - estimator_2 - 5_folds.train_cv.predict)=93.50%
[ 2022-04-24 16:20:13,392][kfold_wrapper.log_eval_metrics] Accuracy(layer_0 - estimator_3 - 5_folds.train_0.predict)=93.60%
[ 2022-04-24 16:20:20,855][kfold_wrapper.log_eval_metrics] Accuracy(layer_0 - estimator_3 - 5_folds.train_1.predict)=93.16%
[ 2022-04-24 16:20:28,219][kfold_wrapper.log_eval_metrics] Accuracy(layer_0 - estimator_3 - 5_folds.train_2.predict)=93.35%
[ 2022-04-24 16:20:35,619][kfold_wrapper.log_eval_metrics] Accuracy(layer_0 - estimator_3 - 5_folds.train_3.predict)=94.48%
[ 2022-04-24 16:20:43,433][kfold_wrapper.log_eval_metrics] Accuracy(layer_0 - estimator_3 - 5_folds.train_4.predict)=93.16%
[ 2022-04-24 16:20:43,441][kfold_wrapper.log_eval_metrics] Accuracy(layer_0 - estimator_3 - 5_folds.train_cv.predict)=93.55%
[ 2022-04-24 16:20:43,442][cascade_classifier.calc_accuracy] Accuracy(layer_0 - train.classifier_average)=93.72%
[ 2022-04-24 16:20:43,442][cascade_classifier.calc_auc] AUC(layer_0 - train.classifier_average)=0.98%
[ 2022-04-24 16:20:43,499][cascade_classifier.fit_transform] [layer=1] look_indexs=[0], X_cur_train.shape=(7965, 1658), X_cur_test.shape=(0, 1658)
[ 2022-04-24 16:20:50,586][kfold_wrapper.log_eval_metrics] Accuracy(layer_1 - estimator_0 - 5_folds.train_0.predict)=93.41%
[ 2022-04-24 16:20:57,787][kfold_wrapper.log_eval_metrics] Accuracy(layer_1 - estimator_0 - 5_folds.train_1.predict)=93.47%
[ 2022-04-24 16:21:05,100][kfold_wrapper.log_eval_metrics] Accuracy(layer_1 - estimator_0 - 5_folds.train_2.predict)=93.79%
[ 2022-04-24 16:21:12,406][kfold_wrapper.log_eval_metrics] Accuracy(layer_1 - estimator_0 - 5_folds.train_3.predict)=94.29%
[ 2022-04-24 16:21:19,916][kfold_wrapper.log_eval_metrics] Accuracy(layer_1 - estimator_0 - 5_folds.train_4.predict)=93.16%
[ 2022-04-24 16:21:19,932][kfold_wrapper.log_eval_metrics] Accuracy(layer_1 - estimator_0 - 5_folds.train_cv.predict)=93.62%
[ 2022-04-24 16:21:27,123][kfold_wrapper.log_eval_metrics] Accuracy(layer_1 - estimator_1 - 5_folds.train_0.predict)=93.72%
[ 2022-04-24 16:21:34,444][kfold_wrapper.log_eval_metrics] Accuracy(layer_1 - estimator_1 - 5_folds.train_1.predict)=94.85%
[ 2022-04-24 16:21:42,565][kfold_wrapper.log_eval_metrics] Accuracy(layer_1 - estimator_1 - 5_folds.train_2.predict)=93.09%
[ 2022-04-24 16:21:50,027][kfold_wrapper.log_eval_metrics] Accuracy(layer_1 - estimator_1 - 5_folds.train_3.predict)=94.66%
[ 2022-04-24 16:21:57,188][kfold_wrapper.log_eval_metrics] Accuracy(layer_1 - estimator_1 - 5_folds.train_4.predict)=93.72%
[ 2022-04-24 16:21:57,192][kfold_wrapper.log_eval_metrics] Accuracy(layer_1 - estimator_1 - 5_folds.train_cv.predict)=94.01%
[ 2022-04-24 16:22:04,490][kfold_wrapper.log_eval_metrics] Accuracy(layer_1 - estimator_2 - 5_folds.train_0.predict)=92.66%
[ 2022-04-24 16:22:11,909][kfold_wrapper.log_eval_metrics] Accuracy(layer_1 - estimator_2 - 5_folds.train_1.predict)=94.35%
[ 2022-04-24 16:22:19,220][kfold_wrapper.log_eval_metrics] Accuracy(layer_1 - estimator_2 - 5_folds.train_2.predict)=93.79%
[ 2022-04-24 16:22:26,154][kfold_wrapper.log_eval_metrics] Accuracy(layer_1 - estimator_2 - 5_folds.train_3.predict)=93.47%
[ 2022-04-24 16:22:33,597][kfold_wrapper.log_eval_metrics] Accuracy(layer_1 - estimator_2 - 5_folds.train_4.predict)=94.98%
[ 2022-04-24 16:22:33,603][kfold_wrapper.log_eval_metrics] Accuracy(layer_1 - estimator_2 - 5_folds.train_cv.predict)=93.85%
[ 2022-04-24 16:22:41,765][kfold_wrapper.log_eval_metrics] Accuracy(layer_1 - estimator_3 - 5_folds.train_0.predict)=93.79%
[ 2022-04-24 16:22:48,667][kfold_wrapper.log_eval_metrics] Accuracy(layer_1 - estimator_3 - 5_folds.train_1.predict)=93.91%
[ 2022-04-24 16:22:56,083][kfold_wrapper.log_eval_metrics] Accuracy(layer_1 - estimator_3 - 5_folds.train_2.predict)=93.79%
[ 2022-04-24 16:23:03,402][kfold_wrapper.log_eval_metrics] Accuracy(layer_1 - estimator_3 - 5_folds.train_3.predict)=93.53%
[ 2022-04-24 16:23:10,433][kfold_wrapper.log_eval_metrics] Accuracy(layer_1 - estimator_3 - 5_folds.train_4.predict)=93.28%
[ 2022-04-24 16:23:10,439][kfold_wrapper.log_eval_metrics] Accuracy(layer_1 - estimator_3 - 5_folds.train_cv.predict)=93.66%
[ 2022-04-24 16:23:10,439][cascade_classifier.calc_accuracy] Accuracy(layer_1 - train.classifier_average)=93.94%
[ 2022-04-24 16:23:10,439][cascade_classifier.calc_auc] AUC(layer_1 - train.classifier_average)=0.98%
[ 2022-04-24 16:23:10,502][cascade_classifier.fit_transform] [layer=2] look_indexs=[0], X_cur_train.shape=(7965, 1658), X_cur_test.shape=(0, 1658)
[ 2022-04-24 16:23:17,552][kfold_wrapper.log_eval_metrics] Accuracy(layer_2 - estimator_0 - 5_folds.train_0.predict)=94.04%
[ 2022-04-24 16:23:24,481][kfold_wrapper.log_eval_metrics] Accuracy(layer_2 - estimator_0 - 5_folds.train_1.predict)=93.28%
[ 2022-04-24 16:23:31,389][kfold_wrapper.log_eval_metrics] Accuracy(layer_2 - estimator_0 - 5_folds.train_2.predict)=93.72%
[ 2022-04-24 16:23:38,701][kfold_wrapper.log_eval_metrics] Accuracy(layer_2 - estimator_0 - 5_folds.train_3.predict)=93.79%
[ 2022-04-24 16:23:45,529][kfold_wrapper.log_eval_metrics] Accuracy(layer_2 - estimator_0 - 5_folds.train_4.predict)=92.91%
[ 2022-04-24 16:23:45,532][kfold_wrapper.log_eval_metrics] Accuracy(layer_2 - estimator_0 - 5_folds.train_cv.predict)=93.55%
[ 2022-04-24 16:23:52,318][kfold_wrapper.log_eval_metrics] Accuracy(layer_2 - estimator_1 - 5_folds.train_0.predict)=93.47%
[ 2022-04-24 16:23:59,183][kfold_wrapper.log_eval_metrics] Accuracy(layer_2 - estimator_1 - 5_folds.train_1.predict)=93.41%
[ 2022-04-24 16:24:05,775][kfold_wrapper.log_eval_metrics] Accuracy(layer_2 - estimator_1 - 5_folds.train_2.predict)=93.60%
[ 2022-04-24 16:24:12,422][kfold_wrapper.log_eval_metrics] Accuracy(layer_2 - estimator_1 - 5_folds.train_3.predict)=94.35%
[ 2022-04-24 16:24:19,229][kfold_wrapper.log_eval_metrics] Accuracy(layer_2 - estimator_1 - 5_folds.train_4.predict)=93.35%
[ 2022-04-24 16:24:19,235][kfold_wrapper.log_eval_metrics] Accuracy(layer_2 - estimator_1 - 5_folds.train_cv.predict)=93.63%
[ 2022-04-24 16:24:25,673][kfold_wrapper.log_eval_metrics] Accuracy(layer_2 - estimator_2 - 5_folds.train_0.predict)=94.29%
[ 2022-04-24 16:24:32,707][kfold_wrapper.log_eval_metrics] Accuracy(layer_2 - estimator_2 - 5_folds.train_1.predict)=92.78%
[ 2022-04-24 16:24:40,018][kfold_wrapper.log_eval_metrics] Accuracy(layer_2 - estimator_2 - 5_folds.train_2.predict)=93.22%
[ 2022-04-24 16:24:46,560][kfold_wrapper.log_eval_metrics] Accuracy(layer_2 - estimator_2 - 5_folds.train_3.predict)=93.72%
[ 2022-04-24 16:24:52,997][kfold_wrapper.log_eval_metrics] Accuracy(layer_2 - estimator_2 - 5_folds.train_4.predict)=93.85%
[ 2022-04-24 16:24:52,999][kfold_wrapper.log_eval_metrics] Accuracy(layer_2 - estimator_2 - 5_folds.train_cv.predict)=93.57%
[ 2022-04-24 16:24:59,519][kfold_wrapper.log_eval_metrics] Accuracy(layer_2 - estimator_3 - 5_folds.train_0.predict)=94.54%
[ 2022-04-24 16:25:05,806][kfold_wrapper.log_eval_metrics] Accuracy(layer_2 - estimator_3 - 5_folds.train_1.predict)=93.60%
[ 2022-04-24 16:25:12,786][kfold_wrapper.log_eval_metrics] Accuracy(layer_2 - estimator_3 - 5_folds.train_2.predict)=93.28%
[ 2022-04-24 16:25:19,227][kfold_wrapper.log_eval_metrics] Accuracy(layer_2 - estimator_3 - 5_folds.train_3.predict)=93.85%
[ 2022-04-24 16:25:25,955][kfold_wrapper.log_eval_metrics] Accuracy(layer_2 - estimator_3 - 5_folds.train_4.predict)=93.03%
[ 2022-04-24 16:25:25,969][kfold_wrapper.log_eval_metrics] Accuracy(layer_2 - estimator_3 - 5_folds.train_cv.predict)=93.66%
[ 2022-04-24 16:25:25,970][cascade_classifier.calc_accuracy] Accuracy(layer_2 - train.classifier_average)=93.79%
[ 2022-04-24 16:25:25,970][cascade_classifier.calc_auc] AUC(layer_2 - train.classifier_average)=0.98%
[ 2022-04-24 16:25:26,024][cascade_classifier.fit_transform] [layer=3] look_indexs=[0], X_cur_train.shape=(7965, 1658), X_cur_test.shape=(0, 1658)
[ 2022-04-24 16:25:32,563][kfold_wrapper.log_eval_metrics] Accuracy(layer_3 - estimator_0 - 5_folds.train_0.predict)=93.53%
[ 2022-04-24 16:25:39,732][kfold_wrapper.log_eval_metrics] Accuracy(layer_3 - estimator_0 - 5_folds.train_1.predict)=92.72%
[ 2022-04-24 16:25:46,060][kfold_wrapper.log_eval_metrics] Accuracy(layer_3 - estimator_0 - 5_folds.train_2.predict)=93.35%
[ 2022-04-24 16:25:52,529][kfold_wrapper.log_eval_metrics] Accuracy(layer_3 - estimator_0 - 5_folds.train_3.predict)=94.48%
[ 2022-04-24 16:25:59,289][kfold_wrapper.log_eval_metrics] Accuracy(layer_3 - estimator_0 - 5_folds.train_4.predict)=94.04%
[ 2022-04-24 16:25:59,291][kfold_wrapper.log_eval_metrics] Accuracy(layer_3 - estimator_0 - 5_folds.train_cv.predict)=93.62%
[ 2022-04-24 16:26:05,446][kfold_wrapper.log_eval_metrics] Accuracy(layer_3 - estimator_1 - 5_folds.train_0.predict)=92.47%
[ 2022-04-24 16:26:11,767][kfold_wrapper.log_eval_metrics] Accuracy(layer_3 - estimator_1 - 5_folds.train_1.predict)=93.79%
[ 2022-04-24 16:26:18,349][kfold_wrapper.log_eval_metrics] Accuracy(layer_3 - estimator_1 - 5_folds.train_2.predict)=94.35%
[ 2022-04-24 16:26:24,687][kfold_wrapper.log_eval_metrics] Accuracy(layer_3 - estimator_1 - 5_folds.train_3.predict)=93.22%
[ 2022-04-24 16:26:31,133][kfold_wrapper.log_eval_metrics] Accuracy(layer_3 - estimator_1 - 5_folds.train_4.predict)=94.29%
[ 2022-04-24 16:26:31,135][kfold_wrapper.log_eval_metrics] Accuracy(layer_3 - estimator_1 - 5_folds.train_cv.predict)=93.62%
[ 2022-04-24 16:26:38,210][kfold_wrapper.log_eval_metrics] Accuracy(layer_3 - estimator_2 - 5_folds.train_0.predict)=92.47%
[ 2022-04-24 16:26:44,320][kfold_wrapper.log_eval_metrics] Accuracy(layer_3 - estimator_2 - 5_folds.train_1.predict)=94.22%
[ 2022-04-24 16:26:50,973][kfold_wrapper.log_eval_metrics] Accuracy(layer_3 - estimator_2 - 5_folds.train_2.predict)=94.54%
[ 2022-04-24 16:26:56,851][kfold_wrapper.log_eval_metrics] Accuracy(layer_3 - estimator_2 - 5_folds.train_3.predict)=92.40%
[ 2022-04-24 16:27:03,161][kfold_wrapper.log_eval_metrics] Accuracy(layer_3 - estimator_2 - 5_folds.train_4.predict)=94.10%
[ 2022-04-24 16:27:03,164][kfold_wrapper.log_eval_metrics] Accuracy(layer_3 - estimator_2 - 5_folds.train_cv.predict)=93.55%
[ 2022-04-24 16:27:09,674][kfold_wrapper.log_eval_metrics] Accuracy(layer_3 - estimator_3 - 5_folds.train_0.predict)=93.79%
[ 2022-04-24 16:27:16,120][kfold_wrapper.log_eval_metrics] Accuracy(layer_3 - estimator_3 - 5_folds.train_1.predict)=93.47%
[ 2022-04-24 16:27:22,666][kfold_wrapper.log_eval_metrics] Accuracy(layer_3 - estimator_3 - 5_folds.train_2.predict)=93.97%
[ 2022-04-24 16:27:28,797][kfold_wrapper.log_eval_metrics] Accuracy(layer_3 - estimator_3 - 5_folds.train_3.predict)=93.85%
[ 2022-04-24 16:27:35,388][kfold_wrapper.log_eval_metrics] Accuracy(layer_3 - estimator_3 - 5_folds.train_4.predict)=92.53%
[ 2022-04-24 16:27:35,388][kfold_wrapper.log_eval_metrics] Accuracy(layer_3 - estimator_3 - 5_folds.train_cv.predict)=93.52%
[ 2022-04-24 16:27:35,390][cascade_classifier.calc_accuracy] Accuracy(layer_3 - train.classifier_average)=93.72%
[ 2022-04-24 16:27:35,392][cascade_classifier.calc_auc] AUC(layer_3 - train.classifier_average)=0.98%
[ 2022-04-24 16:27:35,392][cascade_classifier.fit_transform] [Result][Optimal Level Detected] opt_layer_num=1, accuracy_train=0.98%, accuracy_test=0.00%
[ 2022-04-24 16:27:35,444][cascade_classifier.transform] X_groups_test.shape=[(1991, 1650)]
[ 2022-04-24 16:27:35,458][cascade_classifier.transform] group_dims=[1650]
[ 2022-04-24 16:27:35,458][cascade_classifier.transform] X_test.shape=(1991, 1650)
[ 2022-04-24 16:27:35,470][cascade_classifier.transform] [layer=0] look_indexs=[0], X_cur_test.shape=(1991, 1650)
[ 2022-04-24 16:27:36,848][cascade_classifier.transform] X_groups_test.shape=[(1991, 1650)]
[ 2022-04-24 16:27:36,854][cascade_classifier.transform] group_dims=[1650]
[ 2022-04-24 16:27:36,854][cascade_classifier.transform] X_test.shape=(1991, 1650)
[ 2022-04-24 16:27:36,854][cascade_classifier.transform] [layer=0] look_indexs=[0], X_cur_test.shape=(1991, 1650)
