[ 2022-04-25 21:12:46,338][cascade_classifier.fit_transform] X_groups_train.shape=[(7964, 1650)],y_train.shape=(7964,),X_groups_test.shape=no_test,y_test.shape=no_test
[ 2022-04-25 21:12:46,616][cascade_classifier.fit_transform] group_dims=[1650]
[ 2022-04-25 21:12:46,632][cascade_classifier.fit_transform] group_starts=[0]
[ 2022-04-25 21:12:46,632][cascade_classifier.fit_transform] group_ends=[1650]
[ 2022-04-25 21:12:46,637][cascade_classifier.fit_transform] X_train.shape=(7964, 1650),X_test.shape=(0, 1650)
[ 2022-04-25 21:12:46,671][cascade_classifier.fit_transform] [layer=0] look_indexs=[0], X_cur_train.shape=(7964, 1650), X_cur_test.shape=(0, 1650)
[ 2022-04-25 21:12:56,753][kfold_wrapper.log_eval_metrics] Accuracy(layer_0 - estimator_0 - 5_folds.train_0.predict)=93.53%
[ 2022-04-25 21:13:04,456][kfold_wrapper.log_eval_metrics] Accuracy(layer_0 - estimator_0 - 5_folds.train_1.predict)=91.65%
[ 2022-04-25 21:13:11,151][kfold_wrapper.log_eval_metrics] Accuracy(layer_0 - estimator_0 - 5_folds.train_2.predict)=94.22%
[ 2022-04-25 21:13:18,129][kfold_wrapper.log_eval_metrics] Accuracy(layer_0 - estimator_0 - 5_folds.train_3.predict)=92.53%
[ 2022-04-25 21:13:24,864][kfold_wrapper.log_eval_metrics] Accuracy(layer_0 - estimator_0 - 5_folds.train_4.predict)=93.47%
[ 2022-04-25 21:13:24,866][kfold_wrapper.log_eval_metrics] Accuracy(layer_0 - estimator_0 - 5_folds.train_cv.predict)=93.08%
[ 2022-04-25 21:13:32,163][kfold_wrapper.log_eval_metrics] Accuracy(layer_0 - estimator_1 - 5_folds.train_0.predict)=94.35%
[ 2022-04-25 21:13:39,513][kfold_wrapper.log_eval_metrics] Accuracy(layer_0 - estimator_1 - 5_folds.train_1.predict)=93.91%
[ 2022-04-25 21:13:46,791][kfold_wrapper.log_eval_metrics] Accuracy(layer_0 - estimator_1 - 5_folds.train_2.predict)=93.41%
[ 2022-04-25 21:13:54,022][kfold_wrapper.log_eval_metrics] Accuracy(layer_0 - estimator_1 - 5_folds.train_3.predict)=93.28%
[ 2022-04-25 21:14:01,237][kfold_wrapper.log_eval_metrics] Accuracy(layer_0 - estimator_1 - 5_folds.train_4.predict)=93.53%
[ 2022-04-25 21:14:01,239][kfold_wrapper.log_eval_metrics] Accuracy(layer_0 - estimator_1 - 5_folds.train_cv.predict)=93.70%
[ 2022-04-25 21:14:09,045][kfold_wrapper.log_eval_metrics] Accuracy(layer_0 - estimator_2 - 5_folds.train_0.predict)=93.35%
[ 2022-04-25 21:14:15,811][kfold_wrapper.log_eval_metrics] Accuracy(layer_0 - estimator_2 - 5_folds.train_1.predict)=93.35%
[ 2022-04-25 21:14:22,676][kfold_wrapper.log_eval_metrics] Accuracy(layer_0 - estimator_2 - 5_folds.train_2.predict)=93.03%
[ 2022-04-25 21:14:29,371][kfold_wrapper.log_eval_metrics] Accuracy(layer_0 - estimator_2 - 5_folds.train_3.predict)=93.53%
[ 2022-04-25 21:14:35,333][kfold_wrapper.log_eval_metrics] Accuracy(layer_0 - estimator_2 - 5_folds.train_4.predict)=93.66%
[ 2022-04-25 21:14:35,334][kfold_wrapper.log_eval_metrics] Accuracy(layer_0 - estimator_2 - 5_folds.train_cv.predict)=93.38%
[ 2022-04-25 21:14:41,300][kfold_wrapper.log_eval_metrics] Accuracy(layer_0 - estimator_3 - 5_folds.train_0.predict)=92.97%
[ 2022-04-25 21:14:46,952][kfold_wrapper.log_eval_metrics] Accuracy(layer_0 - estimator_3 - 5_folds.train_1.predict)=93.97%
[ 2022-04-25 21:14:52,687][kfold_wrapper.log_eval_metrics] Accuracy(layer_0 - estimator_3 - 5_folds.train_2.predict)=93.97%
[ 2022-04-25 21:14:58,790][kfold_wrapper.log_eval_metrics] Accuracy(layer_0 - estimator_3 - 5_folds.train_3.predict)=94.35%
[ 2022-04-25 21:15:04,611][kfold_wrapper.log_eval_metrics] Accuracy(layer_0 - estimator_3 - 5_folds.train_4.predict)=92.78%
[ 2022-04-25 21:15:04,612][kfold_wrapper.log_eval_metrics] Accuracy(layer_0 - estimator_3 - 5_folds.train_cv.predict)=93.61%
[ 2022-04-25 21:18:34,972][kfold_wrapper.log_eval_metrics] Accuracy(layer_0 - estimator_4 - 5_folds.train_0.predict)=91.90%
[ 2022-04-25 21:22:12,000][kfold_wrapper.log_eval_metrics] Accuracy(layer_0 - estimator_4 - 5_folds.train_1.predict)=92.91%
[ 2022-04-25 21:25:46,007][kfold_wrapper.log_eval_metrics] Accuracy(layer_0 - estimator_4 - 5_folds.train_2.predict)=93.91%
[ 2022-04-25 21:29:21,505][kfold_wrapper.log_eval_metrics] Accuracy(layer_0 - estimator_4 - 5_folds.train_3.predict)=92.59%
[ 2022-04-25 21:32:50,840][kfold_wrapper.log_eval_metrics] Accuracy(layer_0 - estimator_4 - 5_folds.train_4.predict)=94.16%
[ 2022-04-25 21:32:50,842][kfold_wrapper.log_eval_metrics] Accuracy(layer_0 - estimator_4 - 5_folds.train_cv.predict)=93.09%
[ 2022-04-25 21:36:18,635][kfold_wrapper.log_eval_metrics] Accuracy(layer_0 - estimator_5 - 5_folds.train_0.predict)=93.91%
[ 2022-04-25 21:39:46,123][kfold_wrapper.log_eval_metrics] Accuracy(layer_0 - estimator_5 - 5_folds.train_1.predict)=93.53%
[ 2022-04-25 21:43:11,605][kfold_wrapper.log_eval_metrics] Accuracy(layer_0 - estimator_5 - 5_folds.train_2.predict)=92.97%
[ 2022-04-25 21:47:37,505][cascade_classifier.fit_transform] X_groups_train.shape=[(7964, 1650)],y_train.shape=(7964,),X_groups_test.shape=no_test,y_test.shape=no_test
[ 2022-04-25 21:47:37,602][cascade_classifier.fit_transform] group_dims=[1650]
[ 2022-04-25 21:47:37,602][cascade_classifier.fit_transform] group_starts=[0]
[ 2022-04-25 21:47:37,602][cascade_classifier.fit_transform] group_ends=[1650]
[ 2022-04-25 21:47:37,602][cascade_classifier.fit_transform] X_train.shape=(7964, 1650),X_test.shape=(0, 1650)
[ 2022-04-25 21:47:37,651][cascade_classifier.fit_transform] [layer=0] look_indexs=[0], X_cur_train.shape=(7964, 1650), X_cur_test.shape=(0, 1650)
[ 2022-04-25 21:48:44,921][kfold_wrapper.log_eval_metrics] Accuracy(layer_0 - estimator_0 - 5_folds.train_0.predict)=92.15%
[ 2022-04-25 21:49:51,867][kfold_wrapper.log_eval_metrics] Accuracy(layer_0 - estimator_0 - 5_folds.train_1.predict)=92.84%
[ 2022-04-25 21:51:06,237][kfold_wrapper.log_eval_metrics] Accuracy(layer_0 - estimator_0 - 5_folds.train_2.predict)=93.16%
[ 2022-04-25 21:52:21,420][kfold_wrapper.log_eval_metrics] Accuracy(layer_0 - estimator_0 - 5_folds.train_3.predict)=93.41%
[ 2022-04-25 21:53:32,395][kfold_wrapper.log_eval_metrics] Accuracy(layer_0 - estimator_0 - 5_folds.train_4.predict)=93.47%
[ 2022-04-25 21:53:32,395][kfold_wrapper.log_eval_metrics] Accuracy(layer_0 - estimator_0 - 5_folds.train_cv.predict)=93.01%
[ 2022-04-25 21:54:42,622][kfold_wrapper.log_eval_metrics] Accuracy(layer_0 - estimator_1 - 5_folds.train_0.predict)=92.84%
[ 2022-04-25 21:55:49,560][kfold_wrapper.log_eval_metrics] Accuracy(layer_0 - estimator_1 - 5_folds.train_1.predict)=93.97%
[ 2022-04-25 21:56:59,306][kfold_wrapper.log_eval_metrics] Accuracy(layer_0 - estimator_1 - 5_folds.train_2.predict)=92.84%
[ 2022-04-25 21:58:07,710][kfold_wrapper.log_eval_metrics] Accuracy(layer_0 - estimator_1 - 5_folds.train_3.predict)=92.53%
[ 2022-04-25 21:59:18,397][kfold_wrapper.log_eval_metrics] Accuracy(layer_0 - estimator_1 - 5_folds.train_4.predict)=93.59%
[ 2022-04-25 21:59:18,398][kfold_wrapper.log_eval_metrics] Accuracy(layer_0 - estimator_1 - 5_folds.train_cv.predict)=93.16%
[ 2022-04-25 21:59:18,402][cascade_classifier.calc_accuracy] Accuracy(layer_0 - train.classifier_average)=93.26%
[ 2022-04-25 21:59:18,432][cascade_classifier.calc_auc] AUC(layer_0 - train.classifier_average)=0.98%
[ 2022-04-25 21:59:18,492][cascade_classifier.fit_transform] [layer=1] look_indexs=[0], X_cur_train.shape=(7964, 1654), X_cur_test.shape=(0, 1654)
[ 2022-04-25 22:00:29,549][kfold_wrapper.log_eval_metrics] Accuracy(layer_1 - estimator_0 - 5_folds.train_0.predict)=92.59%
[ 2022-04-25 22:01:36,149][kfold_wrapper.log_eval_metrics] Accuracy(layer_1 - estimator_0 - 5_folds.train_1.predict)=94.22%
[ 2022-04-25 22:02:42,916][kfold_wrapper.log_eval_metrics] Accuracy(layer_1 - estimator_0 - 5_folds.train_2.predict)=93.16%
[ 2022-04-25 22:03:49,664][kfold_wrapper.log_eval_metrics] Accuracy(layer_1 - estimator_0 - 5_folds.train_3.predict)=91.96%
[ 2022-04-25 22:05:02,242][kfold_wrapper.log_eval_metrics] Accuracy(layer_1 - estimator_0 - 5_folds.train_4.predict)=94.03%
[ 2022-04-25 22:05:02,242][kfold_wrapper.log_eval_metrics] Accuracy(layer_1 - estimator_0 - 5_folds.train_cv.predict)=93.19%
[ 2022-04-25 22:06:09,791][kfold_wrapper.log_eval_metrics] Accuracy(layer_1 - estimator_1 - 5_folds.train_0.predict)=93.66%
[ 2022-04-25 22:07:16,978][kfold_wrapper.log_eval_metrics] Accuracy(layer_1 - estimator_1 - 5_folds.train_1.predict)=93.97%
[ 2022-04-25 22:08:24,347][kfold_wrapper.log_eval_metrics] Accuracy(layer_1 - estimator_1 - 5_folds.train_2.predict)=93.28%
[ 2022-04-25 22:09:31,689][kfold_wrapper.log_eval_metrics] Accuracy(layer_1 - estimator_1 - 5_folds.train_3.predict)=92.72%
[ 2022-04-25 22:10:39,529][kfold_wrapper.log_eval_metrics] Accuracy(layer_1 - estimator_1 - 5_folds.train_4.predict)=93.22%
[ 2022-04-25 22:10:39,529][kfold_wrapper.log_eval_metrics] Accuracy(layer_1 - estimator_1 - 5_folds.train_cv.predict)=93.37%
[ 2022-04-25 22:10:39,529][cascade_classifier.calc_accuracy] Accuracy(layer_1 - train.classifier_average)=93.17%
[ 2022-04-25 22:10:39,529][cascade_classifier.calc_auc] AUC(layer_1 - train.classifier_average)=0.98%
[ 2022-04-25 22:10:39,578][cascade_classifier.fit_transform] [layer=2] look_indexs=[0], X_cur_train.shape=(7964, 1654), X_cur_test.shape=(0, 1654)
[ 2022-04-25 22:11:43,909][kfold_wrapper.log_eval_metrics] Accuracy(layer_2 - estimator_0 - 5_folds.train_0.predict)=92.97%
[ 2022-04-25 22:12:52,081][kfold_wrapper.log_eval_metrics] Accuracy(layer_2 - estimator_0 - 5_folds.train_1.predict)=93.16%
[ 2022-04-25 22:13:58,737][kfold_wrapper.log_eval_metrics] Accuracy(layer_2 - estimator_0 - 5_folds.train_2.predict)=93.72%
[ 2022-04-25 22:15:00,118][kfold_wrapper.log_eval_metrics] Accuracy(layer_2 - estimator_0 - 5_folds.train_3.predict)=93.09%
[ 2022-04-25 22:16:01,121][kfold_wrapper.log_eval_metrics] Accuracy(layer_2 - estimator_0 - 5_folds.train_4.predict)=91.77%
[ 2022-04-25 22:16:01,122][kfold_wrapper.log_eval_metrics] Accuracy(layer_2 - estimator_0 - 5_folds.train_cv.predict)=92.94%
[ 2022-04-25 22:17:02,078][kfold_wrapper.log_eval_metrics] Accuracy(layer_2 - estimator_1 - 5_folds.train_0.predict)=91.59%
[ 2022-04-25 22:18:03,138][kfold_wrapper.log_eval_metrics] Accuracy(layer_2 - estimator_1 - 5_folds.train_1.predict)=92.91%
[ 2022-04-25 22:19:05,332][kfold_wrapper.log_eval_metrics] Accuracy(layer_2 - estimator_1 - 5_folds.train_2.predict)=92.53%
[ 2022-04-25 22:20:07,114][kfold_wrapper.log_eval_metrics] Accuracy(layer_2 - estimator_1 - 5_folds.train_3.predict)=92.40%
[ 2022-04-25 22:21:08,434][kfold_wrapper.log_eval_metrics] Accuracy(layer_2 - estimator_1 - 5_folds.train_4.predict)=93.47%
[ 2022-04-25 22:21:08,435][kfold_wrapper.log_eval_metrics] Accuracy(layer_2 - estimator_1 - 5_folds.train_cv.predict)=92.58%
[ 2022-04-25 22:21:08,436][cascade_classifier.calc_accuracy] Accuracy(layer_2 - train.classifier_average)=92.91%
[ 2022-04-25 22:21:08,443][cascade_classifier.calc_auc] AUC(layer_2 - train.classifier_average)=0.97%
[ 2022-04-25 22:21:08,482][cascade_classifier.fit_transform] [layer=3] look_indexs=[0], X_cur_train.shape=(7964, 1654), X_cur_test.shape=(0, 1654)
[ 2022-04-25 22:22:09,531][kfold_wrapper.log_eval_metrics] Accuracy(layer_3 - estimator_0 - 5_folds.train_0.predict)=93.47%
[ 2022-04-25 22:23:10,763][kfold_wrapper.log_eval_metrics] Accuracy(layer_3 - estimator_0 - 5_folds.train_1.predict)=92.22%
[ 2022-04-25 22:24:12,081][kfold_wrapper.log_eval_metrics] Accuracy(layer_3 - estimator_0 - 5_folds.train_2.predict)=92.28%
[ 2022-04-25 22:25:13,541][kfold_wrapper.log_eval_metrics] Accuracy(layer_3 - estimator_0 - 5_folds.train_3.predict)=92.84%
[ 2022-04-25 22:26:15,191][kfold_wrapper.log_eval_metrics] Accuracy(layer_3 - estimator_0 - 5_folds.train_4.predict)=91.14%
[ 2022-04-25 22:26:15,192][kfold_wrapper.log_eval_metrics] Accuracy(layer_3 - estimator_0 - 5_folds.train_cv.predict)=92.39%
[ 2022-04-25 22:27:16,353][kfold_wrapper.log_eval_metrics] Accuracy(layer_3 - estimator_1 - 5_folds.train_0.predict)=91.40%
[ 2022-04-25 22:28:17,556][kfold_wrapper.log_eval_metrics] Accuracy(layer_3 - estimator_1 - 5_folds.train_1.predict)=92.72%
[ 2022-04-25 22:29:18,933][kfold_wrapper.log_eval_metrics] Accuracy(layer_3 - estimator_1 - 5_folds.train_2.predict)=92.91%
[ 2022-04-25 22:30:20,106][kfold_wrapper.log_eval_metrics] Accuracy(layer_3 - estimator_1 - 5_folds.train_3.predict)=93.09%
[ 2022-04-25 22:31:21,736][kfold_wrapper.log_eval_metrics] Accuracy(layer_3 - estimator_1 - 5_folds.train_4.predict)=92.09%
[ 2022-04-25 22:31:21,737][kfold_wrapper.log_eval_metrics] Accuracy(layer_3 - estimator_1 - 5_folds.train_cv.predict)=92.44%
[ 2022-04-25 22:31:21,738][cascade_classifier.calc_accuracy] Accuracy(layer_3 - train.classifier_average)=92.38%
[ 2022-04-25 22:31:21,741][cascade_classifier.calc_auc] AUC(layer_3 - train.classifier_average)=0.97%
[ 2022-04-25 22:31:21,743][cascade_classifier.fit_transform] [Result][Optimal Level Detected] opt_layer_num=1, accuracy_train=0.98%, accuracy_test=0.00%
[ 2022-04-25 22:31:21,795][cascade_classifier.transform] X_groups_test.shape=[(1992, 1650)]
[ 2022-04-25 22:31:21,802][cascade_classifier.transform] group_dims=[1650]
[ 2022-04-25 22:31:21,803][cascade_classifier.transform] X_test.shape=(1992, 1650)
[ 2022-04-25 22:31:21,808][cascade_classifier.transform] [layer=0] look_indexs=[0], X_cur_test.shape=(1992, 1650)
[ 2022-04-25 22:31:26,762][cascade_classifier.transform] X_groups_test.shape=[(1992, 1650)]
[ 2022-04-25 22:31:26,768][cascade_classifier.transform] group_dims=[1650]
[ 2022-04-25 22:31:26,768][cascade_classifier.transform] X_test.shape=(1992, 1650)
[ 2022-04-25 22:31:26,774][cascade_classifier.transform] [layer=0] look_indexs=[0], X_cur_test.shape=(1992, 1650)
[ 2022-04-25 22:31:32,130][cascade_classifier.fit_transform] X_groups_train.shape=[(7965, 1650)],y_train.shape=(7965,),X_groups_test.shape=no_test,y_test.shape=no_test
[ 2022-04-25 22:31:32,152][cascade_classifier.fit_transform] group_dims=[1650]
[ 2022-04-25 22:31:32,153][cascade_classifier.fit_transform] group_starts=[0]
[ 2022-04-25 22:31:32,154][cascade_classifier.fit_transform] group_ends=[1650]
[ 2022-04-25 22:31:32,154][cascade_classifier.fit_transform] X_train.shape=(7965, 1650),X_test.shape=(0, 1650)
[ 2022-04-25 22:31:32,175][cascade_classifier.fit_transform] [layer=0] look_indexs=[0], X_cur_train.shape=(7965, 1650), X_cur_test.shape=(0, 1650)
[ 2022-04-25 22:32:32,863][kfold_wrapper.log_eval_metrics] Accuracy(layer_0 - estimator_0 - 5_folds.train_0.predict)=93.66%
[ 2022-04-25 22:33:34,766][kfold_wrapper.log_eval_metrics] Accuracy(layer_0 - estimator_0 - 5_folds.train_1.predict)=93.53%
[ 2022-04-25 22:34:38,104][kfold_wrapper.log_eval_metrics] Accuracy(layer_0 - estimator_0 - 5_folds.train_2.predict)=93.72%
[ 2022-04-25 22:35:41,208][kfold_wrapper.log_eval_metrics] Accuracy(layer_0 - estimator_0 - 5_folds.train_3.predict)=93.35%
[ 2022-04-25 22:36:43,673][kfold_wrapper.log_eval_metrics] Accuracy(layer_0 - estimator_0 - 5_folds.train_4.predict)=93.60%
[ 2022-04-25 22:36:43,675][kfold_wrapper.log_eval_metrics] Accuracy(layer_0 - estimator_0 - 5_folds.train_cv.predict)=93.57%
[ 2022-04-25 22:37:45,637][kfold_wrapper.log_eval_metrics] Accuracy(layer_0 - estimator_1 - 5_folds.train_0.predict)=92.66%
[ 2022-04-25 22:38:47,351][kfold_wrapper.log_eval_metrics] Accuracy(layer_0 - estimator_1 - 5_folds.train_1.predict)=93.66%
[ 2022-04-25 22:39:49,045][kfold_wrapper.log_eval_metrics] Accuracy(layer_0 - estimator_1 - 5_folds.train_2.predict)=93.28%
[ 2022-04-25 22:40:50,670][kfold_wrapper.log_eval_metrics] Accuracy(layer_0 - estimator_1 - 5_folds.train_3.predict)=92.78%
[ 2022-04-25 22:41:53,090][kfold_wrapper.log_eval_metrics] Accuracy(layer_0 - estimator_1 - 5_folds.train_4.predict)=93.60%
[ 2022-04-25 22:41:53,091][kfold_wrapper.log_eval_metrics] Accuracy(layer_0 - estimator_1 - 5_folds.train_cv.predict)=93.20%
[ 2022-04-25 22:41:53,092][cascade_classifier.calc_accuracy] Accuracy(layer_0 - train.classifier_average)=93.45%
[ 2022-04-25 22:41:53,101][cascade_classifier.calc_auc] AUC(layer_0 - train.classifier_average)=0.98%
[ 2022-04-25 22:41:53,142][cascade_classifier.fit_transform] [layer=1] look_indexs=[0], X_cur_train.shape=(7965, 1654), X_cur_test.shape=(0, 1654)
[ 2022-04-25 22:42:55,592][kfold_wrapper.log_eval_metrics] Accuracy(layer_1 - estimator_0 - 5_folds.train_0.predict)=93.53%
[ 2022-04-25 22:43:58,521][kfold_wrapper.log_eval_metrics] Accuracy(layer_1 - estimator_0 - 5_folds.train_1.predict)=93.66%
[ 2022-04-25 22:45:00,634][kfold_wrapper.log_eval_metrics] Accuracy(layer_1 - estimator_0 - 5_folds.train_2.predict)=93.28%
[ 2022-04-25 22:46:02,272][kfold_wrapper.log_eval_metrics] Accuracy(layer_1 - estimator_0 - 5_folds.train_3.predict)=94.29%
[ 2022-04-25 22:47:12,716][kfold_wrapper.log_eval_metrics] Accuracy(layer_1 - estimator_0 - 5_folds.train_4.predict)=94.29%
[ 2022-04-25 22:47:12,716][kfold_wrapper.log_eval_metrics] Accuracy(layer_1 - estimator_0 - 5_folds.train_cv.predict)=93.81%
[ 2022-04-25 22:48:14,972][kfold_wrapper.log_eval_metrics] Accuracy(layer_1 - estimator_1 - 5_folds.train_0.predict)=93.16%
[ 2022-04-25 22:49:16,585][kfold_wrapper.log_eval_metrics] Accuracy(layer_1 - estimator_1 - 5_folds.train_1.predict)=93.28%
